ARM GAS  /tmp/cc0s8DrW.s 			page 1


   1              		.syntax unified
   2              		.cpu cortex-m4
   3              		.fpu softvfp
   4              		.eabi_attribute 20, 1
   5              		.eabi_attribute 21, 1
   6              		.eabi_attribute 23, 3
   7              		.eabi_attribute 24, 1
   8              		.eabi_attribute 25, 1
   9              		.eabi_attribute 26, 1
  10              		.eabi_attribute 30, 2
  11              		.eabi_attribute 34, 1
  12              		.eabi_attribute 18, 4
  13              		.thumb
  14              		.syntax unified
  15              		.file	"hal.c"
  16              		.text
  17              	.Ltext0:
  18              		.section	.gnu.lto_.profile.7943a6d19a4f0492,"",%progbits
  19 0000 789C6361 		.ascii	"x\234ca`d`a`\000\222\205\274\000\001Y\000\211"
  19      60646061 
  19      60009285 
  19      BC000159 
  19      0089
  20              		.text
  21              		.section	.gnu.lto_.icf.7943a6d19a4f0492,"",%progbits
  22 0000 789C6361 		.ascii	"x\234ca`d\000\001\016\006\004`d\330\362\277m'/\003\000"
  22      60640001 
  22      0E060460 
  22      64D8F2BF 
  22      6D272F03 
  23 0015 0EDE030E 		.ascii	"\016\336\003\016"
  24              		.text
  25              		.section	.gnu.lto_.jmpfuncs.7943a6d19a4f0492,"",%progbits
  26 0000 789C6361 		.ascii	"x\234ca`d\000\001\003\006\004`Db301\376ebl\376\265\377"
  26      60640001 
  26      03060460 
  26      44623330 
  26      31FE6562 
  27 0018 335FFDDF 		.ascii	"3_\375\337\206\031\015\015\002\255\314\014\235\314 "
  27      86190D0D 
  27      02ADCC0C 
  27      9DCC20
  28 0027 55CB19EB 		.ascii	"U\313\031\353\031\030Y\200,\000\367\243\012\\"
  28      19185980 
  28      2C00F7A3 
  28      0A5C
  29              		.text
  30              		.section	.gnu.lto_.inline.7943a6d19a4f0492,"",%progbits
  31 0000 789C6361 		.ascii	"x\234ca`d\000\001_\006\004\000\212\360\177\004\222L"
  31      60640001 
  31      5F060400 
  31      8AF07F04 
  31      924C
  32 0012 4036DB02 		.ascii	"@6\333\002y&\260\030\027\011\004\0237\310\0200\223\001"
  32      7926B018 
  32      17090413 
  32      37C81030 
ARM GAS  /tmp/cc0s8DrW.s 			page 2


  32      9301
  33 0024 00A79F02 		.ascii	"\000\247\237\002\232"
  33      9A
  34              		.text
  35              		.section	.gnu.lto_.pureconst.7943a6d19a4f0492,"",%progbits
  36 0000 789C6361 		.ascii	"x\234ca`d`f`\000\222\022\000\000p\000\""
  36      60646066 
  36      60009212 
  36      00007000 
  36      22
  37              		.text
  38              		.section	.gnu.lto_halInit.7943a6d19a4f0492,"",%progbits
  39 0000 789C75D2 		.ascii	"x\234u\322\275J\003A\020\000\340\231\335\344\362#\021"
  39      BD4A0341 
  39      1000E099 
  39      DDE4F223 
  39      11
  40 0011 4B450B1B 		.ascii	"KE\013\033\2134\306w\260\263\021\364\0114M\202\202`"
  40      8B34C677 
  40      B0B311F4 
  40      09344D82 
  40      8260
  41 0023 1EE0365E 		.ascii	"\036\3406^\016\265\013\202\022\002\2322\211\321\374"
  41      0EB50B82 
  41      12029A32 
  41      89D1FC
  42 0032 A991347A 		.ascii	"\251\2214z\244\263\321B\020\305F,$\004\213\210\261\011"
  42      A4B3D142 
  42      10C5462C 
  42      24048B88 
  42      B109
  43 0044 C473F622 		.ascii	"\304s\366\"r\205;p\354\335\316w\263\2630\036@\220\321"
  43      72853B70 
  43      ECDDCE77 
  43      B3B3301E 
  43      4090D1
  44 0057 60009330 		.ascii	"`\000\2230|\220\003\262\364-@\322\317\020\345\213\360"
  44      7C9003B2 
  44      F42D40D2 
  44      CF10E58B 
  44      F0
  45 0068 23E80C75 		.ascii	"#\350\014u\374b\003\206\255\355\267&\013\347\005\305"
  45      FC620386 
  45      ADEDB726 
  45      0BE705C5 
  46 0078 8B79C445 		.ascii	"\213y\304E\301B\223\003\330\314\251\004\230\3070\020"
  46      C1429303 
  46      D8CCA904 
  46      98C73010 
  47 0088 7BAD7DEF 		.ascii	"{\255}\357\207\264\224d\323\303$\026P\223\307U\226,"
  47      87B49464 
  47      D3C32416 
  47      5093C755 
  47      962C
  48 009a 61DB8610 		.ascii	"a\333\206\020Os\305\231\020@\227\222\362\230\017\306"
  48      4F73C599 
  48      10409792 
ARM GAS  /tmp/cc0s8DrW.s 			page 3


  48      F2980FC6 
  49 00aa E4CADB68 		.ascii	"\344\312\333hX\203\220\324\262N\263\371\376\354\323"
  49      588390D4 
  49      B24EB3F9 
  49      FEECD3
  50 00b9 07624788 		.ascii	"\007bG\2101\223\243\315\250\004\026Q\007\2233hc\312"
  50      3193A3CD 
  50      A8041651 
  50      07933368 
  50      63CA
  51 00cb DAD3FEA7 		.ascii	"\332\323\376\247\334\246z\200\307D)w`\266\356|=fr\017"
  51      DCA67A80 
  51      C7442977 
  51      60B6EE7C 
  51      3D66720F 
  52 00df CA4FA37F 		.ascii	"\312O\243\177\3759J4\343P\317.]@n\337dKk9<L\246\235"
  52      FD394A34 
  52      E350CF2E 
  52      5D406EDF 
  52      644B6B39 
  53 00f7 6D2F9ED0 		.ascii	"m/\236\320\245K8\345\344\354N\275\034\240_\306e\215"
  53      A54B38E5 
  53      E4EC4EBD 
  53      1CA05FC6 
  53      658D
  54 0109 53CCA173 		.ascii	"S\314\241s,\226Q7\271\006\262\351\214\242\023j\232\352"
  54      2C965137 
  54      B906B2E9 
  54      8CA2136A 
  54      9AEA
  55 011b 63E5AF69 		.ascii	"c\345\257i\303zPS\017\321\252\213f}J\352%Zs\321\206"
  55      C37A5053 
  55      0FD1AA8B 
  55      667D4AEA 
  55      255A73D1 
  56 0130 9A6A44EB 		.ascii	"\232jD\353.\372\250\246>\242g.\332SS?\321s\027\355\253"
  56      2EFAA8A6 
  56      3EA2672E 
  56      DA53533F 
  56      D17317ED 
  57 0145 6980E885 		.ascii	"i\200\350\205\213V\203J\032$\332p\321+5\035!z\371K;"
  57      8B56834A 
  57      1A24DA70 
  57      D12B351D 
  57      217AF94B 
  58 015a B865DD2F 		.ascii	"\270e\335/8TF\227&\205\306\211f`b>\026_\215/.G6\022"
  58      38544697 
  58      2685C689 
  58      6660623E 
  58      165F8D2F 
  59 0172 91D8CA7A 		.ascii	"\221\330\312z$\261\031\225\353l\024~\000\300m\373\313"
  59      24B11995 
  59      EB6C147E 
  59      00C06DFB 
  59      CB
  60              		.text
  61              		.section	.gnu.lto_.symbol_nodes.7943a6d19a4f0492,"",%progbits
ARM GAS  /tmp/cc0s8DrW.s 			page 4


  62 0000 789C55C9 		.ascii	"x\234U\311\273\015\302@\020E\321\267o\327\177z\000*"
  62      BB0DC240 
  62      1045D1B7 
  62      6FD77F7A 
  62      002A
  63 0012 A0C47160 		.ascii	"\240\304q`\021\202\371\033bWA\354\230\032@\332\220\032"
  63      1182F91B 
  63      625741EC 
  63      981A40DA 
  63      901A
  64 0024 10CB444C 		.ascii	"\020\313DLt\245s\003\034V\016\0007\024\240\177\000)"
  64      74A57303 
  64      1C560E00 
  64      3714A07F 
  64      0029
  65 0036 F7760964 		.ascii	"\367v\011d;b\221\216\273Q\234\036\240m\223\270+\205"
  65      3B62918E 
  65      BB519C1E 
  65      A06D93B8 
  65      2B85
  66 0048 06068A37 		.ascii	"\006\006\2127p\241\004\003gJf\340D\311\015\034)\205"
  66      70A10403 
  66      674A66E0 
  66      44C90D1C 
  66      2985
  67 005a 8103A534 		.ascii	"\201\003\2454\260\247T\006zJm`Ki\376\301c\206\361\371"
  67      B0A75406 
  67      7A4A6D60 
  67      4B69FEC1 
  67      6386F1F9 
  68 006e 711E0D26 		.ascii	"q\036\015&m\215\250\255\320\275~-1j\013L\332\034Q\233"
  68      6D8DA8AD 
  68      D0BD7E2D 
  68      316A0B4C 
  68      DA1C519B 
  69 0082 A15BBFE7 		.ascii	"\241[\277\347\036\001\243\326c\322\0221\025_Y\331H\231"
  69      1E01A3D6 
  69      63D21231 
  69      155F59D9 
  69      4899
  70              		.text
  71              		.section	.gnu.lto_.refs.7943a6d19a4f0492,"",%progbits
  72 0000 789C6361 		.ascii	"x\234ca`d`c`\000\222L\214L\014\000\000\243\000\022"
  72      60646063 
  72      6000924C 
  72      8C4C0C00 
  72      00A30012 
  73              		.text
  74              		.section	.gnu.lto_.decls.7943a6d19a4f0492,"",%progbits
  75 0000 789CA556 		.ascii	"x\234\245V{PT\327\031\277\347\036v\227]\026p$\323\332"
  75      7B5054D7 
  75      19BFE71E 
  75      76975D16 
  75      7024D3DA 
  76 0014 0ED3D2CC 		.ascii	"\016\323\322\314:\341\037\274\015\261\217\314\364\237"
  76      3AE11FBC 
  76      0DB18FCC 
ARM GAS  /tmp/cc0s8DrW.s 			page 5


  76      F49F
  77 0022 541B63C7 		.ascii	"T\033c\307\032&6ig:\235\235ew\225\235\001v\273\273\264"
  77      1A263669 
  77      673A9D9D 
  77      6577959D 
  77      0176BBBB 
  78 0037 66FA472F 		.ascii	"f\372G/\262\002\276x\224\252@\214\243\301\0240\004\020"
  78      B202BE78 
  78      94AA408C 
  78      A3C11430 
  78      0410
  79 0049 B441C08A 		.ascii	"\264A\300\212\215\032\244 \013\030|\260 !\202\005\224"
  79      8D1AA420 
  79      0B187CB0 
  79      20218205 
  79      94
  80 005a 87C84B5E 		.ascii	"\207\310K^\375\3169\367\356\205\025\265\217;\373\335"
  80      FDCE39F7 
  80      EE8515B5 
  80      8F3BFBDD 
  81 006a 73BF7B7E 		.ascii	"s\277{~\277\337\367\235\357<\366\006q\210#\327wC9\316"
  81      BFDFF79D 
  81      EF3CF606 
  81      718823D7 
  81      774339CE 
  82 007e 8939AE19 		.ascii	"\2119\256\031\236\227\340\342\241}\017\214\364\016s"
  82      9E97E0E2 
  82      A17D0F8C 
  82      F40E73
  83 008d ECD2838D 		.ascii	"\354\322\203\215\202\215\203M\200M\202M\203\315\202"
  83      828D834D 
  83      804D824D 
  83      83CD82
  84 009c CD812D10 		.ascii	"\315\201-\020.\341\000I\005\246A\214\257E\334\212\213"
  84      2EE10049 
  84      05A6418C 
  84      AF45DC8A 
  84      8B
  85 00ad 6868247D 		.ascii	"hh$}\035\364\215@\033\202X\234!\260 \2642\236F\322#"
  85      1DF48D40 
  85      1B82589C 
  85      21B020B4 
  85      329E46D2 
  86 00c2 BA4B529C 		.ascii	"\272KR\2349)\356\264\224\307\204\224\327j\361\026x\324"
  86      3929EEB4 
  86      94C78494 
  86      D76AF116 
  86      78D4
  87 00d4 E6A93C86 		.ascii	"\346\251<\206\037\363h\255\016\005\201;\336R\370u\030"
  87      1FF368AD 
  87      0E05813B 
  87      DE52F875 
  87      18
  88 00e5 B82FE950 		.ascii	"\270/\351P\024\270\265\335\343\015!\254\267\027\201"
  88      14B8B5DD 
  88      E30D21AC 
  88      B71781
ARM GAS  /tmp/cc0s8DrW.s 			page 6


  89 00f4 5F73E161 		.ascii	"_s\341a,s#\227\365\276$\365V\326{\036\206\261\356\006"
  89      2C732397 
  89      F5BE24F5 
  89      56D67B1E 
  89      86B1EE06 
  90 0108 E21FD89B 		.ascii	"\342\037\330\233\275O\203yD\342\214x\372{%\245u\340"
  90      BD4F8379 
  90      44E28C78 
  90      FA7B25A5 
  90      75E0
  91 011a B68F357F 		.ascii	"\266\2175\177(\271k\300\365\355K?\256\306Z\212\354n"
  91      28B96BC0 
  91      F5ED4B3F 
  91      AEC65A8A 
  91      EC6E
  92 012c 2CFD8464 		.ascii	",\375\204d\364\212\016\221z\207\303\253\212\007\347"
  92      F48A0E91 
  92      7A87C3AB 
  92      8A07E7
  93 013b 6743D92B 		.ascii	"gC\331+\202\360\336_\350G\033\312D\270rD\221\377\216"
  93      82F0DE5F 
  93      E8471BCA 
  93      44B87244 
  93      91FF8E
  94 014e 329AF6EC 		.ascii	"2\232\366\354G\2474\370\233\004\305_=T]\025\202\242"
  94      47A734F8 
  94      9B04C55F 
  94      3D545D15 
  94      82A2
  95 0160 757F25B8 		.ascii	"u\177%\270\336\303\037\353\317\213\342\032\3647\244"
  95      DEC31FEB 
  95      CF8BE21A 
  95      F437A4
  96 016f 43671146 		.ascii	"Cg\021F\325h\003)\312+:\270g\212\342\0361'M\\\333\030"
  96      D5680329 
  96      CA2B3AB8 
  96      678AE21E 
  96      31274D5C 
  97 0185 C6A11214 		.ascii	"\306\241\022\024\211\212Q$\207\316\241h\022\220\000"
  97      898A5124 
  97      87CEA168 
  97      129000
  98 0194 5115BC3C 		.ascii	"Q\025\274<\003/!D\351\251\334\217\324x7\015Qp\366\364"
  98      032F2144 
  98      E9A9DC8F 
  98      D478370D 
  98      5170F6F4 
  99 01a8 B4CE1F22 		.ascii	"\264\316\037\"o\377\3062\022\342<\204\370L\011\001\021"
  99      6FFFC632 
  99      12E23C84 
  99      F84C0901 
  99      11
 100 01b9 9F19A366 		.ascii	"\237\031\243f\365\030}\265\276T\0367#:\332\302\272\307"
 100      F5187DB5 
 100      BE541E37 
 100      233ADAC2 
 100      BAC7
ARM GAS  /tmp/cc0s8DrW.s 			page 7


 101 01cb 4D2A56AA 		.ascii	"M*V\252`pG\363\256\264\360\330\313\372\006n\245\025"
 101      607047F3 
 101      AEB4F0D8 
 101      CBFA066E 
 101      A515
 102 01dd A8712773 		.ascii	"\250q'sr\026n\213j\334\303\234C\2433'\203p?sn\247Mw"
 102      72166E8B 
 102      6ADCC39C 
 102      43A33327 
 102      83703F73 
 103 01f5 86E261EA 		.ascii	"\206\342a\352h\313g\017\334\323#\203!\302`\2106\030"
 103      68CB670F 
 103      DCD32383 
 103      21C26088 
 103      3618
 104 0207 0C1F91C4 		.ascii	"\014\037\221\304z\333Z\377\224W\234.\346\230h\366\265"
 104      7ADB5AFF 
 104      94579C2E 
 104      E69868F6 
 104      B5
 105 0218 90FDE728 		.ascii	"\220\375\347(B\311\263\002n\034z\025n\034\3057L\265"
 105      42C9B302 
 105      6E1C7A15 
 105      6E1CC537 
 105      4CB5
 106 022a EA65F085 		.ascii	"\352e\360\205@p\235\002\316\225\346HDn\016}\002\200"
 106      40709D02 
 106      CE95E648 
 106      446E0E7D 
 106      0280
 107 023c D3B48FC0 		.ascii	"\323\264\217\300a\314\350*\014\37722\240/\300\376\001"
 107      61CCE82A 
 107      0CFF3232 
 107      A02FC0FE 
 107      01
 108 024d D6087609 		.ascii	"\326\010v\011\354\032\330\025d\240\263\312\342\365("
 108      EC1AD815 
 108      64A0B3CA 
 108      E2F528
 109 025c F12E06C6 		.ascii	"\361.\006\306\023\002r;\322\356\3076\004b\313\225\334"
 109      1302723B 
 109      D2EEC736 
 109      0462CB95 
 109      DC
 110 026d E8A43574 		.ascii	"\350\2445t\201\260\030L@\2344aJ\320\211\326\310\002"
 110      81B0184C 
 110      409C3461 
 110      4AD089D6 
 110      C802
 111 027f B1C183A9 		.ascii	"\261\301\203\251\324\337W\015[\202\224\270O\224\034"
 111      D4DF570D 
 111      5B8294B8 
 111      4F941C
 112 028e EB57AFC9 		.ascii	"\353W\257\311r\364\237\225,+W/7C\303\364]\\\364x\325"
 112      72F49F95 
 112      2C2B572F 
 112      3743C3F4 
ARM GAS  /tmp/cc0s8DrW.s 			page 8


 112      5D5CF478 
 113 02a3 F863BA91 		.ascii	"\370c\272\221\370\264S\343\271\301(:\202\245_\320\216"
 113      F8B453E3 
 113      B9C1283A 
 113      82A55FD0 
 113      8E
 114 02b4 48FACDC0 		.ascii	"H\372\315\300nR\226\034\031\3153\212\217\376\0115\377"
 114      6E52961C 
 114      19CD338A 
 114      8FFE0935 
 114      FF
 115 02c5 6FEA0FF1 		.ascii	"o\352\017\361'J\252\216\007\263\025XB\366\365\340\302"
 115      274AAA8E 
 115      07B31558 
 115      42F6F5E0 
 115      C2
 116 02d6 D56115AE 		.ascii	"\325a\025\256a\033\273\254\345\013\237t\200d\222\316"
 116      611BBBAC 
 116      E50B9F74 
 116      806492CE 
 117 02e6 8E696F86 		.ascii	"\216io\206\016_d\235K\203\267\213\264\254s\214\370\373"
 117      0E5F649D 
 117      4B83B78B 
 117      B4AC738C 
 117      F8FB
 118 02f8 CFE51585 		.ascii	"\317\345\025\205\343\253\254\263c\340\244G\317:\275"
 118      E3ABACB3 
 118      63E0A447 
 118      CF3ABD
 119 0307 C4CFCAAE 		.ascii	"\304\317\312\256>\243\303-\254\263d\340X\226\324\371"
 119      3EA3C32D 
 119      ACB364E0 
 119      5896D4F9 
 120 0317 6370CFB5 		.ascii	"cp\317\265\324\364\250\360\015\326\347{\324\231\021"
 120      D4F4A8F0 
 120      0DD6E77B 
 120      D49911
 121 0326 82BB9853 		.ascii	"\202\273\230S1\377\227b5\356cN\223o\346+\015c\315\223"
 121      31FF9762 
 121      35EE634E 
 121      936FE62B 
 121      0D63CD93 
 122 033a 64860E2D 		.ascii	"d\206\016-\371\364\322\011E\016\222\214\226\311b\036"
 122      F9F4D209 
 122      450E928C 
 122      96C9621E 
 123 034a 0F527048 		.ascii	"\017RpH\356\205\017?\013E\260\015\244+zE\301\356@\301"
 123      EE850F3F 
 123      0B45B00D 
 123      A42B7A45 
 123      C1EE40C1 
 124 035e 6ED379F0 		.ascii	"n\323y\360I\325\032\200j\335\205\312\364\202\365\201"
 124      49D51A80 
 124      6ADD85CA 
 124      F482F581 
 125 036e DD03FB1A 		.ascii	"\335\003\373\032\254\007\254\037\354+\260ne\325\302"
 125      AC07AC1F 
ARM GAS  /tmp/cc0s8DrW.s 			page 9


 125      EC2BB06E 
 125      65D5C2
 126 037d ECB47544 		.ascii	"\354\264uD\246\322\005D\346\247\013\346\207H\371g\242"
 126      A6D20544 
 126      E6A70BE6 
 126      8748F967 
 126      A2
 127 038e 74C5A602 		.ascii	"t\305\246\002x\376\016\262\"\010\326\033\210m]\271~"
 127      78FE0EB2 
 127      2208D61B 
 127      886D5DB9 
 127      7E
 128 039f 00EC7D47 		.ascii	"\000\354}G\006\337\012\004\013\001\272\267\374\320\233"
 128      06DF0A04 
 128      0B01BAB7 
 128      FCD09B
 129 03ae 81D0F2A7 		.ascii	"\201\320\362\247tk\374I|\032\010.{\012<\346W\356\014"
 129      746BFC49 
 129      7C1A082E 
 129      7B0A3CE6 
 129      57EE0C
 130 03c1 047F1938 		.ascii	"\004\177\0318\272\034\277p{ \266-\020;\343\327\275\021"
 130      BA1CBF70 
 130      7B20B62D 
 130      103BE3D7 
 130      BD11
 131 03d3 88ED782A 		.ascii	"\210\355x*\211J\277\360\365@pK\340v\257k\247\333\335"
 131      894ABFF0 
 131      F540704B 
 131      E076AF6B 
 131      A7DBDD
 132 03e6 B772BBC3 		.ascii	"\267r\273\303\312\2704\373`o8\036c{\314{)\273'\014E"
 132      CAB834FB 
 132      606F381E 
 132      637BCC7B 
 132      29BB270C 
 133 03fb ACBE20D0 		.ascii	"\254\276 \320 \254\203\377eM\260\014&;\350\216\375\027"
 133      20AC83FF 
 133      654DB00C 
 133      263BE88E 
 133      FD17
 134 040d 08DC5776 		.ascii	"\010\334Wv\254\217\356X\310\343hf\341\235\360\010)p"
 134      AC8FEE58 
 134      C8E36866 
 134      E19DF008 
 134      2970
 135 041f C3330373 		.ascii	"\3033\003s\377qT\320\254;XX\240\323\357W\376\201\320"
 135      FF7154D0 
 135      AC3B5858 
 135      A0D3EF57 
 135      FE81D0
 136 0432 D0B2D386 		.ascii	"\320\262\323\206C\303\210|P\320\026\320\213UWf\303\272"
 136      43C3887C 
 136      50D016D0 
 136      8B555766 
 136      C3BA
 137 0444 20227CE9 		.ascii	" \"|\351\2405T\003!vG\3248f\324\345\224\237\377\025"
ARM GAS  /tmp/cc0s8DrW.s 			page 10


 137      A0355403 
 137      217647D4 
 137      3866D4E5 
 137      949FFF15 
 138 0458 928192CF 		.ascii	"\222\201\222\317\313\217\234_\214\376d\376\222|Q\021"
 138      CB8F9C5F 
 138      8CFE64FE 
 138      927C5111 
 139 0468 451D4924 		.ascii	"E\035I$\346Kd\016I>\257\004@\314\225\011\313\364X\272"
 139      E64B640E 
 139      493EAF04 
 139      40CC9509 
 139      CBF458BA 
 140 047c 929C92B3 		.ascii	"\222\234\222\263\177LH.\321X\265\330\247\303O\330)\262"
 140      7F4C482E 
 140      D158B5D8 
 140      A7C34FD8 
 140      29B2
 141 048e 70ED8342 		.ascii	"p\355\203B~\335\021:\007ibT\020z\357\033\313\2525\202"
 141      7EDD113A 
 141      07696254 
 141      107AEF1B 
 141      CBAA3582 
 142 04a2 D6C13D3E 		.ascii	"\326\301=>\210\021+\026\246\257\343\227O\210'*\341\033"
 142      88112B16 
 142      A6AFE397 
 142      4F88272A 
 142      E11B
 143 04b4 A3F02747 		.ascii	"\243\360'G\322\304F\240E\021\024z\250\314/<\222\346"
 143      D2C446A0 
 143      4511147A 
 143      A8CC2F3C 
 143      92E6
 144 04c6 019C021C 		.ascii	"\001\234\002\034\032E/\223\263\250j\344\256\012\037"
 144      1A452F93 
 144      B3A86AE4 
 144      AE0A1F
 145 04d5 C334E4E0 		.ascii	"\3034\344\340\301{\265j\220\351\205\357\210\243\037"
 145      C17BB56A 
 145      90E985EF 
 145      88A31F
 146 04e4 FC2AB528 		.ascii	"\374*\265(\275!\007\321XhLQ\031\243*\3600N\025\232\007"
 146      BD2107D1 
 146      58684C51 
 146      19A32AF0 
 146      304E159A 
 147 04f9 BAFF882F 		.ascii	"\272\377\210/3\201\341\271\336N\275$P\337\363\333\362"
 147      3381E1B9 
 147      DE4EBD24 
 147      50DFF3DB 
 147      F2
 148 050a 2AD1A3A5 		.ascii	"*\321\243\245\364G\012\375\221L\237\240\364\374\372"
 148      F4470AFD 
 148      914C9FA0 
 148      F4FCFA
 149 0519 6E31180F 		.ascii	"n1\030\0172~fS}O\250\304o\277\273=7\355\304[\224\376"
 149      327E6653 
ARM GAS  /tmp/cc0s8DrW.s 			page 11


 149      7D4FA8C4 
 149      6FBFBB3D 
 149      37EDC45B 
 150 052f 58A13F96 		.ascii	"X\241?\226\351\223\224~\356\344L_(\316\013b\247puF\227"
 150      E993947E 
 150      EEE44C5F 
 150      28CE0B62 
 150      A7707546 
 151 0544 9CFF545F 		.ascii	"\234\377T_\302q\177\370)\205?%\363\247)?\255\370f\226"
 151      C2717FF8 
 151      29853F25 
 151      F3A7293F 
 151      ADF86696 
 152 0558 165F60FC 		.ascii	"\026_`\374\203g\016\365\204K\374\302\201\270O\375\374"
 152      83670EF5 
 152      844BFCC2 
 152      81B84FFD 
 152      FC
 153 0569 19853F23 		.ascii	"\031\205?#\363g)\377\362\227C\231*<\314\370\373\262"
 153      F36729FF 
 153      F2974399 
 153      2A3CCCF8 
 153      FBB2
 154 057b 26BDF2F0 		.ascii	"&\275\362\360;\357;\032\375\374'\012\377\211\314\237"
 154      3BEF3B1A 
 154      FDFC270A 
 154      FF89CC9F 
 155 058b A3FCD6A6 		.ascii	"\243\374\326\246\242\371P|XE\371w<\3637\345\374g\206"
 155      A2F9507C 
 155      5845F977 
 155      3CF337E5 
 155      FC6786
 156 059e 1CD7FCFC 		.ascii	"\034\327\374\374y\205?/\363\027(\277\256\363\372o\360"
 156      79853F2F 
 156      F31728BF 
 156      AEF3FA6F 
 156      F0
 157 05af 25466F4F 		.ascii	"%FoO\315\317\010\226\350U#\277.\365\323\027\025\372"
 157      CDCF0896 
 157      E85523BF 
 157      2EF5D317 
 157      15FA
 158 05c1 A24C5FA2 		.ascii	"\242L_\242\364\254\243\015]j<\314\370\227\217\335\273"
 158      F4ACA30D 
 158      5D6A3CCC 
 158      F8978FDD 
 158      BB
 159 05d2 21F33B47 		.ascii	"!\363;G\343.\372\371\"\357\347\303#\343\247\362\204"
 159      E32EFAF9 
 159      22EFE7C3 
 159      23E3A7F2 
 159      84
 160 05e3 7FBAACA0 		.ascii	"\177\272\254\240_\213\017\253)\377tg~Uh\020\317\366"
 160      5F8B0FAB 
 160      29FF7467 
 160      7E556810 
 160      CFF6
ARM GAS  /tmp/cc0s8DrW.s 			page 12


 161 05f5 30599BF0 		.ascii	"0Y\233\360nn\251\264L\373\314U\354\341\311*N\343\245"
 161      6E6EA9B4 
 161      4CFBCC55 
 161      ECE1C92A 
 161      4EE3A5
 162 0608 65DCD5B4 		.ascii	"e\334\325\264X\247\221\022\360\266Z\363i\002\200A{\224"
 162      58A79112 
 162      F0B65AF3 
 162      69028041 
 162      7B94
 163 061a 04F6C809 		.ascii	"\004\366\310\011\354\245\011\024\034\317\256\304\270"
 163      ECA50914 
 163      1CCFAEC4 
 163      B8
 164 0627 8825E0A9 		.ascii	"\210%\340\251\235\036\224\353\357\235\330=_\254\254"
 164      9D1E94EB 
 164      EF9DD83D 
 164      5FACAC
 165 0636 DF744521 		.ascii	"\337tE!]V\310\240\012\215\237\227O\205\340^\246\260"
 165      5D56C8A0 
 165      0A8D9F97 
 165      4F85E05E 
 165      A6B0
 166 0648 507AB652 		.ascii	"Pz\266R\265\276H\034\003\205\266lc\376\230G\314\\K\017"
 166      B5BE481C 
 166      0385B66C 
 166      63FE9847 
 166      CC5C4B0F 
 167 065c AA4C26B0 		.ascii	"\252L&\260\354\0379\223\350\240}\374z2\314\376\212\373"
 167      EC1F3993 
 167      E8A07DFC 
 167      7A32CCFE 
 167      8AFB
 168 066e FA15871B 		.ascii	"\372\025\207\033\011\252\014t?\257\227\303\303#\020"
 168      09AA0C74 
 168      3FAF97C3 
 168      C32310
 169 067d F6B48ADB 		.ascii	"\366\264\212\333W\340\3110\025\374\001\236\035\206\244"
 169      57E0C930 
 169      15FC019E 
 169      1D86A4
 170 068c 55C7BDB5 		.ascii	"U\307\275\265\331\3446\005\231v:\023\203\267l\1777j"
 170      D9E43605 
 170      99763A13 
 170      83B76C7F 
 170      376A
 171 069e D3EBAF73 		.ascii	"\323\353\257s:\2431\305\226\354~-\326\350~WHq9\205x"
 171      3AA331C5 
 171      96EC7E2D 
 171      D6E87E57 
 171      48713985 
 172 06b3 5BB2B0CB 		.ascii	"[\262\260\313l\21619\223b\222\355\311\326\030\253)\336"
 172      6C8E3139 
 172      936292ED 
 172      C9D618AB 
 172      29DE
 173 06c5 16F303E3 		.ascii	"\026\363\003\343\306\230\330\357\277\372\303\337\305"
ARM GAS  /tmp/cc0s8DrW.s 			page 13


 173      C698D8EF 
 173      BFFAC3DF 
 173      C5
 174 06d2 0A2B3A04 		.ascii	"\012+:\004[\26291\305b\025\222L\346\004[\262U0Z\254"
 174      5BB23931 
 174      C5621592 
 174      4CE6045B 
 174      B255305A 
 175 06e7 3B4D2989 		.ascii	";M)\211n\243\373}\207\325\265!\201\013\226\345\177\376"
 175      6EA3FB7D 
 175      87D5B521 
 175      810B96E5 
 175      7FFE
 176 06f9 FFC8BBDE 		.ascii	"\377\310\273\336w\011F\227\333\002Z\240\211\355\026"
 176      77094697 
 176      DB025AA0 
 176      89ED16
 177 0708 A7CA91E2 		.ascii	"\247\312\221\342\26085v\227\303j\2658\325v\022\317\251"
 177      B0383576 
 177      97C36AB5 
 177      38D57612 
 177      CFA9
 178 071a 4AB25BAC 		.ascii	"J\262[\254N2\302\204\215\233\022l\361\266\267w\010v"
 178      4E32C284 
 178      8D9B126C 
 178      F1B6B777 
 178      0876
 179 072c 9790604A 		.ascii	"\227\220`J\024\034v\247\333%\354\370\345/^\213\025\266"
 179      141C76A7 
 179      DB25ECF8 
 179      E52F5E8B 
 179      15B6
 180 073e 6DDB2C6C 		.ascii	"m\333,l\211\333\372\366\357cI\227\321\001\226\230h\001"
 180      89DBFAF6 
 180      EF634997 
 180      D1019698 
 180      6801
 181 0750 E1B52E77 		.ascii	"\341\265.w\022\344\272\313a\263\033]Vw\212\303\350V"
 181      12E4BACB 
 181      61B31B5D 
 181      56778AC3 
 181      E856
 182 0762 C76D2155 		.ascii	"\307m!US\307\275\311\232\237\261f3k6\261\346\247\254"
 182      53C7BDC9 
 182      9A9FB166 
 182      336B36B1 
 182      E6A7AC
 183 0775 7983355B 		.ascii	"y\2035[I\243\215{c\333&{\362N\333.\015\304\330\232l"
 183      49A38D7B 
 183      63DB267B 
 183      F24EDB2E 
 183      0DC4D89A 
 184 078a 737F2B20 		.ascii	"s\177+ #\227\323L\332\015fN\355r\023@T\000@\036<\311"
 184      2397D34C 
 184      DA0D664E 
 184      ED721340 
 184      5400401E 
ARM GAS  /tmp/cc0s8DrW.s 			page 14


 185 07a0 D145C6AD 		.ascii	"\321E\306\255\215\267\233\234\026\002\3756}2:\254fS"
 185      8DB79B9C 
 185      1602FD36 
 185      7D323AAC 
 185      6653
 186 07b2 B2C366B6 		.ascii	"\262\303f\266\377(^\240o\000\244\371\203e\027\201|\357"
 186      FF285EA0 
 186      6F00A4F9 
 186      83651781 
 186      7CEF
 187 07c4 396A0021 		.ascii	"9j\000!H\247\333\374\"$@\010"
 187      48A7DBFC 
 187      22244008 
 188 07d0 32298922 		.ascii	"2)\211\"\327?\007\011\020\243\313a#hh^\244\313\220j"
 188      D73F0709 
 188      10A3CB61 
 188      2368685E 
 188      A4CB906A 
 189 07e4 171D8DE1 		.ascii	"\027\035\215\341y@\253\323\006E\002U[\354\013\263\005"
 189      7940ABD3 
 189      06450255 
 189      5BEC0BB3 
 189      05
 190 07f5 08419A2C 		.ascii	"\010A\232,/D\002\004\220\241\362\334\033m\200\327',"
 190      2F440204 
 190      90A1F2DC 
 190      1B6D80D7 
 190      272C
 191 0807 7384E7AC 		.ascii	"s\204\347\254\037z\177s\343\356\335B\202\262t\210\222"
 191      1F7A7F73 
 191      E3EEDD42 
 191      82B27488 
 191      92
 192 0818 BCF8CD74 		.ascii	"\274\370\315t\342\377\015Zt\031T"
 192      E2FF0D5A 
 192      741954
 193              		.text
 194              		.section	.gnu.lto_.symtab.7943a6d19a4f0492,"",%progbits
 195 0000 68616C49 		.ascii	"halInit\000"
 195      6E697400 
 196 0008 00       		.ascii	"\000"
 197 0009 00       		.ascii	"\000"
 198 000a 00       		.ascii	"\000"
 199 000b 00000000 		.ascii	"\000\000\000\000\000\000\000\000"
 199      00000000 
 200 0013 EF000000 		.ascii	"\357\000\000\000"
 201 0017 70616C5F 		.ascii	"pal_default_config\000"
 201      64656661 
 201      756C745F 
 201      636F6E66 
 201      696700
 202 002a 00       		.ascii	"\000"
 203 002b 02       		.ascii	"\002"
 204 002c 00       		.ascii	"\000"
 205 002d 00000000 		.ascii	"\000\000\000\000\000\000\000\000"
 205      00000000 
 206 0035 09010000 		.ascii	"\011\001\000\000"
ARM GAS  /tmp/cc0s8DrW.s 			page 15


 207 0039 7374496E 		.ascii	"stInit\000"
 207      697400
 208 0040 00       		.ascii	"\000"
 209 0041 02       		.ascii	"\002"
 210 0042 00       		.ascii	"\000"
 211 0043 00000000 		.ascii	"\000\000\000\000\000\000\000\000"
 211      00000000 
 212 004b F1000000 		.ascii	"\361\000\000\000"
 213 004f 626F6172 		.ascii	"boardInit\000"
 213      64496E69 
 213      7400
 214 0059 00       		.ascii	"\000"
 215 005a 02       		.ascii	"\002"
 216 005b 00       		.ascii	"\000"
 217 005c 00000000 		.ascii	"\000\000\000\000\000\000\000\000"
 217      00000000 
 218 0064 F3000000 		.ascii	"\363\000\000\000"
 219 0068 77646749 		.ascii	"wdgInit\000"
 219      6E697400 
 220 0070 00       		.ascii	"\000"
 221 0071 02       		.ascii	"\002"
 222 0072 00       		.ascii	"\000"
 223 0073 00000000 		.ascii	"\000\000\000\000\000\000\000\000"
 223      00000000 
 224 007b F5000000 		.ascii	"\365\000\000\000"
 225 007f 72746349 		.ascii	"rtcInit\000"
 225      6E697400 
 226 0087 00       		.ascii	"\000"
 227 0088 02       		.ascii	"\002"
 228 0089 00       		.ascii	"\000"
 229 008a 00000000 		.ascii	"\000\000\000\000\000\000\000\000"
 229      00000000 
 230 0092 F7000000 		.ascii	"\367\000\000\000"
 231 0096 6D6D6349 		.ascii	"mmcInit\000"
 231      6E697400 
 232 009e 00       		.ascii	"\000"
 233 009f 02       		.ascii	"\002"
 234 00a0 00       		.ascii	"\000"
 235 00a1 00000000 		.ascii	"\000\000\000\000\000\000\000\000"
 235      00000000 
 236 00a9 F9000000 		.ascii	"\371\000\000\000"
 237 00ad 73706949 		.ascii	"spiInit\000"
 237      6E697400 
 238 00b5 00       		.ascii	"\000"
 239 00b6 02       		.ascii	"\002"
 240 00b7 00       		.ascii	"\000"
 241 00b8 00000000 		.ascii	"\000\000\000\000\000\000\000\000"
 241      00000000 
 242 00c0 FB000000 		.ascii	"\373\000\000\000"
 243 00c4 7364496E 		.ascii	"sdInit\000"
 243      697400
 244 00cb 00       		.ascii	"\000"
 245 00cc 02       		.ascii	"\002"
 246 00cd 00       		.ascii	"\000"
 247 00ce 00000000 		.ascii	"\000\000\000\000\000\000\000\000"
 247      00000000 
 248 00d6 FD000000 		.ascii	"\375\000\000\000"
ARM GAS  /tmp/cc0s8DrW.s 			page 16


 249 00da 69326349 		.ascii	"i2cInit\000"
 249      6E697400 
 250 00e2 00       		.ascii	"\000"
 251 00e3 02       		.ascii	"\002"
 252 00e4 00       		.ascii	"\000"
 253 00e5 00000000 		.ascii	"\000\000\000\000\000\000\000\000"
 253      00000000 
 254 00ed FF000000 		.ascii	"\377\000\000\000"
 255 00f1 61646349 		.ascii	"adcInit\000"
 255      6E697400 
 256 00f9 00       		.ascii	"\000"
 257 00fa 02       		.ascii	"\002"
 258 00fb 00       		.ascii	"\000"
 259 00fc 00000000 		.ascii	"\000\000\000\000\000\000\000\000"
 259      00000000 
 260 0104 01010000 		.ascii	"\001\001\000\000"
 261 0108 5F70616C 		.ascii	"_pal_lld_init\000"
 261      5F6C6C64 
 261      5F696E69 
 261      7400
 262 0116 00       		.ascii	"\000"
 263 0117 02       		.ascii	"\002"
 264 0118 00       		.ascii	"\000"
 265 0119 00000000 		.ascii	"\000\000\000\000\000\000\000\000"
 265      00000000 
 266 0121 05010000 		.ascii	"\005\001\000\000"
 267 0125 68616C5F 		.ascii	"hal_lld_init\000"
 267      6C6C645F 
 267      696E6974 
 267      00
 268 0132 00       		.ascii	"\000"
 269 0133 02       		.ascii	"\002"
 270 0134 00       		.ascii	"\000"
 271 0135 00000000 		.ascii	"\000\000\000\000\000\000\000\000"
 271      00000000 
 272 013d 07010000 		.ascii	"\007\001\000\000"
 273              		.text
 274              		.section	.gnu.lto_.opts,"",%progbits
 275 0000 272D6666 		.ascii	"'-ffp-contract=off' '-fmath-errno' '-fsigned-zeros'"
 275      702D636F 
 275      6E747261 
 275      63743D6F 
 275      66662720 
 276 0033 20272D66 		.ascii	" '-ftrapping-math' '-fno-trapv' '-fno-openmp' '-fno"
 276      74726170 
 276      70696E67 
 276      2D6D6174 
 276      68272027 
 277 0066 2D6F7065 		.ascii	"-openacc' '-mcpu=cortex-m4' '-mno-thumb-interwork' "
 277      6E616363 
 277      2720272D 
 277      6D637075 
 277      3D636F72 
 278 0099 272D6D74 		.ascii	"'-mthumb' '-ggdb' '-O2' '-fomit-frame-pointer' '-fa"
 278      68756D62 
 278      2720272D 
 278      67676462 
ARM GAS  /tmp/cc0s8DrW.s 			page 17


 278      2720272D 
 279 00cc 6C69676E 		.ascii	"lign-functions=16' '-ffunction-sections' '-fdata-se"
 279      2D66756E 
 279      6374696F 
 279      6E733D31 
 279      36272027 
 280 00ff 6374696F 		.ascii	"ctions' '-fno-common' '-flto'\000"
 280      6E732720 
 280      272D666E 
 280      6F2D636F 
 280      6D6D6F6E 
 281              		.text
 282              		.comm	__gnu_lto_v1,1,1
 283              		.comm	__gnu_lto_slim,1,1
 284              		.ident	"GCC: (GNU Tools for ARM Embedded Processors) 5.4.1 20160609 (release) [ARM/embedded-5-bran
ARM GAS  /tmp/cc0s8DrW.s 			page 18


DEFINED SYMBOLS
                            *ABS*:00000000 hal.c
                            *COM*:00000001 __gnu_lto_v1
                            *COM*:00000001 __gnu_lto_slim

NO UNDEFINED SYMBOLS
