ARM GAS  /tmp/ccSs8wEo.s 			page 1


   1              		.syntax unified
   2              		.cpu cortex-m4
   3              		.fpu softvfp
   4              		.eabi_attribute 20, 1
   5              		.eabi_attribute 21, 1
   6              		.eabi_attribute 23, 3
   7              		.eabi_attribute 24, 1
   8              		.eabi_attribute 25, 1
   9              		.eabi_attribute 26, 1
  10              		.eabi_attribute 30, 2
  11              		.eabi_attribute 34, 1
  12              		.eabi_attribute 18, 4
  13              		.thumb
  14              		.syntax unified
  15              		.file	"hal_st_lld.c"
  16              		.text
  17              	.Ltext0:
  18              		.section	.gnu.lto_.profile.654426b068a305de,"",%progbits
  19 0000 789C6361 		.ascii	"x\234ca`d`a`\000\222\345*\000\001|\000\246"
  19      60646061 
  19      600092E5 
  19      2A00017C 
  19      00A6
  20              		.text
  21              		.section	.gnu.lto_.icf.654426b068a305de,"",%progbits
  22 0000 789C6361 		.ascii	"x\234ca`d\000\001\021\006\004`f\2705\373\311\024.\306"
  22      60640001 
  22      11060460 
  22      66B835FB 
  22      C9142EC6 
  23 0014 090FBFBF 		.ascii	"\011\017\277\277\346e\272\332\376\265\213\211\001\000"
  23      E665BADA 
  23      FEB58B89 
  23      0100
  24 0022 64AF0954 		.ascii	"d\257\011T"
  25              		.text
  26              		.section	.gnu.lto_.jmpfuncs.654426b068a305de,"",%progbits
  27 0000 789C6361 		.ascii	"x\234ca`d\000\201Z\006\004`\002\023\214\177\231\030"
  27      60640081 
  27      5A060460 
  27      02138C7F 
  27      9918
  28 0012 9B7FEDFF 		.ascii	"\233\177\355\377\314W\377\267aFC\203@+3C'3P\202q9c="
  28      CC57FFB7 
  28      61464383 
  28      402B3343 
  28      27335082 
  29 002a 03230B54 		.ascii	"\003#\013T)NU+ \252\200f\261\200\324<=9\271\215\347"
  29      294E552B 
  29      20AA8066 
  29      B180D43C 
  29      3D39B98D 
  30 003f 0B532B33 		.ascii	"\013S+3#\243\014\343JF\031\240\012\240h\327\257\353"
  30      23A30CE3 
  30      4A4619A0 
  30      0AA068D7 
  30      AFEB
ARM GAS  /tmp/ccSs8wEo.s 			page 2


  31 0051 7D1C1051 		.ascii	"}\034\020Q\016\306U Q\006\000\245r!O"
  31      0EC65520 
  31      510600A5 
  31      72214F
  32              		.text
  33              		.section	.gnu.lto_.inline.654426b068a305de,"",%progbits
  34 0000 789C6361 		.ascii	"x\234ca`d\000\201h\006\004`b`\0209\016\024g\342\273"
  34      60640081 
  34      68060460 
  34      62601039 
  34      0E1467E2 
  35 0015 17C0C0B6 		.ascii	"\027\300\300\266@\236\011$\310\310\005\222\341\0062"
  35      409E0924 
  35      C8C80592 
  35      E10632
  36 0024 204C6C04 		.ascii	" Ll\004D\232\211AD\006H\312<\270\305\010\327\315\314"
  36      449A8941 
  36      440648CA 
  36      3CB8C508 
  36      D7CDCC
  37 0037 03369601 		.ascii	"\0036\226\001\000Z\323\006\206"
  37      005AD306 
  37      86
  38              		.text
  39              		.section	.gnu.lto_.pureconst.654426b068a305de,"",%progbits
  40 0000 789C6361 		.ascii	"x\234ca`d`c```b\330\305\310$\005\000\003\243\000\345"
  40      60646063 
  40      60606062 
  40      D8C5C824 
  40      050003A3 
  41              		.text
  42              		.section	.gnu.lto_VectorB0.654426b068a305de,"",%progbits
  43 0000 789C8D55 		.ascii	"x\234\215UKl\023W\024}w\336\370\023'N\322\256\332\012"
  43      4B6C1357 
  43      147D77DE 
  43      F813274E 
  43      D2AEDA0A 
  44 0014 45CE22AA 		.ascii	"E\316\"\252\220\020\223\002m\327U\272A\302E\212\331"
  44      90109302 
  44      6DD755BA 
  44      41C2458A 
  44      D9
  45 0025 47C158B5 		.ascii	"G\301X\265\325\030#;D\260\362$\266I\253l\262\241D\250"
  45      D518233B 
  45      44B0F224 
  45      B649AB6C 
  45      B2A144A8 
  46 0039 ADA5A28A 		.ascii	"\255\245\242\212\000MB\322\322\326\001\202I\370\223"
  46      004D42D2 
  46      D2D60182 
  46      49F893
  47 0048 4F81F06B 		.ascii	"O\201\360k\332*\037\205$4\255\234\017\270\255H\246\367"
  47      DA2A1F85 
  47      2434AD9C 
  47      0FB8AD48 
  47      A6F7
  48 005a 3E7F6AC6 		.ascii	">\177j\306\270t\026\236\231w\356}\347\334\373\316\\"
ARM GAS  /tmp/ccSs8wEo.s 			page 3


  48      B874169E 
  48      9977EE7D 
  48      E7DCFBCE 
  48      5C
  49 006b CB0C185D 		.ascii	"\313\014\030]`bl\031\357\333\350\331\300@j\037e\254"
  49      60626C19 
  49      EFDBE8D9 
  49      C0406A1F 
  49      65AC
  50 007d D92C49BC 		.ascii	"\331,I\274\277\202\251\026\371\236\302\324\022\016r"
  50      BF82A916 
  50      F99EC2D4 
  50      120E72
  51 008c 6A5906A0 		.ascii	"jY\006\240\007\325\014,(q\031\202\360DZ\223`\260\365"
  51      07D50C2C 
  51      28711982 
  51      F0445A93 
  51      60B0F5
  52 009f 514CDA78 		.ascii	"QL\332x\\\305kr6Y\244v\306!\302\031\323$\226\3428\016"
  52      5CC56B72 
  52      3659A476 
  52      C621C219 
  52      D32496E2 
  53 00b5 1B19864D 		.ascii	"\033\031\206M\367\256\037\266\032\303\024f\373$\203"
  53      F7AE1FB6 
  53      1AC31466 
  53      FB2483
  54 00c4 43271851 		.ascii	"C'\030Q\012\340BOm\\\325\264\220\252\256Uko\226\033"
  54      0AE0424F 
  54      6D5CD5B4 
  54      90AAAE55 
  54      6B6F961B 
  55 00d8 58848391 		.ascii	"X\204\203\221~\030K`$\021/I\022\335\371<\204\343w\306"
  55      7E184B60 
  55      24112F49 
  55      12DDF93C 
  55      84E377C6 
  56 00ec 807269E3 		.ascii	"\200ri\343Xlq\302\024\\S?V\325\362\010\2274\2116<\001"
  56      586C71C2 
  56      145C533F 
  56      56D5F208 
  56      97348936 
  57 0102 41C23E8D 		.ascii	"A\302>\215\014\216\231V\245\010\307}\3605\364\367\205"
  57      0C8E9956 
  57      A508C77D 
  57      F035F4F7 
  57      85
  58 0113 95520CED 		.ascii	"\225R\014\355\020\241\234d\320\362\365\243\247>\212"
  58      10A19C64 
  58      D0F2F5A3 
  58      A73E8A
  59 0122 C2E7CDED 		.ascii	"\302\347\315\355bY\206SX\332I\330 0\355q_w\021\246\274"
  59      62598653 
  59      58DA49D8 
  59      2030ED71 
  59      5F7711A6 
  60 0137 467B7C0D 		.ascii	"F{|\015\321\024-tA0\302\015l\036\370\213e\0305\024\313"
ARM GAS  /tmp/ccSs8wEo.s 			page 4


  60      D1142D74 
  60      4130C20D 
  60      6C1EF88B 
  60      65183514 
  61 014c A01B6544 		.ascii	"\240\033eD\270\211=\202\301\376\336\344\220\201\202"
  61      B8893D82 
  61      C1FEDEE4 
  61      908182
  62 015b 43DC90AB 		.ascii	"C\334\220\253\314,\224\215v%\023\226\324+uH\306\245"
  62      CC2C948D 
  62      76251396 
  62      D42B7548 
  62      C6A5
  63 016d 63DD4FAF 		.ascii	"c\335O\257\232Q\026v\263\010N\303\006\350IK:9\262\272"
  63      9A511676 
  63      B3084EC3 
  63      06E8494B 
  63      3A39B2BA 
  64 0181 6252BAD4 		.ascii	"bR\272\3240\"\026\350EM\353\242\327\320\007\0122\205"
  64      302216E8 
  64      454DEBA2 
  64      D7D0070A 
  64      3285
  65 0193 9E1D1AE6 		.ascii	"\236\035\032\346)\2424\327e-\031/\243\315\001$\370\006"
  65      29A234D7 
  65      652D192F 
  65      A3CD0124 
  65      F806
  66 01a5 779982F0 		.ascii	"w\231\202\360D\350\215t\014\006\364,\306\376\262\246"
  66      44E88D74 
  66      0C06F42C 
  66      C6FEB2A6 
  67 01b5 02187C4B 		.ascii	"\002\030|K4\214\332\315Y\177\005G\351\253\211\344\214"
  67      348CDACD 
  67      597F0547 
  67      E9AB89E4 
  67      8C
  68 01c6 909EA3AA 		.ascii	"\220\236\243\252\231d:\330\177k;\363\257\266\357@\311"
  68      99643AD8 
  68      7F6B3BF3 
  68      AFB6EF40 
  68      C9
  69 01d7 ADDA8244 		.ascii	"\255\332\202D\337c\3164\264\224S\336\255\360\351\317"
  69      DF63CE34 
  69      B49453DE 
  69      ADF0E9CF 
  70 01e7 3801C540 		.ascii	"8\001\305@\265/\215\034\235)\245\327\022\260\341\353"
  70      B52F8D1C 
  70      9D29A5D7 
  70      12B0E1EB 
  71 01f7 DCB9D671 		.ascii	"\334\271\326q\340o\213N\235\031x\320a\251:\246\252-"
  71      E06F8B4E 
  71      9D1978D0 
  71      61A93AA6 
  71      AA2D
  72 0209 EA64F284 		.ascii	"\352d\362\204\375\342W\207\324\366fs\204[\241\0378\232"
  72      FDE25787 
ARM GAS  /tmp/ccSs8wEo.s 			page 5


  72      D4F66673 
  72      845BA11F 
  72      389A
  73 021b 0A6228E7 		.ascii	"\012b(\347\207t\015p\026\2520\247uA=/\323vV\260\301"
  73      87740D70 
  73      16AA30A7 
  73      75413D2F 
  73      D37656B0 
  74 0230 39C4E6A0 		.ascii	"9\304\346\240e\272\267ux\333\363\276\214\337|\346\020"
  74      65BAB775 
  74      78DBF3BE 
  74      8CDF7CE6 
  74      10
  75 0241 96D4B074 		.ascii	"\226\324\260t\0354w\270\015:\360\340\317\023*\353\015"
  75      1D3477B8 
  75      0D3AF0E0 
  75      CF132AEB 
  75      0D
  76 0252 CD60005D 		.ascii	"\315`\000]\240\317\231:r\215\274r\201R\014z\360\367"
  76      A0CF993A 
  76      728DBC72 
  76      81520C7A 
  76      F0F7
  77 0264 8928753B 		.ascii	"\211(u;N\240Q\007\252\013#@\322\031\\$\330\224O7Ht0"
  77      4EA05107 
  77      AA0B2340 
  77      D2195C24 
  77      D8944F37 
  78 027b 445F0FB0 		.ascii	"D_\017\260\373\200\370\227\321\276?-\225\363\020U;l"
  78      FB80F897 
  78      D1BE3F2D 
  78      95F31055 
  78      3B6C
  79 028d 115E4A29 		.ascii	"\021^J)]3gU\263L>\274\004\225B]bq|B\302\025\270\014"
  79      5D336755 
  79      B34C3EBC 
  79      0495425D 
  79      62717C42 
  80 02a5 B2680483 		.ascii	"\262h\004\203+\242\341\235\003C\263%\225\277\245\263"
  80      2BA2E19D 
  80      0343B325 
  80      95BFA5B3 
  81 02b5 CB2876B9 		.ascii	"\313(v\271\273\357n\261\310\276J\331p\015d<.I\364\224"
  81      BBEF6EB1 
  81      C8BE4AD9 
  81      700D643C 
  81      2E49F494 
  82 02c9 A1F34393 		.ascii	"\241\363C\223\211\266Y#U\367B\373\233EK\340z\372\013"
  82      89B65923 
  82      55F742FB 
  82      9B454BE0 
  82      7AFA0B
  83 02dc A0F8E51B 		.ascii	"\240\370\345\033\303\257\353\272\320\266\226\351xQ~"
  83      C3AFEBBA 
  83      D0B696E9 
  83      78517E
  84 02eb 91374491 		.ascii	"\2217D\2217\013\020X\004\016\3039\004KmO\337\321\037"
ARM GAS  /tmp/ccSs8wEo.s 			page 6


  84      370B1058 
  84      040EC339 
  84      044B6D4F 
  84      DFD11F
  85 02fe 6996A038 		.ascii	"i\226\2408\377H\277\020G:BhI>\375\250\240\037+@o\025"
  85      FF48BF10 
  85      473A4268 
  85      493EFDA8 
  85      A01F2B40 
  86 0314 38FC98A6 		.ascii	"8\374\230\246\317\030\3719{.|\360\022{\336\022\366\314"
  86      CF18F939 
  86      7B2E7CF0 
  86      127BDE12 
  86      F6CC
  87 0326 7E15563C 		.ascii	"~\025V<\315\333\205\3559u\344\017\242\034#\275\245y"
  87      CDDB85ED 
  87      3975E40F 
  87      A21C23BD 
  87      A579
  88 0338 7E5AE924 		.ascii	"~Z\351$?\335!\260L\357\247'\243@\\\014\306\013\370\351"
  88      3FDD21B0 
  88      4CEFA727 
  88      A3405C0C 
  88      C60BF8E9 
  89 034c AEA8F55E 		.ascii	"\256\250\365^\216\237\326\243S\003\305\031\253\334\026"
  89      8E9FD6A3 
  89      5303C519 
  89      ABDC16
  90 035b 56B92FAC 		.ascii	"V\271/\254\242\367\305\203\214/\210@\314\0159=\246C"
  90      A2F7C583 
  90      8C2F8840 
  90      CC0D393D 
  90      A643
  91 036d 9397B402 		.ascii	"\223\227\264\002c\032U\224c\356\303\354\341\311\005"
  91      631A5594 
  91      63EEC3EC 
  91      E1C905
  92 037c C7F92B18 		.ascii	"\307\371+\030\367Sj\234\377\317\371=Qh~\377\234\235"
  92      F7536A9C 
  92      FFCFF93D 
  92      51687EFF 
  92      9C9D
  93 038e DFBFBC7C 		.ascii	"\337\277\274|~\277\212\274\277\246\365=\206\226\270"
  93      7EBF8ABC 
  93      BFA6F53D 
  93      8696B8
  94 039d B65384D2 		.ascii	"\266S\204\322\225\300\377\030,\021{\260\245\306\355"
  94      95C0FF18 
  94      2C117BB0 
  94      A5C6ED
  95 03ac D9EDD9E9 		.ascii	"\331\355\331\351P|\001\305]\337\240\354\363\371\033"
  95      507C01C5 
  95      5DDFA0EC 
  95      F3F91B
  96 03bb 038A6397 		.ascii	"\003\212c\227}\353\026e\307\216\367\225]\333\355Mo\021"
  96      7DEB1665 
  96      C78EF795 
ARM GAS  /tmp/ccSs8wEo.s 			page 7


  96      5DDBED4D 
  96      6F11
  97 03cd 521768AC 		.ascii	"R\027h\254kh\330\263\331\311\014M\365\015\373]\233r"
  97      6B68D8B3 
  97      D9C90C4D 
  97      F50DFB5D 
  97      9B72
  98 03df 129D3EAF 		.ascii	"\022\235>\257\327\2677\235\373^\255\275\306~@q\272\235"
  98      D7B7379D 
  98      FB5EADBD 
  98      C67E4071 
  98      BA9D
  99 03f1 3EBFABAE 		.ascii	">\277\253\256\351]\357f7\253\316\017v\035hTj\354\216"
  99      E95DEF66 
  99      37ABCE0F 
  99      761D6854 
  99      6AEC8E
 100 0404 ED0EC5B3 		.ascii	"\355\016\305\263\327\331\260\177\217Kqz\003\236@\335"
 100      D7D9B07F 
 100      8F4B717A 
 100      039E40DD 
 101 0414 874E2726 		.ascii	"\207N'&T\350d\371\002\370\343o\024w\035\214\253\331"
 101      54E864F9 
 101      02F8E36F 
 101      14771D8C 
 101      ABD9
 102 0426 1DDC8183 		.ascii	"\035\334\201\203\001\204\313\355\216Z\333\356\372\200"
 102      0184CBED 
 102      8E5ADBEE 
 102      FA80
 103 0434 6B9FDFB3 		.ascii	"k\237\337\263\311VU\315$?3y]^\237\377 \373\007\233\257"
 103      C95655CD 
 103      243F3379 
 103      5D5E9FFF 
 103      20FB079B 
 104 0449 CAC4     		.ascii	"\312\304"
 105              		.text
 106              		.section	.gnu.lto_st_lld_init.654426b068a305de,"",%progbits
 107 0000 789C9D94 		.ascii	"x\234\235\224KL\023A\030\307\347\277\273\335.\025_g"
 107      4B4C1341 
 107      18C7E7BF 
 107      BBDD2E15 
 107      5F67
 108 0012 7BF08A07 		.ascii	"{\360\212\007W*w\017z1\201\230\010\027O\304\307\001"
 108      572A770F 
 108      7A318198 
 108      08174FC4 
 108      C701
 109 0024 12128C10 		.ascii	"\022\022\214\020\343\255\203\355\002\361\240\230\306"
 109      E3AD83ED 
 109      02F1A098 
 109      C6
 110 0031 DE080713 		.ascii	"\336\010\007\023A\224G\021\220\"j\251 \242\274\214\006"
 110      41944711 
 110      90226AA9 
 110      20A2BC8C 
 110      06
ARM GAS  /tmp/ccSs8wEo.s 			page 8


 111 0042 4CE41513 		.ascii	"L\344\025\023\032\"\036\026\250b4P\347\233-\005\343"
 111      1A221E16 
 111      A8623450 
 111      E79B2D05 
 111      E3
 112 0053 453AC9CE 		.ascii	"E:\311\316\356<\372\373}\337<\25210*7\\\214\025\210"
 112      EE3CFAFB 
 112      7DDF3CAA 
 112      31302A37 
 112      5C8C1588 
 113 0067 F711F140 		.ascii	"\367\021\361@eP\032&\030\2531\024\200>\270\001\346W"
 113      65501A26 
 113      18AB3114 
 113      803EB801 
 113      E657
 114 0079 E0C77765 		.ascii	"\340\307weSA\274.\021U\362\232\271(\213K\017|\274%\006"
 114      5341BC2E 
 114      1155F29A 
 114      B9288B4B 
 114      0F7CBC25 
 115 008e 4B652CA5 		.ascii	"Ke,\245H\022C3\362\230\230\366%\262uo\277\036\244iG"
 115      48124333 
 115      F29898F6 
 115      25B2756F 
 115      BF1EA469 
 116 00a3 9D41B440 		.ascii	"\235A\264@']\307\371\030O\245\002\234\257\236X\316;"
 116      275DC7F9 
 116      184FA502 
 116      9CAF9E58 
 116      CE3B
 117 00b5 AC304B15 		.ascii	"\2540K\025JQ\271\250\322\251b\314\026? \365\252\242"
 117      4A51B9A8 
 117      D2A962CC 
 117      163F20F5 
 117      AAA2
 118 00c7 D05B4D20 		.ascii	"\320[M \336\277\372\261\200\020\001\225\242\010[\361"
 118      DEBFFAB1 
 118      80100195 
 118      A2085BF1 
 119 00d7 497752B1 		.ascii	"IwR\261T\005d\0136\016'r\234&\267\353\271&\272V\026"
 119      5405640B 
 119      360E2772 
 119      9C26B7EB 
 119      B926BA56 
 120 00ec 7E475D4D 		.ascii	"~G]Mh\024\321\251h\205\027\017\341e4w-<\265\230k\266"
 120      6814D1A9 
 120      6885170F 
 120      E1653477 
 120      2D3CB598 
 121 0102 F1600D3F 		.ascii	"\361`\015?d\251\032\036\241\011[2z<\206\311\022\010"
 121      64A91A1E 
 121      A1095B32 
 121      7A3C86C9 
 121      1208
 122 0114 FCD41D91 		.ascii	"\374\324\035\221\352\270\272\207Fj\015\202C\2246A\021"
 122      EAB8BA87 
 122      466A0D82 
ARM GAS  /tmp/ccSs8wEo.s 			page 9


 122      43943641 
 122      11
 123 0125 D1844153 		.ascii	"\321\204AS\366\242i\337\321t\300\024p\302\364\337\235"
 123      F6A269DF 
 123      D174C014 
 123      70C2F4DF 
 123      9D
 124 0136 D61C976B 		.ascii	"\326\034\227kwR.\231\324\255\300`\227\3414y\254\201"
 124      77522E99 
 124      D4ADC060 
 124      97E13479 
 124      AC81
 125 0148 1F105D53 		.ascii	"\037\020]S\363}\323\036\307\246#\"l\235i[\357\372\332"
 125      F37DD31E 
 125      C7A62322 
 125      6C9D695B 
 125      EFFADA
 126 015b 9DDDB62E 		.ascii	"\235\335\266.i\243\345\306\223\277\223\"\327?Y\3747"
 126      69A3E5C6 
 126      93BF9322 
 126      D73F59FC 
 126      37
 127 016c B77B87DB 		.ascii	"\267{\207\333CY\350\204I\3323Aw\232\224\311\301-s\230"
 127      4359E884 
 127      49DA3341 
 127      779A94C9 
 127      C12D7398 
 128 0180 68DBB03D 		.ascii	"h\333\260=N\223\216\002m\314\375\366\037#\206p\325P"
 128      4E938E02 
 128      6DCCFDF6 
 128      1F238670 
 128      D550
 129 0192 C729B1DF 		.ascii	"\307)\261\337\006\236\012co\332\330:\236\\w\223\021"
 129      069E0A63 
 129      6FDAD83A 
 129      9E5C7793 
 129      11
 130 01a3 E4EB933E 		.ascii	"\344\353\223>y|\2420\305\360\306X(\244\020PC\310\203"
 130      797CA230 
 130      C5F0C658 
 130      28A41050 
 130      43C883
 131 01b6 7E278F64 		.ascii	"~'\217d\347l&\200=\341\237I\274J\370\001\211_\031\350"
 131      E76C2680 
 131      3DE19F49 
 131      BC4AF801 
 131      895F19E8 
 132 01ca FCE472F0 		.ascii	"\374\344r\360)Q\016\342y\332`gix!\015\032\031^JCf\201"
 132      29510EE2 
 132      79DA6067 
 132      6978210D 
 132      1A195E4A 
 133 01e1 3430C4B6 		.ascii	"40\304\266\343\237\313\206\236\203AI\027\267\227\206"
 133      E39FCB86 
 133      9E834149 
 133      17B79786 
 134 01f1 52E1C89C 		.ascii	"R\341\310\234\236\337A{\305/\020?\016\023\307\274\362"
ARM GAS  /tmp/ccSs8wEo.s 			page 10


 134      9EDF417B 
 134      C52F103F 
 134      0E13C7BC 
 134      F2
 135 0202 C8BD427E 		.ascii	"\310\275B~Ffg%\3230$e:\341\206\0059\023\373|v\270\327"
 135      46666725 
 135      D3302465 
 135      3AE18605 
 135      3913FB7C 
 136 0219 12E726DC 		.ascii	"\022\347&\334\310.\234\235%\356\215\304\031\204\033"
 136      C82E9C9D 
 136      25EE8DC4 
 136      19841B
 137 0228 950BDD53 		.ascii	"\225\013\335S7\026\3618\013\015\274\335\016v!;\372;"
 137      3716F138 
 137      0B0DBCDD 
 137      0E76213B 
 137      FA3B
 138 023a 49CF21FA 		.ascii	"I\317!\372\230\010\226p\313\260b\241\017\362\006\321"
 138      98089670 
 138      CBB062A1 
 138      0FF206D1 
 139 024a FC68F4DB 		.ascii	"\374h\364\333g\267\177\223\327s\272)\236\024]\022\214"
 139      67B77F93 
 139      D773BA29 
 139      9E145D12 
 139      8C
 140 025b C34F634B 		.ascii	"\303OcK\243\241\332\\\012e\237\020L\300K\227\373\327"
 140      A3A1DA5C 
 140      0A659F10 
 140      4CC04B97 
 140      FBD7
 141 026d CC6DC3E9 		.ascii	"\314m\303\35120\011\257\245\346\262\257\270\031{_,\201"
 141      323009AF 
 141      A5E6B2AF 
 141      B8197B5F 
 141      2C81
 142 027f 546C8110 		.ascii	"Tl\201\020\177~\342\360\373N\227\225_*?WlVV\231e\027"
 142      7F7EE2F0 
 142      FB4E9795 
 142      5F2A3F57 
 142      6C565699 
 143 0295 2BCCAB95 		.ascii	"+\314\253\225\327\252\253\314\342\222\242\223>\263\260"
 143      D7AAABCC 
 143      E292A293 
 143      3EB3B0
 144 02a4 F08C5972 		.ascii	"\360\214Yr\266\350z>\215\224VU\227VT\\9~\231\375\001"
 144      B6E87A3E 
 144      8D945655 
 144      9756545C 
 144      397E99FD 
 145 02b9 A86AEC94 		.ascii	"\250j\354\224"
 146              		.text
 147              		.section	.gnu.lto_.symbol_nodes.654426b068a305de,"",%progbits
 148 0000 789C55C9 		.ascii	"x\234U\311;\016\202P\024E\321\363\316\345oc\234\000"
 148      3B0E8250 
 148      1445D1F3 
ARM GAS  /tmp/ccSs8wEo.s 			page 11


 148      CEE56F63 
 148      9C00
 149 0012 3AD2FB0A 		.ascii	":\322\373\012\022\023\013\305/\3323\012k\202\235c\260"
 149      12130BC5 
 149      2FDA330A 
 149      6B829D63 
 149      B0
 150 0023 A0640C46 		.ascii	"\240d\014Fx\225\267\332\311\332\021\034\226\016\000"
 150      7895B7DA 
 150      C9DA111C 
 150      960E00
 151 0032 F754A07E 		.ascii	"\367T\240~\003S\236~\003\304G\302\257\000\341\201\352"
 151      03539E7E 
 151      03C447C2 
 151      AF00E181 
 151      EA
 152 0043 CC72572A 		.ascii	"\314rW*\203\000\336\257'\270P\305\300\231\032\031\270"
 152      8300DEAF 
 152      27B850C5 
 152      C0991A19 
 152      B8
 153 0054 5363030D 		.ascii	"Sc\003\01551p\243\246\006N\324\314@M\315\015<\250\305"
 153      353170A3 
 153      A6064ED4 
 153      CC404DCD 
 153      0D3CA8C5 
 154 0068 3F080AB4 		.ascii	"?\010\012\264\237\257\023\344\350B3t}\237\010R\014\241"
 154      9FAF13E4 
 154      E8423374 
 154      7D9F0852 
 154      0CA1
 155 007a 09AAD7DC 		.ascii	"\011\252\327\334\030\325n,\005\021\332PA7\227\013\014"
 155      18D56E2C 
 155      0511DA50 
 155      4137970B 
 155      0C
 156 008b DBB1C40F 		.ascii	"\333\261\304\017\315\265?\320"
 156      CDB53FD0 
 157              		.text
 158              		.section	.gnu.lto_.refs.654426b068a305de,"",%progbits
 159 0000 789C6361 		.ascii	"x\234ca`d\340d```b`bddb\024d\000\000\0011\000)"
 159      6064E064 
 159      60606062 
 159      60626464 
 159      62146400 
 160              		.text
 161              		.section	.gnu.lto_.decls.654426b068a305de,"",%progbits
 162 0000 789CCD59 		.ascii	"x\234\315Y\013PT\311z\236>=\274_\026\232\033\353\306"
 162      0B5054C9 
 162      7A9E3E3D 
 162      BC5F169A 
 162      1BEBC6
 163 0013 DC72376E 		.ascii	"\334r7ni\335\212\216\240\273{\267R\251\254\016\270\220"
 163      69DD8A8E 
 163      A0BB7BB7 
 163      52A9AC0E 
 163      B890
ARM GAS  /tmp/ccSs8wEo.s 			page 12


 164 0025 E8AE35B8 		.ascii	"\350\2565\270[77IM\020G\241\302\303\0054Z\225\252\214"
 164      5B373749 
 164      4D1047A1 
 164      C2C30534 
 164      5A95AA8C 
 165 0039 80F2505C 		.ascii	"\200\362P\\\036\212\310[@\361\201.\213\362PD\007\020"
 165      1E8AC85B 
 165      40F1812E 
 165      8BF25044 
 165      0710
 166 004b 441ECA22 		.ascii	"D\036\312\"\242\010((\202\256\012\010\"\276\220\374"
 166      A2082828 
 166      82AE0A08 
 166      22BE90FC 
 167 005b DD7DCE9C 		.ascii	"\335}\316\234\236\303\350\335\252T\2522\305?\347\374"
 167      9EC3E8DD 
 167      AA54AA32 
 167      C53FE7FC 
 168 006b DDDFFFF5 		.ascii	"\335\337\377\365\337\375\367\343\357A\255B*\362\011"
 168      DFFDF7E3 
 168      EF41AD42 
 168      2AF209
 169 007a 9CAF5295 		.ascii	"\234\257R\225\331\250T\373@\235\206\017\206\262\357"
 169      D9A854FB 
 169      409D860F 
 169      86B2EF
 170 0089 40049032 		.ascii	"@\004\2202\220\013*\366q\002\251\005\271\004\322\000"
 170      900B2AF6 
 170      7102A905 
 170      B904D200 
 171 0099 D20CD20A 		.ascii	"\322\014\322\012r\015\344g\220\353 7@n\202\364\200\020"
 171      720DE467 
 171      90EB2037 
 171      406E82F4 
 171      8010
 172 00ab F63E95E5 		.ascii	"\366>\225\345\207\330\317\022\371\027\202\364\213m\234"
 172      87D8CF12 
 172      F91782F4 
 172      8B6D9C
 173 00ba 016902B9 		.ascii	"\001i\002\271\007R\003\362\011\030\377\015\310\020\274"
 173      075203F2 
 173      0918FF0D 
 173      C810BC
 174 00c9 BB83CC11 		.ascii	"\273\203\314\021\375X\004e\213\021\343\376+\370\232"
 174      FD580465 
 174      8B11E3FE 
 174      2BF89A
 175 00d8 2D72DE14 		.ascii	"-r\336\024\333\326@\231\007\3102\220OA\376\0161\277"
 175      DBD64099 
 175      07C83290 
 175      4F41FE0E 
 175      31BF
 176 00ea FE1E311F 		.ascii	"\376\0361\037\377\001\236+\020\363Y\013Oo\304\372\320"
 176      FF019E2B 
 176      10F3590B 
 176      4F6FC4FA 
 176      D0
ARM GAS  /tmp/ccSs8wEo.s 			page 13


 177 00fb 2CF6C99A 		.ascii	",\366\311\232\317\244\277.\234\317\251\000J\026}\313"
 177      CFA4BF2E 
 177      9CCFA900 
 177      4A167DCB 
 178 010b 83672E92 		.ascii	"\203g.\222\375\235\200\262C\210\371\332\015\342\010"
 178      FD9D80B2 
 178      4388F9DA 
 178      0DE208
 179 011a B21DF474 		.ascii	"\262\035\364t\220\277\004\371k\220\271 \277\005q\007"
 179      90BF04F9 
 179      6B90B920 
 179      BF057107 
 180 012a F908643E 		.ascii	"\371\010d>\310_ 6\336\227\304\261S~\246\004\364sLI\026"
 180      C85F2036 
 180      DE97C4B1 
 180      537EA604 
 180      F4734C49 
 181 013f 7E2E2077 		.ascii	"~. wG\244\006\365Yk\306}WP\3478\242\371\240fT=o\262"
 181      47A406F5 
 181      596BC67D 
 181      5750E738 
 181      A2F9A066 
 182 0157 61B5F6A0 		.ascii	"a\265\366\240^\031\353\272\352\342\030g\204OR\264\321"
 182      5E19EBBA 
 182      EAE21867 
 182      844F52B4 
 182      D1
 183 0168 BDD19554 		.ascii	"\275\321\225T\034E\363P\021\232\007\275<\216\3001\244"
 183      1C45F350 
 183      119A07BD 
 183      3C8EC031 
 183      A4
 184 0179 99878E81 		.ascii	"\231\207\216\201\012\360\023\345\207\317!f\355\000\352"
 184      0AF013E5 
 184      87CF2166 
 184      ED00EA
 185 0188 EEFAB206 		.ascii	"\356\372\262\006\314\270\033I\365\215\227\325\257\235"
 185      CCB81B49 
 185      F58D97D5 
 185      AF9D
 186 0196 B180E05D 		.ascii	"\261\200\340]}:\352\356!W\264h\036\0022\344x\204\266"
 186      7D3AEAEE 
 186      2157B468 
 186      1E0232E4 
 186      7884B6
 187 01a9 60340A2A 		.ascii	"`4\012*\364\023rD'\021\226<\3160B\353\243\377M\212\341"
 187      F4137244 
 187      2711963C 
 187      CE3042EB 
 187      A3FF4D8A 
 188 01be DD9E3EA1 		.ascii	"\335\236>\241$\3128\232o\264\235\253B\313\346\241\245"
 188      24CA389A 
 188      6FB49DAB 
 188      42CBE6A1 
 188      A5
 189 01cf F354E814 		.ascii	"\363T\350\024ZD\253T\250\004\010\177\024\335)n\352\263"
 189      5A44AB54 
ARM GAS  /tmp/ccSs8wEo.s 			page 14


 189      A804087F 
 189      14DD296E 
 189      EAB3
 190 01e1 734F12B9 		.ascii	"sO\022\271\277D\224\273\030\352OP\357K\221\273\324\007"
 190      BF4494BB 
 190      18EA4F50 
 190      EF4B91BB 
 190      D407
 191 01f3 82BE7DB9 		.ascii	"\202\276}\271%\306\326Q\344N\372s\334\203\315'\256\273"
 191      25C6D651 
 191      E44EFA73 
 191      DC83CD27 
 191      AEBB
 192 0205 F2DCA73F 		.ascii	"\362\334\247?\304\235\337~{\027vN \334\3428\236A\356"
 192      C49DDF7E 
 192      7B17764E 
 192      20DCE238 
 192      9E41EE
 193 0218 DC409621 		.ascii	"\334@\226!g\322Y\362\004to\343\261\023d\334\026:\"\262"
 193      67D259F2 
 193      04746FE3 
 193      B11364DC 
 193      163A22B2 
 194 022c 90DCA0E8 		.ascii	"\220\334\240\350\307'g_\271\260\"\302\32764\365\000"
 194      C727675F 
 194      B9B022C2 
 194      D73634F5 
 194      00
 195 023d 2D299646 		.ascii	"-)\226F\315N\016o\373\017c\205vx\026A\011\015\211\247"
 195      CD4E0E6F 
 195      FB0F6385 
 195      76781641 
 195      090D89A7 
 196 0251 4B9DD022 		.ascii	"K\235\320\"6\272}\223\205\316g\215\306Y\250\012\034"
 196      36BA7D93 
 196      85CE678D 
 196      C659A80A 
 196      1C
 197 0262 3D8B30AA 		.ascii	"=\2130\252DKH\223\013\211\213q\262g*\263[\350\034t\034"
 197      444B4893 
 197      0B898B71 
 197      B2672AB3 
 197      5BE81C74 
 198 0277 1A244054 		.ascii	"\032$@T\001\205\345\254\353\307\012\223\363m\361\367"
 198      0185E5AC 
 198      EBC70A93 
 198      F36DF1F7 
 199 0287 B4898367 		.ascii	"\264\211\203g\216O:\232\233\230\210]^L\232\270\000M"
 199      8E4F3A9A 
 199      9B98885D 
 199      5E4C9AB8 
 199      004D
 200 0299 9C979BA8 		.ascii	"\234\227\233\250B\357o\243\332J\033\304\036\332yWZ\377"
 200      42EF6FA3 
 200      DA4A1BC4 
 200      1EDA7957 
 200      5AFF
ARM GAS  /tmp/ccSs8wEo.s 			page 15


 201 02ab CAB51B75 		.ascii	"\312\265\033u!\230\321h\026\355 B\354\033QQ1\241\252"
 201      2198D168 
 201      16ED2042 
 201      EC1B5151 
 201      31A1AA
 202 02be 4AFE3317 		.ascii	"J\3763\027!\011(\352\202\364\2522\223\321?\311~Z\372"
 202      210928EA 
 202      82F4AA32 
 202      93D13FC9 
 202      7E5AFA
 203 02d1 5012991D 		.ascii	"P\022\231\035\211FL\027\215UH\324\005\271\001\304T\311"
 203      89464C17 
 203      8D5548D4 
 203      05B901C4 
 203      54C9
 204 02e3 80E363EE 		.ascii	"\200\343c\356\212t\262\317\346>!)~OG\236\024\271\342"
 204      8A74B2CF 
 204      E63E2129 
 204      7E4F479E 
 204      14B9E2
 205 02f6 7A44C33C 		.ascii	"zD\303<u%3C\230\233&.\277\371j\364\335o\270IS\203\346"
 205      75253343 
 205      989B262E 
 205      BFF96AF4 
 205      DD6FB849 
 206 030d C2F77A35 		.ascii	"\302\367z53\314\214/\210s\3718\317\230Wb\354\253\276"
 206      33CC8C2F 
 206      8873F938 
 206      CF985762 
 206      ECABBE
 207 0320 1A965A6A 		.ascii	"\032\226Zj4\306\203\235\232\300\220I\016\206\211\256"
 207      34C6839D 
 207      9AC09049 
 207      0E8689AE 
 208 0330 2D741175 		.ascii	"-t\021u\203\007\265\350c\262\007\354\031\311s\303;\350"
 208      8307B5E8 
 208      63B207EC 
 208      19C973C3 
 208      3BE8
 209 0342 C2448F8A 		.ascii	"\302D\217\212\032\2631\3431U\244\340\203FS\014\320\010"
 209      1AB331E3 
 209      3155A4E0 
 209      8346530C 
 209      D008
 210 0354 94A64EA6 		.ascii	"\224\246N\246\251\343i.Q\232\273\243\343\227\235p\""
 210      A9E3692E 
 210      519ABBA3 
 210      E3979D70 
 210      22
 211 0365 A339FEF4 		.ascii	"\2439\376\364\360\004\002\232>\230\026\311\251!\261"
 211      F004029A 
 211      3E9816C9 
 211      A921B1
 212 0374 05BB4C49 		.ascii	"\005\273LI\210\372\214\352e\226zq\241\243\006\312P\227"
 212      88FA8CEA 
 212      65967A71 
 212      A1A306CA 
ARM GAS  /tmp/ccSs8wEo.s 			page 16


 212      5097
 213 0386 BF7B00E1 		.ascii	"\277{\000\341V\306\360\370\304`\247\253\305\232!KL\356"
 213      56C6F0F8 
 213      C460A7AB 
 213      C59A214B 
 213      4CEE
 214 0398 7E235B33 		.ascii	"~#[3d\227\252k\216\302j\201\225\221\001\201\262]\325"
 214      6497AA6B 
 214      8EC26A81 
 214      95910181 
 214      B25DD5
 215 03ab D977D4EF 		.ascii	"\331w\324\357\035\272&:tW\2208v\211\005\246w\266\242"
 215      1DBA263A 
 215      74579038 
 215      768905A6 
 215      77B6A2
 216 03be B36FD3C2 		.ascii	"\263o\323\302R\243\363|\010\004]\226=\275,y\332L=\355"
 216      52A3F37C 
 216      08045D96 
 216      3DBD2C79 
 216      DA4C3DED 
 217 03d2 FCE1E933 		.ascii	"\374\341\3513\033<\315<\235:\360\362\004\026\315o\335"
 217      1B3CCD3C 
 217      9D3AF0F2 
 217      0416CD6F 
 217      DD
 218 03e3 FEB71462 		.ascii	"\376\267\024bN:\332\"\233\267H\346\255\324\274\177\""
 218      4E3ADA22 
 218      9BB748E6 
 218      ADD4BC7F 
 218      22
 219 03f4 BACB0E97 		.ascii	"\272\313\016\227aj\276\267\342\355\264\330\272i\254"
 219      616ABEB7 
 219      E2EDB4D8 
 219      BA69AC
 220 0403 C919C689 		.ascii	"\311\031\306\211Z_\225\255\257J\326\327\250u|E]\"\306"
 220      5A5F95AD 
 220      AF4AD6D7 
 220      A8757C45 
 220      5D22C6
 221 0416 6DCCDA58 		.ascii	"m\314\332X\335]\241\026\033O\313\335\272Oj\274M6o\223"
 221      DD5DA116 
 221      1B4FCBDD 
 221      BA4F6ABC 
 221      4D366F93 
 222 042a CC7FA6E6 		.ascii	"\314\177\246\346\275\247s^\331\342(5\213SjQ\202\203"
 222      BDA7735E 
 222      D9E22835 
 222      8B536A51 
 222      8283
 223 043c E47BC6BF 		.ascii	"\344{\306\277\232}o\227\315\333%\363\353\324\274\240"
 223      9A7D6F97 
 223      CDDB25F3 
 223      EBD4BCA0 
 224 044c EEC58433 		.ascii	"\356\305\2043\316d\346\305\255w\213\355E\337\237\313"
 224      CE64E6C5 
 224      AD778BED 
ARM GAS  /tmp/ccSs8wEo.s 			page 17


 224      45DF9FCB 
 225 045c BE77C8D6 		.ascii	"\276w\310\326\035\222\365\015j\375\240\244\247^\300"
 225      1D92F50D 
 225      6AFDA0A4 
 225      A75EC0
 226 046b 25CCFA42 		.ascii	"%\314\372BNf\252 \215{g\250y\334;e\363N\311\374&5\317"
 226      4E66AA20 
 226      8D7B67A8 
 226      79DC3B65 
 226      F34EC9FC 
 227 0482 ECB85720 		.ascii	"\354\270W \340\032f\036\373\244\260S\240q'\033\016\213"
 227      E01A661E 
 227      FBA4B053 
 227      A071271B 
 227      0E8B
 228 0494 FB404F4D 		.ascii	"\373@OM\227\233\271\254\013\321\302\003i\373'\354\336"
 228      979BB9AC 
 228      0BD1C203 
 228      69FB27EC 
 228      DE
 229 04a5 3B19BAE9 		.ascii	";\031\272\351d\270-M\206\261\370\270&iD:\0067\037,5"
 229      64B82D4D 
 229      86B1F8B8 
 229      2669443A 
 229      06371F2C 
 230 04ba C638100C 		.ascii	"\3068\020\014\272%{uK\362\252\207z5v\273\243\337\371"
 230      BA257B75 
 230      4BF2AA87 
 230      7A3576BB 
 230      A3DFF9
 231 04cd A329752E 		.ascii	"\243)u.\034P\260\261\023\226\262\311\3355.8\326\206"
 231      1C50B0B1 
 231      1396B2C9 
 231      DD352E38 
 231      D686
 232 04df 3A7AA875 		.ascii	":z\250u<\315\021\357gJe\372\270\321\346\223\002c[\036"
 232      3CCD11EF 
 232      674A65FA 
 232      B8D1E693 
 232      02635B1E 
 233 04f3 59A891A7 		.ascii	"Y\250\221\247\243L\306\370/\351yp\027\032\200\025\311"
 233      A34CC6F8 
 233      2FE97970 
 233      171A8015 
 233      C9
 234 0504 1D2377A0 		.ascii	"\035#w\240\244\027}\244B}\350\023rDUU\366\273Y,\011"
 234      A4177DA4 
 234      427DE813 
 234      72445555 
 234      F6BB592C 
 235 0519 325A724F 		.ascii	"2ZrO\372\305c\244\237\036#o\036\3748\344l\201\256\261"
 235      FAC563A4 
 235      9F1E236F 
 235      1EFC38E4 
 235      6C81AEB1 
 236 052d 40DF83C5 		.ascii	"@\337\203\305\"\366\347\0365\250\350\337\177\321\201"
 236      22F6E71E 
ARM GAS  /tmp/ccSs8wEo.s 			page 18


 236      35A8E8DF 
 236      7FD181
 237 053c 1DDFB788 		.ascii	"\035\337\267\210\247\025\303'*\\\330\371m\"\372\365"
 237      A715C327 
 237      2A5CD8F9 
 237      6D22FAF5 
 238 054c C14331CE 		.ascii	"\301C1\316\254\276\215\350u\235\227G\3258\207u\253\255"
 238      ACBE8DE8 
 238      759D9747 
 238      D5388775 
 238      ABAD
 239 055e 28AE0D93 		.ascii	"(\256\015\223\3433\372\327m\362`\322\322\362\246\325"
 239      E333FAD7 
 239      6DF260D2 
 239      D2F2A6D5 
 240 056e 0617327B 		.ascii	"\006\0272{)Yp\027\223\205}\347\352\252\234p\021\253"
 240      29597017 
 240      93857DE7 
 240      EAAA9C70 
 240      11AB
 241 0580 BC9F70AF 		.ascii	"\274\237p\257\316\026\0273Er\313]t+\267{\242\011\341"
 241      CE161733 
 241      4572CB5D 
 241      742BB77B 
 241      A209E1
 242 0593 12565955 		.ascii	"\022VYUq\276AL`\226\222\343p\264%\333\211\251\263@-"
 242      71BE414C 
 242      609692E3 
 242      70B425DB 
 242      89A9B340 
 243 05a8 1FBCD2E0 		.ascii	"\037\274\322\340\310zdD\240W\267\367|\211\313\230e\355"
 243      C87A6444 
 243      A057B7F7 
 243      7C89CB98 
 243      65ED
 244 05ba 584991D8 		.ascii	"XI\221\330;\014\352\310d~\274\375\373S\237q)\365\031"
 244      3B0CEAC8 
 244      647EBCFD 
 244      FB539F71 
 244      29F519
 245 05cd 637D89CD 		.ascii	"c}\211\315\276{\332F\316\007\"\351\364\033\005\370\010"
 245      BE7BDA46 
 245      CE0722E9 
 245      F41B05F8 
 245      08
 246 05de 853FA7F9 		.ascii	"\205?\247\371\300\270\224\017\334y\233U\217y\364\320"
 246      C0B8940F 
 246      DC799B55 
 246      8F79F4D0 
 247 05ee 87D0A70A 		.ascii	"\207\320\247\012\016\037p\304g\231\233\231\343\275\217"
 247      0E1F70C4 
 247      67999B99 
 247      E3BD8F
 248 05fd C4202D02 		.ascii	"\304 -\002\365\310\213\252h{\\\315\352R/d\267\332\341"
 248      F5C88BAA 
 248      687B5CCD 
 248      EA522F64 
ARM GAS  /tmp/ccSs8wEo.s 			page 19


 248      B7DAE1
 249 0610 1AA64899 		.ascii	"\032\246H\231\235;\313\354\242n\256\304\365\254\346"
 249      9D3BCBEC 
 249      A26EAEC4 
 249      F5ACE6
 250 061f 62724A2F 		.ascii	"brJ/\302W\2302\034\363\240O\034\241\271\240\356o~\274"
 250      C2579832 
 250      1CF3A04F 
 250      1CA1B9A0 
 250      EE6F7EBC 
 251 0633 105F6555 		.ascii	"\020_eU\357\032\353\026\342\016\366\336P~\264\010\341"
 251      EF1AEB16 
 251      E20EF6DE 
 251      507EB408 
 251      E1
 252 0644 DB4C19CB 		.ascii	"\333L\031\313hx\354\210\3570%\257=\253\322\036\3673"
 252      6878EC88 
 252      EF3025AF 
 252      3DABD21E 
 252      F733
 253 0656 E5C8CBB4 		.ascii	"\345\310\313\264#\316x\220)\035go\3049\341\307L\211"
 253      23CE7890 
 253      291D676F 
 253      C439E1C7 
 253      4C89
 254 0668 FBE9A774 		.ascii	"\373\351\247t'<\302\224\250\252\256d7\326h\037]\265"
 254      273CC294 
 254      A8AAAE64 
 254      37D6681F 
 254      5DB5
 255 067a 8707F21C 		.ascii	"\207\007\362\034\304\270\330\202\236\320\3362\211\360"
 255      C4B8D882 
 255      9ED0DE32 
 255      89F0
 256 0688 38039765 		.ascii	"8\003\227ew\3468\275?\022\361\202\030\211\2454\020\231"
 256      77E638BD 
 256      3F12F182 
 256      1889A534 
 256      1099
 257 069a 5DEF4ADC 		.ascii	"]\357J\334\304\2415I\201\030@,GU\241\004\301]\262!\350"
 257      C4A13549 
 257      8118402C 
 257      4755A104 
 257      C15DB221 
 258 06af D2D4C30D 		.ascii	"\322\324\303\015\366<z\350\003\350\3374\336\0358\345"
 258      F63C7AE8 
 258      03E8DF34 
 258      DE1D38E5 
 259 06bf 8016283E 		.ascii	"\200\026(>\213\026,\230\275`A\2761&\332\330\367l\344"
 259      8B162C98 
 259      BD6041BE 
 259      3126DAD8 
 259      F76CE4
 260 06d2 DF87C706 		.ascii	"\337\207\307\006\214\306\024g\3124\010\3537W\230-\257"
 260      8CC61467 
 260      CA3408EB 
 260      3757982D 
ARM GAS  /tmp/ccSs8wEo.s 			page 20


 260      AF
 261 06e3 840794F6 		.ascii	"\204\007\224\366(\371VQ\013Si\267\2631\311\237\242\337"
 261      28F95651 
 261      0B5369B7 
 261      B331C99F 
 261      A2DF
 262 06f5 29D15333 		.ascii	")\321S3\320\3512:ZP\240\231\313\0362\370\214\014~\253"
 262      D0E9323A 
 262      5A50A099 
 262      CB1E32F8 
 262      8C0C7EAB 
 263 0709 A47EAD04 		.ascii	"\244~\255\004\267\311\340\247J\360\223\031~\234\227"
 263      B7C9E0A7 
 263      4AF09319 
 263      7E9C97
 264 0718 D12F94E8 		.ascii	"\321/\224\350a%u\206\014\216\262\3564O\335!\243\177"
 264      61257586 
 264      0C8EB2EE 
 264      344FDD21 
 264      A37F
 265 072a 51523FB2 		.ascii	"QR?\262D\3570\232n\377\013\001\357\026\334Q\234H-E\017"
 265      44EF309A 
 265      6EFF0B01 
 265      EF16DC51 
 265      9C482D45 
 266 073f DD57FAB1 		.ascii	"\335W\372\261Of\336\251\364C\243\300\266\313\330\307"
 266      4F66DEA9 
 266      F443A3C0 
 266      B6CBD8C7 
 267 074f D6BDE0C0 		.ascii	"\326\275\340\300\2252\370\225\022<\251\004\227\310\340"
 267      9532F895 
 267      123CA904 
 267      97C8E0
 268 075e 69EB01E7 		.ascii	"i\353\001\347\300\2352\370\241\365\271\344!\217\305"
 268      C09D32F8 
 268      A1F5B9E4 
 268      218FC5
 269 076d 053A1613 		.ascii	"\005:\026\023p\222<\023\261\322\226\"\306\204\037\346"
 269      70923C13 
 269      B1D29622 
 269      C6841FE6 
 270 077d 2C997987 		.ascii	",\231y\207r0Fdf\232\330\233R\001\014g\033\200T\342\221"
 270      72304664 
 270      669AD89B 
 270      52010C67 
 270      1B8054E2 
 271 0792 A1321355 		.ascii	"\2412\023Uu\317#I\"\246T/\255w\237o\270\\n\370\215\365"
 271      75CF2349 
 271      22A6542F 
 271      AD779F6F 
 271      B85C6EF8 
 272 07a8 59C9D0C9 		.ascii	"Y\311\320\311\342\356hD\221*\024+\314C\273\004RI\360"
 272      E2EE6844 
 272      912A142B 
 272      CC43BB04 
 272      5249F0
 273 07bb E002CA12 		.ascii	"\340\002\312\022\026\241\375\302\002t\010d/H\012H&H"
ARM GAS  /tmp/ccSs8wEo.s 			page 21


 273      16A1FDC2 
 273      02740864 
 273      2F480A48 
 273      2648
 274 07cd 1E483A   		.ascii	"\036H:"
 275 07d0 4822C80F 		.ascii	"H\"\310\017 9 \007@\262A\222A2@\222@\322@RA\016\202"
 275      20392007 
 275      40B24192 
 275      41324092 
 275      40D24052 
 276 07e7 EC01D927 		.ascii	"\354\001\331',\340:\225#;i\264>:|\227\322dt\214\325"
 276      2CE03A95 
 276      233B69B4 
 276      3E3A7C97 
 276      D264748C 
 277 07fc 89C5C024 		.ascii	"\211\305\300$\367j\351<\352\212\217\333\322\313SG\364"
 277      F76AE93C 
 277      EA8A8FDB 
 277      D2CB5347 
 277      F4
 278 080d C96308CD 		.ascii	"\311c\010\315^d\265\247\250\020:\370\177\335Y\026\335"
 278      5E64B5A7 
 278      A8103AF8 
 278      7FDD5916 
 278      DD
 279 081e DE6E44A2 		.ascii	"\336nD\242[\000\215\345\013\346\034\207\004\233\372"
 279      5B008DE5 
 279      0BE61C87 
 279      049BFA
 280 082d 6CDC79F0 		.ascii	"l\334y\360\246e\"^\300uP\205\016\013,\353\200'\240\353"
 280      A665225E 
 280      C0755085 
 280      0E0B2CEB 
 280      8027A0EB 
 281 0841 A7274DE2 		.ascii	"\247'M\342\326.p\007\360\034v\000\337\232\274;\351\""
 281      D62E7007 
 281      F01C7600 
 281      DF9ABC3B 
 281      E922
 282 0853 EFB7EC4A 		.ascii	"\357\267\354J^\004]>B\203{\224\333o\211B\216\2067'\317"
 282      5E045D3E 
 282      42837B94 
 282      DB6F8942 
 282      8E863727 
 283 0868 89C71839 		.ascii	"\211\307\0309\031F\356O\336\373\300\261|\\:\014\216"
 283      1946EE4F 
 283      DEFBC0B1 
 283      7C5C3A0C 
 283      8E
 284 0879 09F43478 		.ascii	"\011\3644x\236\260sR\314*\354@=:\230\265\327\231y\363"
 284      9EB07352 
 284      CC2AEC40 
 284      3D3A98B5 
 284      D79979F3 
 285 088d 077249C8 		.ascii	"\007rI\310K\033q\232\361\003\001xs\202zs\222zs\234y"
 285      4B1B719A 
 285      F1030178 
ARM GAS  /tmp/ccSs8wEo.s 			page 22


 285      73827A73 
 285      927A739C 
 286 08a2 73927A33 		.ascii	"s\222z3Td\234t\305\3454~h\"\353\332\004I\275Mp\345:"
 286      54649C74 
 286      C5E5347E 
 286      6822EBDA 
 286      0449BD4D 
 287 08b9 FDC2272E 		.ascii	"\375\302'.\272y\2171/\312\370%\313\240O\311C\011\257"
 287      BA798F31 
 287      2FCAF825 
 287      CBA04FC9 
 287      4309AF
 288 08cc F265E947 		.ascii	"\362e\351G\201\244\214\243/\232\2231~\310\210*;\036"
 288      81A48CA3 
 288      2F9A9331 
 288      7EC8882A 
 288      3B1E
 289 08de 96B88844 		.ascii	"\226\270\210Di\271\372\264hc#x\264\200\322\224\3104"
 289      69B9FAB4 
 289      68632378 
 289      B480D294 
 289      C834
 290 08f0 253CCD4F 		.ascii	"%<\315O\224\246\356E\347I;\374\212\321t'T^\303\"M\322"
 290      94A6EE45 
 290      E7493BFC 
 290      8AD17427 
 290      545EC322 
 291 0906 F5FF3AC8 		.ascii	"\365\377:\310\256\200\265\354\012X*\363\224\362<\247"
 291      AE80B5EC 
 291      0A582AF3 
 291      94F23CA7 
 292 0916 29CF91C9 		.ascii	")\317\221\311\227\273]\361\036;\312Sw\264\267\322\215"
 292      97BB5DF1 
 292      1E3BCA53 
 292      77B4B7D2 
 292      8D
 293 0927 F1983A36 		.ascii	"\361\230:6\262\033\340!v\003<#\263\234\341Y\312(\313"
 293      B21BE021 
 293      76033C23 
 293      B39CE159 
 293      CA28CB
 294 093a CDC1DA0D 		.ascii	"\315\301\332\0158\215\221\034?\231S\342\212\013\231"
 294      388D911C 
 294      3F9953E2 
 294      8A0B99
 295 0949 B2BBB62E 		.ascii	"\262\273\266.\313\026\262rTA\215\336\223\273wu\346/"
 295      CB16B272 
 295      54418DDE 
 295      93BB7775 
 295      E62F
 296 095b 7B6F967E 		.ascii	"{o\226~N Y\372YA\314\322\207R\352\006\221\330\327\033"
 296      4E2059FA 
 296      5941CCD2 
 296      8752EA06 
 296      91D8D71B 
 297 096f 6F36378E 		.ascii	"o67\216=\200C\327h\214As\010\022\225K~\242JAM4\331\325"
 297      3D8043D7 
ARM GAS  /tmp/ccSs8wEo.s 			page 23


 297      688C4173 
 297      0812954B 
 297      7EA24A41 
 298 0987 2AEAEACB 		.ascii	"*\352\352\313\211\232\032{|\237\271W\236\322\021\357"
 298      899A1A7B 
 298      7C9FB957 
 298      9ED211EF 
 299 0997 600EE4B6 		.ascii	"`\016\344\266t\313@\236\227\373|\236'\252\246D\371\267"
 299      74CB409E 
 299      97FB7C9E 
 299      27AAA644 
 299      F9B7
 300 09a9 BA4A6DF1 		.ascii	"\272Jm\361\2448r\265\311u\"\221\251r\275\305\310]\220"
 300      A43872B5 
 300      C9752291 
 300      A972BDC5 
 300      C85D90
 301 09bc 592EF02C 		.ascii	"Y.\360,\027)\313\276\303\227\343\325x\217=\273\371^"
 301      1729CBBE 
 301      C397E3D5 
 301      788F3DBB 
 301      F95E
 302 09ce 1B99B031 		.ascii	"\033\231\2601O\207-\026\323\301$\323\230x\232\032Js"
 302      4F872D16 
 302      D3C124D3 
 302      98789A1A 
 302      4A73
 303 09e0 65E064AD 		.ascii	"e\340d\255+\316e4\303;/\274s\223\246C\352\252\014\213"
 303      2BCE6534 
 303      C33B2FBC 
 303      7393A643 
 303      EAAA0C8B 
 304 09f4 E9502BF3 		.ascii	"\351P+\363\324\362<u\224\247/w(\325\005\237a<\005\315"
 304      D4F23C75 
 304      94A72F77 
 304      28D5059F 
 304      613C05CD 
 305 0a08 4D6BC53E 		.ascii	"Mk\305>\235\331d\321\247K2\311%\236\244\236\222\024"
 305      9DD964D1 
 305      A74B32C9 
 305      259EA49E 
 305      9214
 306 0a1a B75EEE11 		.ascii	"\267^\356\021\327^\034I\266\363\322\033\341\37071R)"
 306      D75E1C49 
 306      B6F3D21B 
 306      E1F83731 
 306      5229
 307 0a2c 13771733 		.ascii	"\023w\0273\361\302\312>\310Q\232Y\245\251a\017\344 "
 307      F1C2CA3E 
 307      C8519A59 
 307      A5A9610F 
 307      E420
 308 0a3e 9D4C89EB 		.ascii	"\235L\211\353\217\275.\"_\022}\272v\362\226\013\356"
 308      8FBD2E22 
 308      5F127DBA 
 308      76F2960B 
 308      EE
ARM GAS  /tmp/ccSs8wEo.s 			page 24


 309 0a4f 6195D38F 		.ascii	"a\225\323\217\272\012\304lx\224\336\364\316\336\033"
 309      BA0AC46C 
 309      7894DEF4 
 309      CEDE1B
 310 0a5e 75C583AC 		.ascii	"u\305\203\2542\271nb\334\011\377\302\224\236\374}\207"
 310      32B96E62 
 310      DC09FFC2 
 310      949EFC7D 
 310      87
 311 0a6f D50CF990 		.ascii	"\325\014\371\220\350\331o\337\306\250\361\010\253l\217"
 311      E8D96FDF 
 311      C6A8F108 
 311      AB6C8F
 312 0a7e 4A2DB4C5 		.ascii	"J-\264\305\257\230\362f\270h\324\026G;\260\210\216g"
 312      AF98F266 
 312      B868D416 
 312      473BB088 
 312      8E67
 313 0a90 3D73C689 		.ascii	"=s\306\211L\331Y\330\261\307\016\037`\312xwb\2033>\304"
 313      4CD959D8 
 313      B1C70E1F 
 313      60CA7877 
 313      6283333E 
 314 0aa5 944B8DF7 		.ascii	"\224K\215\367\257\333\343\023L\331\361\260$\026\343"
 314      AFDBE313 
 314      4CD9F1B0 
 314      2416E3
 315 0ab4 32A63C6B 		.ascii	"2\246<k\253Kp\300\027\231\322\032\237\262_\300\227\231"
 315      AB4B70C0 
 315      1799D21A 
 315      9FB25FC0 
 315      9799
 316 0ac6 226D46EE 		.ascii	"\"mF\356l3\232\316\034\315v\306\327X\335\371\202\235"
 316      6C339ACE 
 316      1CCD76C6 
 316      D758DDF9 
 316      829D
 317 0ad8 C7EC7117 		.ascii	"\307\354q\027Sb\256&\3668\343~\246\234z\030k\262\303"
 317      5362AE26 
 317      F638E37E 
 317      A69C7A18 
 317      6BB2C3
 318 0aeb 8F4458EB 		.ascii	"\217DX\353\253bW\374LT\272\3134\370\015{?\364\360l\252"
 318      AB6257FC 
 318      4C54BACB 
 318      34F80D7B 
 318      3FF4F06C 
 319 0b00 1B8E61BF 		.ascii	"\033\216a\277\026\366\367\016%\270\342D\246\354\272"
 319      16F6F70E 
 319      25B8E244 
 319      A6ECBA
 320 0b0f B8BFDA01 		.ascii	"\270\277\332\001\037`\312\245>\270a\346\261\367\307"
 320      1F60CAA5 
 320      3EB861E6 
 320      B1F7C7
 321 0b1e 09A62E01 		.ascii	"\011\246.\001\037c\312\261\263\211\3756\270\224)\367"
 321      1F63CAB1 
ARM GAS  /tmp/ccSs8wEo.s 			page 25


 321      B389FD36 
 321      B89429F7 
 322 0b2e 2B625EA8 		.ascii	"+b^\250q9SN\274\315is\300U\342\357\220\347\372\036\270"
 322      7139534E 
 322      BCCD6973 
 322      C055E2EF 
 322      90E7FA1E 
 323 0b43 E23AA68C 		.ascii	"\342:\246\214_::.\356\374I$\244Mq\231K\305\234\236\374"
 323      5F3A3A2E 
 323      EEFC4924 
 323      A44D7199 
 323      4BC59C9E 
 324 0b58 1A7CE47A 		.ascii	"\032|\344z\3063[\334@\261\037\217$\275\036v\233\221"
 324      C6335BDC 
 324      40B11F8F 
 324      24BD1E76 
 324      9B91
 325 0b6a 4993CF6C 		.ascii	"I\223\317l)\247\246\237|\372\273bu\371?\237+h2\032\363"
 325      29A7A69F 
 325      7CFABB62 
 325      75F93F9F 
 325      2B68321A 
 326 0b7f 6A1149C9 		.ascii	"j\021I\311Q\037\314\273(\314\245z3\222\254w\241rNr]"
 326      511FCCBB 
 326      28CCA57A 
 326      3392AC77 
 326      A1724E72 
 327 0b94 449B8F64 		.ascii	"D\233\217d\226Hp\350\013\034z@\211\266\310\311\310q"
 327      964870E8 
 327      0B1C7A40 
 327      89B6C8C9 
 327      C871
 328 0ba6 991EB683 		.ascii	"\231\036\266\203\242\211'-JO\232\225\334\031a2w\223"
 328      A289272D 
 328      4A4F9A95 
 328      DC196132 
 328      7793
 329 0bb8 92BB5150 		.ascii	"\222\273QPp\247p\334?+\271\333\224\334g8\277\037)\271"
 329      70A770DC 
 329      3F2BB9DB 
 329      94DC6738 
 329      BF1F29B9 
 330 0bcc 35CA2C65 		.ascii	"5\312,e\037\347\3115%\272U\311}\236\343~\240D\317L\201"
 330      1FE7C935 
 330      25BA55C9 
 330      7D9EE37E 
 330      A044CF4C 
 331 0be1 7238F2CB 		.ascii	"r8\362\313Jx\203\222\3746G~G\211\236\231\253\216r\360"
 331      4A788392 
 331      FC36477E 
 331      47899E99 
 331      AB8E72F0 
 332 0bf5 DB4AF813 		.ascii	"\333J\370\023\213\370D\301MFD\223\203\345\276\365hJ"
 332      8BF844C1 
 332      4D464493 
 332      83E5BEF5 
 332      684A
ARM GAS  /tmp/ccSs8wEo.s 			page 26


 333 0c07 E4047E87 		.ascii	"\344\004~\207\203\367(\341\335\202\322\227J\316\227"
 333      83F728E1 
 333      DD82D297 
 333      4ACE97
 334 0c16 21257CE6 		.ascii	"!%|\346m\346\026\007\277k\275\247\334\270\364p\350^"
 334      6DE61607 
 334      BF6BBDA7 
 334      DCB8F470 
 334      E85E
 335 0c28 EBBE70E8 		.ascii	"\353\276p\3504n\314\257Z\017(\357J\011\007\177j=D<\374"
 335      346ECCAF 
 335      5A0F28EF 
 335      4A09077F 
 335      6A3D443C 
 336 0c3d 25E74BA7 		.ascii	"%\347K\247\022\316\337c-\322\327'\220==\246\\\004Or"
 336      12CEDF63 
 336      2DD2D727 
 336      903D3DA6 
 336      5C044F72 
 337 0c51 D738BC08 		.ascii	"\3278\274\010\355\301\013\320s\310;w\302\363-<c\341"
 337      EDC10BD0 
 337      73C83B77 
 337      C2F32D3C 
 337      63E1
 338 0c63 F9029EA3 		.ascii	"\371\002\236\243 \257A\242A\217\001\031\206\367)\220"
 338      20AF41A2 
 338      418F0119 
 338      86F72990 
 339 0c73 9720EF40 		.ascii	"\227 \357@\336\200\274\002\331\005u?\200$\200\354\000"
 339      DE80BC02 
 339      D905753F 
 339      802480EC 
 339      00
 340 0c84 49048907 		.ascii	"I\004\211\007\031\201\272\335\360\034\207\347\004\310"
 340      1981BADD 
 340      F01C87E7 
 340      04C8
 341 0c92 34C83390 		.ascii	"4\3103\2201\222'C\371$<\215\230O\354\333\271^\335S\366"
 341      31922743 
 341      F9243C8D 
 341      984FECDB 
 341      B95EDD53 
 342 0ca7 6AC6A5B8 		.ascii	"j\306\245\270\203C\367[G[\\m8\370C\353s\203#\037\343"
 342      8343F75B 
 342      475B5C6D 
 342      38F843EB 
 342      7383231F 
 343 0cbc D05DD667 		.ascii	"\320]\326g5O~\216\203\017Z_\220\334\215-w\330g\007D"
 343      354F7E8E 
 343      830F5A5F 
 343      90DC8D2D 
 343      77D86707 
 344 0cd1 84A02CAF 		.ascii	"\204\240,\257ld\312O\015\373\244@R\261\224\316\371\016"
 344      6C64CA4F 
 344      0DFBA440 
 344      52B194CE 
 344      F90E
ARM GAS  /tmp/ccSs8wEo.s 			page 27


 345 0ce3 25D7FD19 		.ascii	"%\327\375\031M\277\340\232\276i}*p\375J\342\346Y\273"
 345      4DBFE09A 
 345      BE697D2A 
 345      70FD4AE2 
 345      E659BB
 346 0cf6 F5BDD7E2 		.ascii	"\365\275\327\342\007\020\216\374\027\253\233\030\307"
 346      07108EFC 
 346      17AB9B18 
 346      C7
 347 0d03 FD9A03DF 		.ascii	"\375\232\003\337\260\3568\207\316\342<\271b}\3575\357"
 347      B0EE3887 
 347      CEE23CB9 
 347      627DEF35 
 347      EF
 348 0d14 04E407EC 		.ascii	"\004\344\007\354Py\363\275\245\334|\271K?I\375\213\213"
 348      5079F3BD 
 348      A5DC7CB9 
 348      4B3F49FD 
 348      8B8B
 349 0d26 7B9DF02E 		.ascii	"{\235\360.'z\217{~\352|\267\263\362\036'-\004\224\002"
 349      277A8F7B 
 349      7EEA7CB7 
 349      B3F21E27 
 349      2D049402 
 350 0d3a F3FFFFDB 		.ascii	"\363\377\377\333Z`s\244ld.\271\367%\203sI\330\234\311"
 350      5A6073A4 
 350      6C642EB9 
 350      F7258373 
 350      49D89CC9 
 351 0d4e 911943FB 		.ascii	"\221\031C\373\270w\240\317\323\342\332\227\214\371k"
 351      B877A0CF 
 351      D3E2DA97 
 351      8CF96B
 352 0d5d 5F2A66D7 		.ascii	"_*f\327>x\002\370U\373\336\23568\305\211%M\275%%\366"
 352      3E7802F8 
 352      55FBDE9D 
 352      3638C589 
 352      254DBD25 
 353 0d73 F82053A6 		.ascii	"\370 S\246\006.\3669\340<\252\330\216&\024\266#D\017"
 353      062EF639 
 353      E03CAAD8 
 353      8E2614B6 
 353      23440F
 354 0d86 F8D92C46 		.ascii	"\370\331,F\275\235s\344 \355\0077\262>\024\377\321N"
 354      BD9D73E4 
 354      20ED0737 
 354      B23E14FF 
 354      D14E
 355 0d98 F34D7B9F 		.ascii	"\363M{\237\022;s\201\311\3404\353`\026}6\032]\235\364"
 355      123B7381 
 355      C9E034EB 
 355      60167D36 
 355      1A5D9DF4 
 356 0dac 378E2CE5 		.ascii	"7\216,\345\202!Lwy'\311$\235\351\244\225\275P\376A7"
 356      82214C77 
 356      7927C924 
 356      9DE9A495 
ARM GAS  /tmp/ccSs8wEo.s 			page 28


 356      BD50FE41 
 357 0dc1 4B8C7F06 		.ascii	"K\214\177\006\304\377\000\304\"\023$\035\344\240\030"
 357      C4FF00C4 
 357      2213241D 
 357      E4A018
 358 0dd0 0F18A6F4 		.ascii	"\017\030\246\364\201\251>\204\213\330\214Jy}\274\305"
 358      81A93E84 
 358      8BD88C4A 
 358      797DBCC5 
 359 0de0 1E2D9ACD 		.ascii	"\036-\232\315<\233H\243\367\363\\ \311\226\343\224E"
 359      3C9B48A3 
 359      F7F35C20 
 359      C996E394 
 359      45
 360 0df1 E364B541 		.ascii	"\343d\265A\224\003\355\374\2126\023\357t\225X\376[:"
 360      9403EDFC 
 360      8A3613EF 
 360      749558FE 
 360      5B3A
 361 0e03 D722C479 		.ascii	"\327\"\304yb\210\363h\210\373\022\237TX\376\367\241"
 361      6288F368 
 361      88FB129F 
 361      5458FEF7 
 361      A1
 362 0e14 DBE2FF09 		.ascii	"\333\342\377\011\207D4y\252\003\002\375\303\355\277"
 362      87443479 
 362      AA0302FD 
 362      C3EDBF
 363 0e23 FAFADBF9 		.ascii	"\372\372\333\371\332/\276P9\352\365[\202B#\227y\352"
 363      DA2FBE50 
 363      39EAF55B 
 363      82422397 
 363      79EA
 364 0e35 23BFD56C 		.ascii	"#\277\325l\211\010\327\254\017\012\325l\012\010X\354"
 364      8908D7AC 
 364      0F0AD56C 
 364      0A0858EC 
 365 0e45 1F1EB238 		.ascii	"\037\036\26284,\324\260\330\340\277>h\361\247\372\345"
 365      342CD4B0 
 365      D8E0BF3E 
 365      68F1A7FA 
 365      E5
 366 0e56 8B3D977A 		.ascii	"\213=\227z|\366\275\247\306\242B\023\024\032\020\274"
 366      7CF6BDA7 
 366      C6A24213 
 366      141A10BC 
 367 0e66 65834113 		.ascii	"e\203A\023\342\037\020\030\024j\320\3507\0306\372o\011"
 367      E21F1018 
 367      146AD0E8 
 367      371836FA 
 367      6F09
 368 0e78 8ED4476E 		.ascii	"\216\324Gn\337l\210X\022\250\262\227\350\377\361\177"
 368      DF6C8858 
 368      12A8B297 
 368      E8FFF17F 
 369 0e88 431FB13D 		.ascii	"C\037\261=B\243\217\210\334\000\\\204\363;C@dX\370\312"
 369      42A38F88 
ARM GAS  /tmp/ccSs8wEo.s 			page 29


 369      DC005C84 
 369      F33B4340 
 369      6458F8CA 
 370 0e9c A59EDAC0 		.ascii	"\245\236\332\300\240\365A\337\370i\302\"4\201\376\301"
 370      A0F541DF 
 370      F869C222 
 370      3481FEC1 
 371 0eac 9ACD61E1 		.ascii	"\232\315a\341\221\021\032\277uk\226yjV\257\366\322\254"
 371      91111ABF 
 371      756B9679 
 371      6A56AFF6 
 371      D2AC
 372 0ebe F35DB3D5 		.ascii	"\363]\263\325\203\324\200\255>8x\303\222\000\225\023"
 372      83D480AD 
 372      3E3878C3 
 372      92009513 
 373 0ece 7BD30785 		.ascii	"{\323\007\205\006E\272\353\211\201>(\374{\275asPp\330"
 373      0645BAEB 
 373      89813E28 
 373      FC7BBD61 
 373      735070D8 
 374 0ee2 A62D86BF 		.ascii	"\246-\206\277\345\030\003\302BB\302BE\322\025\2725\332"
 374      E51803C2 
 374      4242C242 
 374      45D215BA 
 374      35DA
 375 0ef4 35DB3401 		.ascii	"5\3334\001\201\001a\341\006\375\326\317C\300\217Y\372"
 375      810161E1 
 375      06FDD6CF 
 375      43C08F59 
 375      FA
 376 0f05 C870FF00 		.ascii	"\310p\377\000\203>(\"\\\037l\360\337j\230\317Y\207G"
 376      833E2822 
 376      5C1F6CF0 
 376      DF6A98CF 
 376      598747
 377 0f18 9ABD0F08 		.ascii	"\232\275\017\010\2448\260\230\243\337\260~\223> \320"
 377      A438B098 
 377      A3DFB07E 
 377      933E20D0 
 378 0f28 10F01FCC 		.ascii	"\020\360\037\314\202\330\276\327j\203a\375\226M`\365"
 378      82D8BED7 
 378      6A8361FD 
 378      964D60F5 
 379 0f38 5BCE6A4B 		.ascii	"[\316jKhp\030<6\206\207\205\020[\367\200@\277\355\021"
 379      6870183C 
 379      36868785 
 379      105BF780 
 379      40BFED11 
 380 0f4c EB82420C 		.ascii	"\353\202B\014\341>\376\241\033\202\015\341\276\277{"
 380      E13EFEA1 
 380      1B820DE1 
 380      BEBF7B
 381 0f5b 1F1D0C22 		.ascii	"\037\035\014\"\220\315\345]\340\251x\337\014\241\221"
 381      90CDE55D 
 381      E0A978DF 
 381      0CA191
ARM GAS  /tmp/ccSs8wEo.s 			page 30


 382 0f6a 867052C8 		.ascii	"\206pR\310w\221\026\316\012\335\032\024\340\035\352"
 382      779116CE 
 382      0ADD1A14 
 382      E01DEA
 383 0f79 BF3ED8C0 		.ascii	"\277>\330\300\242\360{\2531\020\307N\0345b\003M;HqS"
 383      A2F07BAB 
 383      3110C74E 
 383      1C356203 
 383      4D3B4871 
 384 0f8e B9E8F51B 		.ascii	"\271\350\365\033\267\204\006\350\365K\376\340\361\371"
 384      B78406E8 
 384      F54BFEE0 
 384      F1F9
 385 0f9c 67F69266 		.ascii	"g\366\222f"
 386 0fa0 A3D5AED1 		.ascii	"\243\325\256\321-\023\276\321\251\275\326\254\320a/"
 386      2D13BED1 
 386      A9BDD6AC 
 386      D0612F
 387 0faf AD4EBDD2 		.ascii	"\255N\275\322k\235\016k\265:\254\003Y\241\323\341\265"
 387      6B9D0E6B 
 387      B53AAC03 
 387      59A1D3E1 
 387      B5
 388 0fc0 7E5AACFD 		.ascii	"~Z\254\375z\235Z\253\365\326Q\274'\375\366\300\336_"
 388      7A9D5AAB 
 388      F5D651BC 
 388      27FDF6C0 
 388      DE5F
 389 0fd2 E9043FB0 		.ascii	"\351\004?\260\364\365\326\251\375\326\000Z\253\363\004"
 389      F4F5D6A9 
 389      FDD6005A 
 389      ABF304
 390 0fe1 F100E41F 		.ascii	"\361\000\344\037u\036\277j\246DD\206\220\251\032D\202"
 390      751EBF6A 
 390      A6444486 
 390      90A91A44 
 390      82
 391 0ff2 EB6456F4 		.ascii	"\353dV\364\221\356a\021\376\3010\316\253a"
 391      91EE6111 
 391      FEC130CE 
 391      AB61
 392 1000 BC56C170 		.ascii	"\274V\301p\371\372\351~\247 $\0102\334\344I\246\006"
 392      F9FAE97E 
 392      A7202408 
 392      32DCE449 
 392      A606
 393 1012 8D0B8777 		.ascii	"\215\013\207w\247S\315b\300\035\314E0\034\021\206H\375"
 393      A753CD62 
 393      C01DCC45 
 393      301C1186 
 393      48FD
 394 1024 CA157EDE 		.ascii	"\312\025~\336ku\276.\376\301\377\351\277=\002\246h0"
 394      6B75BE2E 
 394      FEC1FFE9 
 394      BF3D02A6 
 394      6830
 395 1036 2CA9A533 		.ascii	",\251\2453g\244a[\244F\273\306\317\327O\016nHDP\204"
ARM GAS  /tmp/ccSs8wEo.s 			page 31


 395      67A4615B 
 395      A446BBC6 
 395      CFD74F0E 
 395      6E484450 
 396 104b 1E161634 		.ascii	"\036\026\0264=\233\270\360\215\345\234\230#v\340[:{"
 396      3D9BB8F0 
 396      8DE59C98 
 396      2376E05B 
 396      3A7B
 397 105d 2497A88F 		.ascii	"$\227\250\217\026Es\250K\2129\346\304\025:\256]\275"
 397      164573A8 
 397      4B8A39E6 
 397      C4153AAE 
 397      5DBD
 398 106f DA6F85AF 		.ascii	"\332o\205\257v\325W:\362\352\353\351G^m\374\374\264"
 398      76D5573A 
 398      F2EAEBE9 
 398      475E6DFC 
 398      FCB4
 399 1081 5FE91C74 		.ascii	"_\351\034t\336~\336\272\357\274\275>\303Z?\0229\255"
 399      DE7EDEBA 
 399      EFBCBD3E 
 399      C35A3F12 
 399      39AD
 400 1093 5CF4A9C3 		.ascii	"\\\364\251\303\212\265+=W\257\365\376ZG\336<\330\233"
 400      8AB52B3D 
 400      57AFF5FE 
 400      5A47DE3C 
 400      D89B
 401 10a5 54BBDC61 		.ascii	"T\273\334a\205\317\312eb\255\217\031\347\243\304-\263"
 401      85CFCA65 
 401      62AD8F19 
 401      E7A3C42D 
 401      B3
 402 10b6 232C5042 		.ascii	"#,PB\236\036|\215\247\035a\2405>\"\302\307\022\341a"
 402      9E1E7C8D 
 402      A71D61A0 
 402      353E22C2 
 402      C712E161 
 403 10ca 4F6C757E 		.ascii	"Olu~\353t\344\305\203\274\230\353\226\332\023kV\347"
 403      EB74E4C5 
 403      83BC98EB 
 403      96DA136B 
 403      56E7
 404 10dc 23817C18 		.ascii	"#\201|\030\010k}uj\322I;\350/y\012Z\235\235\227\366"
 404      086B7D75 
 404      6AD2493B 
 404      E82F790A 
 404      5A9D9D97 
 405 10f1 9FC8EBE7 		.ascii	"\237\310\353\347\037\212\215\337:6\277V-\337\266\215"
 405      1F8A8DDF 
 405      3A36BF56 
 405      2DDFB68D 
 406 1101 CDAC8DCB 		.ascii	"\315\254\215\313=\277\330\266\215\314-\235V\253_\007"
 406      3DBFD8B6 
 406      8DCC2D9D 
 406      56AB5F07 
ARM GAS  /tmp/ccSs8wEo.s 			page 32


 407 1111 3BA49761 		.ascii	";\244\227a\243-\361f\325\237l}\275\264\337xy\023\315"
 407      A32DF166 
 407      D59F6C7D 
 407      BDB4DF78 
 407      7913CD
 408 1124 73D59F5C 		.ascii	"s\325\237\\\275V~\265F\373\255\204\371\037\3247nE"
 408      BD567EB5 
 408      46FBAD84 
 408      F91FD437 
 408      6E45
 409              		.text
 410              		.section	.gnu.lto_.symtab.654426b068a305de,"",%progbits
 411 0000 56656374 		.ascii	"VectorB0\000"
 411      6F724230 
 411      00
 412 0009 00       		.ascii	"\000"
 413 000a 00       		.ascii	"\000"
 414 000b 00       		.ascii	"\000"
 415 000c 00000000 		.ascii	"\000\000\000\000\000\000\000\000"
 415      00000000 
 416 0014 C2000000 		.ascii	"\302\000\000\000"
 417 0018 73745F6C 		.ascii	"st_lld_init\000"
 417      6C645F69 
 417      6E697400 
 418 0024 00       		.ascii	"\000"
 419 0025 00       		.ascii	"\000"
 420 0026 00       		.ascii	"\000"
 421 0027 00000000 		.ascii	"\000\000\000\000\000\000\000\000"
 421      00000000 
 422 002f C4000000 		.ascii	"\304\000\000\000"
 423 0033 5F706F72 		.ascii	"_port_irq_epilogue\000"
 423      745F6972 
 423      715F6570 
 423      696C6F67 
 423      756500
 424 0046 00       		.ascii	"\000"
 425 0047 02       		.ascii	"\002"
 426 0048 00       		.ascii	"\000"
 427 0049 00000000 		.ascii	"\000\000\000\000\000\000\000\000"
 427      00000000 
 428 0051 C6000000 		.ascii	"\306\000\000\000"
 429 0055 5F747261 		.ascii	"_trace_isr_leave\000"
 429      63655F69 
 429      73725F6C 
 429      65617665 
 429      00
 430 0066 00       		.ascii	"\000"
 431 0067 02       		.ascii	"\002"
 432 0068 00       		.ascii	"\000"
 433 0069 00000000 		.ascii	"\000\000\000\000\000\000\000\000"
 433      00000000 
 434 0071 CB000000 		.ascii	"\313\000\000\000"
 435 0075 5F646267 		.ascii	"_dbg_check_leave_isr\000"
 435      5F636865 
 435      636B5F6C 
 435      65617665 
 435      5F697372 
ARM GAS  /tmp/ccSs8wEo.s 			page 33


 436 008a 00       		.ascii	"\000"
 437 008b 02       		.ascii	"\002"
 438 008c 00       		.ascii	"\000"
 439 008d 00000000 		.ascii	"\000\000\000\000\000\000\000\000"
 439      00000000 
 440 0095 CD000000 		.ascii	"\315\000\000\000"
 441 0099 5F646267 		.ascii	"_dbg_check_unlock_from_isr\000"
 441      5F636865 
 441      636B5F75 
 441      6E6C6F63 
 441      6B5F6672 
 442 00b4 00       		.ascii	"\000"
 443 00b5 02       		.ascii	"\002"
 444 00b6 00       		.ascii	"\000"
 445 00b7 00000000 		.ascii	"\000\000\000\000\000\000\000\000"
 445      00000000 
 446 00bf CF000000 		.ascii	"\317\000\000\000"
 447 00c3 63685379 		.ascii	"chSysTimerHandlerI\000"
 447      7354696D 
 447      65724861 
 447      6E646C65 
 447      724900
 448 00d6 00       		.ascii	"\000"
 449 00d7 02       		.ascii	"\002"
 450 00d8 00       		.ascii	"\000"
 451 00d9 00000000 		.ascii	"\000\000\000\000\000\000\000\000"
 451      00000000 
 452 00e1 D1000000 		.ascii	"\321\000\000\000"
 453 00e5 5F646267 		.ascii	"_dbg_check_lock_from_isr\000"
 453      5F636865 
 453      636B5F6C 
 453      6F636B5F 
 453      66726F6D 
 454 00fe 00       		.ascii	"\000"
 455 00ff 02       		.ascii	"\002"
 456 0100 00       		.ascii	"\000"
 457 0101 00000000 		.ascii	"\000\000\000\000\000\000\000\000"
 457      00000000 
 458 0109 D3000000 		.ascii	"\323\000\000\000"
 459 010d 5F646267 		.ascii	"_dbg_check_enter_isr\000"
 459      5F636865 
 459      636B5F65 
 459      6E746572 
 459      5F697372 
 460 0122 00       		.ascii	"\000"
 461 0123 02       		.ascii	"\002"
 462 0124 00       		.ascii	"\000"
 463 0125 00000000 		.ascii	"\000\000\000\000\000\000\000\000"
 463      00000000 
 464 012d D5000000 		.ascii	"\325\000\000\000"
 465 0131 5F747261 		.ascii	"_trace_isr_enter\000"
 465      63655F69 
 465      73725F65 
 465      6E746572 
 465      00
 466 0142 00       		.ascii	"\000"
 467 0143 02       		.ascii	"\002"
ARM GAS  /tmp/ccSs8wEo.s 			page 34


 468 0144 00       		.ascii	"\000"
 469 0145 00000000 		.ascii	"\000\000\000\000\000\000\000\000"
 469      00000000 
 470 014d D7000000 		.ascii	"\327\000\000\000"
 471 0151 6E766963 		.ascii	"nvicEnableVector\000"
 471      456E6162 
 471      6C655665 
 471      63746F72 
 471      00
 472 0162 00       		.ascii	"\000"
 473 0163 02       		.ascii	"\002"
 474 0164 00       		.ascii	"\000"
 475 0165 00000000 		.ascii	"\000\000\000\000\000\000\000\000"
 475      00000000 
 476 016d DC000000 		.ascii	"\334\000\000\000"
 477              		.text
 478              		.section	.gnu.lto_.opts,"",%progbits
 479 0000 272D6666 		.ascii	"'-ffp-contract=off' '-fmath-errno' '-fsigned-zeros'"
 479      702D636F 
 479      6E747261 
 479      63743D6F 
 479      66662720 
 480 0033 20272D66 		.ascii	" '-ftrapping-math' '-fno-trapv' '-fno-openmp' '-fno"
 480      74726170 
 480      70696E67 
 480      2D6D6174 
 480      68272027 
 481 0066 2D6F7065 		.ascii	"-openacc' '-mcpu=cortex-m4' '-mno-thumb-interwork' "
 481      6E616363 
 481      2720272D 
 481      6D637075 
 481      3D636F72 
 482 0099 272D6D74 		.ascii	"'-mthumb' '-ggdb' '-O2' '-fomit-frame-pointer' '-fa"
 482      68756D62 
 482      2720272D 
 482      67676462 
 482      2720272D 
 483 00cc 6C69676E 		.ascii	"lign-functions=16' '-ffunction-sections' '-fdata-se"
 483      2D66756E 
 483      6374696F 
 483      6E733D31 
 483      36272027 
 484 00ff 6374696F 		.ascii	"ctions' '-fno-common' '-flto'\000"
 484      6E732720 
 484      272D666E 
 484      6F2D636F 
 484      6D6D6F6E 
 485              		.text
 486              		.comm	__gnu_lto_v1,1,1
 487              		.comm	__gnu_lto_slim,1,1
 488              		.ident	"GCC: (GNU Tools for ARM Embedded Processors) 5.4.1 20160609 (release) [ARM/embedded-5-bran
ARM GAS  /tmp/ccSs8wEo.s 			page 35


DEFINED SYMBOLS
                            *ABS*:00000000 hal_st_lld.c
                            *COM*:00000001 __gnu_lto_v1
                            *COM*:00000001 __gnu_lto_slim

NO UNDEFINED SYMBOLS
