ARM GAS  /tmp/ccgZamOD.s 			page 1


   1              		.syntax unified
   2              		.cpu cortex-m4
   3              		.fpu softvfp
   4              		.eabi_attribute 20, 1
   5              		.eabi_attribute 21, 1
   6              		.eabi_attribute 23, 3
   7              		.eabi_attribute 24, 1
   8              		.eabi_attribute 25, 1
   9              		.eabi_attribute 26, 1
  10              		.eabi_attribute 30, 2
  11              		.eabi_attribute 34, 1
  12              		.eabi_attribute 18, 4
  13              		.thumb
  14              		.syntax unified
  15              		.file	"hal_pal_lld.c"
  16              		.text
  17              	.Ltext0:
  18              		.section	.gnu.lto_.profile.d9043c3f087f0b68,"",%progbits
  19 0000 789C6361 		.ascii	"x\234ca`d`c`\000\222\227\031/2\002\000\005\206\001\263"
  19      60646063 
  19      60009297 
  19      192F3202 
  19      00058601 
  20              		.text
  21              		.section	.gnu.lto_.icf.d9043c3f087f0b68,"",%progbits
  22 0000 789C6361 		.ascii	"x\234ca`d\000\001>\006\004`b\270wbR\003+c\317\317\243"
  22      60640001 
  22      3E060460 
  22      62B87762 
  22      52032B63 
  23 0017 7BF91800 		.ascii	"{\371\030\000-A\005\351"
  23      2D4105E9 
  24              		.text
  25              		.section	.gnu.lto_.jmpfuncs.d9043c3f087f0b68,"",%progbits
  26 0000 789C6361 		.ascii	"x\234ca`d\000\001\001\006\004`b`dd\254gd\006\222\354"
  26      60640001 
  26      01060460 
  26      62606464 
  26      AC676406 
  27 0016 F5F5F50C 		.ascii	"\365\365\365\014\000\015&\002%"
  27      000D2602 
  27      25
  28              		.text
  29              		.section	.gnu.lto_.inline.d9043c3f087f0b68,"",%progbits
  30 0000 789C6361 		.ascii	"x\234ca`d\000\201]\014\010\300\304\300\320\316\330\306"
  30      60640081 
  30      5D0C08C0 
  30      C4C0D0CE 
  30      D8C6
  31 0012 C8C8CEA0 		.ascii	"\310\310\316\240\300\310\300\254\000&\035\300d\002\230"
  31      C0C8C0AC 
  31      00261DC0 
  31      640298
  32 0021 6C600453 		.ascii	"l`\004S\013 \324\001\010\305 p\210\361\302kn\006\273"
  32      0B20D401 
  32      08C52070 
  32      88F1C26B 
ARM GAS  /tmp/ccgZamOD.s 			page 2


  32      6E06BB
  33 0034 07579899 		.ascii	"\007W\230\231\030\030_\260\263@H\020\301\001fr\200\010"
  33      18185FB0 
  33      B3404810 
  33      C1016672 
  33      8008
  34 0046 01305300 		.ascii	"\0010S\000D(\200\231\012 \302\001\314t\000\021\015\214"
  34      44288099 
  34      0A20C201 
  34      CC740011 
  34      0D8C
  35 0058 4C100A4C 		.ascii	"L\020\012L2A8L g12\234c\330\313\304\310\310\004\264"
  35      3241384C 
  35      20673132 
  35      9C63D8CB 
  35      C4C8C804 
  36 006d 8E81B9E8 		.ascii	"\216\201\271\350\302\037E\006\2119\027\201\226\011]"
  36      C21F4506 
  36      89391781 
  36      96095D
  37 007c E8616401 		.ascii	"\350ad\001\273\034\0005\305!F"
  37      BB1C0035 
  37      C52146
  38              		.text
  39              		.section	.gnu.lto_.pureconst.d9043c3f087f0b68,"",%progbits
  40 0000 789C6361 		.ascii	"x\234ca`d`e```b\220b\224\002\000\000\355\000B"
  40      60646065 
  40      60606062 
  40      90629402 
  40      0000ED00 
  41              		.text
  42              		.section	.gnu.lto__pal_lld_init.d9043c3f087f0b68,"",%progbits
  43 0000 789CA599 		.ascii	"x\234\245\231yTT\347\031\207\347\273w\3307wM4\211Y\210"
  43      795454E7 
  43      1987E7BB 
  43      77D83777 
  43      4D348959 
  44 0015 5113714B 		.ascii	"Q\023qK4&1\213&&=i\3236\375\277\247M\333\304sr\252\247"
  44      3426318B 
  44      26263D69 
  44      D336FDBF 
  44      A74DDBC4 
  45 002d E9E9BF0E 		.ascii	"\351\351\277\016\233\340\216kT\342\026TP\224E\304\015"
  45      9BE08E6B 
  45      54E21654 
  45      509445C4 
  45      0D
  46 003e 51447041 		.ascii	"QDpAQ\021\024\025\027@\001Q#\233\250\2100\375\336\337"
  46      51111415 
  46      17400151 
  46      239BA888 
  46      30FDDEDF 
  47 0052 7C1FDF0C 		.ascii	"|\037\337\014\353\334\271\234\343+8\227\347>s\357\313"
  47      EBDCB99C 
  47      E32B3897 
  47      E73E73EF 
  47      CB
ARM GAS  /tmp/ccgZamOD.s 			page 3


  48 0063 038C560B 		.ascii	"\003\214V\013\263\320[\310T\213e\006\377{8\377\303t"
  48      B3D05BC8 
  48      548B6506 
  48      FF7B38FF 
  48      C374
  49 0075 0BD3E2CE 		.ascii	"\013\323\342\316Y,\341\276\032c\364\216\315\227Y\346"
  49      592CE1BE 
  49      1A63F48E 
  49      CD9759E6 
  50 0085 696C1E6B 		.ascii	"il\036k\326\3324\226\033S}P\033\235h\343o\345\321\017"
  50      D6DA3496 
  50      1B537D50 
  50      1B9D68E3 
  50      6FE5D10F 
  51 0099 C7DB9272 		.ascii	"\307\333\222rX\264n\261\3305\220,,\221\215\346G\025"
  51      58B46EB1 
  51      D835902C 
  51      2C918DE6 
  51      4715
  52 00ab 45A5FDA2 		.ascii	"E\245\375\242?\322\242u\306\254\374\303\206\302\365"
  52      3FD2A275 
  52      C6ACFCC3 
  52      86C2F5
  53 00ba B783E943 		.ascii	"\267\203\351C\215\215\344\037\326\266\247\326X\365)"
  53      8D8DE41F 
  53      D6B6A7D6 
  53      58F529
  54 00c9 CCC2DFDF 		.ascii	"\314\302\337\337q3\376O\243\266\331l\0216[\374?m~\321"
  54      7133FE4F 
  54      A3B6D96C 
  54      11365BFC 
  54      3F6D7ED1 
  55 00dd BACE7632 		.ascii	"\272\316v2\235\343\330\0166\202%\261\021\026\376O\026"
  55      9DE3D80E 
  55      368225B1 
  55      1116FE4F 
  55      16
  56 00ee 96CC46D1 		.ascii	"\226\314F\321\321\225\351\355\253\203\274\243\350\354"
  56      D195E9ED 
  56      AB83BCA3 
  56      E8EC
  57 00fc 231DE764 		.ascii	"#\035\347d\273\2307=\213\324?\347\330\354\366H\233-"
  57      BB98373D 
  57      8BD43FE7 
  57      D8ECF648 
  57      9B2D
  58 010e 6B425268 		.ascii	"kBRh\014\323\370\247Yu\032^4\274i\3702\302\370\323\273"
  58      0CD3F8A7 
  58      59751A5E 
  58      34BC69F8 
  58      32C2F8D3 
  59 0123 01340269 		.ascii	"\0014\002i\004\321\010\246\021B\243\037\215\3764\006"
  59      04D108A6 
  59      1142A31F 
  59      8DFE3406 
  60 0133 D0184863 		.ascii	"\320\030Hc\020\215\3014\206\320\030Jc\030\215\027h\274"
  60      108DC134 
ARM GAS  /tmp/ccgZamOD.s 			page 4


  60      86D0184A 
  60      63188D17 
  60      68BC
  61 0145 4863380D 		.ascii	"Hc8\015R\265\276D\343e\032\257\320\030I\343U\032\257"
  61      52B5BE44 
  61      E3651AAF 
  61      D01849E3 
  61      551AAF
  62 0158 D1789DC6 		.ascii	"\321x\235\306\0334Bi\274Ic\024\215\267h\214\2461\206"
  62      1B344269 
  62      BC496314 
  62      8DB7688C 
  62      A63186
  63 016b C6581A6F 		.ascii	"\306X\032o\323x\207\3068\032a4\306\323\230@c\"\215I"
  63      D37887C6 
  63      381A6134 
  63      C6D39840 
  63      63228D49 
  64 017f 3426D378 		.ascii	"4&\323x\227\306{4\246\320\230J\343}\032\323h|@\343C"
  64      97C67B34 
  64      A6D0984A 
  64      E37D1AD3 
  64      687C40E3 
  65 0194 1A1FD198 		.ascii	"\032\037\321\230N\343c\032\237\320\370\224\306g4f\320"
  65      4EE3631A 
  65      9FD0F894 
  65      C6673466 
  65      D0
  66 01a5 9849E373 		.ascii	"\230I\343s\032_\320\230E\343K\032\026K=\277\344\264"
  66      1A5FD098 
  66      45E34B1A 
  66      164B3DBF 
  66      E4B4
  67 01b7 130D9A46 		.ascii	"\023\015\232F\177\353\325,\367P\372\203-^t\027\"u\332"
  67      7FEBD52C 
  67      F750FA83 
  67      2D5E7417 
  67      2275DA
  68 01ca 8F35D1B9 		.ascii	"\2175\321\271\347}\350V{\341\366Fm\310\257\366s|h\253"
  68      E77DE856 
  68      7BE1F646 
  68      6DC8AFF6 
  68      737C68AB 
  69 01de 8FB5D132 		.ascii	"\217\265\3212\334\277\325z\320k\023\333\300\367\306"
  69      DCBFD57A 
  69      D06B13DB 
  69      C0F7C6
  70 01ed 9BA5F09B 		.ascii	"\233\245\360\233\274\233\337d:\266q\315\205\362\300"
  70      BC9BDF64 
  70      3AB671CD 
  70      85F2C0
  71 01fc B0DDB6A8 		.ascii	"\260\335\266\250p[\277h\335\207\245\262M\254\035{\305"
  71      705BBF68 
  71      DD87A5B2 
  71      4DAC1D7B 
  71      C5
  72 020d D25898A5 		.ascii	"\322X\230\245\232E>\365v\234Hw\234+\356\322\231%V\202"
ARM GAS  /tmp/ccgZamOD.s 			page 5


  72      9A453EF5 
  72      769C4877 
  72      9C2BEED2 
  72      99255682 
  73 0221 5B995D67 		.ascii	"[\231]g\351\034\303}\3260:\306\310y\366\250\363d\260"
  73      E91CC37D 
  73      D6303AC6 
  73      C879F6A8 
  73      F364B0
  74 0234 304E27CC 		.ascii	"0N'\314\241\242\007\314q2/#\254\275`\321B\262LWg\"y"
  74      A1A207CC 
  74      71322F23 
  74      ACBD60D1 
  74      42B24C57 
  75 024b EEB84F71 		.ascii	"\356\270Oq\367\223\243\267\245\222E\344\024\235\224"
  75      F793A3B7 
  75      A59245E4 
  75      149D94
  76 025a A0D25F8F 		.ascii	"\240\322_\217\254\014\036\223D_\0309E\177X\267\3317"
  76      AC0C1E93 
  76      445F1839 
  76      457F58B7 
  76      D937
  77 026c 5AF7B588 		.ascii	"Z\367\265\210/\311\003l\214\363\215\321qc\236\234,\210"
  77      2FC9036C 
  77      8CF38DD1 
  77      71639E9C 
  77      2C88
  78 027e 0DE4670E 		.ascii	"\015\344g\016\307g\304\320\332\372E\352\276\354\240"
  78      C767C4D0 
  78      DAFA45EA 
  78      BEECA0
  79 028d 10D8B8F6 		.ascii	"\020\330\270\366@S0\027\340g\367g\207pv\272D\374\221"
  79      40533017 
  79      E067F767 
  79      877076BA 
  79      44FC91
  80 02a0 CCC379D3 		.ascii	"\314\303y\323\346\265\331\342\370'\372\360\263\260,"
  80      E6B5D9E2 
  80      F827FAF0 
  80      B3B02C
  81 02af 16461216 		.ascii	"\026F\022\026v\230\315\343V\2320ZT\225\024\256\351\323"
  81      7698CDE3 
  81      569A305A 
  81      549514AE 
  81      E9D3
  82 02c1 71B2BAA2 		.ascii	"q\262\272\242c\221,4\201\276\312s\032\346\353\353l9"
  82      63912C34 
  82      81BECA73 
  82      1AE6EBEB 
  82      6C39
  83 02d3 5123A3F5 		.ascii	"Q#\243\365\000\226\355\372\225\016\333#,\224\177\306"
  83      0096EDFA 
  83      950EDB23 
  83      2C947FC6 
  84 02e3 A3B2CA73 		.ascii	"\243\262\312s\214l\003\230\315\306\367\206\035\345\217"
  84      8C6C0398 
ARM GAS  /tmp/ccgZamOD.s 			page 6


  84      CDC6F786 
  84      1DE58F
  85 02f2 BB3EE5D5 		.ascii	"\273>\345\325\355\321\211\376]\240\276\235\363\001h"
  85      EDD189FE 
  85      5DA0BE9D 
  85      F30168
  86 0301 0E0BA5CB 		.ascii	"\016\013\245\313\300\257}\304\241\206\243\323\\KbKX"
  86      C0AF7DC4 
  86      A186A3D3 
  86      5C4B624B 
  86      58
  87 0312 A6E3087E 		.ascii	"\246\343\010~j\364\304\256\261.\261a\307\370S\264\260"
  87      6AF4C4AE 
  87      B12EB161 
  87      C7F853B4 
  87      B0
  88 0323 5CBA95FE 		.ascii	"\\\272\225\376\316\227\323\267\313\345\344\227,\220"
  88      CE97D3B7 
  88      CBE5E497 
  88      2C90
  89 0331 2EE5F14E 		.ascii	".\345\361N\227\222_\261\034{-\277\325A,\017\027TwPY"
  89      97925FB1 
  89      1C7B2DBF 
  89      D5412C0F 
  89      17547750 
  90 0346 3E362577 		.ascii	">6%w\315\226\301\304w\206\007\000\036\236yg\271\277"
  90      CD96C1C4 
  90      77860700 
  90      1E9E7967 
  90      B9BF
  91 0358 8207D3C5 		.ascii	"\202\007\323\305`'\004\275\355i\305\362\020\307\246"
  91      602704BD 
  91      ED69C5F2 
  91      10C7A6
  92 0367 D826D0AA 		.ascii	"\330&\320\252\234\004\333*\330\247h[\374\361\304\323"
  92      9C04DB2A 
  92      D8A7685B 
  92      FCF1C4D3 
  93 0377 F3B6F838 		.ascii	"\363\266\3708\236\300\0147\215\373\221\353i\360\274"
  93      9EC00C37 
  93      8DFB91EB 
  93      69F0BC
  94 0386 04AFA0B3 		.ascii	"\004\257\240\263\2531\2713\200y\013\330Y\222\233\341"
  94      AB31B933 
  94      80790BD8 
  94      59929BE1 
  95 0396 B82B1D72 		.ascii	"\270+\035r3\215\310\025\202\347#x\347\314\311\235\007"
  95      338DC815 
  95      82E72378 
  95      E7CCC99D 
  95      07
  96 03a7 CC57C02E 		.ascii	"\314W\300.\220\334L\307\225\313\227r\237\033\221+\002"
  96      90DC4CC7 
  96      95CB9772 
  96      9F1B912B 
  96      02
  97 03b8 CF4FF02E 		.ascii	"\317O\360.\232\223+\006\314_\300JH\356s\307\225\353"
ARM GAS  /tmp/ccgZamOD.s 			page 7


  97      9A932B06 
  97      CC5FC04A 
  97      48EE73C7 
  97      95EB
  98 03ca 90FBC288 		.ascii	"\220\373\302\210\334%\360\002\004\357\2629\271R\300"
  98      DC25F002 
  98      04EFB239 
  98      B952C0
  99 03d9 0205EC0A 		.ascii	"\002\005\354\012\311}\341\270r'\244\334,#rW\301\013"
  99      C97DE1B8 
  99      7227A4DC 
  99      2C237257 
  99      C10B
 100 03eb 12BC6BE6 		.ascii	"\022\274k\346\344\312\000\013\026\260\353$7\313q\345"
 100      E4CA000B 
 100      16B0EB24 
 100      37CB71E5 
 101 03fb 3AE4BE34 		.ascii	":\344\2764\"w\003\274\020\301\273iN\356\026`\375\004"
 101      227703BC 
 101      10C1BB69 
 101      4EEE1660 
 101      FD04
 102 040d AC9CE4BE 		.ascii	"\254\234\344\276t\016\035\242$\263J\225\262\340\321"
 102      740E1DA2 
 102      24B34A95 
 102      B2E0D1
 103 041c CB3E6E84 		.ascii	"\313>n\204\277\002\341w)}i\037\245\257\204N\377\356"
 103      BF02E177 
 103      297D691F 
 103      A5AF844E 
 103      FFEE
 104 042e 4B7F5B96 		.ascii	"K\177[\226\376\216K\351\215\324\275\012u_\237\333z\334"
 104      FE8E4BE9 
 104      8DD4BD0A 
 104      755F9FDB 
 104      7ADC
 105 0440 4FD43D96 		.ascii	"O\324=\226\352^-\352^\352Q\335kx\273+z\254{*\257;\035"
 105      EA5E2DEA 
 105      5EEA51DD 
 105      6B78BB2B 
 105      7AAC7B2A 
 106 0457 51D55BDD 		.ascii	"Q\325[\335\357\242\356\265\264\013\001\374\301\252\323"
 106      EFA2EEB5 
 106      B40B01FC 
 106      C1AAD3
 107 0466 2BE7073A 		.ascii	"+\347\007:\352>\202\177X\277\374X\023\353\264\032\367"
 107      EA3E827F 
 107      58BFFC58 
 107      13EBB41A 
 107      F7
 108 0477 C4E52B58 		.ascii	"\304\345+X\266u]\240k\335\357\313\272\023\225=P\013"
 108      B6755DA0 
 108      6BDDEFCB 
 108      BA13953D 
 108      500B
 109 0489 528BA716 		.ascii	"R\213\247\026qiC]\220\363\202T;-Hu^\314F\253\363\202"
 109      7169435D 
ARM GAS  /tmp/ccgZamOD.s 			page 8


 109      90F38254 
 109      3B2D4875 
 109      5ECC46AB 
 110 049f FC26730E 		.ascii	"\374&s\016\330CZ\220\000\225s\030\177\344\246\"\266"
 110      D8435A90 
 110      00957318 
 110      7FE4A622 
 110      B6
 111 04b0 B74EE61C 		.ascii	"\267N\346\034\274zsr\0152\347\2005\222\334G*\347\220"
 111      BC7A7372 
 111      0D32E780 
 111      3592DC47 
 111      2AE790
 112 04c3 9B6E44AE 		.ascii	"\233nD\256I\346\034\274G\346\344\232e\316\001{Lr\323"
 112      49E61CBC 
 112      47E6E49A 
 112      65CE017B 
 112      4C72D3
 113 04d6 55CE21F7 		.ascii	"U\316!\367\261\021\271'2\347\340=5'\327\"s\016\3303"
 113      B111B927 
 113      32E7E03D 
 113      3527D722 
 113      730ED833 
 114 04ea 92FB58E5 		.ascii	"\222\373X\345\034r\237\030\221k\2259\007\357\2719\271"
 114      1C729F18 
 114      916B9539 
 114      07EFB939 
 114      B9
 115 04fb 369973C0 		.ascii	"6\231s\300\332I\356\023\225s\310}jD\316.s\016\236M3"
 115      DA49EE13 
 115      9573C87D 
 115      6A44CE2E 
 115      730E9E4D 
 116 0510 2517AE89 		.ascii	"%\027\256\211\234\003\026\241q\271OU\316!\367\231\021"
 116      9C0316A1 
 116      71B94F55 
 116      CE21F799 
 116      11
 117 0521 B9484DE4 		.ascii	"\271HM\344\034\274(sr\321\232\3109`\363I\3563\347\262"
 117      1CBC2873 
 117      72D19AC8 
 117      3960F349 
 117      EE33E7B2 
 118 0535 A1421D39 		.ascii	"\241B\0359\257\2219\277\356N\316c\264.9\277\321G\316"
 118      AF9139BF 
 118      EE4ECE63 
 118      B42E39BF 
 118      D147CE
 119 0548 63A133A0 		.ascii	"c\2413\240\373\234/\320D\316\027j\236\346|\221F9_\225"
 119      FB9C2FD0 
 119      44CE176A 
 119      9EE67C91 
 119      46395F95 
 120 055c BBAE2448 		.ascii	"\273\256$H\344<\216r\276Xs\344\374\206G9_\242\205\322"
 120      E43C8E72 
 120      BE5873E4 
 120      FC864739 
ARM GAS  /tmp/ccgZamOD.s 			page 9


 120      5FA285D2 
 121 0570 73ED21E7 		.ascii	"s\355!\347Y<\347t\004?u\3179_\252Q\316\227i|\027\002"
 121      593CE774 
 121      043F75CF 
 121      395FAA51 
 121      CE97697C 
 122 0586 29E717F7 		.ascii	")\347\027\367\235\014v\344|*}\207\266\225m\353\374\235"
 122      9D0C76E4 
 122      7C2A7D87 
 122      B6956DEB 
 122      FC9D
 123 0598 3E4E735C 		.ascii	">Ns\\\276\005\2476>\014p\315\371rM\344\234\250l\205"
 123      BE05A736 
 123      3E0C70CD 
 123      F9724DE4 
 123      9CA86C85 
 124 05ac 5A10CEA7 		.ascii	"Z\020\316\247[V\235\340\372\375\236?\373\216\005\331"
 124      5B569DE0 
 124      FAFD9E3F 
 124      FB8E05D9 
 125 05bc F9687186 		.ascii	"\371hq\206\237\363\202\254\324D\316\001[E\013\022\250"
 125      9FF382AC 
 125      D444CE01 
 125      5B450B12 
 125      A8
 126 05cd 720EE329 		.ascii	"r\016\343)n*b{Wk\"\347\340\2551'\367\263&r\016\330Z"
 126      6E2A627B 
 126      576B22E7 
 126      E0AD3127 
 126      F7B32672 
 127 05e4 929BA272 		.ascii	"\222\233\242r\0169w\257\037\344\326i\"\347\340\2557"
 127      0E3977AF 
 127      1FE4D669 
 127      22E7E0AD 
 127      37
 128 05f5 2717AF89 		.ascii	"'\027\257\211\234\003\366\013\311MU9\207\334\373F\344"
 128      9C03F60B 
 128      C94D5539 
 128      87DCFB46 
 128      E4
 129 0606 366822E7 		.ascii	"6h\"\347\340m4'\267I\0239\007l3\311\275\257r\016\271"
 129      E06D3427 
 129      B7491339 
 129      076C33C9 
 129      BDAF720E 
 130 061b 6946E4B6 		.ascii	"iF\344\266h\"\347\340\375jN.A\0239\007l+\311MS9\207"
 130      6822E7E0 
 130      FD6A4E2E 
 130      41133907 
 130      6C2BC94D 
 131 0632 DC0746E4 		.ascii	"\334\007F\344\266i\"\347\340m7'\227(s\016X\022\311}"
 131      B66922E7 
 131      E06D3727 
 131      9728730E 
 131      5812C97D 
 132 0646 A0720EB9 		.ascii	"\240r\016\271\017\215\310\355\2209\007o\2479\271d\231"
 132      0F8DC8ED 
ARM GAS  /tmp/ccgZamOD.s 			page 10


 132      9039076F 
 132      A739B964 
 132      99
 133 0657 73C07691 		.ascii	"s\300v\221\334\207\316eC\205:r\276D\0239ot'\347\273"
 133      DC87CE65 
 133      43853A72 
 133      BE441339 
 133      6F7427E7 
 134 066c BBE6BCA9 		.ascii	"\273\346\274\251\217\234\247@g`\3679O\2259O\3638\347"
 134      8F9CA740 
 134      6760F739 
 134      4F95394F 
 134      F338E7
 135 067f E9C8796C 		.ascii	"\351\310yl\362\252\004]\344|-\345|\217\310y\223G9\317"
 135      F2AA045D 
 135      E47C2DE5 
 135      7C8FC879 
 135      934739CF 
 136 0693 E0B1DEDD 		.ascii	"\340\261\336\335c\316kx\316\351\210\364\336r\276\027"
 136      63CE6B78 
 136      CEE988F4 
 136      DE72BE17 
 137 06a3 39CFA45D 		.ascii	"9\317\244]\010\342\017>\313H\251\025?\235\227\320\301"
 137      08E20F3E 
 137      CB48A915 
 137      3F9D97D0 
 137      C1
 138 06b4 C5CD19B5 		.ascii	"\305\315\031\265^\235vc\237\330\215{u{N\370\273\366"
 138      5E9D7663 
 138      9FD88D7B 
 138      757B4EF8 
 138      BBF6
 139 06c6 7CBFEC39 		.ascii	"|\277\3549a\331\001\265!\231\330\220\370E\355U\336\316"
 139      61D901B5 
 139      2199D890 
 139      F845ED55 
 139      DECE
 140 06d8 1BB2C769 		.ascii	"\033\262\307iC.5\035Y\346\355\274!\007e\317\001;D\033"
 140      432E351D 
 140      59E6EDBC 
 140      210765CF 
 140      013B441B 
 141 06ec 12A47A0E 		.ascii	"\022\244z\016\345\011n*b}\263d\317\301;lN.[\366\034"
 141      E5096E2A 
 141      627DB364 
 141      CFC13B6C 
 141      4E2E5BF6 
 142 0701 B0232437 		.ascii	"\260#$7A\365\034r\023\215\310\035\225=\007/\307\234"
 142      41F51C72 
 142      138DC81D 
 142      953D072F 
 142      C79C
 143 0713 DC31D973 		.ascii	"\3341\331s\300rIn\242\3529\344&\031\221;.{\016^\236"
 143      C072496E 
 143      A2EA39E4 
 143      2619913B 
 143      2E7B0E5E 
ARM GAS  /tmp/ccgZamOD.s 			page 11


 144 0728 39B97CD9 		.ascii	"9\271|\331s\300N\220\334$\325s\310M6\"wR\366\034\274"
 144      73C04E90 
 144      DC24D573 
 144      C84D3622 
 144      7752F61C 
 145 073d 53E6E44E 		.ascii	"S\346\344N\313\236\003V@r\223U\317!\367\256\021\271"
 145      CB9E0356 
 145      40729355 
 145      CF21F7AE 
 145      11B9
 146 074f 33B2E7E0 		.ascii	"3\262\347\340\2355'W({\016\3309\222{W\365\034r\357\031"
 146      9D352757 
 146      287B0ED8 
 146      39927B57 
 146      F51C72EF 
 147 0764 913B2F7B 		.ascii	"\221;/{\016\336\005srE\262\347\200]$\271\367\234\323"
 147      0EDE0573 
 147      7245B2E7 
 147      805D24B9 
 147      F79CD3
 148 0777 860C75F4 		.ascii	"\206\014u\364<C\366\374\251;=/\356\332\363\226>z^\002"
 148      3C43F6FC 
 148      A93B3D2F 
 148      EEDAF396 
 148      3E7A5E02 
 149 078b 9D41DDF7 		.ascii	"\235A\335\367\374\222\354\371e\217{^\212\236\227\245"
 149      FC92ECF9 
 149      658F7B5E 
 149      8A9E97A5 
 150 079b 16DEF715 		.ascii	"\026\336\367\025=\337L=\277\"z\336\342Q\317\257\362"
 150      3DDF4C3D 
 150      BF227ADE 
 150      E251CFAF 
 150      F2
 151 07ac 5A17F7D8 		.ascii	"Z\027\367\330\363&\336s:\242\264\267\236_C\317\313h"
 151      F326DE73 
 151      3AA2B4B7 
 151      9E5F43CF 
 151      CB68
 152 07be 1782F983 		.ascii	"\027\202\371\203\025\341\347\357\0068z^\217+\221\276"
 152      15E1E7EF 
 152      06387A5E 
 152      8F2B91BE 
 153 07ce B5D8     		.ascii	"\265\330"
 154 07d0 B7D36E5C 		.ascii	"\267\323n\\\227\273Q\233r\307\333\265\3477d\317\011"
 154      97BB519B 
 154      72C7DBB5 
 154      E73764CF 
 154      09
 155 07e1 CB6EAA0D 		.ascii	"\313n\252\015)\303\206T\236Z\350\362\373\333\025\247"
 155      29C38654 
 155      9E5AE8F2 
 155      FBDB15A7 
 156 07f1 0539B6F4 		.ascii	"\0059\266\364\356\366 \227\227\343d\316\301*\247\005"
 156      EEF62097 
 156      97E364CE 
 156      C12AA705 
ARM GAS  /tmp/ccgZamOD.s 			page 12


 157 0801 09563987 		.ascii	"\011V9\207\361X7\015\261\275\0252\347\340U\232r\273"
 157      F158370D 
 157      B1BD1532 
 157      E7E0559A 
 157      72BB
 158 0813 2D6B0ED6 		.ascii	"-k\016\326\035r\033\253j\016\267\267\215\270U\311\232"
 158      1D721BAB 
 158      6A0EB7B7 
 158      8DB855C9 
 158      9A
 159 0824 83576DCA 		.ascii	"\203Wm\312\255F\306\034\254\273\344\366\266\2129\334"
 159      AD46C61C 
 159      ACBBE4F6 
 159      B68A39DC 
 160 0834 DE31E256 		.ascii	"\3361\342V+c\016\336=Sn\367e\313\301z@n\357\250\226"
 160      2B630EDE 
 160      3D536EF7 
 160      65CBC17A 
 160      406EEFA8 
 161 0849 C36D9C11 		.ascii	"\303m\234\021\267\337d\313\301{h\312\255N\246\034\254"
 161      B7DF64CB 
 161      C17B68CA 
 161      AD4EA61C 
 161      AC
 162 085a 7A721BA7 		.ascii	"zr\033\247R\016\2670#n\0152\345\3405\232rk\222%\007"
 162      520EB730 
 162      236E0D32 
 162      E5E0359A 
 162      726B9225 
 163 086f EB11B985 		.ascii	"\353\021\271\205\251\222\303m\274\021\267fYr\360\036"
 163      A992C36D 
 163      BC11B766 
 163      5972F01E 
 164 087f 9B727B22 		.ascii	"\233r{\"C\016\326Sr\033\357\3344\364\247#\344We\310"
 164      430ED653 
 164      721BEFDC 
 164      34F4A723 
 164      E45765C8 
 165 0893 DBDD0979 		.ascii	"\333\335\011yK\327\220\333\373\010\3713\350\014\356"
 165      4BD790DB 
 165      FB08F933 
 165      E80CEE
 166 08a2 3EE4AD32 		.ascii	">\344\2552\344\317=\016y\033B~!\261&\326K\204<\211B"
 166      E4CF3D0E 
 166      791B427E 
 166      21B126D6 
 166      4B843C89 
 167 08b7 DE2E426E 		.ascii	"\336.Bn\367(\344v\236\351\226\036Cn\347!\247#\332z\013"
 167      F728E476 
 167      9EE9961E 
 167      436EE721 
 167      A723DA7A 
 168 08cc B94DA790 		.ascii	"\271M\247\220\207\323\177n\207\360\007S\236l?\315\034"
 168      87D37F6E 
 168      87F00753 
 168      9E6C3FCD 
 168      1C
ARM GAS  /tmp/ccgZamOD.s 			page 13


 169 08dd 215FCCE8 		.ascii	"!_\314\350)f\237\260\205tZ\215\010\335q\375j\023V\354"
 169      29669FB0 
 169      85745A8D 
 169      08DD71FD 
 169      6A1356EC 
 170 08f1 EEF4424B 		.ascii	"\356\364BK\244.BNX\026\245w,\010?\001\275\330\266<\361"
 170      A42E424E 
 170      5816A577 
 170      2C083F01 
 170      BDD8B63C 
 171 0906 869FF386 		.ascii	"\206\237\363\206\264;mHcCi\241\257\313+q\272(9`\363"
 171      B43B6D48 
 171      634369A1 
 171      AFCB2B71 
 171      BA283960 
 172 091b 75BE2121 		.ascii	"u\276!!\252\344P\016uS\021\333\033\243\213\222\203\027"
 172      AAE4500E 
 172      755311DB 
 172      1BA38B92 
 172      8317
 173 092d 6B4E6E81 		.ascii	"kNn\201.R\016\330B\222\013U)\207\334\233F\344\026\351"
 173      2E520ED8 
 173      42920B55 
 173      2987DC9B 
 173      46E416E9 
 174 0941 22E5E02D 		.ascii	"\"\345\340-6'\267D\027-\007l)\311\275\251Z\016\271Q"
 174      3627B744 
 174      172D076C 
 174      29C9BDA9 
 174      5A0EB951 
 175 0955 46E496E9 		.ascii	"F\344\226\351\242\345\340\305\231\223[\256\213\230\003"
 175      A2E5E0C5 
 175      99935BAE 
 175      8B9803
 176 0964 B682E446 		.ascii	"\266\202\344F\251\230C\356-#r+u\021s\360V\231\223[\255"
 176      A99843EE 
 176      2D23722B 
 176      751173F0 
 176      5699935B 
 177 0979 8B9A03B6 		.ascii	"\213\232\003\266\206\344\336R5\207\334h#r?\353\242\346"
 177      86E4DE52 
 177      3587DC68 
 177      23723FEB 
 177      A2E6
 178 098b E0AD3527 		.ascii	"\340\2555'\267N\0279\007l=\311\215V9\207\334\030#r\361"
 178      B74E1739 
 178      076C3DC9 
 178      8D563987 
 178      DC182372 
 179 09a0 BAC83978 		.ascii	"\272\3109x\277\230\223\333\240\213\236\003\266\221\344"
 179      BF9893DB 
 179      A08B9E03 
 179      B691E4
 180 09af C638A70D 		.ascii	"\3068\247\015\031\352\350\271]\366|\225\277\033=\337"
 180      19EAE8B9 
 180      5DF67C95 
 180      BF1B3DDF 
ARM GAS  /tmp/ccgZamOD.s 			page 14


 181 09bf A477E9F9 		.ascii	"\244w\351\371\352\205\275\367|3t\206t\337\363-\272\350"
 181      EA85BDF7 
 181      7C337486 
 181      74DFF32D 
 181      BAE8
 182 09d1 F9AFBAA7 		.ascii	"\371\257\272\247=O@{V6'V\310\236\247Q\317\267\352\216"
 182      3D4F407B 
 182      56362756 
 182      C89EA751 
 182      CFB7EA8E 
 183 09e5 9EAF2EF0 		.ascii	"\236\257.\360\244\347\333\364Pz\256=\364<y\225\216#"
 183      A4E7DBF4 
 183      507AAE3D 
 183      F43C7995 
 183      8E23
 184 09f7 F8A97BEE 		.ascii	"\370\251{\356\371v\364<\221v\241\037\177\260\312n\327"
 184      F976F43C 
 184      9176A11F 
 184      7FB0CA6E 
 184      D7
 185 0a08 1D394FA2 		.ascii	"\0359O\242\234\2674_H\363\357\264\032Ib5\236\257\277"
 185      9CB7345F 
 185      48F3EFB4 
 185      1A496235 
 185      9EAFBF
 186 0a1b 75D9C735 		.ascii	"u\331\3075\347;d\316\211\312v\252\005I\304\202d\257"
 186      E73B64CE 
 186      89CA76AA 
 186      0549C482 
 186      64AF
 187 0a2d C8D8E7F2 		.ascii	"\310\330\347\362J\034\177\366\035\013\222\320\270+\313"
 187      4A1C7FF6 
 187      1D0B92D0 
 187      B82BCB
 188 0a3c E537B764 		.ascii	"\3457\267d\231s\300v\321\202\364S9\207\361+n*b{w\313"
 188      9973C076 
 188      D182F453 
 188      3987F12B 
 188      6E2A627B 
 189 0a52 9C839762 		.ascii	"\234\203\227bN.U\346\034\2604\222{E\345\034r#\215\310"
 189      4E2E55E6 
 189      1CB03492 
 189      7B45E51C 
 189      72238DC8 
 190 0a66 A5CB9C83 		.ascii	"\245\313\234\203\267\307\234\\\206\3149`{In\244\312"
 190      B7C79C5C 
 190      86CC3960 
 190      7B496EA4 
 190      CA
 191 0a77 39E45E35 		.ascii	"9\344^5\"\227)s\016\336>sr\373e\316\001;@r\257\252\234"
 191      22972973 
 191      0EDE3E73 
 191      72FB65CE 
 191      013B4072 
 192 0a8e 43EE3523 		.ascii	"C\3565#r\007e\316\301;dN.K\346\034\260\303$\367\232"
 192      720765CE 
 192      C13B644E 
ARM GAS  /tmp/ccgZamOD.s 			page 15


 192      2E4BE61C 
 192      B0C324F7 
 193 0aa3 CA39E45E 		.ascii	"\3129\344^7\"\227-s\016\336\021srGe\316\001\313!\271"
 193      3722972D 
 193      730EDE11 
 193      73724765 
 193      CE01CB21 
 194 0ab8 D755CE21 		.ascii	"\327U\316!\367\206\021\271c2\347\340\345\232\223;.s"
 194      F78611B9 
 194      6332E7E0 
 194      E59A933B 
 194      2E73
 195 0aca 0E581EC9 		.ascii	"\016X\036\311\275\341\\6T\250#\347\333t\221\363\365"
 195      BDE15C36 
 195      54A823E7 
 195      DB7491F3 
 195      F5
 196 0adb EEE43CBF 		.ascii	"\356\344<\277k\316\343\373\310\371\011\350\014\355>"
 196      6BCEE3FB 
 196      C8F909E8 
 196      0CED3E
 197 0aea E72765CE 		.ascii	"\347'e\316Oy\234\363\323\310y\376\336\344\022\231\363"
 197      4F799CF3 
 197      D3C879FE 
 197      DEE41299 
 197      F3
 198 0afb 0394F302 		.ascii	"\003\224\363\002\221\363x\217r~\206\307:\277\307\234"
 198      91F3788F 
 198      727E86C7 
 198      3ABFC79C 
 199 0b0b EFE739A7 		.ascii	"\357\3479\247#N\367\226\363\263\310y!\355B\177z9,9<"
 199      234EF796 
 199      F3B3C879 
 199      21ED427F 
 199      7A392C39 
 200 0b20 C3D7D1F3 		.ascii	"\303\327\321\363<\352\371\343\226\266\261\235V\343\234"
 200      3CEAF9E3 
 200      96B6B19D 
 200      56E39C
 201 0b2f 588D4D99 		.ascii	"X\215M\231\013\371/\312.9?/sNTvA-H!\026\344Akv\255\313"
 201      0BF92FCA 
 201      2E393F2F 
 201      734E5476 
 201      412D4821 
 202 0b4a 0B71054E 		.ascii	"\013q\005N\013\022\231RR\343\362\377\344E2\347\200]"
 202      0B129952 
 202      52E3F2FF 
 202      E44532E7 
 202      805D
 203 0b5c A405E9AF 		.ascii	"\244\005\351\257r\016\343\027\3343\304\362\026\313\232"
 203      720EE317 
 203      DC33C4F2 
 203      16CB9A
 204 0b6b 035762CE 		.ascii	"\003Wb\316\355\222\2549`\227\311\355\005Us\270\275h"
 204      ED92AC39 
 204      6097C9ED 
 204      055573B8 
ARM GAS  /tmp/ccgZamOD.s 			page 16


 204      BD68
 205 0b7d C0AD54C6 		.ascii	"\300\255T\306\034\270+\346\334\256\312\230\003v\215"
 205      1CB82BE6 
 205      DCAECA98 
 205      03768D
 206 0b8c DC5E5431 		.ascii	"\334^T1\207\333p\003ne\262\345\300]7\347vC\266\034\260"
 206      87DB7003 
 206      6E65B2E5 
 206      C05D37E7 
 206      7643B61C 
 207 0ba1 9BE4365C 		.ascii	"\233\3446\\\265\034n#\014\270\335\222)\007\256\334\234"
 207      B51C6E23 
 207      0CB8DD92 
 207      2907AEDC 
 207      9C
 208 0bb2 5B854C39 		.ascii	"[\205L9`\225\3446B\245\034n/\031p\273-K\016\334\035"
 208      6095E436 
 208      42A51C6E 
 208      2F1970BB 
 208      2D4B0EDC 
 209 0bc7 736E55B2 		.ascii	"snU\262\344\200U\223\333K\252\344p{\331\200[\215\014"
 209      E4805593 
 209      DB4BAAE4 
 209      707BD980 
 209      5B8D0C
 210 0bda 397077CD 		.ascii	"9pw\315\271\325\312\220\003v\217\334^vn\032\372\323"
 210      B9D5CA90 
 210      03768FDC 
 210      5E766E1A 
 210      FAD3
 211 0bec 11F23332 		.ascii	"\021\36232\344i\356\204\374~\327\220\247\367\021\362"
 211      E469EE84 
 211      FC7ED790 
 211      A7F711F2 
 212 0bfc 07D019D6 		.ascii	"\007\320\031\326}\310\177\223!\177\350q\310\353\020"
 212      7DC87F93 
 212      217FE871 
 212      C8EB10
 213 0c0b F26755F9 		.ascii	"\362gU\371\213\344\013\3469\024\362z\021\362t\217B\336"
 213      8BE40BE6 
 213      3914F27A 
 213      11F2748F 
 213      42DE
 214 0c1d C0337DBF 		.ascii	"\3003}\277\307\220\337\346!\247#\352z\013y#B\336D\253"
 214      C790DFE6 
 214      21A723EA 
 214      7A0B7923 
 214      42DE44AB 
 215 0c31 30803F78 		.ascii	"0\200?x\271${\213x\235\245\234B^\234u\226~>v\331\215"
 215      B9247B8B 
 215      789DA59C 
 215      425E9C75 
 215      967E3E76 
 216 0c47 4762377E 		.ascii	"Gb7~N\275\026\336\351\007\363fYr\302\262\307jC\232\260"
 216      4EBD16DE 
 216      E907F366 
 216      5972C2B2 
ARM GAS  /tmp/ccgZamOD.s 			page 17


 216      C76A439A 
 217 0c5c 21AB9FDF 		.ascii	"!\253\237\337\241\227\021\325\206\324;mHkly\224\313"
 217      A19711D5 
 217      86D43B6D 
 217      486B6C79 
 217      94CB
 218 0c6e 6F6E4F64 		.ascii	"onOd\311\001{J\0332@\225\034\312\003\335T\304\372\266"
 218      C9017B4A 
 218      1B324095 
 218      1CCA03DD 
 218      54C4FAB6 
 219 0c82 C89483F7 		.ascii	"\310\224\203\367\314\234\\\253L9`\317In\240J9\344\006"
 219      CC9C5CAB 
 219      4C3960CF 
 219      496EA04A 
 219      39E406
 220 0c95 19916B93 		.ascii	"\031\221k\223-\007\257\335\234\234]\266\0340\233\225"
 220      2D07AFDD 
 220      9C9C5DB6 
 220      1C309B95 
 221 0ca5 CB0D522D 		.ascii	"\313\015R-\207\334`#r\341V\021s\360\"\254\246\344\""
 221      87DC6023 
 221      72E15611 
 221      73F022AC 
 221      A6E422
 222 0cb8 AD22E680 		.ascii	"\255\"\346\200E\221\334`\025s\310\0151\"\027m\0255\007"
 222      4591DC60 
 222      1573C80D 
 222      3122176D 
 222      153507
 223 0ccb 6FBE39B9 		.ascii	"o\2769\271\030\253\2509`\261$7D\325\034rC\215\310-\260"
 223      18ABA839 
 223      60B12437 
 223      44D51C72 
 223      438DC82D 
 224 0ce0 8A9C83B7 		.ascii	"\212\234\203\267\320\234\334\"\253\3109`\213In\250\312"
 224      D09CDC22 
 224      ABC83960 
 224      8B496EA8 
 224      CA
 225 0cf1 39E48619 		.ascii	"9\344\206\031\221[b\025=\007o\2519\271eV\321s\300\342"
 225      915B6215 
 225      3D076FA9 
 225      39B96556 
 225      D173C0E2 
 226 0d05 486E9873 		.ascii	"Hn\230s\332\220\241\216\2367\320\007\367\370\243E\277"
 226      DA90A18E 
 226      9E37D007 
 226      F7F8A345 
 226      BF
 227 0d16 4359E9AD 		.ascii	"CY\351\255\236\367)\356\234E\263X&\317\370a\366\337"
 227      9EF729EE 
 227      9C45B358 
 227      26CFF861 
 227      F6DF
 228 0d28 677FF36D 		.ascii	"g\177\363m\330\234\237\302~\370\333\217as\347\374\347"
 228      D89C9FC2 
ARM GAS  /tmp/ccgZamOD.s 			page 18


 228      7EF8DB8F 
 228      6173E7FC 
 228      E7
 229 0d39 BF3F857D 		.ascii	"\277?\205}\373\227\337O\232\030\366\365\3273\303f\375"
 229      FB97DF4F 
 229      9A18F6F5 
 229      D733C366 
 229      FD
 230 0d4a F1AB6FFE 		.ascii	"\361\253o\3767\221\036\372\353\\\376\347\307\037\377"
 230      37911EFA 
 230      EB5CFEE7 
 230      C71FFF
 231 0d59 31EE3B8B 		.ascii	"1\356;\213\367ws\376\375\257\331\337{}?w\366\234\271"
 231      F77773FE 
 231      FDAFD9DF 
 231      7B7D3F77 
 231      F69CB9
 232 0d6c FF074EEC 		.ascii	"\377\007N\354\177\233"
 232      7F9B
 233              		.text
 234              		.section	.gnu.lto__pal_lld_setgroupmode.d9043c3f087f0b68,"",%progbits
 235 0000 789C9D57 		.ascii	"x\234\235WkPU\327\025>\353\354s\037\334\027\032\215"
 235      6B5055D7 
 235      153EEBEC 
 235      731FDC17 
 235      1A8D
 236 0012 1A25863C 		.ascii	"\032%\206<\010\321\020\257\242Q\252\014\332\2505: \230"
 236      08D110AF 
 236      A251AA0C 
 236      DAA8353A 
 236      2098
 237 0024 3433ED4C 		.ascii	"43\355L;\215\006f\264\205\201\001\232\231L~\364\352"
 237      3B8D0666 
 237      B4858101 
 237      9A994C7E 
 237      F4EA
 238 0036 85AB8968 		.ascii	"\205\253\211hi\0355:\246&\315\003M@!h\025C\032\202("
 238      691D353A 
 238      A626CD03 
 238      4D402168 
 238      15431A82 
 239 004b 517CC468 		.ascii	"Q|\304h\214\257\032\021%\212D\341\202\217Lyt\255\265"
 239      8CAF1A11 
 239      258A44E1 
 239      828F4C79 
 239      74ADB5
 240 005e CF7D7AEB 		.ascii	"\317}z\35300s\026\347\254\375}\353\254o\355\265\367"
 240      30307316 
 240      E7ACFD7D 
 240      EBAC6FED 
 240      B5F7
 241 0070 D9575340 		.ascii	"\331WS@\241\277\336\241\212\362&\376\337\215\027D+\240"
 241      A1BFDEA1 
 241      8AF226FE 
 241      DF8D1744 
 241      2BA0
 242 0082 961E5394 		.ascii	"\226\036S\224\345f\025\204\274\021\252\266*^qYldm\232"
ARM GAS  /tmp/ccgZamOD.s 			page 19


 242      E5661584 
 242      BC11AAB6 
 242      2A5E7159 
 242      6C646D9A 
 243 0096 6AE87818 		.ascii	"j\350x\030\237\242\336K\302'\203j\3441\023\217\031\301"
 243      9FA2DE4B 
 243      C227836A 
 243      E431138F 
 243      19C1
 244 00a8 2C2926DF 		.ascii	",)&\337\215\031l\362&J\2650\320\312@\213\317m\365\335"
 244      8D196CF2 
 244      264AB530 
 244      D0CA408B 
 244      CF6DF5DD 
 245 00bc D8544791 		.ascii	"\330TG\221\011\307\355%\215\012\002\354\362\345_\231"
 245      09C7ED25 
 245      8D0A02EC 
 245      F2E55F99 
 246 00cc 1D0074E3 		.ascii	"\035\000t\3432\203\362\027Uh\006\243\311\034e\261\332"
 246      3283F217 
 246      556806A3 
 246      C91C65B1 
 246      DA
 247 00dd EC0EC047 		.ascii	"\354\016\300GE\376\335V{U\250_\331Z\243\216+s\341\337"
 247      45FEDD56 
 247      7B55A85F 
 247      D95AA38E 
 247      2B73E1DF 
 248 00f1 A5AB3B27 		.ascii	"\245\253;'\271\266\325A1\002\372U\211\2012\030\207\250"
 248      B9B6D541 
 248      3102FA55 
 248      89813218 
 248      87A8
 249 0103 1345955B 		.ascii	"\023E\225[D\267Z,\0004|\354<\272\271\305A\217*\304\342"
 249      44B75A2C 
 249      00347CEC 
 249      3CBAB9C5 
 249      418F2AC4 
 250 0118 E3FE63FD 		.ascii	"\343\376c\375{-b\032(x\277\342\237\233\032\354\361\037"
 250      7B2D621A 
 250      2878BFE2 
 250      9F9B1AEC 
 250      F11F
 251 012a B95C2B5C 		.ascii	"\271\\+\\\256\255Y\256\250b!\340\023\020\030\017\266"
 251      AEAD59AE 
 251      A86221E0 
 251      1310180F 
 251      B6
 252 013b 430C6C83 		.ascii	"C\014l\203\030\005]\012|\012\361\210\356\377\270\362"
 252      18055D0A 
 252      7C0AF188 
 252      EEFFB8F2 
 253 014b 2DB34866 		.ascii	"-\263Hf\346\317\353\277~\027$\263\356oM\011\233\\uZ"
 253      E6CFEBBF 
 253      7E1724B3 
 253      EE6F4D09 
 253      9B5C755A 
ARM GAS  /tmp/ccgZamOD.s 			page 20


 254 015f B1D0A03C 		.ascii	"\261\320\240<\234\254)P\301\344\256\352\217\326Y\305"
 254      9CAC2950 
 254      C1E4AEEA 
 254      8FD659C5 
 255 016f 2F99DCB4 		.ascii	"/\231\334\264\366\213\337\350\334uMOK\256\001v\204s"
 255      F68BDFE8 
 255      DC754D4F 
 255      4BAE0176 
 255      8473
 256 0181 0D0AEC84 		.ascii	"\015\012\354\204x\"\224,\337~I\210_1\371\352\311\226"
 256      7822942C 
 256      DF7E4988 
 256      5F31F9EA 
 256      C996
 257 0193 6B10F701 		.ascii	"k\020\367\001\263\253V;\220]\024[,\214P\031J\347IWa"
 257      B3AB563B 
 257      905D145B 
 257      2C8C5019 
 257      4AE74957 
 258 01a8 7BFFF1BF 		.ascii	"{\377\361\277\233\305\002f\376\367\233\036\217Yg\376"
 258      9BC50266 
 258      FEF79B1E 
 258      8F5967FE 
 259 01b8 A3C9E62A 		.ascii	"\243\311\346*]n&\342g\021\211\267\326\0358\252\212t"
 259      5D6E26E2 
 259      671189B7 
 259      D61D38AA 
 259      8A74
 260 01ca 26AEDD7A 		.ascii	"&\256\335z\264\331\241\023\267\004\210\273\"\022[\317"
 260      B4D9A113 
 260      B70488BB 
 260      22125BCF 
 261 01da B83719C5 		.ascii	"\2707\031\305+Ll[\273\353\244E'n\016\020\377\025\221"
 261      2B4C6C5B 
 261      BBEBA445 
 261      276E0E10 
 261      FF1591
 262 01ed 58DA7BD6 		.ascii	"X\332{\326e\024\277g\342\211\256\352O4\235\370N\200"
 262      6514BF67 
 262      E289AEEA 
 262      4F349DF8 
 262      4E80
 263 01ff B8372271 		.ascii	"\2707\"q\315\255{\357k\"\223\211\215\027N\\\363\245"
 263      CDAD7BEF 
 263      6B229389 
 263      8D174E5C 
 263      F3A5
 264 0211 BA2140DC 		.ascii	"\272!@\334\027\221x\271\252o\275\335XD\355\024\013\237"
 264      179178B9 
 264      AA6FBDDD 
 264      5844ED14 
 264      0B9F
 265 0223 431CD4E0 		.ascii	"C\034\324\340\265\007\257\335xU\343U\005q\262\271\240"
 265      B507AFDD 
 265      7855E355 
 265      0571B2B9 
 265      A0
ARM GAS  /tmp/ccgZamOD.s 			page 21


 266 0234 168CB890 		.ascii	"\026\214\270\220,\377\017\205\301z\257W}j\021\177\344"
 266      2CFF0F85 
 266      C17AAF57 
 266      7D6A117F 
 266      E4
 267 0245 2C3EAEED 		.ascii	",>\256\355]\343\313b\317\352\341\3769\372\342\3764\340"
 267      5DE3CB62 
 267      CFEAE1FE 
 267      39FAE2FE 
 267      34E0
 268 0257 DFCC5E7F 		.ascii	"\337\314^\177\275\265J\023\005\314\366\366\035\374A"
 268      BDB54A13 
 268      05CCF6F6 
 268      1DFC41
 269 0266 9F61D7ED 		.ascii	"\237a\327\355L\327[\263\210\372e\004j\035S\327\334\370"
 269      4CD75BB3 
 269      88FA6504 
 269      6A1D53D7 
 269      DCF8
 270 0278 EB6A10AF 		.ascii	"\353j\020\2573\365G\317\015\267M\247\366\372\250_E\240"
 270      33F547CF 
 270      0DB74DA7 
 270      F6FAA85F 
 270      45A0
 271 028a D633B5A4 		.ascii	"\3263\265\244\371\275\262(\361\006S\337\336{\345i\235"
 271      F9BDB228 
 271      F10653DF 
 271      DE7BE569 
 271      9D
 272 029b B93E4B67 		.ascii	"\271>Kg\356\217\300l\200\270\235/\325\271\372\373\335"
 272      EE8FC06C 
 272      80B89D2F 
 272      D5B9FAFB 
 272      DD
 273 02ac D8BDD6F3 		.ascii	"\330\275\326\363\357\264E\275\004\334\344\010\304\352"
 273      EFB445BD 
 273      04DCE408 
 273      C4EA
 274 02ba E06AC1FA 		.ascii	"\340j\301\372`\333c\205\260\201\261FF\205*d\001jf+c"
 274      60DB6385 
 274      B081B146 
 274      46852A64 
 274      016A662B 
 275 02cf 6CD8DC26 		.ascii	"l\330\334&;\003\035t\033\315\350!t;\224)\017\321\355"
 275      3B031D74 
 275      1BCDE821 
 275      743B9429 
 275      0FD1ED
 276 02e2 3085AA3B 		.ascii	"0\205\252;\034(\366\010r\214$3\212\314#\\\266\321xk"
 276      1C28F608 
 276      728C2433 
 276      8ACC235C 
 276      B6D1786B 
 277 02f6 1EC365A0 		.ascii	"\036\303e\240\345bz\224\236\307\262\266\307\3506\226"
 277      E5627A94 
 277      9EC7B2B6 
 277      C7E83696 
ARM GAS  /tmp/ccgZamOD.s 			page 22


 278 0306 937D1C68 		.ascii	"\223}\034h\371>A\200'\311<E&\216L<\231g\310\214#3\236"
 278      F93E4180 
 278      27C93C45 
 278      268E4C3C 
 278      9967C88C 
 279 031d 4C0299E7 		.ascii	"L\002\231\347\310L 3\221\314$2\211d&\223y\236\314T2"
 279      C84C2033 
 279      91CC2432 
 279      89642693 
 279      799ECC54 
 280 0332 D3C82491 		.ascii	"\323\310$\221\231Nf\006\231d2)df\222\231E\346\0052\263"
 280      994E6606 
 280      99643229 
 280      64669299 
 280      45E60532 
 281 0347 C9CC2133 		.ascii	"\311\314!3\227\314<2/\222\231Of\001\231T\256c\032\027"
 281      97CC3C32 
 281      2F92994F 
 281      66019954 
 281      AE631A17 
 282 035b 6621D724 		.ascii	"f!\327$\235\313\221\301U[\304uT\224\016lH\334F;U\025"
 282      9DCB91C1 
 282      555BC475 
 282      54940E6C 
 282      48DC463B 
 283 0371 FF895670 		.ascii	"\377\211Vp\367x.\226'Q\207\272\205\325-,\264Oz+\313"
 283      F7782E96 
 283      275187BA 
 283      85D52D2C 
 283      B44F7A2B 
 284 0386 6CB4E599 		.ascii	"l\264\345\231@\300\001\234\271\313\240r\013c\030\004"
 284      40C0019C 
 284      B9CBA072 
 284      0B631804 
 285 0396 2948F27A 		.ascii	")H\362zZ\313\317\200d\331$\353@\377\335\272hb\231\021"
 285      5ACBCF80 
 285      64D924EB 
 285      40FFDDBA 
 285      68629911 
 286 03aa 7D10591C 		.ascii	"}\020Y\034\373\212\016\262#\016A\273\032\032=f\031\032"
 286      FB8A0EB2 
 286      230E41BB 
 286      1A1A3D66 
 286      191A
 287 03bc A0312874 		.ascii	"\2401(t\015\205\266\313\3207\313\317\351,\007\206\206"
 287      0D85B6CB 
 287      D037CBCF 
 287      E92C0786 
 287      86
 288 03cd 84B050D1 		.ascii	"\204\260P\321\350\017Ik\017q\243%\367\216?\255!2\255"
 288      E80F496B 
 288      0F71A325 
 288      F78E3FAD 
 288      2132AD
 289 03e0 431FEEEB 		.ascii	"C\037\356\353\261\311\264\014\360uxZC\021\027\022k7"
 289      B1C9B40C 
 289      F075785A 
ARM GAS  /tmp/ccgZamOD.s 			page 23


 289      43111712 
 289      6B37
 290 03f2 C51A2A63 		.ascii	"\305\032*c\365\225w\350\260\207d\254\356\267\213\357"
 290      F59577E8 
 290      B08764AC 
 290      EEB78BEF 
 291 0402 0A19CB04 		.ascii	"\012\031\313\004\207\302c\015C\034\202vx\273w\030\245"
 291      87C2630D 
 291      431C8276 
 291      78BB7718 
 291      A5
 292 0413 C468381C 		.ascii	"\304h8\034\024\272\232B\017\303\307\025u\225V\366\310"
 292      14BA9A42 
 292      0FC3C715 
 292      759556F6 
 292      C8
 293 0424 A5BFA1B8 		.ascii	"\245\277\241\270\376\270\211\010\270G@\023/\224N\374"
 293      FEB88908 
 293      B8474013 
 293      2F944EFC 
 294 0434 70E1374D 		.ascii	"p\3417M v\010\317\233[\030\025\371\300\011\032\364\007"
 294      207608CF 
 294      9B5B1815 
 294      F9C0091A 
 294      F407
 295 0446 56AEE90F 		.ascii	"V\256\351\017\\B\241?\360T\251\372\003\266\205[\200"
 295      5C42A13F 
 295      F054A9FA 
 295      03B6855B 
 295      80
 296 0457 CCF67445 		.ascii	"\314\366tE\212Lw\004\272x\012\232\241\350\274{\211\356"
 296      8A4C7704 
 296      BA780A9A 
 296      A1E8BC7B 
 296      89EE
 297 0469 C47C76B6 		.ascii	"\304|v\266\327\374l\227\002\0248\"\027\256\027\300-"
 297      D7FC6C97 
 297      02143822 
 297      17AE17C0 
 297      2D
 298 047a 86AB6852 		.ascii	"\206\253hR\355=\235K\275\240b#\250\265g\363\334\"\303"
 298      ED3D9D4B 
 298      BDA06223 
 298      A8B567F3 
 298      DC22C3
 299 048d 7EA12BDB 		.ascii	"~\241+\333\013\002\247O=B\2164\373\207\005^\320pJ\324"
 299      0B02A74F 
 299      3D428E34 
 299      FB87055E 
 299      D0704AD4 
 300 04a1 53BF758B 		.ascii	"S\277u\213\205\366\332\256B/\030\260\254j;\215\247\333"
 300      85F6DAAE 
 300      422F18B0 
 300      AC6A3B8D 
 300      A7DB
 301 04b3 8F10C148 		.ascii	"\217\020\301HZ\325\222\363\350Ydo\357z\025Ek\312\252"
 301      5AD592F3 
ARM GAS  /tmp/ccgZamOD.s 			page 24


 301      E859646F 
 301      EF7A1545 
 301      6BCAAA
 302 04c6 78D99237 		.ascii	"x\331\2227+J!|\213\3055K\213\225\026(\255L\336UqG9J"
 302      2B4A217C 
 302      8BC5354B 
 302      8B951628 
 302      AD4CDE55 
 303 04de 798FC402 		.ascii	"y\217\304\002\005O\220\011'\350\230\234\240\315\236"
 303      054F9009 
 303      27E8989C 
 303      A0CD9E
 304 04ed 764D8246 		.ascii	"vM\202F!.\370\003o\002\015\216KP\207\247A\225\240Gx"
 304      212EF803 
 304      6F020D8E 
 304      4B5087A7 
 304      4195A047 
 305 0502 2247F1AC 		.ascii	"\"G\361\254\241\203\336\212N\211\271S\221,A\243\341"
 305      A183DE8A 
 305      4E89B953 
 305      912C41A3 
 305      E1
 306 0513 D9189A92 		.ascii	"\331\030\232\222VX\341]y\012\244s\014\372\375\264:\242"
 306      5658E15D 
 306      790AA473 
 306      0CFAFDB4 
 306      3AA2
 307 0525 8D91EFEF 		.ascii	"\215\221\357\357\253\370\235D\304\310,\375+\305\204"
 307      ABF89D44 
 307      C4C82CFD 
 307      2BC584
 308 0534 E06F7C09 		.ascii	"\340o|\011t\353a\036\305\206Ghh\354\261\350\367\307"
 308      74EB611E 
 308      C5864768 
 308      68ECB1E8 
 308      F7C7
 309 0546 AEA7D863 		.ascii	"\256\247\330c%\353\340\216\024\211x,\270\365\314\330"
 309      25EBE08E 
 309      1489782C 
 309      B8F5CCD8 
 310 0556 7A272086 		.ascii	"z' \206t\204\204\211E\234?L\003\205\211E@\375\276\316"
 310      74848489 
 310      459C3F4C 
 310      03858945 
 310      40FDBECE 
 311 056a EE7A9344 		.ascii	"\356z\223D<\021\334\220\202\267\366\273\215\207W\331"
 311      3C11DC90 
 311      82B7F6BB 
 311      8D8757D9 
 312 057a B6C2BB78 		.ascii	"\266\302\273xX\212r\213\307\341[j\011\364\177\357\365"
 312      588A728B 
 312      C7E15B6A 
 312      09F47FEF 
 312      F5
 313 058b EEB7392B 		.ascii	"\356\2679+\\E8`\201\223\260\025\372\370$\005\247\300"
 313      5C453860 
 313      8193B015 
ARM GAS  /tmp/ccgZamOD.s 			page 25


 313      FAF82405 
 313      A7C0
 314 059d 49AFEDF3 		.ascii	"I\257\355\363\364\350\205\177R/E\217\177*\236\3027\241"
 314      F4E8857F 
 314      522F458F 
 314      7F2A9EC2 
 314      37A1
 315 05af 9F9CF73C 		.ascii	"\237\234\367<W\014\322I\355\213C\224\321\206\346\021"
 315      570CD249 
 315      ED8B4394 
 315      D186E611 
 316 05bf E40B7AFB 		.ascii	"\344\013z\373rj\002\3322\037\220\303w\201\034N\203\023"
 316      726A02DA 
 316      321F90C3 
 316      77811C4E 
 316      8313
 317 05d1 03B2B8AA 		.ascii	"\003\262\270\252\333>q\361\003V\363=G\242\303/\234\361"
 317      DB3E71F1 
 317      0356F33D 
 317      47A2C32F 
 317      9CF1
 318 05e3 A969D0D3 		.ascii	"\251i\320\323|F/~\217\247[W3\016C\243_\252i\327a\343"
 318      7C462F7E 
 318      8FA75B57 
 318      330E43A3 
 318      5FAA69D7 
 319 05f9 7165E2D0 		.ascii	"qe\342\320\340\325\234\015\344p\216\324\214\227S\345"
 319      E0D59C0D 
 319      E4708ED4 
 319      8C9753E5 
 320 0609 57933060 		.ascii	"W\2230`5\3479\022\237D.\260\032\332\265\364\334\237"
 320      35E73912 
 320      9F442EB0 
 320      1ADAB5F4 
 320      DC9F
 321 061b 63410932 		.ascii	"cA\0112\367\013z\356\023p\213\301\241\301\347\376\237"
 321      F70B7AEE 
 321      13708BC1 
 321      A1C1E7FE 
 321      9F
 322 062c C01B2F52 		.ascii	"\300\033/R\356\023h\2279\347\256\3368Z\276@\366\275"
 322      EE136897 
 322      39E7AEDE 
 322      385ABE40 
 322      F6BD
 323 063e C25B9D41 		.ascii	"\302[\235A\271g\0218|\334\375\345\306\0309L\257;tx\343"
 323      B9671138 
 323      7CDCFDE5 
 323      C618394C 
 323      AF3B7478 
 324 0653 369BDC16 		.ascii	"6\233\334\026M\360\203\037mTj\015\202\247\265\347[\275"
 324      4DF0831F 
 324      6D546A0D 
 324      82A7B5E7 
 324      5BBD
 325 0665 1013075C 		.ascii	"\020\023\007\\\210K\234\026\375(\200f\337\264\372&q"
 325      884B9C16 
ARM GAS  /tmp/ccgZamOD.s 			page 26


 325      FD288066 
 325      DFB4FA26 
 325      71
 326 0676 925C0C41 		.ascii	"\222\\\014A\245I\304\320\350\017-\315d\336\"\022\271"
 326      A549C4D0 
 326      E80F2DCD 
 326      64DE2212 
 326      B9
 327 0687 34EF8F8C 		.ascii	"4\357\217\214T\232\231\017.\315\345@\016-T\232\311,"
 327      549A990F 
 327      2ECDE540 
 327      0E2D549A 
 327      C92C
 328 0699 CBE497D5 		.ascii	"\313\344\227\325\353\223\365\374\200e]\341\220\032\205"
 328      EB93F5FC 
 328      80655DE1 
 328      901A85
 329 06a8 BC1A2E6B 		.ascii	"\274\032.k\352}\262\246ah\364\207\312JbY\323\006/\253"
 329      EA7DB2A6 
 329      6168F487 
 329      CA4A6259 
 329      D3062FAB 
 330 06bc 3590C38F 		.ascii	"5\220\303\217$+\211e\231in\271m{/\353\262\246\017X\326"
 330      242B8965 
 330      99696EB9 
 330      6D7B2FEB 
 330      B2A60F58 
 331 06d1 350E69A0 		.ascii	"5\016i\240\220\327}m\353\2235\203\333vz\350\222K\306"
 331      90D77D6D 
 331      EB933583 
 331      DB767AE8 
 331      924BC6
 332 06e4 C6C221D9 		.ascii	"\306\302!\331\266\021E\314x\260\210\266\300\033o\220"
 332      B61145CC 
 332      78B088B6 
 332      C01B6F90 
 333 06f4 88641611 		.ascii	"\210d\026\021\245\224\306\310\271ih\321E\244\014XD{"
 333      A594C6C8 
 333      B96968D1 
 333      45A40C58 
 333      447B
 334 0706 20E44FE1 		.ascii	" \344O\341\"f\262\210\224P\021\263X\304\314\301\213"
 334      2266B288 
 334      945011B3 
 334      58C4CCC1 
 334      8B
 335 0717 B81978E3 		.ascii	"\270\031x\343-\0221K\341\305U\266\305\267\270\202V\223"
 335      2D12314B 
 335      E1C555B6 
 335      C5B7B882 
 335      5693
 336 0729 4559E590 		.ascii	"EY\345\220\322\016\234\324\245\2750`i\035\201N\356\014"
 336      D20E9CD4 
 336      A5BD3060 
 336      691D814E 
 336      EE0C
 337 073b 6FBBD9F7 		.ascii	"o\273\331\367\265\335\034\014\215\376\320\266\233\313"
ARM GAS  /tmp/ccgZamOD.s 			page 27


 337      B5DD1C0C 
 337      8DFED0B6 
 337      9BCB
 338 0749 6D3767F0 		.ascii	"m7g\360m\347\015\344\320Eb\347\262,\253_\326A\237\254"
 338      6DE70DE4 
 338      D04562E7 
 338      B22CAB5F 
 338      D6419FAC 
 339 075d 790396D5 		.ascii	"y\003\226\325\035\350\344\333\341\262^\274O\326|\014"
 339      1DE8E4DB 
 339      E1B25EBC 
 339      4FD67C0C 
 340 076d 8DFE5059 		.ascii	"\215\376PY\013X\326\374\301\313\272\023\310\341.\311"
 340      0B58D6FC 
 340      C1CBBA13 
 340      C8E12EC9 
 341 077d 5AC0B26C 		.ascii	"Z\300\262l|(\224g\323\275S\344\211-\225\216q\317\006"
 341      7C289467 
 341      D3BD53E4 
 341      892D958E 
 341      71CF06
 342 0790 4E997CD6 		.ascii	"N\231|\326K\225\333m\313\226Q:\310w\216\303 v\245\244"
 342      4B95DB6D 
 342      CB96513A 
 342      C8778EC3 
 342      2076A5A4 
 343 07a4 91837478 		.ascii	"\221\203txN\327\350\007\3774\374\362\006\007\341\243"
 343      4ED7E807 
 343      FF34FCF2 
 343      0607E1A3 
 344 07b4 649A3C61 		.ascii	"d\232<a\\\254\231.A\013\361\203\306\007\373\220s\367"
 344      5CAC992E 
 344      410BF183 
 344      C607FB90 
 344      73F7
 345 07c6 42896AAD 		.ascii	"B\211j\255\231*Q\351\370\351"
 345      992A51E9 
 345      F8E9
 346 07d0 0841F181 		.ascii	"\010A\361\2015]\242\332~!A\031\364\005\010\006\361q"
 346      355DA2DA 
 346      7E214119 
 346      F4050806 
 346      F171
 347 07e2 3583401B 		.ascii	"5\203@\033<wj&J\324\"\371!\330\275\362H\225E~\010\000"
 347      3C776A26 
 347      4AD422F9 
 347      21D8BDF2 
 347      4895457E 
 348 07f8 EE0591F8 		.ascii	"\356\005\221\370\\\274\210E9\350\307L\033\236\254\253"
 348      5CBC8845 
 348      39E8C74C 
 348      1B9EACAB 
 349 0808 8F09792E 		.ascii	"\217\011y.T\350\247\016\240\033?BSf/]\266dY\372\313"
 349      54E8A70E 
 349      A01B3F42 
 349      53662F5D 
 349      B66459FA 
ARM GAS  /tmp/ccgZamOD.s 			page 28


 350 081d CEDC02E7 		.ascii	"\316\334\002\347\322\305\331\316\274\334\374\302\002"
 350      D2C5D9CE 
 350      BCDCFCC2 
 350      02
 351 082a E7CBBF4E 		.ascii	"\347\313\277N\233\234\350LM\235\343\234\2271?\375\365"
 351      9B9CE84C 
 351      4D9DE39C 
 351      97313FFD 
 351      F5
 352 083b 441AFA43 		.ascii	"D\032\372C\036^\331\331\231\023^S4Bi9\213\013\376\244"
 352      1E5ED9D9 
 352      99135E53 
 352      34426939 
 352      8B0BFEA4 
 353 084f E5E46666 		.ascii	"\345\344ff\211%\313\012\265\305\331\205\371\206\274"
 353      8925CB0A 
 353      B5C5D985 
 353      F986BC
 354 085e 3FE765E6 		.ascii	"?\347e\346\233r\013\362\262\2622\363\215\271\205o\344"
 354      9B720BF2 
 354      B2B232F3 
 354      8DB9856F 
 354      E4
 355 086f 65E51B08 		.ascii	"e\345\033\010\222o\246qb\2509\223\324\234D5g\312\377"
 355      926FA671 
 355      62A83993 
 355      D49C4435 
 355      67CAFF
 356 0882 00B93BD8 		.ascii	"\000\271;\330u"
 356      75
 357              		.text
 358              		.section	.gnu.lto_.symbol_nodes.d9043c3f087f0b68,"",%progbits
 359 0000 789C6361 		.ascii	"x\234ca`dPc\000\002\246~\246z\006\206\011\347\030\030"
 359      60645063 
 359      0002A67E 
 359      A67A0686 
 359      09E71818 
 360 0014 80D4AE06 		.ascii	"\200\324\256\006E\240\310\004\246zF\024\021\006\000"
 360      45A0C804 
 360      A67A4614 
 360      110600
 361 0023 B2CD08C2 		.ascii	"\262\315\010\302"
 362              		.text
 363              		.section	.gnu.lto_.refs.d9043c3f087f0b68,"",%progbits
 364 0000 789C6361 		.ascii	"x\234ca`\004B \000\000\0009\000\007"
 364      60044220 
 364      00000039 
 364      0007
 365              		.text
 366              		.section	.gnu.lto_.decls.d9043c3f087f0b68,"",%progbits
 367 0000 789CCD59 		.ascii	"x\234\315YkPT\311\025\236\276=\014\3030\300\026\230"
 367      6B5054C9 
 367      159EBE3D 
 367      0CC330C0 
 367      1698
 368 0012 945B65A5 		.ascii	"\224[e\245,C\\\222Zw\004\335\335\354\237T\024P\334e"
 368      2C435C92 
ARM GAS  /tmp/ccgZamOD.s 			page 29


 368      5A7704DD 
 368      DDEC9F54 
 368      1450DC65 
 369 0026 576A7037 		.ascii	"Wjp7I\325VMPP\251 \020\030S\356\257\014\357\227\274"
 369      49D5564D 
 369      5050A920 
 369      101853EE 
 369      AF0CEF97 
 370 003b 1141C407 		.ascii	"\021A\304\007\342\003AE\024\001A\031E\021T\344)\212"
 370      E2034145 
 370      14014119 
 370      451154E4 
 370      298A
 371 004d 200E022A 		.ascii	" \016\002**\010\242\362P$\247o\337\231{\3472T\314\356"
 371      2A08A2F2 
 371      5024A76F 
 371      DF997BE7 
 371      3254CCEE 
 372 0061 9FDCE24C 		.ascii	"\237\334\342L\367\271\375\3659\247O\237\356>}\221J\220"
 372      F7B9FDF5 
 372      39A74F9F 
 372      EE3E7D91 
 372      4A90
 373 0073 843C29BF 		.ascii	"\204<)\277\221H*\261D\362#\260\263\360@U\362\203\204"
 373      91482AB1 
 373      44F223B0 
 373      B3F04055 
 373      F28384
 374 0086 7F18A051 		.ascii	"\177\030\240Q\240/\221d\316C\336;pxG\240\005@\303@\237"
 374      A02F9164 
 374      CE43DE3B 
 374      707847A0 
 374      0540C340 
 375 009b 0025023E 		.ascii	"\000%\002>\036h\006\352;\241|\016e2\224\256@I@)@\313"
 375      1E6806EA 
 375      3BA17C0E 
 375      653294AE 
 375      40494029 
 376 00b1 813E86F7 		.ascii	"\201>\206\367Z(#\200\372\240\336\010\364)\324\257@\371"
 376      5A282380 
 376      FAA0DE08 
 376      F429D4AF 
 376      40F9
 377 00c3 0728AF43 		.ascii	"\007(\257C\351\002e\035\221\013\345\015(\177\017\345"
 377      E902651D 
 377      910BE50D 
 377      287F0FE5 
 378 00d3 35289741 		.ascii	"5(\227AY\017\345o\241|\010\345\000\320#\240A \003\320"
 378      590FE56F 
 378      A17C08E5 
 378      00D023A0 
 378      412003D0 
 379 00e7 63A07EA0 		.ascii	"c\240~\240\007\202qdZ\030\007\031\233\255h\034+\341"
 379      07827164 
 379      5A180719 
 379      9BAD681C 
 379      2BE1
ARM GAS  /tmp/ccgZamOD.s 			page 30


 380 00f9 DD0494E3 		.ascii	"\335\004\224\343@\325\334\230|$\324f2&\031g'\261\221"
 380      40D5DC98 
 380      7C24D466 
 380      32261967 
 380      27B191
 381 010c D8476C22 		.ascii	"\330Gl\"\366\020[\320<\376\232a\320\373\262\253S\366"
 381      F6105BD0 
 381      3CFE9A61 
 381      D0FBB2AB 
 381      53F6
 382 011e DDA80B81 		.ascii	"\335\250\013\201=\350#\366-B\364\027\261$\241\304\262"
 382      3DE823F6 
 382      2D42F417 
 382      B124A1C4 
 382      B2
 383 012f 12FECFF4 		.ascii	"\022\376\317\364\012\031\201\034\317\030\253\022\223"
 383      0A19811C 
 383      CF18AB12 
 383      93
 384 013c 30F6CFD8 		.ascii	"0\366\317\330\177\326\370\260Bx\351\210\353Dy\256\263"
 384      7FD6F8B0 
 384      4278E988 
 384      EB4479AE 
 384      B3
 385 014d 04713CC3 		.ascii	"\004q<\303+@\2245v\020\310\243\346r\342x\233McB\306"
 385      2B409435 
 385      7610C8A3 
 385      E672E278 
 385      9B4D6342 
 386 0162 411F2FC9 		.ascii	"A\037/\311\035\264\301\014\"\365\226\3073\203\350\263"
 386      1DB4C10C 
 386      22F596C7 
 386      3383E8B3 
 387 0172 121D3C69 		.ascii	"\022\035<i:\035\343\302\273\2465\272t/~\305 G\005\222"
 387      3A1DE3C2 
 387      BBA635BA 
 387      742F7EC5 
 387      20470592 
 388 0186 023BD6B4 		.ascii	"\002;\326\264\247\337\036\330\005\012\264\030\330\363"
 388      A7DF1ED8 
 388      050AB418 
 388      D8F3
 389 0194 F7C7F4B6 		.ascii	"\367\307\364\266\264\325\200\200\257\2740\354F\331E"
 389      B4D58080 
 389      AFBC30EC 
 389      46D945
 390 01a3 82D6055C 		.ascii	"\202\326\005\\kiM\364\260=m\326\023>)&5\301\032\177"
 390      6B694DF4 
 390      B03D6DD6 
 390      133E2926 
 390      35C11A7F 
 391 01b7 CC5A3012 		.ascii	"\314Z0\022=h\340$-\004\266m\364f>\307~\004lOB\354>\031"
 391      3D68E024 
 391      2D04B66D 
 391      F4663EC7 
 391      7E046C4F 
 392 01cf 5ECC22EF 		.ascii	"^\314\"\3577\024\025\023\213>Q 2b\007xu\352y\325\224"
ARM GAS  /tmp/ccgZamOD.s 			page 31


 392      37141513 
 392      8B3E5120 
 392      32620778 
 392      75EA79D5 
 393 01e4 1D7D4510 		.ascii	"\035}E\020m\251/\013\255\361\357H\235\251O>Sf\213\\"
 393      6DA92F0B 
 393      ADF1EF48 
 393      9DA94F3E 
 393      53668B5C 
 394 01f8 1447C8D8 		.ascii	"\024G\310\330\014\255\207\225U:\335G\250\022)\3209\204"
 394      0CAD8795 
 394      553ADD47 
 394      A81229D0 
 394      3984
 395 020a 5111FA8C 		.ascii	"Q\021\372\214\270\344\023\005\374\306\353t\221\272\264"
 395      B8E41305 
 395      FCC6EB74 
 395      91BAB4
 396 0219 289D6383 		.ascii	"(\235c\203\275\004\025\243E\3508Z$A\025\310\205\210"
 396      BD0415A3 
 396      45E8385A 
 396      244115C8 
 396      8588
 397 022b 2540540E 		.ascii	"%@T\016/\317\302KPQT\230^ \303\261\210\325\221{\366"
 397      2FCFC24B 
 397      50515498 
 397      5E20C3B1 
 397      88D5917B 
 398 0240 F884C2A4 		.ascii	"\370\204\302\244\2436qe\011\321Q\015:\252x\035\240r"
 398      A3367165 
 398      09D1510D 
 398      3AAA781D 
 398      A072
 399 0252 5E25E72D 		.ascii	"^%\347-+yx\276'\202\301\367X%hO\365\253\353V\324#r`"
 399      2B7978BE 
 399      2782C1F7 
 399      5825684F 
 399      F5ABEB56 
 400 026a 5F645E6D 		.ascii	"_d^mbp/m{t7*W\206\007(\2236\323\245\223\341\347\224"
 400      62702F6D 
 400      7B74372A 
 400      57860728 
 400      9336D3A5 
 401 0282 497E3179 		.ascii	"I~1yP\212\307)\323\0255\321i\207\247X\306\346\344T\322"
 401      508AC729 
 401      D31535D1 
 401      6987A758 
 401      C6E6E454 
 402 0297 8012393B 		.ascii	"\200\0229;;9;\2738;;\027\020\303\0143\315\377\316<\032"
 402      3B393BBB 
 402      383B3B17 
 402      10C30C33 
 402      CDFFCE3C 
 403 02ac AB4BF363 		.ascii	"\253K\363c\255\257\001\353\257\"'\336\3162\370\221 "
 403      ADAF01EB 
 403      AF2227DE 
 403      CE32F891 
ARM GAS  /tmp/ccgZamOD.s 			page 32


 403      20
 404 02bd 57F891B0 		.ascii	"W\370\221\260x\375\233f\245\021\\+\006_\340\301\351"
 404      78FD9B66 
 404      A5115C2B 
 404      065FE0C1 
 404      E9
 405 02ce 5C60E990 		.ascii	"\\`\351\220V\202N\002\340\004\333F\3400f\324\000\303"
 405      56824E02 
 405      E004DB46 
 405      E03066D4 
 405      00C3
 406 02e0 AF47CEA8 		.ascii	"\257G\316\250\021\350\012\320u\240:\240\033@\327\220"
 406      11E80AD0 
 406      75A03AA0 
 406      1B40D790 
 407 02f0 331B8A54 		.ascii	"3\033\212T_/\257\357\222X\237Jd[v\233\011{Y\214=\315"
 407      5F2FAFEF 
 407      92589F4A 
 407      645B769B 
 407      097B598C 
 408 0306 DBC64E9A 		.ascii	"\333\306N\232\276\033\004\353\344\004$\341&\214W:\336"
 408      BE1B04EB 
 408      E40424E1 
 408      268C573A 
 408      DE
 409 0317 BC2857A7 		.ascii	"\274(W\247\217\306\254(\275E\265\305\210\327;\315\333"
 409      8FC6AC28 
 409      BD45B5C5 
 409      88D73BCD 
 409      DB
 410 0328 78D1B24F 		.ascii	"x\321\262O\204\350\014\336\3123\226\335M\3210}\265\357"
 410      84E80CDE 
 410      CA3396DD 
 410      4DD1307D 
 410      B5EF
 411 033a A35B64F8 		.ascii	"\243[d\370\014\273b\231\250\302\261t9rq\242\346\347"
 411      0CBB6299 
 411      A8C2B174 
 411      397271A2 
 411      E6E7
 412 034c B62162FE 		.ascii	"\266!b\376-\350}\223\01792\232y\234\217\232\300\347"
 412      2DE87D93 
 412      0F39329A 
 412      799C8F9A 
 412      C0E7
 413 035e FF8BFF41 		.ascii	"\377\213\377A\377\370\261\262}r\032\201\307\310\362"
 413      FFF8B1B2 
 413      7D721A81 
 413      C7C8F2
 414 036d 1D9AA97F 		.ascii	"\035\232\251\177f\205\353\351\016R\322t\255\207\333"
 414      6685EBE9 
 414      0E52D274 
 414      AD87DB
 415 037c 27E24963 		.ascii	"'\342Ic\373DK\234\0027\321\306\331\241\256C6\264q\224"
 415      FB444B9C 
 415      0237D1C6 
 415      D9A1AE43 
ARM GAS  /tmp/ccgZamOD.s 			page 33


 415      36B47194 
 416 0390 F089E599 		.ascii	"\360\211\345\231\207\034p\007ml\177t0ZI\033[\010\237"
 416      871C7007 
 416      6D6C7F74 
 416      305A491B 
 416      5B089F
 417 03a3 927AE6B4 		.ascii	"\222z\346\264\002w\323\306c\217\366\246p\215\177\004"
 417      0277D3C6 
 417      638FF6A6 
 417      708D7F04 
 418 03b3 B6BCA9B2 		.ascii	"\266\274\251\262\327\012?\244m=/;\343l\361\020eN\275"
 418      D70A3FA4 
 418      6D3D2F3B 
 418      E36CF110 
 418      654EBD
 419 03c6 CB3A2AC3 		.ascii	"\313:*\303\243\224\271\3363\331gM{\275#\306<M\236\355"
 419      A394B9DE 
 419      33D9674D 
 419      7BBD23C6 
 419      3C4D9EED 
 420 03da 51721B11 		.ascii	"Qr\033\021\331/\342\232^\037e\360\004\013\266M\277\220"
 420      D92FE29A 
 420      5E1F65F0 
 420      040BB64D 
 420      BF90
 421 03ec 5F618760 		.ascii	"_a\207`\031p\217\213\231\303z\300a\335\354<\364r\336"
 421      19708F8B 
 421      99C37AC0 
 421      61DDEC3C 
 421      F472DE
 422 03ff 7A02DEEA 		.ascii	"z\002\336\352\003\317<\004\032\000z\0044\010d\000z\014"
 422      03CF3C04 
 422      1A007A04 
 422      34086400 
 422      7A0C
 423 0411 D40FF480 		.ascii	"\324\017\364\200\217Z\230\235\326\366E\021l\000\221"
 423      8F5A989D 
 423      D6F64511 
 423      6C0091
 424 0420 F9B90FF3 		.ascii	"\371\271\017\363CD\231f\242\304lQ\001<\307\227D\004"
 424      43449966 
 424      A2C46C51 
 424      013CC797 
 424      4404
 425 0432 C1B689B1 		.ascii	"\301\266\211\261\255\346\361\003\340\026\265\021|O\014"
 425      ADE6F103 
 425      E016B511 
 425      7C4F0C
 426 0441 5689E4DE 		.ascii	"V\211\344\3365A\273\304\320\323s\344V\232\214(\025\203"
 426      3541BBC4 
 426      D0D373E4 
 426      569A8C28 
 426      1583
 427 0453 4FCD018F 		.ascii	"O\315\001\217\232$\337\025\203\357\210G\227f\022\334"
 427      9A24DF15 
 427      83EF8847 
 427      976612DC 
ARM GAS  /tmp/ccgZamOD.s 			page 34


 428 0463 21C6B68B 		.ascii	"!\306\266\213\261\223&\271\235b\354\3559F\224\232\004"
 428      B19326B9 
 428      9D62ECED 
 428      3946949A 
 428      04
 429 0474 B788C1CD 		.ascii	"\267\210\301\315\342\345^\335\306.\367^\363\345\016"
 429      E2E55EDD 
 429      C62EF75E 
 429      F3E50E
 430 0483 917169EA 		.ascii	"\221qi\352y\214\003~O\327X\313\245\324^{\344d9 \320"
 430      798C037E 
 430      4FD758CB 
 430      A5D45E7B 
 430      E4643920 
 431 0498 3388839F 		.ascii	"3\210\203\237\023\023\324\202\327\355\354\212}\012\002"
 431      1313D482 
 431      D7EDEC8A 
 431      7D0A02
 432 04a7 86F815DB 		.ascii	"\206\370\025\333\313\256X\260cw\374\236{\016N\234b\375"
 432      CBAE58B0 
 432      6377FC9E 
 432      7B0E4E9C 
 432      62FD
 433 04b9 BC8A251F 		.ascii	"\274\212%\037\254\025dV\357\334\223\253P&\362'\020z"
 433      AC156456 
 433      EFDC93AB 
 433      5026F227 
 433      107A
 434 04cb 2ED86D24 		.ascii	".\330m$h\030)\215\251AgN\231\235\224\241\357\320F)y"
 434      6818298D 
 434      A941674E 
 434      999D94A1 
 434      EFD04629 
 435 04e0 F776B6A8 		.ascii	"\367v\266\250\304fa6kQ\224n\261\024\375\360kA\337\027"
 435      C4666136 
 435      6B51946E 
 435      B114FDF0 
 435      6B41DF17 
 436 04f4 6821FC8E 		.ascii	"h!\374\216 )\025\220\236\222\273x\311\001\335\201R\235"
 436      20291590 
 436      9E92BB78 
 436      C901DD81 
 436      529D
 437 0506 E1F49E1F 		.ascii	"\341\364\236\037\373\312t\272\004\350'%0\330;L\303\205"
 437      FBCA74BA 
 437      04E82725 
 437      30D83B4C 
 437      C385
 438 0518 2A298EC2 		.ascii	"*)\216\302\270$h\024-\201\236\303\207\2432\035\360\005"
 438      B8246814 
 438      2D819EC3 
 438      87A3321D 
 438      F005
 439 052a CCAEE3E3 		.ascii	"\314\256\343\343ME\357\244\270\235e\230\310\351\244"
 439      4D45EFA4 
 439      B89D6598 
 439      C8E9A4
ARM GAS  /tmp/ccgZamOD.s 			page 35


 440 0539 723952B8 		.ascii	"r9R\270X>B_Y8B\351y<\223\272\346p\014$5h\034\366\330"
 440      583E425F 
 440      593842E9 
 440      793C93BA 
 440      E6700C24 
 441 0552 97BCF26A 		.ascii	"\227\274\362j\366@\006-\023}q\215\230\035-A\320\321"
 441      F640062D 
 441      137D718D 
 441      981D2D41 
 441      D0D1
 442 0564 465F7993 		.ascii	"F_y\223n\207{\250\346\354\216\335\343\266\363j\236\234"
 442      6E877BA8 
 442      E6EC8EDD 
 442      E3B6F36A 
 442      9E9C
 443 0576 4FB3FEBD 		.ascii	"O\263\376\275\023h\235\000\231o,h}\273\367\325c\352"
 443      13689D00 
 443      996F2C68 
 443      7DBBF7D5 
 443      63EA
 444 0588 6382788D 		.ascii	"c\202x\215X\265y\343\367\207\270\215\322E\220m9\322"
 444      58B579E3 
 444      F787B88D 
 444      D245906D 
 444      39D2
 445 059a 6C6BF2E0 		.ascii	"lk\362\340@\006\203\207\250oZ\216\306\267`\005\230\024"
 445      40068387 
 445      A86F5A8E 
 445      C6B76005 
 445      9814
 446 05ac F5C1F944 		.ascii	"\365\301\371D\351l\226\301\016\217\320\376'&\037\234"
 446      E96C96C1 
 446      0E8FD0FE 
 446      27261F9C 
 447 05bc B3C2E394 		.ascii	"\263\302\343\224I\316\272|Y\212')s(7=\316\012\317P\246"
 447      49CEBA7C 
 447      598A2729 
 447      7328373D 
 447      CE0ACF50 
 448 05d1 2823AD54 		.ascii	"(#\255T\201g)c\314\312\026\320\254\354\352\354\204\336"
 448      81672963 
 448      CCCA16D0 
 448      ACECEAEC 
 448      84DE
 449 05e3 819AC700 		.ascii	"\201\232\307\000\233s\374\316\264\015\216\220\262\320"
 449      9B73FCCE 
 449      B40D8E90 
 449      B2D0
 450 05f1 C3D36F47 		.ascii	"\303\323oG\311y\260\224diX\220\243-\2459Z\355\215\306"
 450      C979B094 
 450      64695890 
 450      A32DA539 
 450      5AED8DC6 
 451 0605 234A1CC7 		.ascii	"#J\034\307\202\231B}d\0142:\030\006\2448\006\243\211"
 451      8299427D 
 451      640C323A 
 451      1806A438 
ARM GAS  /tmp/ccgZamOD.s 			page 36


 451      06A389
 452 0618 6216A168 		.ascii	"b\026\241h\006F\223\310\270\220^\354h\342\340e,c\234"
 452      064693C8 
 452      B8905EEC 
 452      68E2E065 
 452      2C639C
 453 062b DAD6E1AF 		.ascii	"\332\326\341\257\243`U\242\004\006N\035\306\344\343"
 453      A36055A2 
 453      04064E1D 
 453      C6E4E3
 454 063a A59C8B2F 		.ascii	"\245\234\213/\246w?R\340\014\252\243h\364f\211\303\274"
 454      A6773F52 
 454      E00CAAA3 
 454      68F46689 
 454      C3BC
 455 064c 3A92E7D5 		.ascii	":\222\347\325Q\233\270\224M\347v\202\216$^\007\250\244"
 455      519BB894 
 455      4DE77682 
 455      8E245E07 
 455      A8A4
 456 065e 4A22270B 		.ascii	"J\"'\013j\3448\217U\"=\221\325\265_\206 \247r\341\362"
 456      6AE4388F 
 456      55223D91 
 456      D5B55F86 
 456      20A772E1 
 457 0673 A9D4A0CC 		.ascii	"\251\324\240\314\270X]\313\337\331\356)\320=\215q\342"
 457      B8585DCB 
 457      DFD9EE29 
 457      D03D8D71 
 457      E2
 458 0684 B5F23B34 		.ascii	"\265\362;4]\351z\030L\230D\260\254\010\232\354/\031"
 458      5DE97A18 
 458      4C9844B0 
 458      AC089AEC 
 458      2F19
 459 0696 605E2AE3 		.ascii	"`^*\343\214\322\031a6T\226\2524\212\216\261(\0328\323"
 459      8CD21961 
 459      365496AA 
 459      348A8EB1 
 459      281A38D3 
 460 06aa 86B3BF99 		.ascii	"\206\263\277\231!\033\016\200\314\267<iAA\375\0319Z"
 460      211B0E80 
 460      CCB73C69 
 460      4141FD19 
 460      395A
 461 06bc 00075F06 		.ascii	"\000\007_\006\267\270\331\355\2067\"\223Y\300\032\221"
 461      B7B8D9ED 
 461      86372293 
 461      59C01A91 
 462 06cc 0D46EC02 		.ascii	"\015F\354\002#\262\030\341\341V\336\214\341p\213\244"
 462      23B218E1 
 462      E156DE8C 
 462      E1708BA4 
 463 06dc EA23C10C 		.ascii	"\352#\301\014\002\2377)\313\027\346R\021\363\243\251"
 463      029F3729 
 463      CB17E652 
 463      11F3A3A9 
ARM GAS  /tmp/ccgZamOD.s 			page 37


 464 06ec CD79A9F6 		.ascii	"\315y\251\366\304f\300\210\266\351\027/\363:\035\026"
 464      C466C088 
 464      B6E9172F 
 464      F33A1D16 
 465 06fc 80BD11F3 		.ascii	"\200\275\021\363\333+13\226\254\351\272\333\345J\274"
 465      DB2B3133 
 465      96ACE9BA 
 465      DBE54ABC 
 466 070c 9FC6E7E0 		.ascii	"\237\306\347\340\215S\221r|\2102\373\232N\336\260\302"
 466      8D539172 
 466      7C8832FB 
 466      9A4EDEB0 
 466      C2
 467 071d 4729535D 		.ascii	"G)S]|\262\215\301'(SR5\232\204p9e\306\342Niq\015\255"
 467      7CB28DC1 
 467      27285352 
 467      359A8470 
 467      3965C6E2 
 468 0736 47E7A735 		.ascii	"G\347\247534\366?\0056;a\257A\312e\030d-\224u\036\253"
 468      3334F63F 
 468      05363B61 
 468      AF41CA65 
 468      18642D94 
 469 074d 96E3CB2C 		.ascii	"\226\343\313,\326./\373t\007D\005y\3304\303\205\244"
 469      D62E2FFB 
 469      74074405 
 469      79D834C3 
 469      85A4
 470 075f DBD1513A 		.ascii	"\333\321Q:\375n\2437f\300\033\271\340\215#\314|\331"
 470      FD6EA337 
 470      66C01BB9 
 470      E08D23CC 
 470      7CD9
 471 0771 763438B9 		.ascii	"v48\271\242\231\241\360\3350B\235\030~\332\014\016\322"
 471      A299A1F0 
 471      DD30429D 
 471      187EDA0C 
 471      0ED2
 472 0783 676F09A4 		.ascii	"go\011\244\347\213\341*\021\372\"M[\011\366\200\030"
 472      E78BE12A 
 472      11FA224D 
 472      5B09F680 
 472      18
 473 0794 3B2D165D 		.ascii	";-\026]\311\203g\221E;\350\311lvr\356\207\330\334G\""
 473      C9836791 
 473      453BE8C9 
 473      6C7672EE 
 473      87D8DC47 
 474 07a9 92C59388 		.ascii	"\222\305\223\210*\206\210:\004\223T\002t\034\350\030"
 474      2A86883A 
 474      04935402 
 474      741CE818 
 475 07b9 D041A0A3 		.ascii	"\320A\240\243@\005@\207\201\212\200N\000\025\232\242"
 475      40054087 
 475      818A804E 
 475      00159AA2 
 476 07c9 8E1890C3 		.ascii	"\216\030\220\303\033\220c"
ARM GAS  /tmp/ccgZamOD.s 			page 38


 476      1B9063
 477 07d0 D96FC6D4 		.ascii	"\331o\306\324\200\240\263x\364\0361\372\302\034\364"
 477      80A0B378 
 477      F41E31FA 
 477      C21CF4
 478 07df 791EFD5E 		.ascii	"y\036\375^<\270\267bOd\360\340<\313\242\005\361\374"
 478      3CB8B762 
 478      4F64F0E0 
 478      3CCBA205 
 478      F1FC
 479 07f1 F6169B76 		.ascii	"\366\026\233v\034aD\267\014\"(]\030\013{-\316\226\320"
 479      1C6144B7 
 479      0C22285D 
 479      180B7B2D 
 479      CE96D0
 480 0804 C81A5EEF 		.ascii	"\310\032^\357;\313F\232\356\015\372\246\311\263\220"
 480      3BCB469A 
 480      EE0DFAA6 
 480      C9B390
 481 0813 A7D36DB0 		.ascii	"\247\323m\260\277qz\024\233\356\015\255\315l\026R\012"
 481      BF717A14 
 481      9BEE0DAD 
 481      CD6C1652 
 481      0A
 482 0824 BD4FF27B 		.ascii	"\275O\362{\033\261o\236\271C\247`\312~\311\364\201="
 482      1BB16F9E 
 482      B943A760 
 482      CA7EC9F4 
 482      813D
 483 0836 4DF5772F 		.ascii	"M\365w/\311\315\362\220RF\230\207\234f\224\234%\000"
 483      C9CDF290 
 483      52469887 
 483      9C66949C 
 483      2500
 484 0848 AE48C879 		.ascii	"\256H\310yl\207\333\251\361\031=3\271`\274\222\032\337"
 484      6C87DBA9 
 484      F1193D33 
 484      B960BC92 
 484      1ADF
 485 085a 9EBD8818 		.ascii	"\236\275\210\030\177\026\340e\274\361\320\033\212\371"
 485      7F16E065 
 485      BCF1D01B 
 485      8AF9
 486 0868 A4A33360 		.ascii	"\244\2433`\263\231\202;q\321M\014{\016\023AS\364\034"
 486      B399823B 
 486      71D14D0C 
 486      7B0E1341 
 486      53F41C
 487 087b 1EBE97FA 		.ascii	"\036\276\227\372T9o\262s\216!\311N9\303%;5O\317\305"
 487      54396FB2 
 487      738E21C9 
 487      4E39C325 
 487      3B354FCF 
 488 0890 288DD9CE 		.ascii	"(\215\331\316=\315CS\266\00384\306\037\375c\302l\247"
 488      3DCD4353 
 488      B6033834 
 488      C61FFD63 
ARM GAS  /tmp/ccgZamOD.s 			page 39


 488      C26CA7
 489 08a3 8221D9CE 		.ascii	"\202!\331\316\201\234\006\3302{\351\226r\356Qc\275\202"
 489      819C06D8 
 489      327BE996 
 489      72EE5163 
 489      BD82
 490 08b5 6E293A72 		.ascii	"n):rk)\2544\300\324\016\321F}\375\316a\204_Q&\276/\256"
 490      6B29AC34 
 490      C0D40ED1 
 490      467DFDCE 
 490      61845F51 
 491 08cd 9D434EB2 		.ascii	"\235CN\262N\032)\256\260\243\273\217\236\275o]\236\270"
 491      4E1A29AE 
 491      B0A3BB8F 
 491      9EBD6F5D 
 491      9EB8
 492 08df 6B87A729 		.ascii	"k\207\247)\270<\277s\237-I\024tF\207@7~0\265\344 \203"
 492      B83CBF73 
 492      9F2D4914 
 492      74468740 
 492      377E30B5 
 493 08f6 F842CBD9 		.ascii	"\370B\313\331\034!\257\353}\251\203c\032w\034\375Y\313"
 493      1C21AFEB 
 493      7DA98363 
 493      1A771CFD 
 493      59CB
 494 0908 6ED41760 		.ascii	"n\324\027`\366i0\353\031Gc\0376M\255z8j\217\243\255"
 494      F66930EB 
 494      1947631F 
 494      364DAD7A 
 494      386A8FA3 
 495 091d 5845E975 		.ascii	"XE\351u\257\307mq<ez\012\262\016K\251\211O\010\237\377"
 495      AFC76D71 
 495      3C657A0A 
 495      B20E4BA9 
 495      894F089F 
 496 0932 EE5DB414 		.ascii	"\356]\264\024'\323\306\310\352\256t.q0\260yEdf\241\014"
 496      27D3C6C8 
 496      EAAE742E 
 496      7130B079 
 496      456466A1 
 497 0947 EFA68D6F 		.ascii	"\357\246\215oG\216\216\312\360A\312T\364\355\252\345"
 497      478E8ECA 
 497      F041CA54 
 497      F4EDAAE5 
 498 0957 12A2BB84 		.ascii	"\022\242\273\204\257\033\337;\246\304\305\2641\246\260"
 498      AF1BDF3B 
 498      A6C4C5B4 
 498      31A6B0
 499 0966 63A7352E 		.ascii	"c\2475.\247\314xwr\275\022\327R\346JC\177\273\0347R"
 499      A7CC7877 
 499      72BD12D7 
 499      52E64A43 
 499      7FBB1C37 
 500 097b 26E96A79 		.ascii	"&\351jy=w5m |\304\223\3228\214\3339\005\234\353\034"
 500      3D77356D 
 500      207CC493 
ARM GAS  /tmp/ccgZamOD.s 			page 40


 500      D2388CDB 
 500      39059CEB 
 501 0990 39D78DB5 		.ascii	"9\327\215\265\324%\332\340\373\264\261)!c\027\203\007"
 501      D425DAE0 
 501      FBB4B129 
 501      21631783 
 501      07
 502 09a1 29339B37 		.ascii	")3\2337\232\257\304\303\224\2519\024S$\307\023\224\251"
 502      9AAFC4C3 
 502      94A93914 
 502      5324C713 
 502      94A9
 503 09b3 AEA8A9E7 		.ascii	"\256\250\251\347>\315,'G\303\255\344\036%\236\245m'"
 503      3ECD2C27 
 503      47C3ADE4 
 503      1E259EA5 
 503      6D27
 504 09c5 9FC4E9AD 		.ascii	"\237\304\351\255q\234\214\366j\232*\261\307\251\034"
 504      719C8CF6 
 504      6A9A2AB1 
 504      C7A91C
 505 09d4 D35DAEC2 		.ascii	"\323]\256\302\271\264~\360I\025d\275\005\224\351\273"
 505      B9B47EF0 
 505      491564BD 
 505      0594E9BB 
 506 09e4 FF38D11E 		.ascii	"\3778\321\036\027S&\266v\327\005\033\\N\231+\206^\204"
 506      175326B6 
 506      76D7051B 
 506      5C4E992B 
 506      865E84
 507 09f7 2FD2FAB3 		.ascii	"/\322\372\263D}\027\203\257Q\246\250*\271\317\012\267"
 507      447D1783 
 507      AF51A6A8 
 507      2AB9CF0A 
 507      B7
 508 0a08 50A6BF22 		.ascii	"P\246\277\"\372\215\024wP\246\370\335\276\026\033\334"
 508      FA8D1477 
 508      50A6F8DD 
 508      BE161BDC 
 509 0a18 459996F3 		.ascii	"E\231\226\363\206A{\334G\231\361+\307\306\271IH#\341"
 509      86417BDC 
 509      4799F12B 
 509      C7C6B949 
 509      4823E1
 510 0a2b 763D3E6F 		.ascii	"v=>o9\215!\235\015\260G\332\367\214\311\360\000\213"
 510      398D219D 
 510      0DB047DA 
 510      F78CC9F0 
 510      008B
 511 0a3d 5DF2226D 		.ascii	"]\362\"mz\304\0019[x\350\275\331\205\343\330\224\300"
 511      7AC40139 
 511      5B78E8BD 
 511      D985E3D8 
 511      94C0
 512 0a4f 5035F1D7 		.ascii	"P5\361\327\363\207\256\353t\007.#\0220\350\016\254\316"
 512      F387AEEB 
 512      74072E23 
ARM GAS  /tmp/ccgZamOD.s 			page 41


 512      1230E80E 
 512      ACCE
 513 0a61 295884C6 		.ascii	")X\204\3060\232{\236\274\017\346\367\276k\034\332\264"
 513      309A7B9E 
 513      BC0FE6F7 
 513      BE6B1CDA 
 513      B4
 514 0a72 64AF32E2 		.ascii	"d\2572\342\243J\200\356\026\243\315\216A\366:\035B/"
 514      A34A80EE 
 514      16A3CD8E 
 514      41F63A1D 
 514      422F
 515 0a84 DFC4928B 		.ascii	"\337\304\222\213bKj\304\262\367\204\360\262\253\305"
 515      624B6AC4 
 515      B2F784F0 
 515      B2ABC5
 516 0a93 B2AB1891 		.ascii	"\262\253\030\221\354\014\201\354+b\331ub\331g\005v\033"
 516      EC0C81EC 
 516      2B62D975 
 516      62D96705 
 516      761B
 517 0aa5 C4B2E7EC 		.ascii	"\304\262\347\354\360Y\002K.\213\321\355b\017\326\010"
 517      F059024B 
 517      2E8BD1ED 
 517      620FD608 
 518 0ab5 64F788D1 		.ascii	"d\367\210\321sO\304}\002\341\225bx\253X\370=\201\360"
 518      734FC47D 
 518      02E19562 
 518      78AB58F8 
 518      3D81F0
 519 0ac8 DB627407 		.ascii	"\333bt\007#\026>*\200\267\212\341\315f>\204\224\260"
 519      23163E2A 
 519      80B78AE1 
 519      CD663E84 
 519      94B0
 520 0ada 2598CF08 		.ascii	"%\230\317\010\357Y\236M\341\007\263^\001\274M\014\277"
 520      EF599E4D 
 520      E107B35E 
 520      01BC4D0C 
 520      BF
 521 0aeb 3367A095 		.ascii	"3g\240\225\002[z\305\360\271g\377]\001\274\323\362H"
 521      025B7AC5 
 521      F0B967FF 
 521      5D01BCD3 
 521      F248
 522 0afd 057EE911 		.ascii	"\005~\351\021\240\333-\333\"@g\013|~\311\362\204\012"
 522      A0DB2DDB 
 522      2240670B 
 522      7C7EC9F2 
 522      840A
 523 0b0f 4D2915C0 		.ascii	"M)\025\300\007,O\221\020>)\260\345\206\030.\374Zbv\256"
 523      072C4F91 
 523      103E29B0 
 523      E586182E 
 523      FC5A6276 
 524 0b24 F743B03E 		.ascii	"\367C\260>d\2075\305\035\352\263p@Fag\364\014\016\355"
 524      648735C5 
ARM GAS  /tmp/ccgZamOD.s 			page 42


 524      1DEAB370 
 524      40466167 
 524      F40C0EED 
 525 0b38 7740E340 		.ascii	"w@\343@\357\201\206\201\036\003\215\001M\003\275\005"
 525      EF818681 
 525      1E038D01 
 525      4D03BD05 
 526 0b48 1A047A05 		.ascii	"\032\004z\005\364\002\3505\320K\240Q\240\031\240X\220"
 526      F402E835 
 526      D04BA051 
 526      A019A058 
 526      90
 527 0b59 11013409 		.ascii	"\021\0014\011\365h(u@\217\240\036\011\345S(\237\003"
 527      F5682875 
 527      408FA01E 
 527      09E55328 
 527      9F03
 528 0b6b BD017A02 		.ascii	"\275\001z\0024\004\024\003\357G\240\2340\313\363\332"
 528      34041403 
 528      EF47A09C 
 528      30CBF3DA 
 529 0b7b 04A3EA12 		.ascii	"\004\243\352\022\217jN2\326!@\337\265\214\026\272\354"
 529      8F6A4E32 
 529      D62140DF 
 529      B58C16BA 
 529      EC
 530 0b8c 9C00FEC0 		.ascii	"\234\000\376\300rl\010\204\277\024\240[,G\265Y\026)"
 530      726C0884 
 530      BF14A05B 
 530      2C47B559 
 530      1629
 531 0b9e 80DFB7BC 		.ascii	"\200\337\267\274 \005\231\341\376\021\257\010r\223\235"
 531      200599E1 
 531      FE11AF08 
 531      72939D
 532 0bad 12A78624 		.ascii	"\022\247\206$\344gF\2742\242t\015\313\331\230o\024\313"
 532      E46746BC 
 532      32A2740D 
 532      CBD9986F 
 532      14CB
 533 0bbf 6A98A3FA 		.ascii	"j\230\243\372\215@\365M\313\241 \030W\232 \316\352-"
 533      8D40F54D 
 533      CBA12018 
 533      579A20CE 
 533      EA2D
 534 0bd1 EFBD42E1 		.ascii	"\357\275B\341e\002\341}\02671\201\354i\001\370\272e"
 534      6502E17D 
 534      16373181 
 534      EC6901F8 
 534      BA65
 535 0be3 C305E8BD 		.ascii	"\303\005\350\275\002K\316[\336{\205\037\374^\005\363"
 535      024BCE5B 
 535      DE7B851F 
 535      FC5E05F3 
 536 0bf3 9BEF2DF1 		.ascii	"\233\357-\361\346\333\304\013\207\303\354uI\311}[\\"
 536      E6DBC40B 
 536      87C3EC75 
ARM GAS  /tmp/ccgZamOD.s 			page 43


 536      49C97D5B 
 536      5C
 537 0c04 68CD6691 		.ascii	"h\315f\221\257N\326t+\305\237\365\214\013\001%`\227"
 537      AF4ED674 
 537      2BC59FF5 
 537      8C0B0125 
 537      6097
 538 0c16 FFBBB540 		.ascii	"\377\273\265@c\244\374\305B\222\357\306c'\004\371\213"
 538      63A4FCC5 
 538      4292EFC6 
 538      632704F9 
 538      8B
 539 0c27 31AB9C62 		.ascii	"1\253\234b\270O\206)\003\0067\263\254\232\000\371</"
 539      B84F8629 
 539      030637B3 
 539      AC9A00F9 
 539      3C2F
 540 0c39 11B35FF7 		.ascii	"\021\263_\367H\011\3407u1qv\346\337\027-\375k@\362!"
 540      4809E037 
 540      75317176 
 540      E6DF172D 
 540      FD6B40F2 
 541 0c4e FF17C8D6 		.ascii	"\377\027\310\326\267\306!3\315If\232wr\232w\262\232"
 541      B7C62133 
 541      CD49669A 
 541      77729A77 
 541      B29A
 542 0c60 4BE29F0E 		.ascii	"K\342\237\0169X\326,\371p\265(\031;\201\260\206\333"
 542      3958D62C 
 542      F970B528 
 542      193B81B0 
 542      86DB
 543 0c72 FD397205 		.ascii	"\3759r\005\367].\355\277\177\004C)XA\376\377\020\373"
 543      F75D2EED 
 543      BF7F0443 
 543      295841FE 
 543      FF10FB
 544 0c85 E20EC6A5 		.ascii	"\342\016\306\245\326\364\237\005\211%\267\024\354\005"
 544      D6F49F05 
 544      8925B714 
 544      EC05
 545 0c93 000CE43E 		.ascii	"\000\014\344>\377\035\270q\270\300\206}G\356\012i\230"
 545      FF1DB871 
 545      B8C0867D 
 545      47EE0A69 
 545      98
 546 0ca4 7DF9B42F 		.ascii	"}\371\264/\271H1\357\245 \003\223KA:\346.\005\027\253"
 546      B94831EF 
 546      A5200393 
 546      4B413AE6 
 546      2E0517AB 
 547 0cb8 B20C32B8 		.ascii	"\262\0142\270\024\350\331K\301\237\362\351\245 RJp("
 547      14E8D94B 
 547      C19FF2E9 
 547      A520524A 
 547      7028
 548 0cca 959F3EA8 		.ascii	"\225\237>\250\362\227\202L\274Db\247\011\365\013\322"
ARM GAS  /tmp/ccgZamOD.s 			page 44


 548      F297824C 
 548      BC4462A7 
 548      09F50BD2 
 549 0cda 0405F96B 		.ascii	"\004\005\371k\002\203\003\265\362\265\337}\277\330\375"
 549      028303B5 
 549      F2B5DF7D 
 549      BFD8FD
 550 0ce9 ABAF2432 		.ascii	"\253\257$2\037/\017?\255\237\324osX\220B\243\331\036"
 550      1F2F0F3F 
 550      AD9FD46F 
 550      73589042 
 550      A3D91E
 551 0cfc 18AC5DE1 		.ascii	"\030\254]\341\246\321~\257\332\036\036\246\332\030\030"
 551      A6D17EAF 
 551      DA1E1EA6 
 551      DA1818
 552 0d0b ACDAB269 		.ascii	"\254\332\262i\3232\277\260m\313\202C\202\003\226\005"
 552      D332BFB0 
 552      6DCB8243 
 552      82039605 
 553 0d1b F86D0C5C 		.ascii	"\370m\014\\\366\271f\3452\267\345\256_\374\323Me\326"
 553      F6B966E5 
 553      32B7E5AE 
 553      5FFCD34D 
 553      65D6
 554 0d2d A00A0CDE 		.ascii	"\240\012\014\336\024\264\335?@\265\315o\323\326\300"
 554      14B4DD3F 
 554      40B5CD6F 
 554      D3D6C0
 555 0d3c E00095C6 		.ascii	"\340\000\225\306?`\263\337\366 \255F\373Sh@\370g[%r"
 555      3F60B3DF 
 555      F620AD46 
 555      FB536840 
 555      F8675B25 
 556 0d51 A3F8AF7F 		.ascii	"\243\370\257\177\211\370\360\237\302U\232p\255?\310"
 556      89F8F09F 
 556      C2559A70 
 556      AD3FC8
 557 0d60 029938C4 		.ascii	"\002\2318\304?\314*t{\250\177\230uHxh@\200\177\230,"
 557      3FCC2A74 
 557      7BA87F98 
 557      75487868 
 557      40807F98 
 558 0d75 84E80BB3 		.ascii	"\204\350\013\263\332\026\342\037\020F\006\266u\245\373"
 558      DA16E21F 
 558      104606B6 
 558      75A5FB
 559 0d84 D6C08D81 		.ascii	"\326\300\215\201\353}U!\341\252\255~A\252\320\2200m"
 559      EB7D5521 
 559      E1AAAD7E 
 559      41AAD090 
 559      306D
 560 0d96 B8CA77C3 		.ascii	"\270\312w\303\267+\334T\336\336\036\252\265>\353\326"
 560      B72BDC54 
 560      DEDE1EAA 
 560      B53EEBD6 
 561 0da6 FFCB8D34 		.ascii	"\377\313\2154\031\235\004\202\035\303\265\333\300\326"
ARM GAS  /tmp/ccgZamOD.s 			page 45


 561      199D0482 
 561      1DC3B5DB 
 561      C0D6
 562 0db4 2DA18121 		.ascii	"-\241\201!\232\360\000\355\366P\215V\346\263\2268K\346"
 562      9AF000ED 
 562      F6508D56 
 562      E6B39638 
 562      4BE6
 563 0dc6 B386169E 		.ascii	"\263\206\026\236\264\360\240\205;-V\323b\025-\326\221"
 563      B4F0A085 
 563      3B2D56D3 
 563      62152DD6 
 563      91
 564 0dd7 C2C66795 		.ascii	"\302\306g\225\267{H\360\346\300-?\303\222M\222_\231"
 564      B77B48F0 
 564      E6C02D3F 
 564      C3924D92 
 564      5F99
 565 0de9 A60EECD8 		.ascii	"\246\016\354\330\022\026\262=\224\014M\036\030B\012"
 565      1216B23D 
 565      940C4D1E 
 565      18420A
 566 0df8 8D561918 		.ascii	"\215V\031\030B\304l\363\013\377\207F+]\265F\355E~\274"
 566      42C46CF3 
 566      0BFF8746 
 566      2B5DB546 
 566      ED457EBC 
 567 0e0c A5DEEEDF 		.ascii	"\245\336\356\337\250\245\253}\325j\364\027\344e\265"
 567      A8A5AB7D 
 567      D56AF417 
 567      E465B5
 568 0e1b 2928C02F 		.ascii	")(\300/\214\233a\327/4Z\271\261\202A(^\357\241\306\353"
 568      8C9B61D7 
 568      2F345AB9 
 568      B1824128 
 568      5EEFA1C6 
 569 0e30 3CD4563E 		.ascii	"<\324V>\337\373x\250\255\327\373\372xzz\250e\3537\374"
 569      DFFB78A8 
 569      ADD7FBFA 
 569      787A7AA8 
 569      65EB37FC 
 570 0e44 CDC7536D 		.ascii	"\315\307Sm\365\355z\017O5^\255V+\005.\321*\250\332@"
 570      F5ED7A0F 
 570      4F355EAD 
 570      562B052E 
 570      D12AA8DA 
 571 0e59 7FA8FA78 		.ascii	"\177\250\372x{\373\256Z\347\276f\255\232T\327\271\371"
 571      7BFBAE5A 
 571      E7BE66AD 
 571      9A54D7B9 
 571      F9
 572 0e6a 92AA95AF 		.ascii	"\222\252\225\257\257\373Z\265\215\332\323\327S\375\203"
 572      AFFB5AB5 
 572      8DDAD3D7 
 572      53FD83
 573 0e79 A7C717D8 		.ascii	"\247\307\027\330\335\027\354\361p\347_}n\263\312g\265"
 573      DD17ECF1 
ARM GAS  /tmp/ccgZamOD.s 			page 46


 573      70E75F7D 
 573      6EB3CA67 
 573      B5
 574 0e8a 9BB78FE7 		.ascii	"\233\267\217\347wjRs\2455c\353J\233U^\253Wp\255^&\234"
 574      776A5273 
 574      A53563EB 
 574      4A9B555E 
 574      AB5770AD 
 575 0ea1 9718B7C2 		.ascii	"\227\030\267\302\232H\2017\244t\025\266\270Y\023\011"
 575      9A488137 
 575      A47415B6 
 575      B8591309 
 576 0eb1 6C8B1787 		.ascii	"l\213\027\207\3602G\270\312I_\265\357\0065\251\270\222"
 576      F03247B8 
 576      CA495FB5 
 576      EF0635A9 
 576      B892
 577 0ec3 8AA96DB9 		.ascii	"\212\251m\271\234\364\246m^F\220\027\005a\367uj)\031"
 577      9CF4A66D 
 577      5E469017 
 577      0561F775 
 577      6A2919
 578 0ed6 A4358C97 		.ascii	"\2445\214\227\224\214\273\332\332\303\375\033R\375R"
 578      948CBBDA 
 578      DAC3FD1B 
 578      52FD52
 579 0ee5 30C79B42 		.ascii	"0\307\233B\266m\013\011V\005\354\320\252\334\277\365"
 579      B66D0B09 
 579      5605ECD0 
 579      AADCBFF5 
 580 0ef5 5DE70B53 		.ascii	"]\347\013SMg{\315\312\035;T\254;7\257t\373j\307\016"
 580      4D677BCD 
 580      CA1D3B54 
 580      AC3B37AF 
 580      74FB6AC7 
 581 0f0a 08385BB5 		.ascii	"\0108[\265\273\273f\003\204\256G\300f9Y\244\304\317"
 581      BBBB6603 
 581      84AE47C0 
 581      663959A4 
 581      C4CF
 582 0f1c FF01FC76 		.ascii	"\377\001\374v\367\017"
 582      F70F
 583              		.text
 584              		.section	.gnu.lto_.symtab.d9043c3f087f0b68,"",%progbits
 585 0000 5F70616C 		.ascii	"_pal_lld_init\000"
 585      5F6C6C64 
 585      5F696E69 
 585      7400
 586 000e 00       		.ascii	"\000"
 587 000f 00       		.ascii	"\000"
 588 0010 00       		.ascii	"\000"
 589 0011 00000000 		.ascii	"\000\000\000\000\000\000\000\000"
 589      00000000 
 590 0019 F0000000 		.ascii	"\360\000\000\000"
 591 001d 5F70616C 		.ascii	"_pal_lld_setgroupmode\000"
 591      5F6C6C64 
 591      5F736574 
ARM GAS  /tmp/ccgZamOD.s 			page 47


 591      67726F75 
 591      706D6F64 
 592 0033 00       		.ascii	"\000"
 593 0034 00       		.ascii	"\000"
 594 0035 00       		.ascii	"\000"
 595 0036 00000000 		.ascii	"\000\000\000\000\000\000\000\000"
 595      00000000 
 596 003e 37010000 		.ascii	"7\001\000\000"
 597              		.text
 598              		.section	.gnu.lto_.opts,"",%progbits
 599 0000 272D6666 		.ascii	"'-ffp-contract=off' '-fmath-errno' '-fsigned-zeros'"
 599      702D636F 
 599      6E747261 
 599      63743D6F 
 599      66662720 
 600 0033 20272D66 		.ascii	" '-ftrapping-math' '-fno-trapv' '-fno-openmp' '-fno"
 600      74726170 
 600      70696E67 
 600      2D6D6174 
 600      68272027 
 601 0066 2D6F7065 		.ascii	"-openacc' '-mcpu=cortex-m4' '-mno-thumb-interwork' "
 601      6E616363 
 601      2720272D 
 601      6D637075 
 601      3D636F72 
 602 0099 272D6D74 		.ascii	"'-mthumb' '-ggdb' '-O2' '-fomit-frame-pointer' '-fa"
 602      68756D62 
 602      2720272D 
 602      67676462 
 602      2720272D 
 603 00cc 6C69676E 		.ascii	"lign-functions=16' '-ffunction-sections' '-fdata-se"
 603      2D66756E 
 603      6374696F 
 603      6E733D31 
 603      36272027 
 604 00ff 6374696F 		.ascii	"ctions' '-fno-common' '-flto'\000"
 604      6E732720 
 604      272D666E 
 604      6F2D636F 
 604      6D6D6F6E 
 605              		.text
 606              		.comm	__gnu_lto_v1,1,1
 607              		.comm	__gnu_lto_slim,1,1
 608              		.ident	"GCC: (GNU Tools for ARM Embedded Processors) 5.4.1 20160609 (release) [ARM/embedded-5-bran
ARM GAS  /tmp/ccgZamOD.s 			page 48


DEFINED SYMBOLS
                            *ABS*:00000000 hal_pal_lld.c
                            *COM*:00000001 __gnu_lto_v1
                            *COM*:00000001 __gnu_lto_slim

NO UNDEFINED SYMBOLS
