ARM GAS  /tmp/ccEFMtfa.s 			page 1


   1              		.syntax unified
   2              		.cpu cortex-m4
   3              		.fpu softvfp
   4              		.eabi_attribute 20, 1
   5              		.eabi_attribute 21, 1
   6              		.eabi_attribute 23, 3
   7              		.eabi_attribute 24, 1
   8              		.eabi_attribute 25, 1
   9              		.eabi_attribute 26, 1
  10              		.eabi_attribute 30, 2
  11              		.eabi_attribute 34, 1
  12              		.eabi_attribute 18, 4
  13              		.thumb
  14              		.syntax unified
  15              		.file	"hal_lld.c"
  16              		.text
  17              	.Ltext0:
  18              		.section	.gnu.lto_.profile.e5c80f4eded53096,"",%progbits
  19 0000 789C6361 		.ascii	"x\234ca`d`a`\000\222U\251\000\001\303\000\352"
  19      60646061 
  19      60009255 
  19      A90001C3 
  19      00EA
  20              		.text
  21              		.section	.gnu.lto_.icf.e5c80f4eded53096,"",%progbits
  22 0000 789C6361 		.ascii	"x\234ca`d\000\001)\006\004`a\330\265b\337\034.\306\203"
  22      60640001 
  22      29060460 
  22      61D8B562 
  22      DF1C2EC6 
  23 0015 2D9BBB99 		.ascii	"-\233\273\231\231nn\232\276\216\211yn\377\371\006\026"
  23      996E6E9A 
  23      BE8E8979 
  23      6EFFF906 
  23      16
  24 0026 06009700 		.ascii	"\006\000\227\000\012\307"
  24      0AC7
  25              		.text
  26              		.section	.gnu.lto_.jmpfuncs.e5c80f4eded53096,"",%progbits
  27 0000 789C6361 		.ascii	"x\234ca`d\000\001^\006\004`\006b\260(\023\020\003\000"
  27      60640001 
  27      5E060460 
  27      0662B028 
  27      13100300 
  28 0014 02410019 		.ascii	"\002A\000\031"
  29              		.text
  30              		.section	.gnu.lto_.inline.e5c80f4eded53096,"",%progbits
  31 0000 789C6361 		.ascii	"x\234ca`d\000\001O\006\004`f`\220\024ed`\322\331\261"
  31      60640001 
  31      4F060460 
  31      66609014 
  31      656460D2 
  32 0016 8A89816D 		.ascii	"\212\211\201m\201<\023H\220\221AT\015(\246\320\360\213"
  32      813C1348 
  32      90914154 
  32      0D28A6D0 
  32      F08B
ARM GAS  /tmp/ccEFMtfa.s 			page 2


  33 0028 1121C605 		.ascii	"\021!\306\005#\230\030l\233\231\200\322%\3076\310\303"
  33      2398186C 
  33      9B9980D2 
  33      25C736C8 
  33      C3
  34 0039 A519005B 		.ascii	"\245\031\000[{\011("
  34      7B0928
  35              		.text
  36              		.section	.gnu.lto_.pureconst.e5c80f4eded53096,"",%progbits
  37 0000 789C6361 		.ascii	"x\234ca`d`g```f\220b\224b\222\002\000\001\254\000a"
  37      60646067 
  37      60606066 
  37      90629462 
  37      92020001 
  38              		.text
  39              		.section	.gnu.lto_hal_lld_backup_domain_init.e5c80f4eded53096,"",%progbits
  40 0000 789C9D54 		.ascii	"x\234\235T;LSa\024>\347\277\217\026h+\004t@\242&N,\336"
  40      3B4C5361 
  40      143EE7BF 
  40      8F16682B 
  40      047440A2 
  41 0018 A00E4C2E 		.ascii	"\240\016L.&:\021\023q7>\006HH0\342\300\306_\333\252"
  41      263A1113 
  41      71373E06 
  41      484830E2 
  41      C0C65FDB 
  42 002d 71510761 		.ascii	"qQ\007a\021\251\203\001Q^\212hyH\251\340\013\002\016"
  42      11A98301 
  42      515E8A68 
  42      7948A9E0 
  42      0B020E
  43 0040 25246022 		.ascii	"%$`\"\032\322\030\037I\2535J\260\324\377\374\377\205"
  43      1AD2181F 
  43      49AB354A 
  43      B0D4FFFC 
  43      FF85
  44 0052 0B0E06B8 		.ascii	"\013\016\006\270I\317m\377{\362\275\316\351\325\001"
  44      49CF6DFF 
  44      7BF2BDCE 
  44      E9D501
  45 0061 81AE3E03 		.ascii	"\201\256>\003\240L\334+\304\007]\200\354\372$\200\337"
  45      A04CDC2B 
  45      C4075D80 
  45      ECFA2480 
  45      DF
  46 0072 CD98162E 		.ascii	"\315\230\026.\007\236\253'\267\003\367h\250\253c\235"
  46      079EAB27 
  46      B703F768 
  46      A8AB639D 
  47 0082 19714B1C 		.ascii	"\031qK\034\233\203\273\304\261\201\246:6\021\351\013"
  47      9B83BBC4 
  47      B181A63A 
  47      3611E90B 
  48 0092 77233430 		.ascii	"w#40M7Ll\300\237,\3030v9\021a\245\255\\\\\363cs>\336"
  48      4D374C6C 
  48      C09F2CC3 
  48      30763911 
ARM GAS  /tmp/ccEFMtfa.s 			page 3


  48      61A5AD5C 
  49 00ac 16C59006 		.ascii	"\026\305\220\006\220e\222\033\260\025KA\264}\354Y\276"
  49      9065921B 
  49      B0154B41 
  49      B47DEC59 
  49      BE
  50 00bd E93583D4 		.ascii	"\3515\203\324\266G=\30464I`\327\361(\317f\003\234\017"
  50      B6473DC4 
  50      36344960 
  50      D7F128CF 
  50      66039C0F 
  51 00d1 958DEFDD 		.ascii	"\225\215\357\335\241CHC\203\212\213\212\233J\036\025"
  51      A1434843 
  51      838A8B8A 
  51      9B4A1E15 
  52 00e1 0F152F15 		.ascii	"\017\025/\025\037\225|*\005T\012\251\024Q\001H\012`"
  52      1F957C2A 
  52      05540AA9 
  52      14510148 
  52      0A60
  53 00f3 9299628C 		.ascii	"\222\231b\214\356Z\002c\375\251\301\235D\025\320t!\243"
  53      EE5A0263 
  53      FDA9C19D 
  53      4415D074 
  53      21A3
  54 0105 31149B72 		.ascii	"1\024\233r\245YHcH\252\356d\202\2359\352'\237\367s\352"
  54      A5594863 
  54      48AAEE64 
  54      829D39EA 
  54      279FF773 
  55 011a B83DF16E 		.ascii	"\270=\361n4\267\005\233\205\013\015\333\261\004\357"
  55      34B7059B 
  55      850B0DDB 
  55      B104EF
  56 0129 610950EF 		.ascii	"a\011P\357\344\324\325\264\313\352\340A?\317\017i:\336"
  56      E4D4D5B4 
  56      CBEAE041 
  56      3FCF0F69 
  56      3ADE
  57 013b C7165C96 		.ascii	"\307\026\\\226.\361\001Z\220\300\300oS\021\031\212\253"
  57      2EF1015A 
  57      90C0C06F 
  57      5311198A 
  57      AB
  58 014c F3D3F0AD 		.ascii	"\363\323\360\255\\\002G\344\014;\004\214\220\323\210"
  58      5C0247E4 
  58      0C3B048C 
  58      90D388
  59 015b D4B3199E 		.ascii	"\324\263\031\236N\207\247\013-\201N0\3757\016).\327"
  59      4E87A70B 
  59      2D814E30 
  59      FD370E29 
  59      2ED7
  60 016d 5A538634 		.ascii	"ZS\2064\025l\036K\344\250\237<yE\232\372\362~)b(2\023"
  60      156C1E4B 
  60      E4A89F3C 
  60      79459AFA 
ARM GAS  /tmp/ccEFMtfa.s 			page 4


  60      F27E2962 
  61 0184 7B0459B7 		.ascii	"{\004Y\267M\366\275\361\355\274\207\310\220\250\036"
  61      4DF6BDF1 
  61      EDBC87C8 
  61      90A81E
  62 0193 4A2A1A0A 		.ascii	"J*\032\012>R\226\376\\\2123E\344V\\\013w\027\3029\266"
  62      3E5296FE 
  62      5C8A3345 
  62      E4565C0B 
  62      7717C239 
  63 01a8 29137B05 		.ascii	")\023{\005\314\007\014\316\005\212\355&\321\321\364"
  63      CC070CCE 
  63      058AED26 
  63      D1D1F4
  64 01b7 6DB1D86E 		.ascii	"m\261\330n\320\3611\361\000\015D\203p9\315#\335=\274"
  64      D0F131F1 
  64      000D4483 
  64      7039CD23 
  64      DD3DBC
  65 01ca DB8E6045 		.ascii	"\333\216`E\225\237\266\242\014\376\257\255\317\321\366"
  65      959FB6A2 
  65      0CFEAFAD 
  65      CFD1F6
  66 01d9 042DF1B8 		.ascii	"\004-\361\270\375W\313\017\235\210t\344\202\351\251"
  66      FD57CB0F 
  66      9D8874E4 
  66      82E9A9
  67 01e8 CA379DDC 		.ascii	"\3127\235\334\032|\304\201\357\227\360\253\241\352\010"
  67      1A7CC481 
  67      EF97F0AB 
  67      A1EA08
  68 01f7 38206DA4 		.ascii	"8 m\244\230\356lU\274GS\236\3636\236\357\240C2\364o"
  68      98EE6C55 
  68      BC47539E 
  68      F3369EEF 
  68      A04332F4 
  69 020c BE1E8594 		.ascii	"\276\036\205\224\011\317f\014;>\2615\317T\300\263+\001"
  69      09CF660C 
  69      3B3EB135 
  69      CF54C0B3 
  69      2B01
  70 021e 7B444BD7 		.ascii	"{DK\327\327\310\242W\265\000\016\257\006l@\334R\322"
  70      D7C8A257 
  70      B5000EAF 
  70      066C40DC 
  70      52D2
  71 0230 A653B634 		.ascii	"\246S\2664\357\206\244\331{\026u\304\215\254\337g\237"
  71      EF86A4D9 
  71      7B1675C4 
  71      8DACDF67 
  71      9F
  72 0241 4092935C 		.ascii	"@\222\223\\\273\277\033\306\2159\270\317i\177}j\177"
  72      BBBF1BC6 
  72      8D39B8CF 
  72      697F7D6A 
  72      7F
  73 0252 675081E7 		.ascii	"gP\201\347o\006k\324\301\032[\257\261@ \311\264\266"
ARM GAS  /tmp/ccEFMtfa.s 			page 5


  73      6F066BD4 
  73      C11A5BAF 
  73      B14020C9 
  73      B4B6
  74 0264 A4F18583 		.ascii	"\244\361\205\203\373\2224\026\310DMg\332\013#v\244\205"
  74      FB923416 
  74      C8444D67 
  74      DA0B2376 
  74      A485
  75 0276 9BF9EBBE 		.ascii	"\233\371\353\276\222\260\362e\367\332\236\267-\267H"
  75      92B0F265 
  75      F7DA9EB7 
  75      2DB748
  76 0285 21F55E1B 		.ascii	"!\365^\033\230\266G\231]\312f\267\341\233\255\276%\306"
  76      98B64799 
  76      5DCA66B7 
  76      E19BADBE 
  76      25C6
  77 0297 1DAA0972 		.ascii	"\035\252\011rP\004\237\361b\264\351(\341\310\005I\012"
  77      50049FF1 
  77      62B4E928 
  77      E1C80549 
  77      0A
  78 02a8 7BC28EE8 		.ascii	"{\302\216\350\260\016WU\237\256>Vi\325\326YU\247j\254"
  78      B00E5755 
  78      9FAE3E56 
  78      69D5D659 
  78      55A76AAC 
  79 02bc 73B5E72F 		.ascii	"s\265\347/\324Y\225'*\016\354W\365\310\301\372zzr\262"
  79      D4599527 
  79      2A0EEC57 
  79      F5C8C1FA 
  79      7A7A72B2 
  80 02d0 A6E6ECBE 		.ascii	"\246\346\354\2763\360\027\210:\357o"
  80      33F01788 
  80      3AEF6F
  81              		.text
  82              		.section	.gnu.lto_hal_lld_init.e5c80f4eded53096,"",%progbits
  83 0000 789C9D94 		.ascii	"x\234\235\224\273o\323P\024\306\357wm\247\011\012$\003"
  83      BB6FD350 
  83      14C6EF77 
  83      6DA7090A 
  83      2403
  84 0012 1B1D5818 		.ascii	"\033\035X\030\272p[\340?@b@BH\224\035\361\030Z)\250"
  84      BA705BE0 
  84      3F406240 
  84      4248941D 
  84      F1185A29 
  85 0027 8876E896 		.ascii	"\210v\350\226[\022\213.HT\202\014\210\252c[J)\345\355"
  85      5B128B2E 
  85      4854820C 
  85      88AA635B 
  85      4A29E5ED 
  86 003b F0720329 		.ascii	"\360r\003)\345!\0363B\255\030\"\004\014)\005\201\012"
  86      E5211E33 
  86      42AD1822 
  86      040C2905 
ARM GAS  /tmp/ccEFMtfa.s 			page 6


  86      810A
  87 004d 89B9E7DE 		.ascii	"\211\271\347\336\250\016\003\203}%\037\333\361\347\337"
  87      A80E0383 
  87      7D251FDB 
  87      F1E7DF
  88 005c 395F3EEB 		.ascii	"9_>\353\332\014\214\326I\207\261\036u\336\246\016X\014"
  88      DA0C8CD6 
  88      4987B11E 
  88      75DEA60E 
  88      580C
  89 006e FCFC6BC6 		.ascii	"\374\374k\306F\222\034\240\013\231\004\313s\344\361"
  89      46921CA0 
  89      0B9904CB 
  89      73E4F1
  90 007d 8337382A 		.ascii	"\20378*gk\036\357\232\224j\255T\327\273\345\224\017"
  90      676B1EEF 
  90      9A946AAD 
  90      54D7BBE5 
  90      940F
  91 008f D7622CE0 		.ascii	"\327b,\340\232\3040\211.\246d\037\347\233\0277'\212"
  91      9AC43089 
  91      2EA6641F 
  91      E79B1737 
  91      278A
  92 00a1 24DB6E1E 		.ascii	"$\333n\036b\012\011j7w\310\227AP\220r\255\373\362\216"
  92      620A096A 
  92      3777C897 
  92      41509072 
  92      ADFBF28E 
  93 00b5 AD9CB916 		.ascii	"\255\234\271\026\034*I*)*i*\031*Y*\214\325\325\3734"
  93      1C2A492A 
  93      292A692A 
  93      192A592A 
  93      8CD5D5FB 
  94 00ca C92AE774 		.ascii	"\311*\347t\266j\250\224W\177\366\020\261`\321P%\267"
  94      B66AA894 
  94      577FF610 
  94      B160D150 
  94      25B7
  95 00dc F2A6E33B 		.ascii	"\362\246\343;w-\016j^\034\257\326R\346V\326G\245\255"
  95      772D0E6A 
  95      5E1CAFD6 
  95      52E656D6 
  95      47A5AD
  96 00ef 7EFAB2FC 		.ascii	"~\372\262\374\333s&0\256\206\265p\005\235\230F'#\355"
  96      DB732630 
  96      AE86B570 
  96      059D9846 
  96      2723ED
  97 0102 B7D2DB95 		.ascii	"\267\322\333\225\264\230\225\305\021\231u-\0333\230"
  97      B49895C5 
  97      1199752D 
  97      1B3398
  98 0111 40539BC1 		.ascii	"@S\233\301U\010\246Z\015Q\237(\210\331\020q\015B\011"
  98      5508A65A 
  98      0D519F28 
  98      88D91071 
ARM GAS  /tmp/ccEFMtfa.s 			page 7


  98      0D4209
  99 0124 3E2C4DCF 		.ascii	">,M\317X4\017\020\250\225\301\234z3\022\031\304\275"
  99      58340F10 
  99      A895C19C 
  99      7A331219 
  99      C4BD
 100 0136 1E72E735 		.ascii	"\036r\3475w\303\266\015\206\033\206Y~\367\007\346\217"
 100      77C3B60D 
 100      861B8659 
 100      7EF707E6 
 100      8F
 101 0147 71A2CC7C 		.ascii	"q\242\314|S\263)\037\334\212i\373v\210\270\003\021\323"
 101      53B3291F 
 101      DC8A69FB 
 101      7688B803 
 101      11D3
 102 0159 E3DD1072 		.ascii	"\343\335\020rOA6L5Z\246\222Q&\3624L\177|em\252\360+"
 102      4F41364C 
 102      355AA692 
 102      5126F234 
 102      4C7F7C65 
 103 0171 61302943 		.ascii	"a0)C:\327X^h\013f\013\356\233~%D5\377 l\365\020B5\210"
 103      3AD7585E 
 103      680B660B 
 103      EE9B7E25 
 103      4435FF20 
 104 018b E1FD51C8 		.ascii	"\341\375Q\310x\334\346}\254\331\362\236\2162\220\257"
 104      78DCE67D 
 104      ACD9F29E 
 104      8E3290AF 
 105 019b 6116C116 		.ascii	"a\026\301\026b\006Z\011\021Ob\007\3724\204T\333\003"
 105      62065A09 
 105      114F6207 
 105      FA348454 
 105      DB03
 106 01ad 0D5AA632 		.ascii	"\015Z\2462Q&Z\3240\233`\317\376\0154kH\213\345\365\265"
 106      51265AD4 
 106      309B60CF 
 106      FE0D346B 
 106      488BE5F5 
 107 01c2 B40994B6 		.ascii	"\264\011\224\266\036`)n\240\317\303V/(\320,\373\204"
 107      1E60296E 
 107      A0CFC356 
 107      2F28D02C 
 107      FB84
 108 01d4 827F6113 		.ascii	"\202\177a\023qH\357y_\337w\344\033rT\222\336\011\350"
 108      7148EF79 
 108      5FDF77E4 
 108      1B725492 
 108      DE09E8
 109 01e7 9BC54BE4 		.ascii	"\233\305K\344\325\216\225\320\322K\377\227\252\210\361"
 109      D58E95D0 
 109      D24BFF97 
 109      AA88F1
 110 01f6 AA25FD8C 		.ascii	"\252%\375\2143\276\267_Ki\325\025GmqJ!\366\366\365\037"
 110      33BEB75F 
 110      4B69D515 
ARM GAS  /tmp/ccEFMtfa.s 			page 8


 110      476D714A 
 110      21F6F6F5 
 111 020b EB3FD82B 		.ascii	"\353?\330+\006\006E\337\321\23485pzhP\364\036>\260{"
 111      060645DF 
 111      D19C3835 
 111      707A6850 
 111      F41E3EB0 
 112 0220 97A9FBF6 		.ascii	"\227\251\373\366\014\017\323\223#\271\334\211\235\307"
 112      0C0FD393 
 112      23B9DC89 
 112      9DC7
 113 022e D95FA332 		.ascii	"\331_\2432\330*"
 113      D82A
 114              		.text
 115              		.section	.gnu.lto_stm32_clock_init.e5c80f4eded53096,"",%progbits
 116 0000 789C9D57 		.ascii	"x\234\235W[l\023G\024\235;\273\266\327o\307\211#\336"
 116      5B6C1347 
 116      149D3BBB 
 116      B6D76FC7 
 116      8923DE
 117 0013 02090441 		.ascii	"\002\011\004A\200KK\245\376F\225\372WU*\375\257\372"
 117      804B4BA5 
 117      FE4695FA 
 117      57552AFD 
 117      AFFA
 118 0025 50051212 		.ascii	"P\005\022\022U\251*\376X'6E\010\265 \005D\037<\372\321"
 118      55A92AFE 
 118      58273645 
 118      08B52005 
 118      441F3CFA 
 119 003a 42CB2309 		.ascii	"B\313#\011P )\205\220\020\014)\015oZ \205\004\250\241"
 119      50202985 
 119      90100C29 
 119      0D6F5A20 
 119      8504A8A1 
 120 004e 21A47108 		.ascii	"!\244q\010\341\021bw\356\334Y\257\023T\311\266?\316"
 120      E1116277 
 120      EEDC59AF 
 120      1354C9B6 
 120      3FCE
 121 0060 EECEEC9E 		.ascii	"\356\316\354\236{\346\334;\017\353\014\030\376\214\000"
 121      7BE6DC3B 
 121      0FEB0C18 
 121      FE8C00
 122 006f 630BC575 		.ascii	"c\013\305u\246x\204J\006|}'c1\203\203F7\032\217\254"
 122      A678844A 
 122      067C7D27 
 122      63318383 
 122      46371A8F 
 123 0084 4B32667A 		.ascii	"K2fz\364\270\213\231\276\010\265W\353\340\240~\007\257"
 123      F4B88B99 
 123      BE08B557 
 123      EBE0A07E 
 123      07AF
 124 0096 A07EA7EC 		.ascii	"\240~\247\354\257\240\366j'\270\250\337\305\313\251"
 124      AFA0F66A 
 124      27B8A8DF 
ARM GAS  /tmp/ccEFMtfa.s 			page 9


 124      C5CBA9
 125 00a5 DF90FDE5 		.ascii	"\337\220\375\345\324^m\200\233\372\335<L\375\036\331"
 125      D45E6D80 
 125      9BFADD3C 
 125      4CFD1ED9 
 126 00b5 1FA6F66A 		.ascii	"\037\246\366j\017\367\016DD\253\177\373k\242\325\313"
 126      0FF70E44 
 126      44AB7FFB 
 126      6BA2D5CB 
 127 00c5 7D794F3E 		.ascii	"}yO>\010\320\267~\353&\000A\272\011\3622b\013I\2662"
 127      08D0B77E 
 127      EB260041 
 127      BA09F232 
 127      620B49B6 
 128 00da 6AAF0E01 		.ascii	"j\257\016\001\340\3254\200\255\342ZDwT8]\345\206;\354"
 128      E0D53480 
 128      ADE25A44 
 128      7754385D 
 128      E5863BEC 
 129 00ee F1FAFC81 		.ascii	"\361\372\374\201`Y\010V95F?\207\272\272\324\325\255"
 129      60590856 
 129      3935463F 
 129      87BABAD4 
 129      D5AD
 130 0100 AE41757D 		.ascii	"\256Au}\304G9\264~\236j\342U;L\361\353\376~\327Bsg\013"
 130      C44739B4 
 130      7E9E6AE2 
 130      553B4CF1 
 130      EBFE7ED7 
 131 0118 24044196 		.ascii	"$\004A\226\323;\260\003\252\230x\355Vcf\243\337\031"
 131      D33BB003 
 131      AA9878ED 
 131      566366A3 
 131      DF19
 132 012a C7D7A653 		.ascii	"\307\327\246S'\354\004'\372^\377v\213\231\315\326\232"
 132      27EC0427 
 132      FA5EFF76 
 132      8B99CDD6 
 132      9A
 133 013b E6C84BA3 		.ascii	"\346\310K\243UQ\007Kh\340D0\020\334\010\036\004/\202"
 133      5551074B 
 133      68E04430 
 133      10DC081E 
 133      042F82
 134 014e 1F218810 		.ascii	"\037!\210\020B(C\010#D\020*\021& LD\230\2040\031a*\302"
 134      42284308 
 134      2344102A 
 134      1126204C 
 134      44988430 
 135 0166 3484E908 		.ascii	"4\204\351\0103\020f\"\314B\230\2150\007\241\012a.\302"
 135      33106622 
 135      CC42988D 
 135      3007A10A 
 135      612EC2
 136 0179 3C84F908 		.ascii	"<\204\371\010\214\015\010\265\302\3024\347\342\242\245"
 136      8C0D08B5 
 136      C2C234E7 
ARM GAS  /tmp/ccEFMtfa.s 			page 10


 136      E2A2A5
 137 0188 A07568A0 		.ascii	"\240uh\240\253\306\201\362\305\2706%Z\317\272\206xB"
 137      ABC681F2 
 137      C5B83625 
 137      5ACFBA86 
 137      7842
 138 019a E380C38C 		.ascii	"\343\200\303\214oiO\271\351\321\034Xc\352\242\351\376"
 138      6F694FB9 
 138      E9D11C58 
 138      63EAA2E9 
 138      FE
 139 01ab CD9126C7 		.ascii	"\315\221&\3076\330\022\303\261\373\023\232\006?\301"
 139      36D812C3 
 139      B1FB139A 
 139      063FC1
 140 01ba 14F811A6 		.ascii	"\024\370\021\2460\374`p\323\271n_t\217\031\027\256\351"
 140      30FC6070 
 140      D3B96E5F 
 140      748F1917 
 140      AEE9
 141 01cc B00BB641 		.ascii	"\260\013\266AF:\007\273!*\272\017]\376\272\303\201|"
 141      463A07BB 
 141      212ABA0F 
 141      5DFEBAC3 
 141      817C
 142 01de 3AE0E700 		.ascii	":\340\347\000{\304wR\302\215}\332x\011\016)\341\273"
 142      7BC47752 
 142      C28D7DDA 
 142      78090E29 
 142      E1BB
 143 01f0 D1F85E37 		.ascii	"\321\370^7=\232\3351)a\353\231\256\023\236<\011N\250"
 143      3D9ADD31 
 143      2961EB99 
 143      AE139E3C 
 143      094EA8
 144 0203 1712F62A 		.ascii	"\027\022\366*\011\235g\327\016\271r\022\032\244\004"
 144      099D67D7 
 144      0EB97212 
 144      1AA404
 145 0212 4C0C344A 		.ascii	"L\0144J\011\211g\033o\006-\011\000\373H@sc\212\004\324"
 145      0989671B 
 145      6F062D09 
 145      00FB4840 
 145      73638A04 
 146 0227 6A8EBC41 		.ascii	"j\216\274A\302\377\216/f\206\220b\277\244\227\371?\000"
 146      C2FF8E2F 
 146      66869062 
 146      BFA497F9 
 146      3F00
 147 0239 51C154FB 		.ascii	"Q\301T\373\304I4\212\351\300\211\344j\003\303\201\370"
 147      C449348A 
 147      E9C089E4 
 147      6A03C381 
 147      F8
 148 024a FD4CC136 		.ascii	"\375L\3016\201\032j\301a\016\332a\016AT\220\213\273"
 148      811A6AC1 
 148      610EDA61 
ARM GAS  /tmp/ccEFMtfa.s 			page 11


 148      0E415490 
 148      8BBB
 149 025c 34D79828 		.ascii	"4\327\230(}\314`s:5\250\324\033\005\321Jk\016\333\244"
 149      7DCC6073 
 149      3A35A8D4 
 149      1B05D14A 
 149      6B0EDBA4 
 150 0270 4DA4FDF9 		.ascii	"M\244\375\371\352;\234h\334\304\324\236}\334\022$\365"
 150      EA3B9C68 
 150      DCC4D49E 
 150      7DDC1224 
 150      F5
 151 0281 1C9A054B 		.ascii	"\034\232\005K\017\304\257\325~\244\336\021/\324\367"
 151      0FC4AFD5 
 151      7EA4DE11 
 151      2FD4F7
 152 0290 353DF5D3 		.ascii	"5=\365\323\013\014~\3010\014+,\302\304\\\2054\327U\211"
 152      0B0C7EC1 
 152      300C2B2C 
 152      C2C45C85 
 152      34D75589 
 153 02a4 35A71F5C 		.ascii	"5\247\037\\P\002=\305\214\373\210\224\210\023\030~U"
 153      50023DC5 
 153      8CFB8894 
 153      8813187E 
 153      55
 154 02b5 1295BD5E 		.ascii	"\022\225\275^b::\234\370\214\302?\317f\263A8Z\252\303"
 154      623A3A9C 
 154      F88CC23F 
 154      CF66B341 
 154      385AAAC3 
 155 02c9 C7EC482D 		.ascii	"\307\354H-\350\260WV\305\206~\345\207\277\030\256\343"
 155      E8B05756 
 155      C5867EE5 
 155      87BF18AE 
 155      E3
 156 02da 3657AB54 		.ascii	"6W\253T]\202\2366\233\343\004\352\361\313\214;\354\214"
 156      5D829E36 
 156      9BE304EA 
 156      F1CB8C3B 
 156      EC8C
 157 02ec F7DF5286 		.ascii	"\367\337R\206\006\013\317x\273Mz\322\312x\237\032a\210"
 157      060BCF78 
 157      BB4D7AD2 
 157      CA789F1A 
 157      6188
 158 02fe 9846EED5 		.ascii	"\230F\356\325]\005r\324\007I\312\370u+\343\241\274\024"
 158      5D0572D4 
 158      0749CAF8 
 158      752BE3A1 
 158      BC14
 159 0310 57A8143B 		.ascii	"W\250\024;s)\036\262fPY1\003=eW\341\351\261)\016\023"
 159      73291EB2 
 159      66505931 
 159      033D6557 
 159      E1E9B129 
 160 0326 53FDE944 		.ascii	"S\375\351DR)z\012\320Qj\202\177\263\343\234AC\303r\335"
ARM GAS  /tmp/ccEFMtfa.s 			page 12


 160      52297A0A 
 160      D0516A82 
 160      7FB3E39C 
 160      4143C372 
 161 033b 69787441 		.ascii	"ixtA\033\307T\310\302\366\273md\247\\Ur\213\226.\346"
 161      1BC754C8 
 161      C2F6BB6D 
 161      64A75C55 
 161      728B962E 
 162 0350 C159B5A6 		.ascii	"\301Y\265\246\244G-G\"\305(=g+=?vM\251$\246\273\375"
 162      A4472D47 
 162      22C5283D 
 162      672B3D3F 
 162      764DA924 
 163 0367 BBD7B9C8 		.ascii	"\273\327\271\310\021\323\324\341B\251\226\\\264\003"
 163      11D3D4E1 
 163      42A9965C 
 163      B403
 164 0375 5D424B2A 		.ascii	"]BK*e\215\271\354\032\313X56\241\360\032\273l\223^\261"
 164      658DB9EC 
 164      1ACB5835 
 164      36A1F01A 
 164      BB6C935E 
 165 038a 6AAC4BD5 		.ascii	"j\254K\325\330Dbj\333\2725\316-\375\006\3741n]\231\230"
 165      D844626A 
 165      DBBA35CE 
 165      2DFD06FC 
 165      316E5D99 
 166 039f 5765E5AA 		.ascii	"We\345\252\312\214\\\225\265\267)M\223\212\031\352\237"
 166      CA8C5C95 
 166      B5B7294D 
 166      938A19EA 
 166      9F
 167 03b0 52958EAA 		.ascii	"R\225\216\252\256\216\365t\262`*}a\276f\363^G\013'K"
 167      AE8EF574 
 167      B2602A7D 
 167      61BE66F3 
 167      5E470B27 
 168 03c5 0BDD390B 		.ascii	"\013\3359\013\033O\336Vr\247\026na\227M\372\327\370"
 168      1B4FDE56 
 168      72A7166E 
 168      61974DFA 
 168      D7F8
 169 03d7 85799A60 		.ascii	"\205y\232`za%\236\226\347XX9\346\261v\367\206\314\305"
 169      7A61259E 
 169      96E75858 
 169      39E6B176 
 169      F786CCC5 
 170 03eb 524AFC86 		.ascii	"RJ\374\206]\3427e\211w\354o6\003\326\306\271=\245A\267"
 170      5DE23765 
 170      8977EC6F 
 170      3603D6C6 
 170      B93DA541 
 171 0400 B575F6DD 		.ascii	"\265u\366\335Qc\234\236?\023\\r\373^[{|\237A\217f\313"
 171      51639C9E 
 171      3F135C72 
 171      FB5E5B7B 
ARM GAS  /tmp/ccEFMtfa.s 			page 13


 171      7C9F418F 
 172 0416 7A33209A 		.ascii	"z3 \232\316\3358|\305C.\030pK\010\350Q\002\016>\034"
 172      CEDD387C 
 172      C5432E18 
 172      704B08E8 
 172      51020E3E 
 173 042b FCD21670 		.ascii	"\374\322\026p[\012\300C\033\334\021.\310\361N\262\343"
 173      5B0AC043 
 173      1BDC112E 
 173      C8F14EB2 
 173      E3
 174 043c 9C6E339B 		.ascii	"\234n3\233\002TD\033N\305L\016\177+\013\322\334\313"
 174      0254441B 
 174      4EC54C0E 
 174      7F2B0BD2 
 174      DCCB
 175 044e 9E8374BF 		.ascii	"\236\203t\277g\001\275?#_\227[\352\2125\035\251s\320"
 175      6701BD3F 
 175      235F975B 
 175      EA8A351D 
 175      A973D0
 176 0461 A379AD56 		.ascii	"\243y\255V\352:\277\271\246\307 ]\036\270+t\245\224"
 176      EA3ABFB9 
 176      A6C7205D 
 176      1EB82B74 
 176      A594
 177 0473 AEDECE1F 		.ascii	"\256\336\316\037\216y\205\256:\321\343\205{R\027\356"
 177      8E7985AE 
 177      3AD1E385 
 177      7B5217EE 
 178 0483 C0F08FA5 		.ascii	"\300\360\217\245\253\231\333\201\276\351\335R\257\266"
 178      AB99DB81 
 178      BEE9DD52 
 178      AFB6
 179 0491 C4E3F163 		.ascii	"\304\343\361ckt\350\315\011\363\261$\243\023W_\374\205"
 179      6B74E8CD 
 179      09F3B124 
 179      A313575F 
 179      FC85
 180 04a3 13974FEA 		.ascii	"\023\227O\352\272\327\220|\346\247G\363\011\235\270"
 180      BAD7907C 
 180      E6A747F3 
 180      099DB8
 181 04b2 929BCDC6 		.ascii	"\222\233\315\306\334q\347Uq\210\363C\237Pw_\251\213"
 181      DC71E755 
 181      7188F343 
 181      9F50775F 
 181      A98B
 182 04c4 0F27EB9C 		.ascii	"\017'\353\2349\327\036Hux\304\205~\231\266\314\225\373"
 182      39D71E48 
 182      7578C485 
 182      7E99B6CC 
 182      95FB
 183 04d6 5F6994B6 		.ascii	"_i\224\266\030\207\177\245\2264\367\263_\235\244\344"
 183      18877FA5 
 183      9634F7B3 
 183      5F9DA4E4 
ARM GAS  /tmp/ccEFMtfa.s 			page 14


 184 04e6 414E4951 		.ascii	"ANIQq\006\3548i\031\347\374\236/6r\025'\000\203*N\300"
 184      7106EC38 
 184      6919E7FC 
 184      9E2F3672 
 184      15270083 
 185 04fd 9AB78DC3 		.ascii	"\232\267\215\303\227T\221\314,f~=\264\253ph\354\274"
 185      975491CC 
 185      2C667E3D 
 185      B4AB7068 
 185      ECBC
 186 050f 9D25984A 		.ascii	"\235%\230J\237\267\217l\336a\234\267\263\244\332\240"
 186      9FB78F6C 
 186      DE619CB7 
 186      B3A4DAA0 
 187 051f BDF40D5B 		.ascii	"\275\364\015[5=\273\360y\373\330&}2~{\235#\230^\330"
 187      353DBBF0 
 187      79FBD826 
 187      7D327E7B 
 187      9D23985E 
 188 0534 4FE7A06F 		.ascii	"O\347\240o\361\206o5*\027]lp\3264.S\3238\22430\263\210"
 188      F1866F35 
 188      2A175D6C 
 188      70D6342E 
 188      53D33894 
 189 054c 3EAA2A66 		.ascii	">\252*f\234\317\244$\003%\215\214\365o.1]\3578|)\267"
 189      9CCFA424 
 189      03258D8C 
 189      F56F2E31 
 189      5DEF387C 
 190 0562 97885354 		.ascii	"\227\210ST\251\206\216\332\2012h\350\\\2714\000\305"
 190      A9868EDA 
 190      813268E8 
 190      5CB93400 
 190      C5
 191 0573 9A570C53 		.ascii	"\232W\014SV2\341\23730\371\030\311\363\005S\351\012"
 191      5632E19F 
 191      3330F918 
 191      C9F30553 
 191      E90A
 192 0585 633CC75B 		.ascii	"c<\307[\303\205\302\371\254\027jZF\026#\2172\035\204"
 192      C385C2F9 
 192      AC176A5A 
 192      4616238F 
 192      321D84
 193 0598 D962E78A 		.ascii	"\331b\347\212\276\276d\351\373K\337Z\034]\276\"\272"
 193      BEBE64E9 
 193      FB4BDF5A 
 193      1C5DBE22 
 193      BA
 194 05a9 E4BD65D1 		.ascii	"\344\275e\321\217\227\177\362\351\212\350\342w\336|"
 194      8F977FF2 
 194      E98AE8E2 
 194      77DE7C
 195 05b8 E565C237 		.ascii	"\345e\3027\026\255\\\211=\357.[\366\341\202\017\330"
 195      16AD5C89 
 195      3DEF2E5B 
 195      F6E1820F 
ARM GAS  /tmp/ccEFMtfa.s 			page 15


 195      D8
 196 05c9 7F7841C1 		.ascii	"\177xA\301/"
 196      2F
 197              		.text
 198              		.section	.gnu.lto_.symbol_nodes.e5c80f4eded53096,"",%progbits
 199 0000 789C6361 		.ascii	"x\234ca`dHa\000\002\246~\246z\006\206\011\347\030\030"
 199      60644861 
 199      0002A67E 
 199      A67A0686 
 199      09E71818 
 200 0014 80D4CE86 		.ascii	"\200\324\316\206\205\015\314@\261\011L\365\2140\261"
 200      850DCC40 
 200      B1094CF5 
 200      8C30B1
 201 0023 5D0D8A40 		.ascii	"]\015\212@\221\211L\365L(\"\254}L\014\215B@\003\030"
 201      91894CF5 
 201      4C2822AC 
 201      7D4C0C8D 
 201      42400318 
 202 0037 2731D533 		.ascii	"'1\3253\203\245\030\030\032\032\024\030\030\230\031"
 202      83A51818 
 202      1A1A1418 
 202      189819
 203 0046 19181675 		.ascii	"\031\030\026u\275\221gfda8\002\244\031\000\315\235\027"
 203      BD916766 
 203      64613802 
 203      A41900CD 
 203      9D17
 204 0058 A9       		.ascii	"\251"
 205              		.text
 206              		.section	.gnu.lto_.refs.e5c80f4eded53096,"",%progbits
 207 0000 789C6361 		.ascii	"x\234ca`\004B \000\000\0009\000\007"
 207      60044220 
 207      00000039 
 207      0007
 208              		.text
 209              		.section	.gnu.lto_.decls.e5c80f4eded53096,"",%progbits
 210 0000 789CCD59 		.ascii	"x\234\315Y\177PT\307\226\236\276=\30300\202\245\346"
 210      7F5054C7 
 210      969EBE3D 
 210      C3303082 
 210      A5E6
 211 0012 C5DAA576 		.ascii	"\305\332\245v\363\362|\025\366\0173\202\276\274\344"
 211      F3F27C15 
 211      F60F3382 
 211      BEBCE4
 212 0021 8FAD0A0E 		.ascii	"\217\255\012\016\022x\321\304\2321\276z\251\255b\021"
 212      1278D1C4 
 212      9A31BE7A 
 212      A9AD6211 
 213 0031 C9868A40 		.ascii	"\311\206\212@^\300-S\365\336\326\025Q\320\210\002\242"
 213      5EC02D53 
 213      F5DED615 
 213      51D08802 
 213      A2
 214 0042 51107F00 		.ascii	"Q\020\177\000F\021\204\021DEQGE\002\250\004\221(\010"
 214      46118411 
ARM GAS  /tmp/ccEFMtfa.s 			page 16


 214      44455147 
 214      4502A804 
 214      912808
 215 0055 080A2246 		.ascii	"\010\012\"FE\020QQ\300=\335}\357\334\236;\027+[[\265"
 215      45105151 
 215      C03DDD7D 
 215      EFDC9E3B 
 215      172B5B5B 
 216 006a B5539CB9 		.ascii	"\265S\234\271\367L\177\375\235\323\247O\367=}\321\353"
 216      F74C7FFD 
 216      9DD3A74F 
 216      F73D7DD1 
 216      EB
 217 007b 908E7CA6 		.ascii	"\220\216|\246\376\263Nw\005\353t\313A}\005\037=\374"
 217      FEB34E77 
 217      05EB74CB 
 217      417D051F 
 217      3DFC
 218 008d B654A77C 		.ascii	"\266T\247|\210~\010\244\014\3440H\005\010\351yZ\347"
 218      887E08A4 
 218      0CE43048 
 218      0508E979 
 218      5AE7
 219 009f FE2118A3 		.ascii	"\376!\030\243\324\367\035\220\213 \015 N\220\337A\207"
 219      D4F71D90 
 219      8B200D20 
 219      4E90DF41 
 219      87
 220 00b0 DF828019 		.ascii	"\337\202\200\031\335\217 \006\270\257\225x\016\351<"
 220      DD8F2006 
 220      B8AF9578 
 220      0EE93C
 221 00bf 3F652A2E 		.ascii	"?e*.\271?\341\232\005\327\022\302\001\362&\334{\201"
 221      B93FE19A 
 221      05D712C2 
 221      01F226DC 
 221      7B81
 222 00d1 4C079901 		.ascii	"L\007\231\001b\222l\224I\274\025\032\334d\014~\223p"
 222      62926C94 
 222      49BC151A 
 222      DC640C7E 
 222      9370
 223 00e3 CB3E0783 		.ascii	"\313>\007\203\036\004\362w\220\277\201\274\017\222\005"
 223      1E04F277 
 223      90BF81BC 
 223      0F9205
 224 00f2 9209E2A3 		.ascii	"\222\011\342\243cv\3108\002\340\372\006\210?\310\277"
 224      6376C838 
 224      02E0FA06 
 224      883FC8BF 
 225 0102 802480A4 		.ascii	"\200$\200\244\201\374\006\344\037\021\033\337a\015\037"
 225      81FC06E4 
 225      1F111BDF 
 225      610D1F
 226 0111 C6053451 		.ascii	"\306\0054Q~a\324\257\035\265!\001`S\351\257\010\261"
 226      7E61D4AF 
 226      1DB52101 
ARM GAS  /tmp/ccEFMtfa.s 			page 17


 226      6053E9AF 
 226      08B1
 227 0123 6F4445C7 		.ascii	"oDE\307\204\252:\345\317\365\023\222\201\222.\310\267"
 227      84AA3AE5 
 227      CFF51392 
 227      81922EC8 
 227      B7
 228 0134 3A1719FD 		.ascii	":\027\031\375\223\373\277\222?\224DaGR'\246K\235uH\322"
 228      93FBBF92 
 228      3F944461 
 228      475227A6 
 228      4B9D7548 
 229 0149 05C50062 		.ascii	"\005\305\000b\252\334\201\343c\356Jt\212\317\2561!y"
 229      AADC81E3 
 229      63EE4A74 
 229      8ACFAE31 
 229      2179
 230 015b D079ADF9 		.ascii	"\320y\255\371\247\005, r\337tw\374\016z\267D\204O\206"
 230      A7052C20 
 230      72DF7477 
 230      FC0E7AB7 
 230      44844F86 
 231 016f 280AFFAA 		.ascii	"(\012\377\252\204\346J\212c'~\"\240i>H\017\352\320\345"
 231      84E64A8A 
 231      63277E22 
 231      A0693E48 
 231      0FEAD0E5 
 232 0183 9C1E3F50 		.ascii	"\234\036?Pg\370\240\267@\035\257\317\315\021fn\243\375"
 232      67F8A0B7 
 232      401DAFCF 
 232      CD11666E 
 232      A3FD
 233 0195 D6886FE9 		.ascii	"\326\210o\351\321\322\337\240b\024\200\016\242\000\260"
 233      D1D2DFA0 
 233      6214800E 
 233      A200B0
 234 01a4 548266C2 		.ascii	"T\202f\302\3672=cr:{\216\233\337\336#:\035bw^\325W\231"
 234      F7323D63 
 234      723A7B8E 
 234      9BDFDE23 
 234      3A1D6277 
 235 01bc 6BC43AE8 		.ascii	"k\304:\350\366\026A\241\003\010\243\"\364.q\017n\311"
 235      F61641A1 
 235      0308A322 
 235      F42E710F 
 235      6EC9
 236 01ce 653F6A07 		.ascii	"e?j\007\277\017\241\267\241\347\216]\233\035\030/\245"
 236      BF0FA1B7 
 236      A1E78E5D 
 236      9B1D182F 
 236      A5
 237 01df 9E5E59E7 		.ascii	"\236^Y\347l!,{\034\242\363\347T\274Ct\246\000\213@Y"
 237      6C212C7B 
 237      1CA2F3E7 
 237      54BC4374 
 237      A6008B40 
 238 01f4 4A159652 		.ascii	"J\025\226R\236\245\214\262\210\375';\374q4e\271{a\353"
ARM GAS  /tmp/ccEFMtfa.s 			page 18


 238      9EA58CB2 
 238      88FD273B 
 238      FC713465 
 238      B97B61EB 
 239 0208 0289E446 		.ascii	"\002\211\344F\203Y\314X-\212\037R\012\207B\341\340)"
 239      8359CC58 
 239      2D8A1F52 
 239      0A8742E1 
 239      E029
 240 021a 0E538AFA 		.ascii	"\016S\212\372\273\347nb\234D)*\033G\236a\340\350\026"
 240      BBE76E62 
 240      9C44292A 
 240      1B479E61 
 240      E0E816
 241 022d C5EED1D4 		.ascii	"\305\356\321\324\177\313q\364\212i\323\350\230Q\271"
 241      7FCB71F4 
 241      8A69D3E8 
 241      9851B9
 242 023c 42524E49 		.ascii	"BRNI\340\246\202\022t\326\025\025\223h\276\343\203\310"
 242      E0A68212 
 242      74D61515 
 242      9368BEE3 
 242      83C8
 243 024e 6CF9C34F 		.ascii	"l\371\303Oe\017\252F\247\260\237\010m\363\346\307\205"
 243      650FAA46 
 243      A7B09F08 
 243      6DF3E6C7 
 243      85
 244 025f 465C8A88 		.ascii	"F\\\212\210\"\324\246W\224\373\242@\237\037H\200\273"
 244      22D4A657 
 244      94FBA240 
 244      9F1F4880 
 244      BB
 245 0270 872F8666 		.ascii	"\207/\206f\246\222\261\036G>\350\250b\343\035\262\012"
 245      A692B11E 
 245      473EE8A8 
 245      62E31DB2 
 245      0A
 246 0281 D2443199 		.ascii	"\322D1\231\314\301\264:?\235k\012\3201\024H\210\011"
 246      CCC1B43A 
 246      3F9D6B0A 
 246      D0311448 
 246      8809
 247 0293 1055C28F 		.ascii	"\020U\302\217G\340G0RT\230\231\357\2057\323\271\027"
 247      47E04730 
 247      52549899 
 247      EF8537D3 
 247      B917
 248 02a5 761C39F8 		.ascii	"v\0349\370\314\307ed(k\036\244\301Tt\022lT)6\300\344"
 248      CCC76564 
 248      286B1EA4 
 248      C1547412 
 248      6C542936 
 249 02bb A4464E68 		.ascii	"\244FNh\0339\264S\274\344\017\003#L\342H\271\031~r\024"
 249      1B39B453 
 249      BCE40F03 
 249      234CE248 
ARM GAS  /tmp/ccEFMtfa.s 			page 19


 249      B9197E72 
 250 02d0 DEF91DEE 		.ascii	"\336\371\035\356a)\327\360|\303#\377\337\027\210{\362"
 250      6129D7F0 
 250      7CC323FF 
 250      DF17887B 
 250      F2
 251 02e1 211D4ED9 		.ascii	"!\035N\331 \035\302)\364\0243\312\245\021\371\245\232"
 251      201DC229 
 251      F41433CA 
 251      A511F9A5 
 251      9A
 252 02f2 183A8D7E 		.ascii	"\030:\215~Or\365D\367\035?<,%\356\376\264&\354\003~"
 252      4F72F544 
 252      F71D3F3C 
 252      2C25EEFE 
 252      B426EC03 
 253 0307 ADF9D57E 		.ascii	"\255\371\325~\345\234|\322``\031\355\015\352\261\201"
 253      E59C7CD2 
 253      606019ED 
 253      0DEAB181 
 254 0317 E2635358 		.ascii	"\342cSXF;I\363\367U\267\007\375\360SJ\257\337TT0 \240"
 254      463B49F3 
 254      F755B707 
 254      FDF0534A 
 254      AFDF5454 
 255 032e E981B366 		.ascii	"\351\201\263fe\322\034w\212\"J\322\241s\300v\226\372"
 255      65D21C77 
 255      8A224AD2 
 255      A173C076 
 255      96FA
 256 0340 5683A653 		.ascii	"V\203\246So/\200\255\037\321,T\213f\321\371f\301\034"
 256      6F2F80AD 
 256      1FD12C54 
 256      8B66D1F9 
 256      66C11C
 257 0353 B9FE5F39 		.ascii	"\271\376_9\345$\307\001\246\223BI>\371b\312\032\321"
 257      E524C701 
 257      A6934249 
 257      3EF962CA 
 257      1AD1
 258 0365 9939109E 		.ascii	"\2319\020\236\005\213`\016r\302\260\317\303 \011\231"
 258      058B600E 
 258      72C2B0CF 
 258      C3200999 
 259 0375 CB7B0BA1 		.ascii	"\313{\013\241/&F$\370\304W$\3311E\237\321D\007\005\260"
 259      2F264624 
 259      F8C45724 
 259      D931459F 
 259      D1440705 
 260 038a 9596535E 		.ascii	"\225\226S^s\306\210\3131\235\336\023\345\217\016\233"
 260      73C688CB 
 260      319DDE13 
 260      E58F0E9B 
 261 039a 50E074EA 		.ascii	"P\340t\352\221s\313\300LQ\364F\015\320\267N\231]\342"
 261      9173CBC0 
 261      4C51F446 
 261      0DD0B74E 
ARM GAS  /tmp/ccEFMtfa.s 			page 20


 261      995DE2
 262 03ad 1E6CA85A 		.ascii	"\036l\250ZCD\3650\262\311F\011\266\322\013\362\267\230"
 262      4344F530 
 262      B2C94609 
 262      B6D20BF2 
 262      B798
 263 03bf CD1B94C4 		.ascii	"\315\033\224\304\240\334\312\344]Df\232\377p\005t\311"
 263      A0DCCAE4 
 263      5D44669A 
 263      FF700574 
 263      C9
 264 03d0 E51F3BA4 		.ascii	"\345\037;\244\335$\015\201\276g{]\262\200OSO\321\321"
 264      DD240D81 
 264      BE677B5D 
 264      B2804F53 
 264      4FD1D1
 265 03e3 BEFA5A1F 		.ascii	"\276\372Z\037\326(\222\306\302\343\335c\010\327\263"
 265      D62892C6 
 265      C2E3DD63 
 265      08D7B3
 266 03f2 4667EDC6 		.ascii	"Fg\355\306\207\010\2670%\355V\352U\011\371\234\350\257"
 266      8708B730 
 266      25ED56EA 
 266      5509F99C 
 266      E8AF
 267 0404 CE3D6B9D 		.ascii	"\316=k\235\202o\260\306\312\274k\273|IJ\210\262G\000"
 267      826FB0C6 
 267      CABC6BBB 
 267      7C494A88 
 267      B24700
 268 0417 531CBA4A 		.ascii	"S\034\272J2\031\342\205\346\320l\310m\233p\370O\313"
 268      3219E285 
 268      E6D06CC8 
 268      6D9B70F8 
 268      4FCB
 269 0429 9086FE61 		.ascii	"\220\206\376a\022\315Ae~[\3204\271\0175t\257\255\300"
 269      12CD4165 
 269      7E5BD034 
 269      B90F3574 
 269      AFADC0
 270 043c C40C0F12 		.ascii	"\304\014\017\022=\363\374\310\260/\356e\206;\362\263"
 270      3DF3FCC8 
 270      B02FEE65 
 270      863BF2B3 
 271 044c F7E95963 		.ascii	"\367\351Yc?\335`\307\306R\364\370\036kL>\331\226\351"
 271      3FDD60C7 
 271      C652F4F8 
 271      1E6B4C3E 
 271      D996E9
 272 045f CF1ABBE9 		.ascii	"\317\032\273\351:O\336R\350\205\207Y\343\313\201\375"
 272      3A4FDE52 
 272      E8858759 
 272      E3CB81FD 
 273 046f 835E789C 		.ascii	"\203^x\234)\307nm=#\331h%\372\371\341\235Cf\234\252"
 273      29C76E6D 
 273      3D23D968 
 273      25FAF9E1 
ARM GAS  /tmp/ccEFMtfa.s 			page 21


 273      9D43669C 
 274 0484 A78D6B0B 		.ascii	"\247\215k\013[6\032q&S\256\366\355M13d\023\321\207\333"
 274      5B361A71 
 274      2653AEF6 
 274      ED4D3133 
 274      6413D187 
 275 0499 D36BCD38 		.ascii	"\323k\3158\2275\326\324\365\\\365\306\373\230\362\335"
 275      9735D6D4 
 275      F55CF5C6 
 275      FB98F2DD 
 276 04a9 85CA5A29 		.ascii	"\205\312Z)\356uD_\335\357H\305\270\2145\312+`\232\264"
 276      EE75445F 
 276      DDEF48C5 
 276      B88C35CA 
 276      2B609AB4 
 277 04bd 02869ACE 		.ascii	"\002\206\232\316o0\341*\326xy}\326V\001\237e\312\201"
 277      6F30E12A 
 277      D678797D 
 277      D656019F 
 277      65CA81
 278 04d0 BE9D9B24 		.ascii	"\276\235\233$\203\357\223h\344\016\346\231q=k\253.X"
 278      83EF9368 
 278      E40EE699 
 278      713D6BAB 
 278      2E58
 279 04e2 5BE48DAF 		.ascii	"[\344\215\2572\345\344\261\352Zi\215\315\0015\2451\275"
 279      32E5E4B1 
 279      EA5A698D 
 279      CD0135A5 
 279      31BD
 280 04f4 C38CDB59 		.ascii	"\303\214\333Y[i\177\252\323\210{\230\222;\334yO\032"
 280      5B697FAA 
 280      D3887B98 
 280      923BDC79 
 280      4F1A
 281 0506 6C2021B9 		.ascii	"l !\271<Z\342\207\357\2636\371Y3\215=k\252\333+-x\204"
 281      3C5AE287 
 281      EFB336F9 
 281      59338D3D 
 281      6BAADB2B 
 282 051d 35EDEDAF 		.ascii	"5\355\355\257\332\342\217'\2302\220r\247\333\227\341"
 282      DAE28F27 
 282      98329072 
 282      A7DB97E1 
 283 052d 66827AAB 		.ascii	"f\202z\253\363\356\006?\234j\240m\353\316l=e\302\231"
 283      F3EE063F 
 283      9C6AA06D 
 283      EBCE6C3D 
 283      65C299
 284 0540 4C691EBC 		.ascii	"Li\036\274\224'\001\247\222\010u\337D8\2075\335\337"
 284      942701A7 
 284      920875DF 
 284      44388735 
 284      DDDF
 285 0552 E06C1370 		.ascii	"\340l\023p\001S\212\252\322o\031p\011Sz\216\245<\325"
 285      01538AAA 
 285      D26F1970 
ARM GAS  /tmp/ccEFMtfa.s 			page 22


 285      09537A8E 
 285      A53CD5
 286 0565 6307538A 		.ascii	"c\007S\212\307v5\231p%S\206k\016\014KS\232A\362\265"
 286      C7763599 
 286      70255386 
 286      6B0E0C4B 
 286      539A41F2 
 287 057a 212D770E 		.ascii	"!-w\016\333HD\023\250?\\\315\031\362\302\247(\366\355"
 287      DB484413 
 287      A83F5CCD 
 287      19F2C2A7 
 287      28F6ED
 288 058d 47192F06 		.ascii	"G\031/\006\374\321,\215\317t\372\035(i\371t\225^\207"
 288      FCD12C8D 
 288      CF74FA1D 
 288      2869F974 
 288      955E87
 289 05a0 9D41243B 		.ascii	"\235A$;\003\244\037\032\200u\232%LWV\344C\344Z\354\322"
 289      03A41F1A 
 289      80759A25 
 289      4C5756E4 
 289      43E45AEC 
 290 05b5 CE10AFEC 		.ascii	"\316\020\257\354\014\355\022\332\2653\264\251\321\247"
 290      0CED12DA 
 290      B533B4A9 
 290      D1A7
 291 05c3 39F41335 		.ascii	"9\364\0235\3721\217&\256lOXM\321\304\223f\265'W\324"
 291      FA318F26 
 291      AE6C4F58 
 291      4DD1C493 
 291      66B52757 
 292 05d8 DC39090A 		.ascii	"\3349\011\012w\223\232\273Q\315\235\305q\267\252\271"
 292      77939ABB 
 292      51CD9DC5 
 292      71B7AAB9 
 293 05e8 AFABB98F 		.ascii	"\257\253\271\217p~\277Ps{\354\226\331\234'\327\324\350"
 293      707EBF50 
 293      737BEC96 
 293      D99C27D7 
 293      D4E8
 294 05fa 9FD5DCD5 		.ascii	"\237\325\334\325\034\367S5z\004\251\311wq\344\227\325"
 294      1CF75335 
 294      7A04A9C9 
 294      7771E497 
 294      D5
 295 060b F04B6AF2 		.ascii	"\360Kj\362\033\034\371}5\372\027\017\362A\016\336\247"
 295      1B1CF97D 
 295      35FA170F 
 295      F2410EDE 
 295      A7
 296 061c 86F7BAC5 		.ascii	"\206\367\272\3050Yt6Ih\262m\015k\317\246LN\34079x\277"
 296      30597436 
 296      4968B26D 
 296      0D6BCFA6 
 296      4C4EE037 
 297 0633 1A7ED7C3 		.ascii	"\032~\327\303\227\343\234/\317\325\360\263\036\360V"
 297      97E39C2F 
ARM GAS  /tmp/ccEFMtfa.s 			page 23


 297      CFD5F0B3 
 297      1EF056
 298 0642 0EFE407B 		.ascii	"\016\376@{\244\\\\:8\364=m_8\3646.\346\347\265'\224"
 298      A45C5C3A 
 298      38F43D6D 
 298      5F38F436 
 298      2EE6E7B5 
 299 0658 77C5C1C1 		.ascii	"w\305\301\301\307\265\247\210\207?\347|\351V\303\273"
 299      C7B5A788 
 299      873FE77C 
 299      E956C3BB 
 300 0668 3878A654 		.ascii	"8x\246T#\323\207\344\030 ^\322F\202'O\310\355B \332"
 300      23D387E4 
 300      18205ED2 
 300      4682274F 
 300      C8ED4220 
 301 067d 29CC4229 		.ascii	")\314B) [A6\202|\017\262\016D\004\331\000\262\005$\033"
 301      205B4136 
 301      827C0FB2 
 301      0E4404D9 
 301      00B20524 
 302 0692 64029EA4 		.ascii	"d\002\236\244\351pM\003\331\004\362\035\310z\220m \273"
 302      E9704D03 
 302      D904F21D 
 302      C87A906D 
 302      20BB
 303 06a4 41724032 		.ascii	"Ar@2A\362@v\200\274\002|.\\\327\200\254\005\331\014"
 303      41F24076 
 303      80BC027C 
 303      2E5CD780 
 303      AC05D90C 
 304 06b8 B21A2419 		.ascii	"\262\032$\031d\027H*H\2060\213\2530\232\271Q\015\251"
 304      6417482A 
 304      4886308B 
 304      AB309AB9 
 304      510DA9
 305 06cb 47F5481D 		.ascii	"G\365H\035\341\026\016=\250\215\346Cv\224\203\217j\347"
 305      E1160E3D 
 305      A88DE643 
 305      7694838F 
 305      6AE7
 306 06dd 0647FE98 		.ascii	"\006G\376\230C\337\321\316j\236\374\004\007\177\246"
 306      43DFD1CE 
 306      6A9EFC04 
 306      077FA6
 307 06ec BD202939 		.ascii	"\275 )9\253jv\017\204C\005\217\010\312\275\314\")?."
 307      AB6A760F 
 307      8443058F 
 307      08CABDCC 
 307      22293F2E 
 308 0700 975924E7 		.ascii	"\227Y$\347;\325\\\035\036\246\237r\246oi\247\0027\256"
 308      3BD55C1D 
 308      1EA69F72 
 308      A66F69A7 
 308      0237AE
 309 0713 0C2ECF6E 		.ascii	"\014.\317nh\357\275<yy\274{\021\347\271\211q\334/8\360"
 309      68EFBD3C 
ARM GAS  /tmp/ccEFMtfa.s 			page 24


 309      7979BC7B 
 309      11E7B989 
 309      71DC2F38 
 310 0728 4D6DC739 		.ascii	"Mm\3079\364N\316\223\237\264\367^\327N\0001{\022\257"
 310      F44ECE93 
 310      9FB4F75E 
 310      D74E0031 
 310      7B12AF
 311 073b 6CBE3DEA 		.ascii	"l\276=\352\315\367\266B\016O\262\221\222\222N_|\201"
 311      CDF7B642 
 311      0E4FB291 
 311      92924E5F 
 311      7C81
 312 074d 3EC98427 		.ascii	">\311\204'\245\325\355f(\2115\027\002\312\207\374\377"
 312      A5D5ED66 
 312      28893517 
 312      02CA87FC 
 312      FF
 313 075e FFB61658 		.ascii	"\377\266\026X\216T>\242\225\357^pn\217\340\252|I\306"
 313      8E543EA2 
 313      95EF5E70 
 313      6E8FE0AA 
 313      7C49C6
 314 0771 D0316EEA 		.ascii	"\3201n\352\355\016v+c\367\012|\031[ \2602\026\256\244"
 314      ED0E762B 
 314      63F70A7C 
 314      195B20B0 
 314      3216AEA4 
 315 0785 5EBB5376 		.ascii	"^\273Sv\327\275\350%\307>\005](\230e\003\205\264\303"
 315      D7BDE825 
 315      C73E055D 
 315      28986503 
 315      85B4C3
 316 0798 68F3A6B5 		.ascii	"h\363\246\265\006|\205\325\015\347;\035\016o\334jp+"
 316      067C85D5 
 316      0DE73B1D 
 316      0E6FDC6A 
 316      702B
 317 07aa 7A674845 		.ascii	"zgHE\357x\357\231n\023\356\242\215^\203\033\012\233"
 317      EF78EF99 
 317      6E13EEA2 
 317      8D5E831B 
 317      0A9B
 318 07bc 11A2E5C1 		.ascii	"\021\242\345\301t6\311\235\327f(\263\374\003\214\243"
 318      7436C99D 
 318      D76628B3 
 318      FC038CA3 
 319 07cc F4750934 		.ascii	"\364u\0114"
 320 07d0 780DCEB6 		.ascii	"x\015\316\266Q\024\273O\215\365\\\241\012\370\2006\230"
 320      5114BB4F 
 320      8DF55CA1 
 320      0AF88036 
 320      98
 321 07e1 A50F0B67 		.ascii	"\245\017\013g\033\240!\234\245\352\025G\230\272x'I\226"
 321      1BA0219C 
 321      A5EA1547 
 321      98BA7827 
ARM GAS  /tmp/ccEFMtfa.s 			page 25


 321      4996
 322 07f3 7B3AA9B1 		.ascii	"{:\251\261\231\356\027\002\244\225]*%P\011$P\021L\344"
 322      99EE1702 
 322      A4955D2A 
 322      25500924 
 322      50114CE4 
 323 0807 21908320 		.ascii	"!\220\203 \305\202\353\330\261\275w\034\266\351>\226"
 323      C582EBD8 
 323      B1BD771C 
 323      B6E93E96 
 324 0817 92592F0E 		.ascii	"\222Y/\016^\362v\035qF\266!\342\331a )S&\272T\230>\231"
 324      5EF2761D 
 324      7146B621 
 324      E2D96120 
 324      295326BA 
 325 082f 41E4003B 		.ascii	"A\344\000;\277\302f\372\3156\007v\233\365\303n9R.\345"
 325      BFC266FA 
 325      CD360776 
 325      9BF5C36E 
 325      39522EE5 
 326 0843 48399DF2 		.ascii	"H9\235\362\241\261\274cRe;\203\314kWF\206\221\315\363"
 326      A1B1BC63 
 326      52653B83 
 326      CC6B5746 
 326      8691CDF3 
 327 0857 1E32CF5D 		.ascii	"\0362\317]\216\303\317\014\223\237R*\005\351\224r\220"
 327      8EC3CF0C 
 327      939F522A 
 327      05E99472 
 327      90
 328 0868 1D5A0F24 		.ascii	"\035Z\017$\357\315\326K\307\024Q>\246\034\201\001T\010"
 328      EFCDD64B 
 328      C714513E 
 328      A61C8101 
 328      5408
 329 087a 047E5498 		.ascii	"\004~T\230&w\242G\240\346\353OMx\204e\330\241Vq\275"
 329      2677A247 
 329      A0E6EB4F 
 329      4D788465 
 329      D8A15671 
 330 088f 493E2267 		.ascii	"I>\"g\374\252#r\346D{\223\201\267v\\x\215\265\223\265"
 330      FCAA2372 
 330      E6447B93 
 330      81B7765C 
 330      788DB593 
 331 08a4 CDF508BF 		.ascii	"\315\365\010\277`\326\316=v\354\227\216\010\030\324"
 331      60D6CE3D 
 331      76EC978E 
 331      0818D4
 332 08b3 47CFF2D7 		.ascii	"G\317\362\327{O>\314jy\230'\005j85\257\253\302\240\036"
 332      7B4F3ECC 
 332      6A799827 
 332      056A3835 
 332      AFABC2A0 
 333 08c8 A69218A7 		.ascii	"\246\222\030\247\250\341j\331p\335\3323\337{\2709)\272"
 333      A8E16AD9 
 333      70DDDA33 
ARM GAS  /tmp/ccEFMtfa.s 			page 26


 333      DF7BB839 
 333      29BA
 334 08da 6FA2A2C1 		.ascii	"o\242\242\301\210_17\267d=o\360\306k\274X!_<\270\317"
 334      885F3137 
 334      B7643D6F 
 334      F0C66BBC 
 334      58215F3C 
 335 08f0 0BA732A5 		.ascii	"\013\2472\245m\2701\025\363\007BB:\351\201p\373\350"
 335      6DB83115 
 335      F3074242 
 335      3AE98170 
 335      FBE8
 336 0902 DE5FA6E0 		.ascii	"\336_\246\340\357X\327\207\003ce~8\203)\305%g\033}\361"
 336      EF58D787 
 336      0363657E 
 336      388329C5 
 336      25671B7D 
 337 0917 56A68C65 		.ascii	"V\246\214e\354\2560\341\\\246\234+\330\225e\302{\230"
 337      ECAE30E1 
 337      5CA69C2B 
 337      D89565C2 
 337      7B98
 338 0929 F22A236D 		.ascii	"\362*#m\207\021\357cJvcv\201/>\310\224\227\375\331m"
 338      8711EF63 
 338      4A766376 
 338      812F3EC8 
 338      9497FDD9 
 339 093e 8845D2CC 		.ascii	"\210E\322\314\035 gH\007\310\322\247\233\276\367\305"
 339      1D206748 
 339      07C8D2A7 
 339      9BBEF7C5 
 340 094e 0E86BDDE 		.ascii	"\016\206\275\336\226R%a}A]\323>q\316\177\362\2507\312"
 340      96522561 
 340      7D415DD3 
 340      3E71CE7F 
 340      F2A837CA 
 341 0962 51BFCCA2 		.ascii	"Q\277\314\242^\266\266\267\310\033z\007\370\300\276"
 341      5EB6B6B7 
 341      C81B7A07 
 341      F8C0BE
 342 0971 CABD920A 		.ascii	"\312\275\222\012`\257\244\2168\207\017\351\361\021j"
 342      60AFA48E 
 342      38870FE9 
 342      F1116A
 343 0980 49B852D1 		.ascii	"I\270R\321v\301\304\275\222\372\247\343\344m\321U\210"
 343      76C1C4BD 
 343      92FAA7E3 
 343      E46DD155 
 343      88
 344 0991 D11565B1 		.ascii	"\321\025e\261\005\270^\026\015\346\213^3uh.=n\243fX"
 344      05B85E16 
 344      0DE68B5E 
 344      3375682E 
 344      3D6EA366 
 345 09a6 5C0152BA 		.ascii	"\\\001R\2725\301<\375\304\354\027\355>P3\005\237f\006"
 345      35C13CFD 
 345      C4EC17ED 
ARM GAS  /tmp/ccEFMtfa.s 			page 27


 345      3E503305 
 345      9F6606
 346 09b9 1E66DF4F 		.ascii	"\036f\337O\303\334\353\250\200bb\340\032\030hQ\014\\"
 346      C3DCEBA8 
 346      806262E0 
 346      1A186851 
 346      0C5C
 347 09cb 1526B1F0 		.ascii	"\025&\261\360\263\266\2053i'w\032\225LA\224\357\"\264"
 347      B3B68533 
 347      6927771A 
 347      954C4194 
 347      EF22B4
 348 09de 37D084BE 		.ascii	"7\320\204\276N3\245Q\316\224\275\353+2|\330\212\371"
 348      4E33A551 
 348      CE94BDEB 
 348      2B327CD8 
 348      8AF9
 349 09f0 55ECF9B7 		.ascii	"U\354\371\267;N\013<{\353\353\330O5w|\210k\331\274\215"
 349      3B4E0B3C 
 349      7BEBEBD8 
 349      4F35777C 
 349      886BD9BC 
 350 0a05 34764089 		.ascii	"4v@\211\321\300\224\224\213\365\373\215\270\221)\017"
 350      D1C09494 
 350      8BF5FB8D 
 350      B891290F 
 351 0a15 8A2ED779 		.ascii	"\212.\327y\341\026\246\364\366\2758\216q\033S~x\220"
 351      E116A6F4 
 351      F6BD388E 
 351      711B537E 
 351      7890
 352 0a27 9F6EC237 		.ascii	"\237n\3027\245>\275\003\215\322\221v#\231\272\227\203"
 352      A53EBD03 
 352      8DD29176 
 352      2399BA97 
 352      83
 353 0a38 475BE42C 		.ascii	"G[\344,!o\267~\031\271\363\312\033\367R\360\233\335"
 353      216FB77E 
 353      19B9F3CA 
 353      1BF752F0 
 353      9BDD
 354 0a4a BBB63798 		.ascii	"\273\2667\230\021\177\354\224>\201\364\344\011[ww\345"
 354      117FEC94 
 354      3E81F4E4 
 354      095B7777 
 354      E5
 355 0a5b B355E32D 		.ascii	"\263U\343-\275\242\230e\246\233w\035\204\374\036\277"
 355      BDA29865 
 355      A69B771D 
 355      84FC1EBF 
 356 0a6b 79BB9D3D 		.ascii	"y\273\235=i\031\021I\036\032\260#\320\323\007\301\312"
 356      69191149 
 356      1E1AB023 
 356      D0D307C1 
 356      CA
 357 0a7c FB844651 		.ascii	"\373\204FQ\336\334\345z\304\324\252\231=\216\007M\012"
 357      DEDCE57A 
ARM GAS  /tmp/ccEFMtfa.s 			page 28


 357      C4D4AA99 
 357      3D8E074D 
 357      0A
 358 0a8d F8476D37 		.ascii	"\370Gm7\334\2526\005}[\215\3668\221]S\3005j0w\360p{"
 358      DCAA3605 
 358      7D5B8DF6 
 358      38915D53 
 358      C0356A30 
 359 0aa5 5ADC8261 		.ascii	"Z\334\202au\323\371\274'=*\236B6<\202G\304(\310\010"
 359      75D3F9BC 
 359      273D2A9E 
 359      42363C82 
 359      47C428C8 
 360 0aba C843905F 		.ascii	"\310C\220_@\206A\036\203\014\201\364\200\364\201\334"
 360      4086411E 
 360      830C81F4 
 360      80F481DC 
 361 0aca 01B90FD2 		.ascii	"\001\271\017\322\0172\000\362\000\344\031\310 \310\023"
 361      0F3200F2 
 361      00E419C8 
 361      20C813
 362 0ad9 90E720BD 		.ascii	"\220\347 \275 w\335\352\367\243\212\237\355j?G\324\203"
 362      2077DDEA 
 362      F7A38A9F 
 362      ED6A3F47 
 362      D483
 363 0aeb 6A51C017 		.ascii	"jQ\300\027\264\203+\307+\033*\277\033t\336\316\301\274"
 363      B4832BC7 
 363      2B1B2ABF 
 363      1B74DECE 
 363      C1BC
 364 0afd 9D95C0AE 		.ascii	"\235\225\300\256\342\257W\315|Da\356P3k\034\002\025"
 364      E2AF57CD 
 364      7C4461EE 
 364      50336B1C 
 364      0215
 365 0b0f F479EDE0 		.ascii	"\364y\355\340\272\374 Gi\206&\233l\227\032\315\2273"
 365      BAFC2047 
 365      6986269B 
 365      6C971ACD 
 365      9733
 366 0b21 047B53C1 		.ascii	"\004{S\301\236Qco{\370Q\255\370Q\257F\253N3\020\217"
 366      9E51636F 
 366      7BF851AD 
 366      F851AF46 
 366      AB4E3310 
 367 0b36 1391A2E3 		.ascii	"\023\221\242\343\337Q\033\304\343\222\004\226\027\260"
 367      DF511BC4 
 367      E3920496 
 367      17B0
 368 0b44 FB3B117A 		.ascii	"\373;\021z*V\230ohO\013\037\351A\032i\330 \320\011\011"
 368      2A56986F 
 368      684F0B1F 
 368      E9411A69 
 368      D820D009 
 369 0b59 EC2A3C3C 		.ascii	"\354*<<N\023\345\012s\247v\244\271SOn\027-\301\356\251"
 369      4E13E50A 
ARM GAS  /tmp/ccEFMtfa.s 			page 29


 369      73A776A4 
 369      B9534F6E 
 369      172DC1EE 
 370 0b6e 4B3012AA 		.ascii	"K0\022\252\316\335o\260\022\214\004\313\251\035\254"
 370      CEDD6FB0 
 370      128C04CB 
 370      A91DAC
 371 0b7d 20C5C7C7 		.ascii	" \305\307\307\324\307*\360\361\230\240Z\305\036\357"
 371      D4C72AF0 
 371      F198A05A 
 371      C51EEF
 372 0b8c 8F1C8A8F 		.ascii	"\217\034\212\21775g\214\015\0366\237\306\256\255\215"
 372      3735678C 
 372      0D1E369F 
 372      C6AEAD8D 
 373 0b9c 7A9C63A4 		.ascii	"z\234c\244\373zOM\331\003\037W\2216\332E\213\2641\350"
 373      FB7A4F4D 
 373      D9031F57 
 373      9136DA45 
 373      8BB431E8 
 374 0bb0 FC42D9D6 		.ascii	"\374B\331\326\357y\026i\362\262C/a\265\375_\254<\362"
 374      EF791669 
 374      F2B2432F 
 374      61B5FD5F 
 374      AC3CF2
 375 0bc3 567AA07F 		.ascii	"Vz\240\177\213\277[\2417\346V\350\215K\205\3368-\364"
 375      8BBF5BA1 
 375      37E656E8 
 375      8D4B85DE 
 375      382DF4
 376 0bd6 AE3DCCCB 		.ascii	"\256=\314\3132\340\002:J\3648\247\366\276\017.bJn\351"
 376      32E0023A 
 376      4AF438A7 
 376      F6BE0F2E 
 376      624A6EE9 
 377 0bea C1148C4B 		.ascii	"\301\024\214K\230\322Q\275\272\306\017\037a\312\255"
 377      98D251BD 
 377      BAC60F1F 
 377      61CAAD
 378 0bf9 DDC9BD06 		.ascii	"\335\311\275\006\\\305\224\343\247\036\006\263-<\000"
 378      5CC594E3 
 378      A71E06B3 
 378      2D3C00
 379 0c08 B4139D43 		.ascii	"\264\023\235CN_i\007';\372\356\373\375\335\276\370\024"
 379      4E5F6907 
 379      273BFAEE 
 379      FBFDDDBE 
 379      F814
 380 0c1a 859A5A5E 		.ascii	"\205\232Z^<\377\311\017\271\336\031\262={\344z\330\366"
 380      3CFFC90F 
 380      B9DE19B2 
 380      3D7BE47A 
 380      D8F6
 381 0c2c 6665CF7E 		.ascii	"fe\317~\005\361L\305\223,Q\267\330\246\340\000\264\006"
 381      05F14CC5 
 381      932C51B7 
 381      D8A6E000 
ARM GAS  /tmp/ccEFMtfa.s 			page 30


 381      B406
 382 0c3e 93468227 		.ascii	"\223F\202'\201M\307\201(\015\303\361\013d\003\310:\220"
 382      814DC781 
 382      280DC3F1 
 382      0B6403C8 
 382      3A90
 383 0c50 4D20EB41 		.ascii	"M \353A6b~k\312^\246\224\370\311XeQ}\016\331\305\201"
 383      36627E6B 
 383      CA5EA694 
 383      F8C95865 
 383      517D0ED9 
 384 0c66 27D4EE79 		.ascii	"'\324\356y\276^\333\316\301E5\267\307\271e\033\207^"
 384      BE5EDBCE 
 384      C14535B7 
 384      C7B9651B 
 384      875E
 385 0c78 ADE989DB 		.ascii	"\255\351\211\333{!\016\275V\215~\254^b\231\267\331\213"
 385      7B210EBD 
 385      568D7EAC 
 385      5E6299B7 
 385      D98B
 386 0c8a 0540791E 		.ascii	"\005@y\036s\362ns\377\277!\307\034\215a\311G\350umb"
 386      73F26E73 
 386      FFBF21C7 
 386      1C8D61C9 
 386      47E8756D 
 387 0c9f AB2FAE61 		.ascii	"\253/\256aK\341J\337wk\375\\K\241\3426=\230fB\347\315"
 387      4BE14ADF 
 387      776BFD5C 
 387      4BA1E236 
 387      3D986642 
 388 0cb5 D8B51488 		.ascii	"\330\265\024\210\305I\246\013e\300,\375Of\214\374\237"
 388      C549A60B 
 388      65C02CFD 
 388      4F668CFC 
 388      9F
 389 0cc6 ACFAC20E 		.ascii	"\254\372\302\016\367\224\316\304|Jga\226\322\344\372"
 389      F794CEC4 
 389      7C4A6761 
 389      96D2E4FA 
 390 0cd6 0F5F46AD 		.ascii	"\017_F\255\210\\\261by\344\262\250\350\257V~\035\271"
 390      885CB162 
 390      79E4B2A8 
 390      E8AF567E 
 390      1DB9
 391 0ce8 3C212E2A 		.ascii	"<!.*6>26>6\311\373\243O>{\313\372\301\007:\213\365\313"
 391      363E3236 
 391      3E36C9FB 
 391      A34F3E7B 
 391      CBFAC107 
 392 0d00 D865B19F 		.ascii	"\330e\261\237\332-\011\211\026\200[\276N\370&)\321b"
 392      DA2D0989 
 392      16805BBE 
 392      4EF82629 
 392      D162
 393 0d12 5FB2686E 		.ascii	"_\262hn0\373\016\233\267j\225E\"z7Zg\2269\011\313\324"
 393      30FB0E9B 
ARM GAS  /tmp/ccEFMtfa.s 			page 31


 393      B76A9545 
 393      227A375A 
 393      67963909 
 394 0d28 C4A4B8B9 		.ascii	"\304\244\270\271\301\221\321+\022\242\277\242?\030\227"
 394      C191D12B 
 394      12A2BFA2 
 394      3F1897
 395 0d37 C74545C0 		.ascii	"\307EE\3005\3505\254\013\027\206ZB\027\205\374g\260"
 395      35E835AC 
 395      0B17865A 
 395      421785FC 
 395      67B0
 396 0d49 85F5862E 		.ascii	"\205\365\206.\357~\251\363\211\214\\\031\033\237\004"
 396      EF7EA9F3 
 396      898C5C19 
 396      1B9F04
 397 0d58 7AD26796 		.ascii	"z\322g\226\225\211\337X\226\305\306[\376#:zv\3247q\263"
 397      9589DF58 
 397      96C5C65B 
 397      FE233A7A 
 397      76D43771 
 398 0d6d E313E263 		.ascii	"\343\023\342cf\307D-\213\235\375\207\310y\263\203\347"
 398      66C7442D 
 398      8B9DFD87 
 398      C879B383 
 398      E7
 399 0d7e 04BDF7D7 		.ascii	"\004\275\367\327`\213[\203%6>z\305\312\3451\226\270"
 399      608B5B83 
 399      25363E7A 
 399      C5CAE531 
 399      96B8
 400 0d90 A8E82F63 		.ascii	"\250\350/c\343c,\221\313c\276\210Z\271\")2\351\333\257"
 400      E3632C91 
 400      CB63BE88 
 400      5AB92229 
 400      32E9DBAF 
 401 0da4 6312C180 		.ascii	"c\022\301\200\267L\377\247\377\015}\342\267\211\226"
 401      B74CFFA7 
 401      FF0D7DE2 
 401      B78996
 402 0db3 C8C4A4E5 		.ascii	"\310\304\244\345\300\005\234\376\366o\023\223b\342\254"
 402      C0059CFE 
 402      F66F1393 
 402      62E2AC
 403 0dc2 09DFC458 		.ascii	"\011\337\304XI\014\004\253\015[\355\266?r\243\217N\210"
 403      490C04AB 
 403      0D5BEDB6 
 403      3F72A38F 
 403      4E88
 404 0dd4 8B4B88B7 		.ascii	"\213K\210\267\304\254J\262X\027\331#\354\020\004.\256"
 404      C4AC4AB2 
 404      5817D923 
 404      EC10042E 
 404      AE
 405 0de5 34025FCC 		.ascii	"4\002_\314\013\376`\325*\240\363]\374g[\344\022\360"
 405      0BFE60D5 
 405      2AA0F35D 
ARM GAS  /tmp/ccEFMtfa.s 			page 32


 405      FC675BE4 
 405      12F0
 406 0df7 3734E60B 		.ascii	"74\346\013\237\305\013\027\332C\"\254a\037\331\310m"
 406      9FC50B17 
 406      DA4322AC 
 406      611FD9C8 
 406      6D
 407 0e08 44B09DDC 		.ascii	"D\260\235\334\032\354v\353G6\223m\201}\201m\351\202"
 407      1AEC76EB 
 407      4736936D 
 407      817D816D 
 407      E982
 408 0e1a D0F7F4F3 		.ascii	"\320\367\364\363C\255\212\372\007S\310\342\371\301\013"
 408      43AD8AFA 
 408      0753C8E2 
 408      F9C10B
 409 0e29 172FF8C4 		.ascii	"\027/\370\304F\356\202\330\235\334:\317\024\022>\177"
 409      46EE82D8 
 409      9DDC3ACF 
 409      14123E7F 
 410 0e39 AED41AEE 		.ascii	"\256\324\032\356\302\205\253qs\215\204\005~!\327 \276"
 410      C285AB71 
 410      738D8405 
 410      7E21D720 
 410      BE
 411 0e4a 25D84818 		.ascii	"%\330H\030hK\270\204\010wG\004y\223\2766\373\022\033"
 411      684BB884 
 411      08774704 
 411      7993BE36 
 411      FB121B
 412 0e5d B9092237 		.ascii	"\271\011\"7\256\2669\336\2447k\013\227A\341\014\204"
 412      AEB639DE 
 412      A4376B0B 
 412      9741E10C 
 412      84
 413 0e6e AD11363D 		.ascii	"\255\0216=\031\240\021\306J\257\241\326\217\311\325"
 413      19A011C6 
 413      4AAFA1D6 
 413      8FC9D5
 414 0e7d D766B5CA 		.ascii	"\327f\265\312!\361\"\224a\237{E\204Z?\015]@\264\340"
 414      21F12294 
 414      619F7B45 
 414      845A3F0D 
 414      5D40B4E0 
 415 0e91 B0CFFD42 		.ascii	"\260\317\375B\347\177\264\310\372\231\214\321G\330C"
 415      E77FB4C8 
 415      FA998CD1 
 415      47D843
 416 0ea0 6CFA458B 		.ascii	"l\372E\213\302l8$\324\206C\341\2728\314\246\017\011"
 416      C26C3824 
 416      D48643E1 
 416      BA38CCA6 
 416      0F09
 417 0eb2 B3DBF4F3 		.ascii	"\263\333\364\363\303Bl\006h\002@(\321\303\311\227\025"
 417      C3426C06 
 417      68024028 
 417      D1C3C997 
ARM GAS  /tmp/ccEFMtfa.s 			page 33


 417      15
 418 0ec3 BE0CF670 		.ascii	"\276\014\366p\2305l\017_lbY\370~d\222Q\272b+\314\251"
 418      98356C0F 
 418      5F6C6259 
 418      F87E6492 
 418      51BA622B 
 419 0ed9 DD6A3384 		.ascii	"\335j3\204D\330\2546\375\322%\237\332\364\021\2006X"
 419      44D8AC36 
 419      FDD2259F 
 419      DAF41180 
 419      3658
 420 0eeb 177F1611 		.ascii	"\027\177\026\021\012\337!V\233\345u\363-gN4$Idt\334"
 420      0ADF2156 
 420      9BE575F3 
 420      2D674E34 
 420      24496474 
 421 0f00 3C928A76 		.ascii	"<\222\212v\353|\352\260\341\323\305K\2546\301n3\302"
 421      EB7CEAB0 
 421      E1D3C54B 
 421      AC36C16E 
 421      33C2
 422 0f12 CDC70BFE 		.ascii	"\315\307\013\376b\323\223/\014\224^\264%hJ\330\302\020"
 422      62D3932F 
 422      0C945EB4 
 422      25684AD8 
 422      C210
 423 0f24 7BB83CB8 		.ascii	"{\270<\270\377\006\3603\016A"
 423      FF06F033 
 423      0E41
 424              		.text
 425              		.section	.gnu.lto_.symtab.e5c80f4eded53096,"",%progbits
 426 0000 68616C5F 		.ascii	"hal_lld_init\000"
 426      6C6C645F 
 426      696E6974 
 426      00
 427 000d 00       		.ascii	"\000"
 428 000e 00       		.ascii	"\000"
 429 000f 00       		.ascii	"\000"
 430 0010 00000000 		.ascii	"\000\000\000\000\000\000\000\000"
 430      00000000 
 431 0018 AF000000 		.ascii	"\257\000\000\000"
 432 001c 73746D33 		.ascii	"stm32_clock_init\000"
 432      325F636C 
 432      6F636B5F 
 432      696E6974 
 432      00
 433 002d 00       		.ascii	"\000"
 434 002e 00       		.ascii	"\000"
 435 002f 00       		.ascii	"\000"
 436 0030 00000000 		.ascii	"\000\000\000\000\000\000\000\000"
 436      00000000 
 437 0038 B1000000 		.ascii	"\261\000\000\000"
 438 003c 53797374 		.ascii	"SystemCoreClock\000"
 438      656D436F 
 438      7265436C 
 438      6F636B00 
 439 004c 00       		.ascii	"\000"
ARM GAS  /tmp/ccEFMtfa.s 			page 34


 440 004d 00       		.ascii	"\000"
 441 004e 00       		.ascii	"\000"
 442 004f 00000000 		.ascii	"\000\000\000\000\000\000\000\000"
 442      00000000 
 443 0057 BE000000 		.ascii	"\276\000\000\000"
 444 005b 646D6149 		.ascii	"dmaInit\000"
 444      6E697400 
 445 0063 00       		.ascii	"\000"
 446 0064 02       		.ascii	"\002"
 447 0065 00       		.ascii	"\000"
 448 0066 00000000 		.ascii	"\000\000\000\000\000\000\000\000"
 448      00000000 
 449 006e B3000000 		.ascii	"\263\000\000\000"
 450              		.text
 451              		.section	.gnu.lto_.opts,"",%progbits
 452 0000 272D6666 		.ascii	"'-ffp-contract=off' '-fmath-errno' '-fsigned-zeros'"
 452      702D636F 
 452      6E747261 
 452      63743D6F 
 452      66662720 
 453 0033 20272D66 		.ascii	" '-ftrapping-math' '-fno-trapv' '-fno-openmp' '-fno"
 453      74726170 
 453      70696E67 
 453      2D6D6174 
 453      68272027 
 454 0066 2D6F7065 		.ascii	"-openacc' '-mcpu=cortex-m4' '-mno-thumb-interwork' "
 454      6E616363 
 454      2720272D 
 454      6D637075 
 454      3D636F72 
 455 0099 272D6D74 		.ascii	"'-mthumb' '-ggdb' '-O2' '-fomit-frame-pointer' '-fa"
 455      68756D62 
 455      2720272D 
 455      67676462 
 455      2720272D 
 456 00cc 6C69676E 		.ascii	"lign-functions=16' '-ffunction-sections' '-fdata-se"
 456      2D66756E 
 456      6374696F 
 456      6E733D31 
 456      36272027 
 457 00ff 6374696F 		.ascii	"ctions' '-fno-common' '-flto'\000"
 457      6E732720 
 457      272D666E 
 457      6F2D636F 
 457      6D6D6F6E 
 458              		.text
 459              		.comm	__gnu_lto_v1,1,1
 460              		.comm	__gnu_lto_slim,1,1
 461              		.ident	"GCC: (GNU Tools for ARM Embedded Processors) 5.4.1 20160609 (release) [ARM/embedded-5-bran
ARM GAS  /tmp/ccEFMtfa.s 			page 35


DEFINED SYMBOLS
                            *ABS*:00000000 hal_lld.c
                            *COM*:00000001 __gnu_lto_v1
                            *COM*:00000001 __gnu_lto_slim

NO UNDEFINED SYMBOLS
