ARM GAS  /tmp/cc9cOqDH.s 			page 1


   1              		.syntax unified
   2              		.cpu cortex-m4
   3              		.fpu softvfp
   4              		.eabi_attribute 20, 1
   5              		.eabi_attribute 21, 1
   6              		.eabi_attribute 23, 3
   7              		.eabi_attribute 24, 1
   8              		.eabi_attribute 25, 1
   9              		.eabi_attribute 26, 1
  10              		.eabi_attribute 30, 2
  11              		.eabi_attribute 34, 1
  12              		.eabi_attribute 18, 4
  13              		.thumb
  14              		.syntax unified
  15              		.file	"hal_pal.c"
  16              		.text
  17              	.Ltext0:
  18              		.section	.gnu.lto_.profile.fda242a00e8537be,"",%progbits
  19 0000 789C6361 		.ascii	"x\234ca`d`a`\000\222\021\206\000\001K\000\224"
  19      60646061 
  19      60009211 
  19      8600014B 
  19      0094
  20              		.text
  21              		.section	.gnu.lto_.icf.fda242a00e8537be,"",%progbits
  22 0000 789C6361 		.ascii	"x\234ca`d\000\0015\006\004`cX\263\360\325z^\306\331"
  22      60640001 
  22      35060460 
  22      6358B3F0 
  22      D57A5EC6 
  23 0015 8F565CE3 		.ascii	"\217V\\\343a\272\363i\331O&\346\363S>\2643\262\334;"
  23      61BAF369 
  23      D94F26E6 
  23      F3533EB4 
  23      33B2DC3B 
  24 0029 F9EC0D2F 		.ascii	"\371\354\015/\353\321\203\223\257\2623\000\000t\205"
  24      EBD18393 
  24      AFB23300 
  24      007485
  25 0038 1300     		.ascii	"\023\000"
  26              		.text
  27              		.section	.gnu.lto_.jmpfuncs.fda242a00e8537be,"",%progbits
  28 0000 789C6D8D 		.ascii	"x\234m\215\261\015\2000\020\003m\177D\211X\227\352#"
  28      B10D8030 
  28      10036D7F 
  28      44895897 
  28      EA23
  29 0012 A114D980 		.ascii	"\241\024\331\200\015\200)\030\212\016)\022\011)hp\353"
  29      0D802918 
  29      8A0E2912 
  29      09296870 
  29      EB
  30 0023 3B3B8068 		.ascii	";;\200hI\370b \351b\021\227\373\274F/q\215qJ\206l\265"
  30      49F86220 
  30      E9621197 
  30      FBBC462F 
  30      718D714A 
ARM GAS  /tmp/cc9cOqDH.s 			page 2


  31 003a E6460703 		.ascii	"\346F\007\003$\322\374\217c\266\272\312\275s\341\345"
  31      24D2FC8F 
  31      63B6BACA 
  31      BD73E1E5 
  32 004a 38F471CD 		.ascii	"8\364q\315\355\360GR6U\351\350\022\036\207V!\234"
  32      EDF04752 
  32      3655E9E8 
  32      121E8756 
  32      219C
  33              		.text
  34              		.section	.gnu.lto_.inline.fda242a00e8537be,"",%progbits
  35 0000 789C6361 		.ascii	"x\234ca`d\000\001\017\010\005\006\314\014\014\002\""
  35      60640001 
  35      0F080506 
  35      CC0C0C02 
  35      22
  36 0011 8C6C0C0A 		.ascii	"\214l\014\012Y\177\231\030\247\265\036:\317\376\205"
  36      597F9918 
  36      A7B51E3A 
  36      CFFE85
  37 0020 A9959999 		.ascii	"\251\225\231\231\221\201q9\243\014\003\203B6\224\316"
  37      91817139 
  37      A30C0383 
  37      423694CE 
  38 0030 004AAF59 		.ascii	"\000J\257Y\366\361\000?H\232\205\221\237q\005\243\014"
  38      F6F1003F 
  38      489A8591 
  38      9F7105A3 
  38      0C
  39 0041 B3038342 		.ascii	"\263\003\203B:\214\0012\023H0;\260r\256pc\340\274a\306"
  39      3A8C0132 
  39      1348303B 
  39      B072AE70 
  39      63E0BC61 
  40 0056 C4C0B240 		.ascii	"\304\300\262@\336\201\201q\011{\003#\007\023\003\353"
  40      DE818171 
  40      097B0323 
  40      071303EB 
  41 0066 1615200D 		.ascii	"\026\025 \015\262\222\211\233A\004\350\022&\006QIFv"
  41      B292899B 
  41      4104E812 
  41      26065149 
  41      4676
  42 0078 A0C5E836 		.ascii	"\240\305\3506\3416\232\021\304d\023|\321\302\210\333"
  42      E1369A11 
  42      C464137C 
  42      D1C288DB 
  43 0088 02A60BFC 		.ascii	"\002\246\013\374\015LH\326\2600\010\311\203\375G\274"
  43      0D4C48D6 
  43      B03008C9 
  43      83FD47BC 
  44 0098 35ACAC1D 		.ascii	"5\254\254\035\352x}\300\302\013\014\270\011~ \010\265"
  44      EA787DC0 
  44      C20B0CB8 
  44      097E2008 
  44      B5
  45 00a9 85010013 		.ascii	"\205\001\000\023\3014\226"
ARM GAS  /tmp/cc9cOqDH.s 			page 3


  45      C13496
  46              		.text
  47              		.section	.gnu.lto_.pureconst.fda242a00e8537be,"",%progbits
  48 0000 789C6361 		.ascii	"x\234ca`d`g```f\220b\222b\221\004\000\001\263\000c"
  48      60646067 
  48      60606066 
  48      90629262 
  48      91040001 
  49              		.text
  50              		.section	.gnu.lto_palReadBus.fda242a00e8537be,"",%progbits
  51 0000 789C8D52 		.ascii	"x\234\215RKKUQ\024^\337\336\347u\257Wm\330\300Bp \016"
  51      4B4B5551 
  51      145EDFDE 
  51      E775AF57 
  51      6DD8C042 
  52 0017 EAE06FA8 		.ascii	"\352\340o\250A\263\240~@\250\004JB\2228\276[\317=\241"
  52      41B3A07E 
  52      40A8044A 
  52      429238BE 
  52      5BCF3DA1 
  53 002b 10A1831E 		.ascii	"\020\241\203\036ha\015\314\314\267=5+1\350\005\025F"
  53      68610DCC 
  53      CCB73D35 
  53      2B31E805 
  53      1546
  54 003d 50189159 		.ascii	"P\030\221YHH\003\257\025A\244\267\265\366\275\351\035"
  54      484803AF 
  54      1541A4B7 
  54      B5F6BDE9 
  54      1D
  55 004e 7AE0ECBD 		.ascii	"z\340\354\275\327:\337\372\326\267\276}\034\002\311"
  55      D73ADFFA 
  55      D6B7BE7D 
  55      1C02C9
  56 005d D3A689AA 		.ascii	"\323\246\211\252x?\310/<\202\352~E\324\036(\345\\q\311"
  56      783FC82F 
  56      3C82EA7E 
  56      45D41E28 
  56      E55C71C9 
  57 0071 24F5DA33 		.ascii	"$\365\3323\"\223\322\312y\033r\350\316\356\345\310\201"
  57      2293D2CA 
  57      791B72E8 
  57      CEEEE5C8 
  57      81
  58 0082 9B47B980 		.ascii	"\233G\271\200\034L\000J+\355\270H\343\227\332PX\310"
  58      1C4C004A 
  58      2BEDB848 
  58      E397DA50 
  58      58C8
  59 0094 4C5CD23F 		.ascii	"L\\\322?U\254\011\016\207\331\227\275_\312$\004*9\354"
  59      55AC090E 
  59      87D997BD 
  59      5FCA2404 
  59      2A39EC
  60 00a7 336FBAFC 		.ascii	"3o\272\374\232Ac:\314\322\300rKO\024\037\212\265\242"
  60      9A41633A 
  60      CCD2C072 
ARM GAS  /tmp/cc9cOqDH.s 			page 4


  60      4B4F141F 
  60      8AB5A2
  61 00ba 9C225C47 		.ascii	"\234\"\\G\005\006Q!Z\206P\303\330x\341\302i\255+A|\376"
  61      05065121 
  61      5A8650C3 
  61      D878E1C2 
  61      69AD2B41 
  62 00d0 F8696928 		.ascii	"\370ii(\250\036\220:\323s\334$b\255q\003\272\270\216"
  62      A81E903A 
  62      D373DC24 
  62      62AD7103 
  62      BAB88E
  63 00e3 53846154 		.ascii	"S\204aT\013|yr\363\\\251\2271\374Tv\361\224\214c\332"
  63      0B7C7972 
  63      F35CA997 
  63      31FC5476 
  63      F1948C63 
  64 00f8 11783C38 		.ascii	"\021x<881~d\316\344r\2211}\265g\253R\012R\3470\203\343"
  64      38317E64 
  64      CEE47291 
  64      317DB567 
  64      AB520A52 
  65 0110 F1E2FABC 		.ascii	"\361\342\372\274x\201\204\0119%e)!\321Ik\374\312\330"
  65      78818409 
  65      39256529 
  65      21D1496B 
  65      FCCAD8
  66 0123 59A564D7 		.ascii	"Y\245d\327\237\221Y\214\306\317h\341\216\264\314\177"
  66      9F91598C 
  66      C6CF68E1 
  66      8EB4CC7F 
  67 0133 3E9E7FED 		.ascii	">\236\177\355\313\300\032\204Q;\217\3005\261\233z\005"
  67      CBC01A84 
  67      513B8FC0 
  67      35B19B7A 
  67      05
  68 0144 1D33C863 		.ascii	"\0353\310c\305\234\337O_t\246\372q\031\261\366\271:"
  68      C59CDF4F 
  68      5F74A6FA 
  68      7119B1F6 
  68      B93A
  69 0156 0FE7FCC0 		.ascii	"\017\347\374\300\327\2161?\334\027\353\000c\350\307"
  69      D78E313F 
  69      DC17EB00 
  69      63E8C7
  70 0165 A6A8278C 		.ascii	"\246\250'\214#$\356\367^o\023\214\\\313\316\225K\263"
  70      2324EEF7 
  70      5E6F138C 
  70      5CCBCE95 
  70      4BB3
  71 0177 00E598D8 		.ascii	"\000\345\230\330j\346\320b\255\376\006G\200\3027=\375"
  71      6AE6D062 
  71      ADFE0647 
  71      80C2373D 
  71      FD
  72 0188 FD839FDE 		.ascii	"\375\203\237\3360\235\306\354\212u\"\247\304\206I\244"
  72      309DC6EC 
ARM GAS  /tmp/cc9cOqDH.s 			page 5


  72      8A7522A7 
  72      C48649A4 
  73 0198 A9586FD2 		.ascii	"\251Xo\322\032\035\375y\364\243\214\241\027-4)\346I"
  73      1A1DFD79 
  73      F4A38CA1 
  73      172D3429 
  73      E649
  74 01aa FA79EFF0 		.ascii	"\372y\357\360\011\026\332\336m\323%\270\311\327=UP\233"
  74      0916DADE 
  74      6DD325B8 
  74      C9D73D55 
  74      509B
  75 01bc 5B9D1A4B 		.ascii	"[\235\032Kp\311n\341\270\305zm[\334F:\326)\253\307\265"
  75      70C96EE1 
  75      B8C57A6D 
  75      5BDC463A 
  75      D629ABC7 
  76 01d1 5EC9F0D9 		.ascii	"^\311\360\331'W\013\362\275\235\314_\212;v~\371_q\227"
  76      27570BF2 
  76      BD9DCC5F 
  76      8A3B767E 
  76      F95F7197 
  77 01e5 E75FC1FC 		.ascii	"\347_\301\374\177\003\375b\361\245V|\021_\031w\300\275"
  77      7F03FD62 
  77      F1A5567C 
  77      115F1977 
  77      C0BD
  78 01f7 02DFBBF5 		.ascii	"\002\337\273\365\365\307\251p\324d\370C9\246-\245\375"
  78      F5C7A970 
  78      D464F843 
  78      39A62DA5 
  78      FD
  79 0208 23662CE5 		.ascii	"#f,\345\326\235\004;\273\223\373\333w2k\011\242u/O\220"
  79      D69D043B 
  79      BB93FBDB 
  79      77326B09 
  79      A2752F4F 
  80 021d 88A42828 		.ascii	"\210\244((\346L\356\204S\341\201\345\024\267\3610\317"
  80      E64CEE84 
  80      53E181E5 
  80      14B7F130 
  80      CF
  81 022e F9B7C059 		.ascii	"\371\267\300Ybi\223\264\012UHH\3475\366\204Me\025{\016"
  81      626993B4 
  81      0A554848 
  81      E735F684 
  81      4D65157B 
  82 0243 3436D537 		.ascii	"46\3257\035>\032\236l\015\033\353\232\303\326S\015\262"
  82      1D3E1A9E 
  82      6C0D1BEB 
  82      9AC3D653 
  82      0DB2
  83 0255 1F6BA96B 		.ascii	"\037k\251k\336\337@\272\276\255\365\037\340\330!,"
  83      DEDF40BA 
  83      BEADF51F 
  83      E0D8212C 
  84              		.text
ARM GAS  /tmp/cc9cOqDH.s 			page 6


  85              		.section	.gnu.lto_palWriteBus.fda242a00e8537be,"",%progbits
  86 0000 789C8D52 		.ascii	"x\234\215R[KTQ\024\336\337\331\347\234\231q\306\231"
  86      5B4B5451 
  86      14DEDFD9 
  86      E79C9971 
  86      C699
  87 0012 A9A71E2C 		.ascii	"\251\247\036,\204\002\363\241N\376\206\"\350)\250\037"
  87      8402F3A1 
  87      4EFE8622 
  87      E829A81F 
  88 0022 106A8192 		.ascii	"\020j\201\222Pd=\317v.eD`\017Y\210b\004\246\346\335"
  88      50643DCF 
  88      762E6544 
  88      600F5988 
  88      6204A6E6 
  89 0037 2EA6594E 		.ascii	".\246YN\023aE\027\254\2500B+\223\220\210\031-\212\310"
  89      13614517 
  89      ACA83042 
  89      2B939088 
  89      192D8AC8 
  90 004b 99D6DA73 		.ascii	"\231\326\332s\322\241'7\234\265\317^{\255o}\353[\333"
  90      D2A12737 
  90      9CB5CF5E 
  90      7BAD6F7D 
  90      EB5BDB
  91 005e 1410BCF6 		.ascii	"\024\020\274\366\230Bl\245}\027}\260\005\214\246gB4"
  91      98426CA5 
  91      7D177DB0 
  91      058CA667 
  91      4234
  92 0070 780DC3BC 		.ascii	"x\015\303\274d\011U$\323\017\205P\001i\230\257\034:"
  92      64095524 
  92      D30F8550 
  92      016998AF 
  92      1C3A
  93 0082 5AE39BE8 		.ascii	"Z\343\233\350d\302\312GY\000\377(/D\304\220\246\205"
  93      64C2CA47 
  93      5900FF28 
  93      2F44C490 
  93      A685
  94 0094 087E18CB 		.ascii	"\010~\030\313\006R\247\346G\215\362NEk\366\301\267\035"
  94      0652A7E6 
  94      478DF24E 
  94      456BF6C1 
  94      B71D
  95 00a6 AA2B8984 		.ascii	"\252+\211\204\024\"g\350\222\002\235(\247\250\251\370"
  95      142267E8 
  95      92029D28 
  95      A7A8A9F8 
  96 00b6 60ABFC6E 		.ascii	"`\253\374n$$`\3221\363\264\345S\220\217\006J\351\230"
  96      242460D2 
  96      31F3B4E5 
  96      53908F06 
  96      4AE998
  97 00c9 98BA7052 		.ascii	"\230\272pR\312R\010\372\177?3\333\355-\353P*\252\324"
  97      CA5208FA 
  97      7F3F33DB 
ARM GAS  /tmp/cc9cOqDH.s 			page 7


  97      ED2DEB50 
  97      2AAAD4
  98 00dc D241E54B 		.ascii	"\322A\345KH\211\253\220\204\207n\224\240\013%\202\\"
  98      4889AB90 
  98      84876E94 
  98      A00B2582 
  98      5C
  99 00ed 023D28A3 		.ascii	"\002=(\243\350\266\354\345I\277\334\2423G\333[\273m"
  99      E8B6ECE5 
  99      49BFDCA2 
  99      3347DB5B 
  99      BB6D
 100 00ff 3773E410 		.ascii	"7s\344\020g\232\350\375?\323\024\350C\031\207\177\034"
 100      679AE8FD 
 100      3FD314E8 
 100      4319877F 
 100      1C
 101 0110 CA9E2FB6 		.ascii	"\312\236/\266\343L\274\364\364?\306\350\207Mb\201\034"
 101      E34CBCF4 
 101      F43FC6E8 
 101      874D6281 
 101      1C
 102 0121 03FB922A 		.ascii	"\003\373\222*\227\213)\365\262bb\363z\003\\\321$\004"
 102      978B29F5 
 102      B26262F3 
 102      7A035CD1 
 102      2404
 103 0133 CB26637B 		.ascii	"\313&c{\3008^\372\365\370\330\024\261\361\363u\200M"
 103      C0385EFA 
 103      F5F8D814 
 103      B1F1F375 
 103      804D
 104 0145 311F836C 		.ascii	"1\037\203lBl\302l\204HS\011\0261c\030\274\313\017\210"
 104      426CC26C 
 104      84485309 
 104      16316318 
 104      BCCB0F88 
 105 0159 4FC796CE 		.ascii	"O\307\226\316J\256\032\223\254fs\"\365\334\303\302H"
 105      4AAE1A93 
 105      AC667322 
 105      F5DCC3C2 
 105      48
 106 016a 080C1063 		.ascii	"\010\014\020c^\031C\012\232\215\234Gt\014\371X\026\361"
 106      5E19430A 
 106      9A8D9C47 
 106      740CF958 
 106      16F1
 107 017c E7E4E3C6 		.ascii	"\347\344\343\306@;\332Ho/e\347\303\311\3371\027\355"
 107      403BDA48 
 107      6F2F65E7 
 107      C3C9DF31 
 107      17ED
 108 018e F738DB12 		.ascii	"\3678\333\022\322\207A\264#\253'\201!8\202\352\275\225"
 108      D28741B4 
 108      23AB2781 
 108      213882EA 
 108      BD95
ARM GAS  /tmp/cc9cOqDH.s 			page 8


 109 01a0 AB00BD57 		.ascii	"\253\000\275W2\311\020\027\363!\204\341\225b\246\230"
 109      32C91017 
 109      F32184E1 
 109      9562A698 
 110 01b0 AE905F60 		.ascii	"\256\220_`r\240\326u\364\353;OdY5*\025N\310\242\234"
 110      72A0D675 
 110      F4EB3B4F 
 110      6459352A 
 110      154EC8A2 
 111 01c5 C1025D43 		.ascii	"\301\002]CD\024\362\365\353\021\304~O,\005)\364\242"
 111      4414F2F5 
 111      EB11C47E 
 111      4F2C0529 
 111      F4A2
 112 01d7 0EF5B3AC 		.ascii	"\016\365\263\254\354~\324\322s\230\21064iw\0007\350"
 112      EC7ED4D2 
 112      73988836 
 112      34697700 
 112      37E8
 113 01e9 F15C77D9 		.ascii	"\361\\w\331\346\026\206\373}\224\262\2011n\022_]\026"
 113      E61686FB 
 113      7D94B281 
 113      316E125F 
 113      5D16
 114 01fb 23882464 		.ascii	"#\210$d\261\346ci\255\270\371s3n\373\366Z\332\017\342"
 114      B1E66369 
 114      ADB8F973 
 114      336EFBF6 
 114      5ADA0FE2 
 115 020f 966E9F1F 		.ascii	"\226n\237\037?F\251}\202\310\332y\000\312\360\210\002"
 115      3F46A97D 
 115      82C8DA79 
 115      00CAF088 
 115      02
 116 0220 3D7D6B01 		.ascii	"=}k\00141\246\001\365C\271\255\001c\177\\\300\"\215"
 116      3431A601 
 116      F543B9AD 
 116      01637F5C 
 116      C0228D
 117 0233 E92BC4F4 		.ascii	"\351+\304\364\257mF\343\2533\272\223\307lv1\003y\214"
 117      AF6D46E3 
 117      AB33BA93 
 117      C76C7631 
 117      03798C
 118 0246 17E9276D 		.ascii	"\027\351'm~\326\330B\030w\011\200B\322nH\261\256\034"
 118      7ED6D842 
 118      18770980 
 118      42D26E48 
 118      B1AE1C
 119 0259 286412A4 		.ascii	"(d\022\244\326\362LV\242B\332\353g\327/\327\025\326"
 119      D6F24C56 
 119      A242DAEB 
 119      67D72FD7 
 119      15D6
 120 026b B92172A5 		.ascii	"\271!r\245\2325\337\302a\006\3650\013\270\023\200\215"
 120      9A35DFC2 
 120      6106F530 
ARM GAS  /tmp/cc9cOqDH.s 			page 9


 120      0BB81380 
 120      8D
 121 027c 0997FB9B 		.ascii	"\011\227\373\233\305\305\373\001\247O\305\351\"\214"
 121      C5C5FB01 
 121      A74FC5E9 
 121      228C
 122 028a A4A6EF0E 		.ascii	"\244\246\357\016\372\314\334\347\327\226{\265\016\367"
 122      FACCDCE7 
 122      D7967BB5 
 122      0EF7
 123 0298 E064E935 		.ascii	"\340d\3515Qc)8TR, \232\314\355\326\003\346\225\246\321"
 123      51632938 
 123      54522C20 
 123      9ACCEDD6 
 123      03E695A6 
 124 02ad D068A9F7 		.ascii	"\320h\251\367\215;kj\253j\367\356w\216\324;5\225uN\375"
 124      8D3B6B6A 
 124      AB6AF7EE 
 124      778ED43B 
 124      3595754E 
 125 02c2 B16ADE0F 		.ascii	"\261j\336\017\034\255\254\333^-d\325\211z\263\252\366"
 125      1CADACDB 
 125      5E2D64D5 
 125      897AB3AA 
 125      F6
 126 02d3 78FD5F93 		.ascii	"x\375_\223\233_5"
 126      9B5F35
 127              		.text
 128              		.section	.gnu.lto_palSetBusMode.fda242a00e8537be,"",%progbits
 129 0000 789C8D52 		.ascii	"x\234\215R[KTQ\024\336\337^\347\234\2718:\366\326\203"
 129      5B4B5451 
 129      14DEDF5E 
 129      E79CB938 
 129      3AF6D683 
 130 0014 8550603E 		.ascii	"\205P`>\324\344o(\3501\250\227\336\302\033(\031F\322"
 130      D4E46F28 
 130      E831A897 
 130      DEC21B28 
 130      1946D2
 131 0027 F36C673C 		.ascii	"\363lg<f/%D\027\244\260\227IM\363\332mLs\360\245\033"
 131      662F2544 
 131      17A4B097 
 131      494DF3DA 
 131      6D4C73F0 
 132 003d 15420F61 		.ascii	"\025B\017aHvAD\"f\260\022\004\235\326\332ci\321\203"
 132      48764144 
 132      2266B012 
 132      049DD6DA 
 132      6369D183 
 133 0051 1BCED97B 		.ascii	"\033\316\331{-\276\365\255o}{;\012JV3)\265\217\367\303"
 133      2DBEF5AD 
 133      6F7D7B3B 
 133      0A4A5633 
 133      29B58FF7 
 134 0066 FCC153D0 		.ascii	"\374\301S\320\235\257\225j\015j\355\334r\225\011S\366"
 134      9DAF956A 
 134      0D6AEDDC 
ARM GAS  /tmp/cc9cOqDH.s 			page 10


 134      72950953 
 134      F6
 135 0077 99522642 		.ascii	"\231R&B\332y\033\343\320\235\330\315\221\003\267\200"
 135      DA791BE3 
 135      D09DD8CD 
 135      9103B780 
 136 0087 72013998 		.ascii	"r\0019\230 T\\\223\343\"\216\037zMc\372\374BZW\366\030"
 136      20545C93 
 136      E3228E1F 
 136      7A4D63FA 
 136      FC425A57 
 137 009d 5EF3A9D5 		.ascii	"^\363\251\325\203\2467\003\237\373\344\265m\251\320"
 137      83A63703 
 137      9FFBE4B5 
 137      6DA9D0
 138 00ac 834A46CD 		.ascii	"\203JF\315\264\015\337\240\357\332'\300\3410\367\252"
 138      B40DDFA0 
 138      EFDA27C0 
 138      E130F7AA 
 139 00bc EB738984 		.ascii	"\353s\211\204\032\345\034\3723\327\332\211\312\241\370"
 139      1AE51CFA 
 139      33D7DA89 
 139      CAA1F8
 140 00cb 3CF761BE 		.ascii	"<\367a\276/X\2212&a\314J\235\011\371D\270\003b>\364"
 140      2F589132 
 140      2661CC4A 
 140      9D09F944 
 140      B803623E 
 141 00e0 A10CBD28 		.ascii	"\241\014\275(S\234R\350G\005\243\227\307R\227\213h\257"
 141      539C52E8 
 141      4705A397 
 141      C752978B 
 141      68AF
 142 00f2 AD7C7971 		.ascii	"\255|yq\362\304F\341X\275\024:\030\370\267\320Q\270"
 142      F2C446E1 
 142      58BD143A 
 142      18F8B7D0 
 142      51B8
 143 0104 8B0A417F 		.ascii	"\213\012A\177\032Y\277R\354\265\211\356\362\013\277"
 143      1A59BF52 
 143      ECB589EE 
 143      F20BBF
 144 0113 0563101E 		.ascii	"\005c\020\036{\005N\014\035\313\230|>i\314T\325\267"
 144      7B054E0C 
 144      1DCB987C 
 144      3E69CC54 
 144      D5B7
 145 0125 3D110D69 		.ascii	"=\021\015i\3500\203\353\361\317\013\360/\020\2240$\247"
 145      E83083EB 
 145      F1CF0BF0 
 145      2F109430 
 145      24A7
 146 0137 302CADCA 		.ascii	"0,\255\3122\211\270\224\323Zv\372\210\266\331\344\320"
 146      3289B894 
 146      D35A76FA 
 146      88B6D9E4 
 146      D0
ARM GAS  /tmp/cc9cOqDH.s 			page 11


 147 0148 2512DE24 		.ascii	"%\022\336$\211]W\375\3517\001\231\234\2400\304\232d"
 147      895D57FD 
 147      E9370199 
 147      9CA030C4 
 147      9A64
 148 015a E5342936 		.ascii	"\3454)6\237\026\220\030G\001+.\255<}\321\021\351\306"
 148      9F169018 
 148      47012B2E 
 148      AD3C7DD1 
 148      11E9C6
 149 016d 4D3634C8 		.ascii	"M64\310\325\0058\347S_\022\203\201\330~\237B\030F7\326"
 149      D50538E7 
 149      535F1283 
 149      81D87E9F 
 149      42184637 
 150 0182 ADD51841 		.ascii	"\255\325\030ALq\277w\264I0p;\227\211J\263\020\242\030"
 150      4C71BF77 
 150      B4493070 
 150      3B97894A 
 150      B310A218 
 151 0196 FDD3CC51 		.ascii	"\375\323\314Q\263U\264\010G\200\302\227N\177}\037\210"
 151      B355B408 
 151      4780C297 
 151      4E7F7D1F 
 151      88
 152 01a7 AF990E63 		.ascii	"\257\231\016cJ}\012\347\265X0\206\270\332\252\267\310"
 152      4A7D0AE7 
 152      B5583086 
 152      B8DAAAB7 
 152      C8
 153 01b8 7A9C5C9D 		.ascii	"z\234\\\235Z.a\350u\013-\022\343$\375\274\253\377\024"
 153      5A2E61E8 
 153      750B2D12 
 153      E324FDBC 
 153      ABFF14
 154 01cb 0B6DEDB4 		.ascii	"\013m\355\264\351\010\356\363\353\270\267\2416\2774"
 154      E908EEF3 
 154      EBB8B7A1 
 154      36BF34
 155 01da 3A18E292 		.ascii	":\030\342\222\235\302\361\200\365\332\266x\210\270O"
 155      9DC2F180 
 155      F5DAB678 
 155      88B84F
 156 01e9 C5568F6B 		.ascii	"\305V\217k\275\222\341g~n\214\357mg\374\022<\262\343"
 156      BD92E167 
 156      7E6E8CEF 
 156      6D67FC12 
 156      3CB2E3
 157 01fc CBEB469A 		.ascii	"\313\353F\232\307\337\342_`;\004Q\214[\002{\365\217"
 157      C7DFE25F 
 157      603B0451 
 157      8C5B027B 
 157      F58F
 158 020e FF26086E 		.ascii	"\377&\010n\357\002&6/`\322\022$\263^\201 \304\"\230"
 158      EF022636 
 158      2F60D212 
 158      24B35E81 
ARM GAS  /tmp/cc9cOqDH.s 			page 12


 158      20C42298 
 159 0222 462DC2FB 		.ascii	"F-\302\373\277\321\245yi\214'l4\017l\013\302>\355PK"
 159      BFD1A579 
 159      698C276C 
 159      340F6C0B 
 159      C23EED50 
 160 0237 4864E68E 		.ascii	"Hd\346\216\330\032YY\236\217\375a\350\256C\015\2155"
 160      D81A5959 
 160      9E8FFD61 
 160      E8AE430D 
 160      8D35
 161 0249 8D478FC7 		.ascii	"\215G\217\307\232[b\015\325M\261\226\263\265\262\237"
 161      9A5B620D 
 161      D54DB196 
 161      B3B5B29F 
 162 0259 3C53DD74 		.ascii	"<S\335t\240VQ\315\271\026\347ts]\375/h\316$\240"
 162      A05651CD 
 162      B916E774 
 162      735DFD2F 
 162      68CE24A0 
 163              		.text
 164              		.section	.gnu.lto_.symbol_nodes.fda242a00e8537be,"",%progbits
 165 0000 789C55C9 		.ascii	"x\234U\311\315\015\202@\024E\341\363\356\014\270\267"
 165      CD0D8240 
 165      1445E1F3 
 165      EE0CB8B7 
 166 0010 01A4D237 		.ascii	"\001\244\3227\013\342R\371\221\016\250\302\"\244\021"
 166      0BE252F9 
 166      910EA8C2 
 166      22A411
 167 001f 3776E004 		.ascii	"7v\340\0040q\356\346$\367\213\0303y\272\311\241\177"
 167      3071EEE6 
 167      24F78B18 
 167      3379BAC9 
 167      A17F
 168 0031 41CE33B5 		.ascii	"A\3163\265P\215\"\235!\350.\267\222&\331N\275\\%=\244"
 168      508D229D 
 168      21E82EB7 
 168      9226D94E 
 168      BD5C253D 
 169 0046 8D6C9087 		.ascii	"\215l\220\207\215 \245\013\330,\217\377G\240\246\373"
 169      8D20A50B 
 169      D82C8FFF 
 169      47A0A6FB 
 170 0056 AC167434 		.ascii	"\254\026t4\376zb\271\276\033\276u\012!l"
 170      FE7A62B9 
 170      BE1BBE75 
 170      0A216C
 171              		.text
 172              		.section	.gnu.lto_.refs.fda242a00e8537be,"",%progbits
 173 0000 789C6361 		.ascii	"x\234ca`d\020``\000\222L\214,\214LL\314,\214,L\254,"
 173      60641060 
 173      6000924C 
 173      8C2C8C4C 
 173      4CCC2C8C 
 174 0018 0C0002D5 		.ascii	"\014\000\002\325\000:"
 174      003A
ARM GAS  /tmp/cc9cOqDH.s 			page 13


 175              		.text
 176              		.section	.gnu.lto_.decls.fda242a00e8537be,"",%progbits
 177 0000 789CA558 		.ascii	"x\234\245XkPTG\026\276}{\006\307a\030,4)\177\220\255"
 177      6B505447 
 177      16BE7D7B 
 177      06C76118 
 177      2C34297F 
 178 0016 98224A6D 		.ascii	"\230\"Jm\255N|\254\233\354\217\255M\202\306d\315b\215"
 178      AD4E7CAC 
 178      9BEC8FAD 
 178      4D82C664 
 178      CD628D
 179 0029 796CAAB6 		.ascii	"yl\252\266j\026\001\303\324\"\270\314\220\252\374\312"
 179      6A1601C3 
 179      D422B8CC 
 179      90AAFCCA 
 180 0039 0546018D 		.ascii	"\005F\001\215\012\210\200\"Q\021\004\004\025y)\0022"
 180      0A888022 
 180      51110404 
 180      15792902 
 180      32
 181 004a 603011E4 		.ascii	"`0\021\344\341\013\005\214\240(F\243q\020\022^\301\331"
 181      E10B058C 
 181      A02846A3 
 181      7110125E 
 181      C1D9
 182 005c D3DDF7CE 		.ascii	"\323\335\367\316\27532\331\255\312-z\272O\367\351\357"
 182      BD3332D9 
 182      ADCA2D7A 
 182      BA4FF7E9 
 182      EF
 183 006d 7CE7F4E9 		.ascii	"|\347\364\351\356{Qq\210#\217m\036\307=\3419n\000D'"
 183      EE7B5171 
 183      88238F6D 
 183      1EC73DE1 
 183      396E0044 
 184 0082 3C2AE8FB 		.ascii	"<*\350\373\010\212\032J5\224:(\315P^\202\361\271l\012"
 184      088A1A4A 
 184      35943A28 
 184      CD505E82 
 184      F1B96C0A 
 185 0096 1D7B05DA 		.ascii	"\035{\005\332\213\240\030\240\254\200\362g(\030\372"
 185      8BA018A0 
 185      AC80F267 
 185      2818FA
 186 00a5 FF02F59B 		.ascii	"\377\002\365\233PBD]\351!\372s\240\016\200\002&\271"
 186      5042445D 
 186      E921FA73 
 186      A00E8002 
 186      26B9
 187 00b7 4E113314 		.ascii	"N\0213\024j_\202\005u\240hc\025b\266\253\240,\207\266"
 187      6A5F8205 
 187      75A06863 
 187      1562B6AB 
 187      A02C87B6 
 188 00cb 1E8A16CA 		.ascii	"\036\212\026\3125\220\011\277\027\240\375\"\224)h\317"
 188      359009BF 
ARM GAS  /tmp/cc9cOqDH.s 			page 14


 188      17A0FD22 
 188      942968CF 
 189 00db 879A17F1 		.ascii	"\207\232\027\361\011\017$rP>\204g\200\350\227d\237\330"
 189      090F2472 
 189      503E8467 
 189      80E89764 
 189      9FD8
 190 00ed 261CBCD9 		.ascii	"&\034\274\331'~\237\361\260\357\340\030\007\265\202"
 190      277E9FF1 
 190      B0EFE018 
 190      07B582
 191 00fc 03B1FF0B 		.ascii	"\003\261\377\013\310?r\214\307\"\005\2177=x\030\274"
 191      C83F728C 
 191      C722058F 
 191      373D7818 
 191      BC
 192 010d F0F8FDAF 		.ascii	"\360\370\375\257\304\201\304\276I\301\203p^\015\365"
 192      C481C4BE 
 192      49C18370 
 192      5E0DF5
 193 011c 1B62BC95 		.ascii	"\033b\274\225<0\347\276\036\304\274\347:L\363\350\222"
 193      3C30E7BE 
 193      1EC4BCE7 
 193      3A4CF3E8 
 193      92
 194 012d AD7C3F1E 		.ascii	"\255|?\036\345Q\200\026\251@\034n\3377\250\007q\236"
 194      E5518016 
 194      A9401C6E 
 194      DF37A807 
 194      719E
 195 013f 16BD0CE2 		.ascii	"\026\275\014\342\264\243kZ\307F\265 \366\226:k|\264"
 195      B4A36B5A 
 195      C746B520 
 195      F6963A6B 
 195      7CB4
 196 0151 29023C69 		.ascii	")\002<iIB\300\267z2P\214\002Q\021\012\004\013G\221\026"
 196      4942C0B7 
 196      7A32508C 
 196      0251110A 
 196      040B4791 
 197 0166 7E0D81A8 		.ascii	"~\015\201\250\004DP\277\336c\253El\266/\210\247n\357"
 197      044450BF 
 197      DE63AB45 
 197      6CB62F88 
 197      A76EEF
 198 0179 699CCDB0 		.ascii	"i\234\315\260o\220\341k\343\015\223:\314#h\253*\023"
 198      6F90E16B 
 198      E30D933A 
 198      CC2368AB 
 198      2A13
 199 018b FB0FE951 		.ascii	"\373\017\351Qp \0020\244=B-\010\002\317\241\223H\213"
 199      70200230 
 199      A43D422D 
 199      0802CFA1 
 199      93488B
 200 019e 8E212C31 		.ascii	"\216!,1\336'\200u\307\027\244\033\332\032ZCO\242\340"
 200      DE278075 
ARM GAS  /tmp/cc9cOqDH.s 			page 15


 200      C717A41B 
 200      DA1A5A43 
 200      4FA2E0
 201 01b1 C8177CE6 		.ascii	"\310\027|\346shy z-\220C\307Q0\035\342P9\000\236`t\272"
 201      73687920 
 201      7A2D9043 
 201      C751301D 
 201      E2503900 
 202 01c9 1F6527A3 		.ascii	"\037e'\243\2004\021\373\257\210b\227\301x)e_\201\002"
 202      803411FB 
 202      AF886297 
 202      C1782965 
 202      5F8102
 203 01dc 241F8876 		.ascii	"$\037\210v\3577\027m\324W\202\235\366\277\260\307J\012"
 203      EF37176D 
 203      D457829D 
 203      F6BFB0C7 
 203      4A0A
 204 01ee 87F54AEC 		.ascii	"\207\365J\354\312_\303\336VV\223\250\321m#\330b\034"
 204      CA5FC3DE 
 204      565693A8 
 204      D16D23D8 
 204      621C
 205 0200 AB508022 		.ascii	"\253P\200\"\220\325HG\234%5h'\365=k\366\367\036\365"
 205      90D54847 
 205      9C253568 
 205      27F53D6B 
 205      F6F71EF5 
 206 0214 1A29EAA5 		.ascii	"\032)\352\245\214\312\324\367\231=b\324\311\354\304"
 206      8CCAD4F7 
 206      993D62D4 
 206      C9ECC4
 207 0223 BA9E747F 		.ascii	"\272\236t\177\026\365\0012\234$$O?\027\205\323\200v"
 207      16F50132 
 207      9C24244F 
 207      3F1785D3 
 207      8076
 208 0235 8AA2D552 		.ascii	"\212\242\325R\2465\022\323\323;\312\032|<\375\362\252"
 208      A63512D3 
 208      D33BCA1A 
 208      7C3CFDF2 
 208      AA
 209 0246 5DE87CB8 		.ascii	"]\350|\270\307\307\315\2573n~\325\211~\325Qf\207\037"
 209      C7C7CDAF 
 209      336E7ED5 
 209      897ED551 
 209      66871F
 210 0259 D69E5333 		.ascii	"\326\236S3\242~ \246\266]\234\322xw\263Ar\263\236\271"
 210      A27E20A6 
 210      B65D9CD2 
 210      7877B341 
 210      72B39EB9 
 211 026d 397D33E1 		.ascii	"9}3\341\031\317f\353At>\3509,&\227\203\014\337\317M"
 211      19CF66EB 
 211      41743EE8 
 211      392C2697 
 211      830CDFCF 
ARM GAS  /tmp/cc9cOqDH.s 			page 16


 212 0282 6D5579BA 		.ascii	"mUy\272\331\010hg)\232\235\022o\220\210\333.\365\224"
 212      D9086867 
 212      299A9D12 
 212      6F9088DB 
 212      2EF594
 213 0295 604F37BD 		.ascii	"`O7\275j?\033\252p\372\271\271\331\344\346f\263\350"
 213      6A3F1BAA 
 213      70FAB9B9 
 213      D9E4E666 
 213      B3E8
 214 02a7 66337573 		.ascii	"f3us_\335h\253\350\246\206\020=R\236\252\301\263H\326"
 214      5FDD68AB 
 214      E8A68610 
 214      3D529EAA 
 214      C1B348D6 
 215 02bb A3EFBE2D 		.ascii	"\243\357\276-)%\233o\221\026\221\343\326\037\272N<\252"
 215      29259B6F 
 215      911691E3 
 215      D61FBA4E 
 215      3CAA
 216 02cd 9DF0635D 		.ascii	"\235\360c]D\243\353\376\364=\264\244L\332\017\201\362"
 216      44A3EBFE 
 216      F43DB4A4 
 216      4CDA0F81 
 216      F2
 217 02de C6BDBCEB 		.ascii	"\306\275\274\353i\301,\374\002\321\342\317\357\250\254"
 217      69C12CFC 
 217      02D1E2CF 
 217      EFA8AC
 218 02ed F045C16C 		.ascii	"\360E\301l\337\014\244\027\352j\005a\016j\005\037\276"
 218      DF0CA417 
 218      EA6A0561 
 218      0E6A051F 
 218      BE
 219 02fe 45187D83 		.ascii	"E\030}\203\226\0206\213\010\373\024\2314\347b\214.@"
 219      9610368B 
 219      08FB1499 
 219      34E7628C 
 219      2E40
 220 0310 4A8341A2 		.ascii	"J\203A\242\210\316Cg\013\013qIAz\276\017\376\214\232"
 220      88CE4367 
 220      0B0B7149 
 220      417ABE0F 
 220      FE8C9A
 221 0323 D85B7574 		.ascii	"\330[utL\3532\341L^QFL\264\203\2116\331D+\362n\343\342"
 221      4CEB32E1 
 221      4C5E5146 
 221      4CB48389 
 221      36D9442B 
 222 033b CC366C5F 		.ascii	"\3146l_\377\234\356\207[\0215\222u5{\304\027i\203gF"
 222      FF9CEE87 
 222      5B113592 
 222      75357BC4 
 222      17698367 
 223 0350 E89A0181 		.ascii	"\350\232\001\201\321\351\357\370\242`\013\204\007u\002"
 223      D1E9EFF8 
 223      A2600B84 
ARM GAS  /tmp/cc9cOqDH.s 			page 17


 223      077502
 224 035f 9F0E994F 		.ascii	"\237\016\231O\273\264b\327\206\237f\351\361\227\364"
 224      BBB462D7 
 224      869F66E9 
 224      F197F4
 225 036e AC41B923 		.ascii	"\254A\271#\337=\230\315\026$Xq\344\005\260#o\374\320"
 225      DF3D98CD 
 225      16245871 
 225      E405B023 
 225      6FFCD0
 226 0381 DD0C1EEF 		.ascii	"\335\014\036\357f\252]E)]\230\344d\322\377\355P\271"
 226      66AA5D45 
 226      295D98E4 
 226      64D2FFED 
 226      50B9
 227 0393 3373C00F 		.ascii	"3s\300\017\347\260\371?\332\356\015\3702\354\371 \036"
 227      E7B0F93F 
 227      DAEE0DF8 
 227      32ECF920 
 227      1E
 228 03a4 1BEFAF51 		.ascii	"\033\357\257Q\343<6\266#\263\271Y\205\363\231pxoz\262"
 228      E33C36B6 
 228      23B3B959 
 228      85F39970 
 228      786F7AB2 
 229 03b8 1A1731A1 		.ascii	"\032\0271\241$#\255\\\213K\230p\331q1\317\227%\366\034"
 229      2423AD5C 
 229      8B4B9870 
 229      D97131CF 
 229      9725F61C 
 230 03cc 105B9C63 		.ascii	"\020[\234cv\177\206\310\203\230s\364\372\344l\\\312"
 230      767F86C8 
 230      839873F4 
 230      FAE46C5C 
 230      CA
 231 03dd 540B27A7 		.ascii	"T\013'\247\034$\235\026\222t\302\212dZ\310\222\251\261"
 231      1C249D16 
 231      9274C28A 
 231      645AC892 
 231      A9B1
 232 03ef EDC2111D 		.ascii	"\355\302\021\035>I\225\371\002{\342\026$\305\032\374"
 232      3E4995F9 
 232      027BE216 
 232      24C51AFC 
 233 03ff D3168373 		.ascii	"\323\026\203s7\301\217\357\210s\203\340\334B\321\271"
 233      37C18FEF 
 233      887383E0 
 233      DC42D1B9 
 234 040f 01E8EC77 		.ascii	"\001\350\354w\305:\375\361{I\202\200\320\035\010\365"
 234      C53AFDF1 
 234      7B498280 
 234      D01D08F5 
 235 041f 6D39D40B 		.ascii	"m9\324\013\305H\237M\357\033\322\342zf\243\304q\261"
 235      C5489F4D 
 235      EF1BD2E2 
 235      7A66A3C4 
 235      71B1
ARM GAS  /tmp/cc9cOqDH.s 			page 18


 236 0431 CCDFAB8D 		.ascii	"\314\337\253\215!\2576\234\311\013iz\335\003\033we\033"
 236      21AF369C 
 236      C90B697A 
 236      DD031B77 
 236      651B
 237 0443 77A4E54C 		.ascii	"w\244\345L\034\317\257\327\340\026vu\034\313\3549\340"
 237      1CCFAFD7 
 237      E0167675 
 237      1CCBEC39 
 237      E0
 238 0454 8382E606 		.ascii	"\203\202\346\006\005\347\0233\003\375;\243w'o\025\272"
 238      05E71333 
 238      03FD3BA3 
 238      77276F15 
 238      BA
 239 0465 FE45A7DF 		.ascii	"\376E\247\337\207\351\017\320\\\331\252\201\354\320"
 239      87E90FD0 
 239      5CD9AA81 
 239      ECD0
 240 0473 A56423A5 		.ascii	"\245d#\245\323]e\007g\3428\305\356%\332`\020\375\000"
 240      D35D6507 
 240      67E238C5 
 240      EE25DA60 
 240      10FD00
 241 0486 F4BE4741 		.ascii	"\364\276GA\350!\012\242{\216\242\333+v\351$\350[3B\337"
 241      E8210AA2 
 241      7B8EA2DB 
 241      2B76E924 
 241      E85B3342 
 242 049b 2420CC0F 		.ascii	"$ \314\017\373\201N^\200K\012\2248\321\007\266yU\371"
 242      FB814E5E 
 242      804B0A94 
 242      38D107B6 
 242      7955F9
 243 04ae F9E72B35 		.ascii	"\371\347+5h^PPp\206x\336\011\310\252$\361\010\315\243"
 243      685E5050 
 243      708678DE 
 243      09C8AA24 
 243      F108CDA3 
 244 04c2 249E0089 		.ascii	"$\236\000\211\037\201\304c\231\004\340Vw\342\004\301"
 244      1F81C463 
 244      9904E056 
 244      77E204C1 
 245 04d2 9EC8CCF7 		.ascii	"\236\310\314\367\001\015\242\356JL\331CF9\2573p\257"
 245      010DA2EE 
 245      4A4CD943 
 245      4639AF33 
 245      70AF
 246 04e4 60B761BA 		.ascii	"`\267a\272[{\275k3\316\271\273\364\2043\350\270sFO\236"
 246      5B7BBD6B 
 246      33CEB9BB 
 246      F48433E8 
 246      B873464F 
 247 04f9 E676FBCF 		.ascii	"\346v\373\317\003\276\011\336\371rnd\025\331\033\300"
 247      03BE09DE 
 247      F9726E64 
 247      15D91BC0 
ARM GAS  /tmp/cc9cOqDH.s 			page 19


 248 0509 B2D776EE 		.ascii	"\262\327v\356Z\265\016_`\351z\257\355D\242\006\2673"
 248      5AB50E5F 
 248      60E97AAF 
 248      ED44A206 
 248      B733
 249 051b E1ABF6E3 		.ascii	"\341\253\366\343mj|\211\011u\245\307/\363\370:\023\312"
 249      6D6A7C89 
 249      0975A5C7 
 249      2FF3F83A 
 249      13CA
 250 052d 6A1DDB11 		.ascii	"j\035\333\021\356g\302p\362\011+\036bm[^Z\247x\003\374"
 250      EE67C270 
 250      F2092B1E 
 250      626D5B5E 
 250      5AA77803 
 251 0542 01C4ACD4 		.ascii	"\001\304\254\324\375\003*\361\242#[\243\242\273\270"
 251      FD032AF1 
 251      A2235BA3 
 251      A2BBB8
 252 0551 4E831F51 		.ascii	"N\203\037Q]\277\334\254\223W!I\3103\227\374\004\007"
 252      5DBFDCAC 
 252      93572149 
 252      C83397FC 
 252      0407
 253 0563 05E50BB6 		.ascii	"\005\345\013\266$\301\236-\005\347\032\004g\004\202"
 253      24C19E2D 
 253      05E71A04 
 253      670482
 254 0572 23F073E5 		.ascii	"#\360s\345\340\014#E,m\020\363S\235<Sw\200\303=\236"
 254      E00C2345 
 254      2C6D10F3 
 254      539D3C53 
 254      7780C33D 
 255 0587 EAD7DDD4 		.ascii	"\352\327\335\324\001\335\331\241@\037\363T7xh\237\355"
 255      01DDD9A1 
 255      401FF354 
 255      3778689F 
 255      ED
 256 0598 D4096961 		.ascii	"\324\011iaTw\322S\367\262'\364iY\371\306\314<\212\221"
 256      5477D253 
 256      F7B227F4 
 256      6959F9C6 
 256      CC3C8A91 
 257 05ac 9CE5025B 		.ascii	"\234\345\002[\260\011\320\030\247\203D\237$\330\026"
 257      B009D018 
 257      A783449F 
 257      24D816
 258 05bb 3E184DC3 		.ascii	">\030M\303\232m\345\203\220\015J\"\224)\220\023\240"
 258      9A6DE583 
 258      900D4A22 
 258      94299013 
 258      A0
 259 05cc FE056A27 		.ascii	"\376\005j'\224$h'Cy\346JBB G&\360t\346\2701\002L;S\326"
 259      94246827 
 259      4379E64A 
 259      42422047 
 259      26F074E6 
ARM GAS  /tmp/cc9cOqDH.s 			page 20


 260 05e7 1EF5D43E 		.ascii	"\036\365\324>\367\234\366\031Y\273\333S\373\212g$2d"
 260      F79CF619 
 260      59BBDB53 
 260      FB8A6724 
 260      3264
 261 05f9 E59F6686 		.ascii	"\345\237f\206V\244\367T\207\216\2447()\323\233\001\245"
 261      56A4F754 
 261      878EA437 
 261      2829D39B 
 261      01A5
 262 060b 2B73E1E7 		.ascii	"+s\341\347\031WKI\262^\266{uf\222L\033r\321\336>^\245"
 262      19574B49 
 262      B25EB67B 
 262      7566924C 
 262      1B72D1DE 
 263 0622 C60E762A 		.ascii	"\306\016v*\016^\230t`\024<\227\021\272\324\211\010\241"
 263      0E5E9874 
 263      60143C97 
 263      11BAD489 
 263      08A1
 264 0634 6D303B85 		.ascii	"m0;\205w\035u\204\237\227\265C\251\260d\277e\371\200"
 264      771D7584 
 264      9F97B543 
 264      A9B064BF 
 264      65F980
 265 0647 4FFBF91B 		.ascii	"O\373\371\033M\356/\240\333\024\3549\264\235\327\211"
 265      4DEE2FA0 
 265      DB14EC39 
 265      B49DD789 
 266 0657 4CC87B7B 		.ascii	"L\310{{j\316}?r\235\020\362\0317\247\367\002y\035#\177"
 266      6ACE7D3F 
 266      729D10F2 
 266      1937A7F7 
 266      02791D23 
 267 066c 252B9090 		.ascii	"%+\220\220\337\011\352_\312\344a6T\336\320\321\016\340"
 267      DF09EA5F 
 267      CAE46136 
 267      54DED0D1 
 267      0EE0
 268 067e EC666074 		.ascii	"\354f`two\277\036\247`\267w\242\320\347\337\211B\331"
 268      776FBF1E 
 268      A760B777 
 268      A2D0E7DF 
 268      8942D9
 269 0691 35F6A8AB 		.ascii	"5\366\250\253\363\012\302\273\250:\237s\373\350\270"
 269      F30AC2BB 
 269      A83A9F73 
 269      FBE8B8
 270 06a0 CAEB2B43 		.ascii	"\312\353+C&\230\012\025\257\230t>\020\245\361\322\025"
 270      26980A15 
 270      AF98743E 
 270      10A5F1D2 
 270      15
 271 06b1 33B16F65 		.ascii	"3\261oe#\271bv\363Z\224!S\017e7\214\272\367z\336v_\024"
 271      23B96276 
 271      F35A9421 
 271      530F6537 
ARM GAS  /tmp/cc9cOqDH.s 			page 21


 271      8CBAF77A 
 272 06c9 24DF2A7B 		.ascii	"$\337*{\016\3743\243h+Yo2c\027\314\310\366\222g\354"
 272      0EFC33A3 
 272      682B596F 
 272      326317CC 
 272      C8F69267 
 273 06de D0AD6FA5 		.ascii	"\320\255o\245\311A\"s\011y({^A\342\002\313\257\325\331"
 273      C9412273 
 273      0979287B 
 273      5E41E202 
 273      CBAFD5D9 
 274 06f2 E2EAEE05 		.ascii	"\342\352\356\005\372Y\260r9P\366\360\312k\350\006\203"
 274      FA59B072 
 274      3950F6F0 
 274      CA6BE806 
 274      83
 275 0703 27EF3B5F 		.ascii	"'\357;_\317\010_\254\270\206\252[i\316g\363\036\327"
 275      CF085FAC 
 275      B886AA5B 
 275      69CE67F3 
 275      1ED7
 276 0715 109A2819 		.ascii	"\020\232(\031\031\305\330\246\242\221\314\377\351F>"
 276      19C5D8A6 
 276      A291CCFF 
 276      E9463E
 277 0724 72A5E548 		.ascii	"r\245\345H+M\313\375\000\274O\016O\366\363i)\261F\271"
 277      2B4DCBFD 
 277      00BC4F0E 
 277      4FF6F369 
 277      29B146B9 
 278 0738 40F6D788 		.ascii	"@\366\327\210\203\275#\203\027o\352\334\322n\277[\332"
 278      83BD2383 
 278      176FEADC 
 278      D26EBF5B 
 278      DA
 279 0749 E5F1ECC5 		.ascii	"\345\361\354\305\031j\362\232]\3212\241\357\203S\026"
 279      196AF29A 
 279      5DD132A1 
 279      EF835316 
 280 0759 3EA5D11C 		.ascii	">\245\321\034\212\201\020\373E\264p\254P\221\223\377"
 280      8A8110FB 
 280      45B470AC 
 280      509193FF 
 281 0769 5C5D4852 		.ascii	"\\]HR\024e^jr.0\372'\315wJ\017\005\221\321\2218\211"
 281      14655E6A 
 281      722E30FA 
 281      27CD774A 
 281      0F0591D1 
 282 0780 C9E2640E 		.ascii	"\311\342d\016\2112/\033@L\224&(\360\030]\021N\346\354"
 282      89322F1B 
 282      404C9426 
 282      28F0185D 
 282      114EE6EC 
 283 0794 F2094921 		.ascii	"\362\011I!\272}\271~Z\203\267\321%A\023\266\342\001"
 283      BA7DB97E 
 283      5A83B7D1 
 283      254113B6 
ARM GAS  /tmp/cc9cOqDH.s 			page 22


 283      E201
 284 07a6 5EC5B388 		.ascii	"^\305\263\210\240\015*\372\025\333\330\361\304w~\226"
 284      A00D2AFA 
 284      15DBD8F1 
 284      C4777E96 
 285 07b6 F8DAF0B2 		.ascii	"\370\332\360\262\212\346\200\034\302C\374|\370=\310"
 285      8AE6801C 
 285      C243FC7C 
 285      F83DC8
 286 07c5 AB185CFF 		.ascii	"\253\030\\\377)at\326+\007\205"
 286      296174D6 
 286      2B0785
 287 07d0 83E5C240 		.ascii	"\203\345\302@\337\23559\365w\005!@E\264\320\001yY\241"
 287      DF9D3539 
 287      F5770521 
 287      4045B4D0 
 287      017959A1 
 288 07e4 49AAAFF8 		.ascii	"I\252\257\370>`\225\317\277\002\023\213r\222\332|q%"
 288      3E6095CF 
 288      BF02138B 
 288      7292DA7C 
 288      7125
 289 07f6 E371AC2A 		.ascii	"\343q\254*e\334\217\362 \306\030\217\332\272\2512\255"
 289      65DC8FF2 
 289      20C6188F 
 289      DABAA932 
 289      AD
 290 0807 8B5B014F 		.ascii	"\213[\001O;\007S\252g)\271}\364\242\202\332\021J\255"
 290      3B0753AA 
 290      6729B97D 
 290      F4A282DA 
 290      114AAD
 291 081a 50A2F6A4 		.ascii	"P\242\366\244\345@\256?\243f\377i+&'\257@\336\341A\015"
 291      E540AE3F 
 291      A366FF69 
 291      2B2627AF 
 291      40DEE141 
 292 082f 1D96B91D 		.ascii	"\035\226\271\035Vr+\242\334\246o\015>\345q#\343v\264"
 292      56722BA2 
 292      DCA66F0D 
 292      3EE57123 
 292      E376B4
 293 0842 BDE41715 		.ascii	"\275\344\027\025ng9\2348\271\275Z\343\3654(\345\275"
 293      6E67399C 
 293      38B9BD5A 
 293      E3F53428 
 293      E5BD
 294 0854 7E40EC5C 		.ascii	"~@\354\\]H? \216\302\346.\341\237\377\200\030\273\235"
 294      5D483F20 
 294      8EC2E62E 
 294      E19FFF80 
 294      18BB9D
 295 0867 7C01536F 		.ascii	"|\001So\211\006\213\300\360\340\370\220\217+\002e,\002"
 295      89068BC0 
 295      F0E0F890 
 295      8F2B0265 
 295      2C02
ARM GAS  /tmp/cc9cOqDH.s 			page 23


 296 0879 7D15777B 		.ascii	"}\025w{\364^Cp\234\206\340\230\024\202;\251\231y\263"
 296      F45E4370 
 296      9C86E098 
 296      14823BA9 
 296      9979B3
 297 088c E5D5F9AA 		.ascii	"\345\325\371\252\014\016\230\004\370\376\244\212\250"
 297      0C0E9804 
 297      F8FEA48A 
 297      A8
 298 0899 58E651AC 		.ascii	"X\346Q\254\014\302\011\032\004\273\243 \007\343n\026"
 298      0CC2091A 
 298      04BBA320 
 298      07E36E16 
 299 08a9 841F4A87 		.ascii	"\204\037J\207\272\365n\033\253\322-+N\262\215\005\232"
 299      BAF56E1B 
 299      ABD22D2B 
 299      4EB28D05 
 299      9A
 300 08ba 17CEB525 		.ascii	"\027\316\265%2GN\272RjkC\336-\225W\316\225\224s\205"
 300      32474EBA 
 300      526A6B43 
 300      DE2D9557 
 300      CE959473 
 301 08cf C479F0E4 		.ascii	"\304y\360\344~\207\0268\017\220o\201\373\353:\312\357"
 301      7E871638 
 301      0F906F81 
 301      FBEB3ACA 
 301      EF
 302 08e0 0A290154 		.ascii	"\012)\001T\013\225\313\204\313y\366/\033TE\311>.L\332"
 302      0B95CB84 
 302      CB79F62F 
 302      1B5445C9 
 302      3E2E4CDA 
 303 08f4 ED8F9D8C 		.ascii	"\355\217\235\214\354L\261\234\332?z_\316\260\032\026"
 303      EC4CB19C 
 303      DA3F7A5F 
 303      CEB01A16 
 304 0904 CBEBC9B6 		.ascii	"\313\353\311\266v\226\376\344\030=\305:\037\367\356"
 304      7696FEE4 
 304      183DC53A 
 304      1FF7EE
 305 0913 7AA8F34A 		.ascii	"z\250\363J\266\226\222=-\221\3357v\265\326W${k\347\306"
 305      B696923D 
 305      2D91DD37 
 305      76B5D657 
 305      247B6BE7 
 306 0928 9C0AC136 		.ascii	"\234\012\3016\233\350\240j\231j\265D\365\014\245Z\226"
 306      9BE8A06A 
 306      996AB544 
 306      F50CA55A 
 306      96
 307 0939 B5BB58B7 		.ascii	"\265\273X\267`\217\372\000\234~U\360\335\017]\325c\333"
 307      608FFA00 
 307      9C7E55F0 
 307      DD0F5DD5 
 307      63DB
 308 094b 9BFCF021 		.ascii	"\233\374\360!5e\177\250}$K\213O0!\177\242\252\001\277"
ARM GAS  /tmp/cc9cOqDH.s 			page 24


 308      35657FA8 
 308      7D244B8B 
 308      4F30217F 
 308      A2AA01BF 
 309 095f 7A58E83A 		.ascii	"zX\350:H\026\360\0379G\204\224\264\004:\0175\200\005"
 309      4816F01F 
 309      39478494 
 309      B4043A0F 
 309      358005
 310 0972 D84A8A7F 		.ascii	"\330J\212\177\002\325CO\035\277\200Cg\371WanB\201=O"
 310      02D5434F 
 310      1DBF8043 
 310      67F95761 
 310      6E42813D 
 311 0987 BFE03435 		.ascii	"\277\34045t\206\031\262\015\025\366\372\343\026\021"
 311      748619B2 
 311      0D15F6FA 
 311      E31611
 312 0996 FB72D5C8 		.ascii	"\373r\325\310,\206m\037_Mq\317\210\270\260\015\024\267"
 312      2C866D1F 
 312      5F4D71CF 
 312      88B8B00D 
 312      14B7
 313 09a8 851D7A1A 		.ascii	"\205\035z\032\011n\023\305}0\331\361\311\202+\024\266"
 313      096E13C5 
 313      7D30D9F1 
 313      C9822B14 
 313      B6
 314 09b9 89C1164D 		.ascii	"\211\301\026M\217c|\207\241\326\014\377\234%\241v\277"
 314      8F637C87 
 314      A1D60CFF 
 314      9C25A176 
 314      BF
 315 09ca 43519B44 		.ascii	"CQ\233DT\310+\305\377<\316AO3A\375\232\242\366\326\235"
 315      54C82BC5 
 315      FF3CCE41 
 315      4F3341FD 
 315      9AA2F6D6 
 316 09df BEEDEF9E 		.ascii	"\276\355\357\236a$E]\201o\021\217\356\026zto\331q\353"
 316      6124455D 
 316      816F118F 
 316      EE167A74 
 316      6FD971EB 
 317 09f3 1B959B76 		.ascii	"\033\225\233v\255\233\366yQ\233\324\252\360\250\260"
 317      AD9BF679 
 317      519BD4AA 
 317      F0A8B0
 318 0a02 38D5A630 		.ascii	"8\325\2460\313\2775\357\374\375\303\227\337~\343\015"
 318      CBBF35EF 
 318      FCFDC397 
 318      DF7EE30D 
 319 0a12 4E6B32C5 		.ascii	"Nk2\305\233c\254\313\227\231\254\037\032\342-q\206\015"
 319      9B63ACCB 
 319      9799AC1F 
 319      1AE22D71 
 319      860D
 320 0a24 E618C3A7 		.ascii	"\346\030\303\247\341\341\213\303\3426-\216\211\215\211"
ARM GAS  /tmp/cc9cOqDH.s 			page 25


 320      E1E18BC3 
 320      E2362D8E 
 320      898D89
 321 0a33 5C1C19B6 		.ascii	"\\\034\031\266\301\274\370\217\246\025\213\227\275\266"
 321      C1BCF88F 
 321      A6158B97 
 321      BDB6
 322 0a41 74E57F96 		.ascii	"t\345\177\226\031\334\006\014\346\230\360\350\370\210"
 322      19DC060C 
 322      E698F0E8 
 322      F888
 323 0a4f 48C3A6B0 		.ascii	"H\303\246\260\360(sL\244\301\024\021\2711,>\332j\262"
 323      F028734C 
 323      A4C11411 
 323      B9312C3E 
 323      DA6AB2
 324 0a62 7EBE39D2 		.ascii	"~\2769\322\262$\212\323H\360\357\375\026x\313\347\026"
 324      B2248AD3 
 324      48F0EFFD 
 324      1678CBE7 
 324      16
 325 0a73 83C9628D 		.ascii	"\203\311b\215\000,\300\324\231c7\307\306Y\211#&\353"
 325      002CC0D4 
 325      996337C7 
 325      C6598923 
 325      26EB
 326 0a85 8AB7A3CC 		.ascii	"\212\267\243\314\033\314\241\353\015\261\026CTX\264"
 326      1BCCA1EB 
 326      0DB11643 
 326      5458B4
 327 0a94 818C580C 		.ascii	"\201\214X\014\353?x\177\3712\303\332\265!\206w\326\275"
 327      EB3F787F 
 327      F932C3DA 
 327      B5218677 
 327      D6BD
 328 0aa6 1BFAD932 		.ascii	"\033\372\33122d\332\014%::\002\020|\210\2269B\365\346"
 328      3264DA0C 
 328      253A3A02 
 328      107C8896 
 328      3942F5E6 
 329 0aba 6AE31AF2 		.ascii	"j\343\032\362\263V\265\366\355\277\031Uo\2557\032\321"
 329      B356B5F6 
 329      EDBF1955 
 329      6FAD371A 
 329      D1
 330 0acb C7688D3A 		.ascii	"\307h\215:<:2,N\214\315\322\225&\253Fj`K\244\025\207"
 330      3C3A322C 
 330      4E8CCDD2 
 330      9526AB46 
 330      6A604BA4 
 331 0ae1 8618F1BB 		.ascii	"\206\030\361\273!F\365\272\017\327\205\030g\205\256"
 331      2146F5BA 
 331      0FD78518 
 331      6785AE
 332 0af0 5FB76A55 		.ascii	"_\267jU\210\321'\364\203O\326\2552\252\337\017\015Y"
 332      88D127F4 
 332      834FD6AD 
ARM GAS  /tmp/cc9cOqDH.s 			page 26


 332      32AADF0F 
 332      0D59
 333 0b02 65C46F19 		.ascii	"e\304o\031\215:\213u\0238\376\351fs\254\311\252e\224"
 333      8D3A8B75 
 333      1338FEE9 
 333      6673ACC9 
 333      AA6594
 334 0b15 CD1126AB 		.ascii	"\315\021&\253O\354\306\215\200\242#\220\246\215a\026"
 334      4FECC68D 
 334      80A22390 
 334      A68D6116 
 335 0b25 EBEB26EB 		.ascii	"\353\353&\353\252\337\024\034).\013<B!)\210\276\203"
 335      AADF141C 
 335      292E0B3C 
 335      42212988 
 335      BE83
 336 0b37 86FADDD0 		.ascii	"\206\372\335\320\267\342-Z\020\214\221a\021\320|\311"
 336      B7E22D5A 
 336      108C9161 
 336      11D07CC9 
 337 0b47 638A252E 		.ascii	"c\212%.\334\245\036\316\371B\365q\234\331\032\011\232"
 337      DCA51ECE 
 337      F942F571 
 337      9CD91A09 
 337      9A
 338 0b58 7ED05E1F 		.ascii	"~\320^\037i\205\326\373\261\021\221\032s\354&\250L\326"
 338      6985D6FB 
 338      B111911A 
 338      73EC26A8 
 338      4CD6
 339 0b6a D9E151EB 		.ascii	"\331\341Q\353?\267\254\011\213\266\376N\001\025gu\031"
 339      3FB7AC09 
 339      8BB6FE4E 
 339      01156775 
 339      19
 340 0b7b 0F8F82C5 		.ascii	"\017\217\202\305\003\323/H\3417\201\363\237\306\305"
 340      03D32F48 
 340      E13781F3 
 340      9FC6C5
 341 0b8a C66F2600 		.ascii	"\306o&\000\2762\025\316\317d\332\030\037\023n2-y}\351"
 341      BE3215CE 
 341      CF64DA18 
 341      1F136E32 
 341      2D797DE9 
 342 0b9e 9F566A24 		.ascii	"\237Vj$I\247 \341\246\363\372R\275\033'\367\301\225"
 342      49A720E1 
 342      A6F3FA52 
 342      BD1B27F7 
 342      C195
 343 0bb0 FF058981 		.ascii	"\377\005\211\201\361r"
 343      F172
 344              		.text
 345              		.section	.gnu.lto_.symtab.fda242a00e8537be,"",%progbits
 346 0000 70616C52 		.ascii	"palReadBus\000"
 346      65616442 
 346      757300
 347 000b 00       		.ascii	"\000"
ARM GAS  /tmp/cc9cOqDH.s 			page 27


 348 000c 00       		.ascii	"\000"
 349 000d 00       		.ascii	"\000"
 350 000e 00000000 		.ascii	"\000\000\000\000\000\000\000\000"
 350      00000000 
 351 0016 22010000 		.ascii	"\"\001\000\000"
 352 001a 70616C57 		.ascii	"palWriteBus\000"
 352      72697465 
 352      42757300 
 353 0026 00       		.ascii	"\000"
 354 0027 00       		.ascii	"\000"
 355 0028 00       		.ascii	"\000"
 356 0029 00000000 		.ascii	"\000\000\000\000\000\000\000\000"
 356      00000000 
 357 0031 27010000 		.ascii	"'\001\000\000"
 358 0035 70616C53 		.ascii	"palSetBusMode\000"
 358      65744275 
 358      734D6F64 
 358      6500
 359 0043 00       		.ascii	"\000"
 360 0044 00       		.ascii	"\000"
 361 0045 00       		.ascii	"\000"
 362 0046 00000000 		.ascii	"\000\000\000\000\000\000\000\000"
 362      00000000 
 363 004e 2F010000 		.ascii	"/\001\000\000"
 364 0052 63685379 		.ascii	"chSysHalt\000"
 364      7348616C 
 364      7400
 365 005c 00       		.ascii	"\000"
 366 005d 02       		.ascii	"\002"
 367 005e 00       		.ascii	"\000"
 368 005f 00000000 		.ascii	"\000\000\000\000\000\000\000\000"
 368      00000000 
 369 0067 34010000 		.ascii	"4\001\000\000"
 370 006b 5F70616C 		.ascii	"_pal_lld_setgroupmode\000"
 370      5F6C6C64 
 370      5F736574 
 370      67726F75 
 370      706D6F64 
 371 0081 00       		.ascii	"\000"
 372 0082 02       		.ascii	"\002"
 373 0083 00       		.ascii	"\000"
 374 0084 00000000 		.ascii	"\000\000\000\000\000\000\000\000"
 374      00000000 
 375 008c 3A010000 		.ascii	":\001\000\000"
 376              		.text
 377              		.section	.gnu.lto_.opts,"",%progbits
 378 0000 272D6666 		.ascii	"'-ffp-contract=off' '-fmath-errno' '-fsigned-zeros'"
 378      702D636F 
 378      6E747261 
 378      63743D6F 
 378      66662720 
 379 0033 20272D66 		.ascii	" '-ftrapping-math' '-fno-trapv' '-fno-openmp' '-fno"
 379      74726170 
 379      70696E67 
 379      2D6D6174 
 379      68272027 
 380 0066 2D6F7065 		.ascii	"-openacc' '-mcpu=cortex-m4' '-mno-thumb-interwork' "
ARM GAS  /tmp/cc9cOqDH.s 			page 28


 380      6E616363 
 380      2720272D 
 380      6D637075 
 380      3D636F72 
 381 0099 272D6D74 		.ascii	"'-mthumb' '-ggdb' '-O2' '-fomit-frame-pointer' '-fa"
 381      68756D62 
 381      2720272D 
 381      67676462 
 381      2720272D 
 382 00cc 6C69676E 		.ascii	"lign-functions=16' '-ffunction-sections' '-fdata-se"
 382      2D66756E 
 382      6374696F 
 382      6E733D31 
 382      36272027 
 383 00ff 6374696F 		.ascii	"ctions' '-fno-common' '-flto'\000"
 383      6E732720 
 383      272D666E 
 383      6F2D636F 
 383      6D6D6F6E 
 384              		.text
 385              		.comm	__gnu_lto_v1,1,1
 386              		.comm	__gnu_lto_slim,1,1
 387              		.ident	"GCC: (GNU Tools for ARM Embedded Processors) 5.4.1 20160609 (release) [ARM/embedded-5-bran
ARM GAS  /tmp/cc9cOqDH.s 			page 29


DEFINED SYMBOLS
                            *ABS*:00000000 hal_pal.c
                            *COM*:00000001 __gnu_lto_v1
                            *COM*:00000001 __gnu_lto_slim

NO UNDEFINED SYMBOLS
