ARM GAS  /tmp/cc00eyRc.s 			page 1


   1              		.syntax unified
   2              		.cpu cortex-m4
   3              		.fpu softvfp
   4              		.eabi_attribute 20, 1
   5              		.eabi_attribute 21, 1
   6              		.eabi_attribute 23, 3
   7              		.eabi_attribute 24, 1
   8              		.eabi_attribute 25, 1
   9              		.eabi_attribute 26, 1
  10              		.eabi_attribute 30, 2
  11              		.eabi_attribute 34, 1
  12              		.eabi_attribute 18, 4
  13              		.thumb
  14              		.syntax unified
  15              		.file	"hal_wdg_lld.c"
  16              		.text
  17              	.Ltext0:
  18              		.section	.gnu.lto_.profile.e99d595c3f278235,"",%progbits
  19 0000 789C6361 		.ascii	"x\234ca`d`a`\000\222j\222\000\000\317\000J"
  19      60646061 
  19      6000926A 
  19      920000CF 
  19      004A
  20              		.text
  21              		.section	.gnu.lto_.icf.e99d595c3f278235,"",%progbits
  22 0000 789C6361 		.ascii	"x\234ca`d\000\0015\006\004`c\2303\341\300_V\306mM'\237"
  22      60640001 
  22      35060460 
  22      639833E1 
  22      C05F56C6 
  23 0018 30312D3F 		.ascii	"01-?:g#'s\347\211\276\377\334,\323\316|\351\344g\335"
  23      3A672327 
  23      73E789BE 
  23      FFDC2CD3 
  23      CE7CE9E4 
  24 002e 35F54523 		.ascii	"5\365E##\003\000Y\231\021h"
  24      23030059 
  24      991168
  25              		.text
  26              		.section	.gnu.lto_.jmpfuncs.e99d595c3f278235,"",%progbits
  27 0000 789C6361 		.ascii	"x\234ca`d\000\001S\006\004`\001b&FF\306zf\020\301\304"
  27      60640001 
  27      53060460 
  27      01622646 
  27      46C67A66 
  28 0017 F89789B1 		.ascii	"\370\227\211\261\371\327\376\317|\365\177\033f44\010"
  28      F9D7FECF 
  28      7CF57F1B 
  28      66343408 
  29 0027 B4323374 		.ascii	"\26423t2\003\2250.g\254g`da`\005\251b\000\000P\201\013"
  29      32039530 
  29      2E67AC67 
  29      60646160 
  29      05A96200 
  30 003f F4       		.ascii	"\364"
  31              		.text
  32              		.section	.gnu.lto_.inline.e99d595c3f278235,"",%progbits
ARM GAS  /tmp/cc00eyRc.s 			page 2


  33 0000 789C6361 		.ascii	"x\234ca`d\000\201]\014\010\300\302\300\300\312\302\310"
  33      60640081 
  33      5D0C08C0 
  33      C2C0C0CA 
  33      C2C8
  34 0012 C0C4B240 		.ascii	"\300\304\262@\236\201m\201<\023H\214\211\201_\207\221"
  34      9E816D81 
  34      3C13488C 
  34      89815F87 
  34      91
  35 0023 89418191 		.ascii	"\211A\201\221\201\331\001L*\260\211\314\372\306\002"
  35      81D9014C 
  35      2AB089CC 
  35      FAC602
  36 0032 91677CC1 		.ascii	"\221g|\301\316\002!A\004\007\230\311\001\322\305\314"
  36      CE022141 
  36      040798C9 
  36      01D2C5CC 
  37 0042 C0C1C308 		.ascii	"\300\301\303\010$\262\37721nm?\263\221\353\013S+3#\020"
  37      24B2FF32 
  37      316E6D3F 
  37      B391EB0B 
  37      532B3323 
  38 0057 2C679461 		.ascii	",g\224af`\340\310\2021\200\006\202\254\205\033'\300"
  38      6660E0C8 
  38      82318006 
  38      82AC851B 
  38      27C0
  39 0069 C4C0DAA1 		.ascii	"\304\300\332\241.\000\266\231\033(\303\310\300\012r"
  39      2E00B699 
  39      1B28C3C8 
  39      C00A72
  40 0078 1323C401 		.ascii	"\023#\304\001,L\027\3701l\006\001\000H\231\030 "
  40      2C4C17F8 
  40      316C0601 
  40      00489918 
  40      20
  41              		.text
  42              		.section	.gnu.lto_.pureconst.e99d595c3f278235,"",%progbits
  43 0000 789C6361 		.ascii	"x\234ca`d\340d```a\220`\222b\226d\225\002\000\002\256"
  43      6064E064 
  43      60606061 
  43      90609262 
  43      96649502 
  44 0017 0082     		.ascii	"\000\202"
  45              		.text
  46              		.section	.gnu.lto_wdg_lld_init.e99d595c3f278235,"",%progbits
  47 0000 789C8D90 		.ascii	"x\234\215\220\277KBQ\024\307\357\367\276\207\211P\264"
  47      BF4B4251 
  47      14C7EFF7 
  47      BE878950 
  47      B4
  48 0011 D71034B9 		.ascii	"\327\0204\271\364\264\242\177 \251\305\0102h\224JHA"
  48      F4B4A27F 
  48      20A9C508 
  48      3268944A 
  48      4841
ARM GAS  /tmp/cc00eyRc.s 			page 3


  49 0023 3032AA25 		.ascii	"02\252%\274Zb.\321PAC8j?L%\202\334D\202\026\251\251"
  49      BC5A622E 
  49      D1504143 
  49      386A3F4C 
  49      2582DC44 
  50 003b A945841C 		.ascii	"\251E\204\034\244A\311F\265s\236CS\320\201\313\271\234"
  50      A441C946 
  50      B5739E43 
  50      53D081CB 
  50      B99C
  51 004d EF39E7F3 		.ascii	"\3579\347\363\345\350\002\202c\237\322\014\345\021z"
  51      E5E80282 
  51      639FD20C 
  51      E5117A
  52 005c D004E4C9 		.ascii	"\320\004\344\311\213\020Q\253\004\370\243\254\020\021"
  52      8B1051AB 
  52      04F8A3AC 
  52      1011
  53 006a 8908BE65 		.ascii	"\211\010\276eG\242\234\250\027\245=\255(\252\0375\207"
  53      47A29CA8 
  53      17A53DAD 
  53      28AA1F35 
  53      87
  54 007b CA9410D7 		.ascii	"\312\224\020\327\204\350Is\223@\032vAm\265B\367l\320"
  54      84E84973 
  54      93401A76 
  54      416DB542 
  54      F76CD0
  55 008e 72C86D63 		.ascii	"r\310mc}\021\031X\030\227[*\251^\357@\251/\307\305\270"
  55      7D111958 
  55      18975B2A 
  55      A95EEF40 
  55      A92FC7C5 
  56 00a3 2E449344 		.ascii	".D\223D\306\264\244\344\254\325\021k\347\237[\032\367"
  56      C6B4A4E4 
  56      ACD5116B 
  56      E79F5B1A 
  56      F7
  57 00b4 D3A2F378 		.ascii	"\323\242\363x\371u\240-\343\032\300{\213\305\317\367"
  57      F975A02D 
  57      E31AC07B 
  57      8BC5CFF7 
  58 00c4 8148471D 		.ascii	"\201HG\035)5L\265$\241\271\334\250\274=\331R\270\214"
  58      29354CB5 
  58      24A1B9DC 
  58      A8BC3DD9 
  58      52B88C
  59 00d7 2AB32E71 		.ascii	"*\263.qM~\2570j\212\307\217\371\244\325\310\262\027"
  59      4D7EAF30 
  59      6A8AC78F 
  59      F9A4D5C8 
  59      B217
  60 00e9 E58C6B1A 		.ascii	"\345\214k\032n\220B\3274\214[\030\324\361\220\250\024"
  60      6E9042D7 
  60      348C5B18 
  60      D4F190A8 
  60      14
ARM GAS  /tmp/cc00eyRc.s 			page 4


  61 00fa 6C0C210A 		.ascii	"l\014!\012\2624\306&\232\277&\376K\275\373\233\252#"
  61      B234C626 
  61      9ABF26FE 
  61      4BBDFB9B 
  61      AA23
  62 010c 6752F904 		.ascii	"gR\371\004\310\367\251\335\323\316\020Su\250\252R:\012"
  62      C8F7A9DD 
  62      D3CE1053 
  62      75A8AA52 
  62      3A0A
  63 011e 34DA40AC 		.ascii	"4\332@\254t?\307\\\363\236M\032\240\253\220\331\351"
  63      743FC75C 
  63      F39E4D1A 
  63      A0AB90D9 
  63      E9
  64 012f 597F602D 		.ascii	"Y\177`-\260\3501Ba\303\277\03246C[\333a\303\263\274"
  64      B0E83142 
  64      61C3BF1A 
  64      3436435B 
  64      DB61C3B3 
  65 0144 303569B8 		.ascii	"05i\270\335.co\3055\277\343d\311\273\353\333\360\006"
  65      DD2E636F 
  65      C535BFE3 
  65      64C9BBEB 
  65      DBF006
  66 0157 83BE8975 		.ascii	"\203\276\211u\361\003\325\011\2348"
  66      F103D509 
  66      9C38
  67              		.text
  68              		.section	.gnu.lto_wdg_lld_start.e99d595c3f278235,"",%progbits
  69 0000 789CA592 		.ascii	"x\234\245\222MHUA\024\307\347?s?\274\366\236\264i\347"
  69      4D485541 
  69      14C7E73F 
  69      733FBCF6 
  69      9EB469E7 
  70 0014 42283017 		.ascii	"B(0\027u\263\242\210V\221\344\306\0102h)\325\243\024"
  70      75B3A288 
  70      5691E4C6 
  70      08326829 
  70      D5A314
  71 0027 042DA3DA 		.ascii	"\004-\243\3325\276\017*p\221P\322\207\351F\321,?^\366"
  71      35BE0F2A 
  71      709150D2 
  71      87E946D1 
  71      2C3F5EF6 
  72 003b A1AFD2D7 		.ascii	"\241\257\322\3273\023\"\213\010\011j\221\226Y\210\205"
  72      3313228B 
  72      08096A91 
  72      96598885 
  73 004b CF8C6891 		.ascii	"\317\214h\221\2573s\025\265Eh]\270sg\346\316\371\375"
  73      AF337315 
  73      B545685D 
  73      B87367E6 
  73      CEF9FD
  74 005e FFE7CC31 		.ascii	"\377\347\3141\030\230z\002\006c\333\351\273\213^X\014"
  74      18987A02 
  74      0663DBE9 
ARM GAS  /tmp/cc00eyRc.s 			page 5


  74      BB8B5E58 
  74      0C
  75 006f FCFC73C6 		.ascii	"\374\374s\306*\3238\2047\021\334\254\032`L\246\033a"
  75      2AD33884 
  75      3711DCAC 
  75      1A604CA6 
  75      1B61
  76 0081 9B499FE9 		.ascii	"\233I\237\351\355\3570\000\365\225i`\247\2710\015\320"
  76      EDEF3000 
  76      F5956960 
  76      A7B9300D 
  76      D0
  77 0092 C8BCE73B 		.ascii	"\310\274\347;\377\305\22183\326\315s\232$=\303\375\343"
  77      FFC59138 
  77      33D6CD73 
  77      9A243DC3 
  77      FDE3
  78 00a4 1B64731C 		.ascii	"\033ds\034\021:\220\342\336\0314!\207N\275\014w\324"
  78      113A90E2 
  78      DE193421 
  78      874EBD0C 
  78      77D4
  79 00b6 8A691E11 		.ascii	"\212i\036\021\200A\313\344\340\225\017\031j\311\221"
  79      8041CBE4 
  79      E0950F19 
  79      6AC991
  80 00c5 45CBBA9A 		.ascii	"E\313\272\232\301-b+\030M/t\326\256\315n\2242(e* \235"
  80      C12D622B 
  80      184D2F74 
  80      D6AECD6E 
  80      94322865 
  81 00dc 88106881 		.ascii	"\210\020h\201 \032\256#\023\315\310d\264\305p\003\331"
  81      201AAE23 
  81      13CDC864 
  81      B4C57003 
  81      D9
  82 00ed EAF4FBE8 		.ascii	"\352\364\373\350\314E\277\025V\342Y\236$n\302R\371\266"
  82      CC45BF15 
  82      56E2599E 
  82      246EC252 
  82      F9B6
  83 00ff EF8DCB54 		.ascii	"\357\215\313T*$\345\325\334w\253\375\034*BP\254a\322"
  83      2A24E5D5 
  83      DC77ABFD 
  83      1C2A4250 
  83      AC61D2
  84 0112 605A3458 		.ascii	"`Z4X\266\2329j`l\222b)\355$\347\364\021c\010\306\222"
  84      B69A396A 
  84      606C9262 
  84      29ED24E7 
  84      F4116308 
  85 0128 1F8F2A56 		.ascii	"\037\217*VH\010\322\251\211$^\330\312\257\320&\177\014"
  85      4808D2A9 
  85      89245ED8 
  85      CAAFD026 
  85      7F0C
  86 013a 3C3DEBAB 		.ascii	"<=\353\253\3075\312\324\016Q\016\255dK\3557\216\006"
ARM GAS  /tmp/cc00eyRc.s 			page 6


  86      C735CAD4 
  86      0E510EAD 
  86      644BED37 
  86      8E06
  87 014c DB6C771D 		.ascii	"\333lw\035\251\240\015\365\230\3215@;\\6\206\304\364"
  87      A9A00DF5 
  87      98D13540 
  87      3B5C3686 
  87      C4F4
  88 015e F02A055C 		.ascii	"\360*\005\\H3\026\321*U\032\333\310O\032\211\242c\226"
  88      483316D1 
  88      2A551ADB 
  88      C84F1A89 
  88      A26396
  89 0171 F97A6AAA 		.ascii	"\371zj\252\317\347\266\3120\2119\210j\254J\020\267\340"
  89      CFE7B6CA 
  89      30893988 
  89      6AAC4A10 
  89      B7E0
  90 0183 D2EF9986 		.ascii	"\322\357\231\206\252Q\237b9\030j\001:U\024\245!\030"
  90      AA519F62 
  90      39186A01 
  90      3A5514A5 
  90      2118
  91 0195 5D1AE591 		.ascii	"]\032\345\221\210E?EM/\021s\261\363\277\250\334\326"
  91      88453F45 
  91      4D2F1173 
  91      B1F3BFA8 
  91      DCD6
  92 01a7 2ABA9C77 		.ascii	"*\272\234w\310\374\010\302oC\207\347!\355\023\335?\375"
  92      C8FC08C2 
  92      6F4387E7 
  92      21ED13DD 
  92      3FFD
  93 01b9 4AD304C3 		.ascii	"J\323\004\303]\255\250*h2\352\037$\2711W\302\350D\265"
  93      5DADA82A 
  93      6832EA1F 
  93      24B93157 
  93      C2E844B5 
  94 01cd ED45594B 		.ascii	"\355EYK)\232\205{ZW\265\027\272t\321\202\261\2215\036"
  94      299A857B 
  94      5A57B517 
  94      BA74D182 
  94      B191351E 
  95 01e1 C15E5837 		.ascii	"\301^X7\353\317[H'\011t\317\002\353.u}\313\240\\VF\304"
  95      EBCF5B48 
  95      270974CF 
  95      02EB2E75 
  95      7DCBA05C 
  96 01f8 0AC434D2 		.ascii	"\012\3044\322P\310\373\336=\324\214\314\335\303r\012"
  96      50C8FBDE 
  96      3DD48CCC 
  96      DDC3720A 
  97 0208 FF40734C 		.ascii	"\377@sL\305y\010\227\374hw\311\211j\307\363\347,\325"
  97      C5790897 
  97      FC6877C9 
  97      896AC7F3 
ARM GAS  /tmp/cc00eyRc.s 			page 7


  97      E72CD5
  98 021b 508F0659 		.ascii	"P\217\006Y\012\324\373?\206\342\232c+\316#e\310\321"
  98      0AD4FB3F 
  98      86E29A63 
  98      2BCE2365 
  98      C8D1
  99 022d 3DD6F1D5 		.ascii	"=\326\361\325\273\355e\302\022\363m\325\247\333\352"
  99      BBED65C2 
  99      12F36DD5 
  99      A7DBEA
 100 023c 4DC3B9CF 		.ascii	"M\303\271\317~\257\255Z\2068\036S\224\302O\376\033\276"
 100      7EAFAD5A 
 100      86381E53 
 100      94C24FFE 
 100      1BBE
 101 024e 7F1EFF44 		.ascii	"\177\036\377D\343\277\364\364\275r<\374\263\313\002"
 101      E3BFF4F4 
 101      BD723CFC 
 101      B3CB02
 102 025d 0314358E 		.ascii	"\003\0245\216`\2747_\301g\333\011\324F\324\202\233w"
 102      60BC375F 
 102      C167DB09 
 102      D446D482 
 102      9B77
 103 026f 16971C2C 		.ascii	"\026\227\034,\331S\350\226U\270\305\007J\335\362\262"
 103      D953E896 
 103      55B8C507 
 103      4ADDF2B2 
 104 027f 63C72BDC 		.ascii	"c\307+\334\302}\2737mt\013\012\362\334S\373\363\362"
 104      C27DBB37 
 104      6D740B0A 
 104      F2DC53FB 
 104      F3F2
 105 0291 4FE4AA5F 		.ascii	"O\344\252_E'\003G\212JK\003\353\0171\203\246\345\277"
 105      45270347 
 105      8A4A4B03 
 105      EB0F3183 
 105      A6E5BF
 106 02a4 01EF978A 		.ascii	"\001\357\227\212\005"
 106      05
 107              		.text
 108              		.section	.gnu.lto_wdg_lld_stop.e99d595c3f278235,"",%progbits
 109 0000 789C4D51 		.ascii	"x\234MQMHTQ\024>\337\275\3277?\230\264ta \2640\027\365"
 109      4D485451 
 109      143EDFBD 
 109      D7373F98 
 109      B4746120 
 110 0018 664A6AD1 		.ascii	"fJj\3212\301\215\021d\320R\252\201\224\006\224\214j"
 110      32C18D11 
 110      64D052AA 
 110      81940694 
 110      8C6A
 111 002a F7AE33F3 		.ascii	"\367\2563\363\320v.JJ,W\242e\215\216\346b\3324\270i"
 111      D0762E4A 
 111      4A2C57A2 
 111      658D8EE6 
 111      62DA34B8 
ARM GAS  /tmp/cc00eyRc.s 			page 8


 112 003f 8A2C5ABB 		.ascii	"\212,Z\273\351\017\011i\241XH\321\314\363\234[b\027"
 112      E90F0969 
 112      A15848D1 
 112      CCF39C5B 
 112      6217
 113 0051 1EE79CEF 		.ascii	"\036\347\234\357\236\363\235\357\273\317\020H\3166\207"
 113      9EF39DEF 
 113      BBCF1048 
 113      CE3687
 114 0060 D31C3BF8 		.ascii	"\323\034;\370C\003A\215\275#\032\216+\245\253)\262I"
 114      4303418D 
 114      BD231A8E 
 114      2BA5AB29 
 114      B249
 115 0072 533D44B6 		.ascii	"S=D\266Q\303\374\205\015 \211\215\203\002\245\015\002"
 115      51C3FC85 
 115      0D20898D 
 115      8302A50D 
 115      02
 116 0083 FC543585 		.ascii	"\374T5\205\225\221\365\262j\237\261|>\206\365\224\235"
 116      9591F5B2 
 116      6A9FB17C 
 116      3E86F594 
 116      9D
 117 0094 AD20D444 		.ascii	"\255 \324D\221r+\0103h\347\256\017\205\205I\375C\205"
 117      91722B08 
 117      3368E7AE 
 117      0F858549 
 117      FD4385
 118 00a7 1A305C6E 		.ascii	"\0320\\n\255N|i\222R\241\225\313G\343\253'\365)\020"
 118      AD4E7C69 
 118      9252A195 
 118      CB47E3AB 
 118      27F52910 
 119 00bb A7779726 		.ascii	"\247w\227&\217\264M[\233\263\266\226\261\211Pk<\201"
 119      8FB44D5B 
 119      9BB3B696 
 119      B189506B 
 119      3C81
 120 00cd 66363C46 		.ascii	"f6<F\013f\321B\014\021\346\320&\335\237K\365{\007\274"
 120      0B66D142 
 120      0C11E6D0 
 120      26DD9F4B 
 120      F57B07BC 
 121 00e1 822C6FBD 		.ascii	"\202,o\275\263\267\025O\341\261300\177\276b\243(o\355"
 121      B3B7154F 
 121      E1B13330 
 121      307FBE62 
 121      A3286FED 
 122 00f5 83F49FC3 		.ascii	"\203\364\237\303\036/\3479\303\014\206h\223[\305\317"
 122      1E2FE739 
 122      C30C8668 
 122      935BC5CF 
 123 0105 965212F5 		.ascii	"\226R\022\365:r/J\265\264\014\347\265h\034\017W\336"
 123      3A722F4A 
 123      B5B40CE7 
 123      B5681C0F 
ARM GAS  /tmp/cc00eyRc.s 			page 9


 123      57DE
 124 0117 C744A376 		.ascii	"\307D\243v\302v^\275\031m\234\302Cv\327\220g\354\031"
 124      C2765EBD 
 124      196D9CC2 
 124      4376D790 
 124      67EC19
 125 012a 4B117CFA 		.ascii	"K\021|\372k\256\030\363\217\206\332C\021S\250;\337\230"
 125      6BAE18F3 
 125      8F86DA43 
 125      1153A83B 
 125      DF98
 126 013c 874F9F50 		.ascii	"\207O\237PX\323\373|\313#oKI\341\363\000,\3104\311v"
 126      58D3FB7C 
 126      CB236F4B 
 126      49E1F300 
 126      2CC834C9 
 127 0151 4DD594FE 		.ascii	"M\325\224\376\006#\215\302W.\177_\213\0055;j\355\301"
 127      06238DC2 
 127      572E7F5F 
 127      8B05353B 
 127      6AEDC1
 128 0164 50C72225 		.ascii	"P\307\"%VJ\010\350\177Iq')\377\373\345v\023\267\336"
 128      564A08E8 
 128      7F497127 
 128      29FFFBE5 
 128      7613B7DE 
 129 0178 77AD7179 		.ascii	"w\255qy\000\201_O\314]c\241\303c\016N`\211\177\325\342"
 129      00815F4F 
 129      CC5D63A1 
 129      C3630E4E 
 129      60897FD5 
 130 018d 3FB5D1C6 		.ascii	"?\265\321\306b1\301#\315\302\361\234\365\272\265XF\020"
 130      6231C123 
 130      CDC2F19C 
 130      F5BAB558 
 130      4610
 131 019f EAA4D363 		.ascii	"\352\244\323c\334kl W\371\325\345.\345l\262\012\206"
 131      DC6B6C20 
 131      57F9D5E5 
 131      2EE56CB2 
 131      0A86
 132 01b1 D95BC799 		.ascii	"\331[\307\231\276\376\313\375\347z\374\201!\277\357"
 132      BEFECBFD 
 132      E77AFC81 
 132      21BFEF
 133 01c0 52D61F1C 		.ascii	"R\326\037\034\270~c\310\357\271p\366\304q\277\273\273"
 133      B87E63C8 
 133      EFB970F6 
 133      C471BFBB 
 133      BB
 134 01d1 D3BF7DB1 		.ascii	"\323\277}\261\263\353fZ\256zoe\256\366f\263\231cW\310"
 134      B3EB665A 
 134      AE7A6F65 
 134      AEF666B3 
 134      996357C8 
 135 01e5 703AB80B 		.ascii	"p:\270\013\220\000\274\333"
 135      9000BCDB 
ARM GAS  /tmp/cc00eyRc.s 			page 10


 136              		.text
 137              		.section	.gnu.lto_wdg_lld_reset.e99d595c3f278235,"",%progbits
 138 0000 789C5590 		.ascii	"x\234U\220M(\204Q\024\206\357{\357\307P\303\312\216"
 138      4D288451 
 138      1486EF7B 
 138      EFC750C3 
 138      CA8E
 139 0012 858DB0E0 		.ascii	"\205\215\260\3406\210dI)\221BY\312_\250)B\330\271\346"
 139      36886449 
 139      29914259 
 139      CA5FA829 
 139      42D8B9E6 
 140 0026 27EC2824 		.ascii	"'\354($\031\026L\376\231a\305j\032\213)\205,\244\254"
 140      19164CFE 
 140      9961C56A 
 140      1A8B2985 
 140      2CA4AC
 141 0039 84265919 		.ascii	"\204&Y\031\221\025\343\234\217\005\267\276\3169\367"
 141      9115E39C 
 141      8F05B7BE 
 141      CE39F7
 142 0048 9EF39CF7 		.ascii	"\236\363\234\367\375,\001\301'@\241\212b6}P\002r\346"
 142      FD2C01C1 
 142      2740A18A 
 142      62367D50 
 142      0272E6
 143 005b 42888934 		.ascii	"B\210\2114\011pb\322 \306%\306\361.?%\242\223\361cY"
 143      097062D2 
 143      20C625C6 
 143      F12E3F25 
 143      A293F163 
 144 0070 B861E8DC 		.ascii	"\270a\350\334\005\327\\f3\002\277\022\")m\222\300\006"
 144      05D75C66 
 144      3302BF12 
 144      22296D92 
 144      C006
 145 0082 0AA9EBCA 		.ascii	"\012\251\353\312\027ZVo\322\257\000\213\312\304\371"
 145      175A566F 
 145      D2AF008B 
 145      CAC4F9
 146 0091 D2432697 		.ascii	"\322C&\227\022\271T\256,\234\227\253\012\010J\347\216"
 146      12B954AE 
 146      2C9C97AB 
 146      0A084AE7 
 146      8E
 147 00a2 960BF283 		.ascii	"\226\013\362\203\306x\214\231\3556\351~\245\260\015"
 147      C6788C99 
 147      ED36E97E 
 147      A5B00D
 148 00b1 45346C21 		.ascii	"E4l!\007\233\310\021t%\260\203|\356\276\017\177\315"
 148      079BC811 
 148      7425B083 
 148      7CEEBE0F 
 148      7FCD
 149 00c3 67A4FA78 		.ascii	"g\244\372xy\356\317J\354\"\225M\0344EL2\3515&\340Z\314"
 149      79EECF4A 
 149      EC22954D 
ARM GAS  /tmp/cc00eyRc.s 			page 11


 149      1C34454C 
 149      32E93526 
 150 00da 4B21E534 		.ascii	"K!\3454\241h\326\022\342\205\372\330GBJ\216*\016\317"
 150      A168D612 
 150      E285FAD8 
 150      47424A8E 
 150      2A0ECF
 151 00ed 492236C8 		.ascii	"I\"6\310\223^\245\210\272\340\217^:X\235\262%}\304\316"
 151      935EA588 
 151      BAE08F5E 
 151      3A589DB2 
 151      257DC4CE 
 152 0101 A69CAB08 		.ascii	"\246\234\253\010\220\257\024/)\336#\021|\037|\364\354"
 152      90AF142F 
 152      29DE2311 
 152      7C1F7CF4 
 152      EC
 153 0112 3B741131 		.ascii	";t\0211\261\217U|\331\216q\000-\342\210\276\335e1\360"
 153      B18F557C 
 153      D98E7100 
 153      2DE288BE 
 153      DD6531F0 
 154 0126 2FCDFA47 		.ascii	"/\315\372G\233`\321\225\244\210\227\"\364\313\274y}"
 154      9B60D195 
 154      A4889722 
 154      F4CBBC79 
 154      7D
 155 0137 3D75EA3D 		.ascii	"=u\352=\343\243e\016\204m,\333\301!4=\337\256O?e0\313"
 155      E3A3650E 
 155      846D2CDB 
 155      C121343D 
 155      DFAE4F3F 
 156 014e 81ED6B89 		.ascii	"\201\355k\211#\232z\206'\022\256\343]\366\377~\241v"
 156      239A7A86 
 156      2712AEE3 
 156      5DF6FF7E 
 156      A176
 157 0160 32455ACA 		.ascii	"2EZ\312\252{\373:\372\032\233u\377\220\356mw\353\201"
 157      AA7BFB3A 
 157      FA1A9B75 
 157      FF90EE6D 
 157      77EB81
 158 0173 FEC1E121 		.ascii	"\376\301\341!\335\334\322PZ\242\353\353k\364XkM\355"
 158      DDDCD250 
 158      5AA2EBEB 
 158      6BF4586B 
 158      4DED
 159 0185 888B9FDA 		.ascii	"\210\213\237\332F\273z\332\334\356\256\342NaQ:\360\015"
 159      46BB7ADA 
 159      DCEEAEE2 
 159      4E61513A 
 159      F00D
 160 0197 EE6E9E4A 		.ascii	"\356n\236J"
 161              		.text
 162              		.section	.gnu.lto_.symbol_nodes.e99d595c3f278235,"",%progbits
 163 0000 789C558A 		.ascii	"x\234U\212K\025\2000\014\0047\233\202\000\024\200H\316"
 163      4B158030 
ARM GAS  /tmp/cc00eyRc.s 			page 12


 163      0C04379B 
 163      82001480 
 163      48CE
 164 0012 090668F9 		.ascii	"\011\006h\371\250ADU \001\001\004n\335\313\274\2673"
 164      A8414455 
 164      20010104 
 164      6EDDCBBC 
 164      B733
 165 0024 09821931 		.ascii	"\011\202\0311f\032P*\020\270|\002\272\225\262\014\237"
 165      661A502A 
 165      10B87C02 
 165      BA95B20C 
 165      9F
 166 0035 2A346914 		.ascii	"*4i\0247\032\333\370$<b\345N\323F\311AK\377\003\270"
 166      371ADBF8 
 166      243C62E5 
 166      4ED346C9 
 166      414BFF03 
 167 004a 8FD1688F 		.ascii	"\217\321h\217\373\251\202\027\011\311\032R"
 167      FBA98217 
 167      09C91A52 
 168              		.text
 169              		.section	.gnu.lto_.refs.e99d595c3f278235,"",%progbits
 170 0000 789C6361 		.ascii	"x\234ca`d\340c```b`\004\001&Ff&\026f\006\000\002\011"
 170      6064E063 
 170      60606062 
 170      60040126 
 170      46662616 
 171 0019 002A     		.ascii	"\000*"
 172              		.text
 173              		.section	.gnu.lto_.decls.e99d595c3f278235,"",%progbits
 174 0000 789CA557 		.ascii	"x\234\245W{PT\327\031\277\337=\013.\327]\264\230i\235"
 174      7B5054D7 
 174      19BFDF3D 
 174      0B2ED75D 
 174      B498699D 
 175 0014 0C4D3543 		.ascii	"\014M5CF&\035XA\222\306\377\322\221Tm}\015\250\235N"
 175      46261D58 
 175      4192C6FF 
 175      D291546D 
 175      7D0DA89D 
 176 0029 FED8C175 		.ascii	"\376\330\301u\221\355\360\260\273k\212\177try\210\210"
 176      91EDF0B0 
 176      BB6B8A7F 
 176      74727988 
 176      88
 177 003a B13C4C09 		.ascii	"\261<L\011\240D\202\032\344!\362RD\212]K\344\345\243"
 177      A044821A 
 177      E421F252 
 177      448A5D4B 
 177      E4E5A3
 178 004d 68A3061F 		.ascii	"h\243\006\037\210oE\215 (\022E\372\235s\356\356\275"
 178      886F458D 
 178      20281245 
 178      FA9D73EE 
 178      EEBD
 179 005f 10D04E7B 		.ascii	"\020\320N{\207o\357\375\316\375\276\337\367>\347\242"
ARM GAS  /tmp/cc00eyRc.s 			page 13


 179      876FEFFD 
 179      CEFDBEDF 
 179      F73EE7A2 
 180 006f 1340A0D7 		.ascii	"\023@\240\327\035\243 $\211\202\260\017\331Q\274\274"
 180      1DA32024 
 180      8982B00F 
 180      D951BCBC 
 181 007f 706D3512 		.ascii	"pm5\022.\011\007\221\276\021\370E\327\333\220F\221\000"
 181      2E090791 
 181      BE11F845 
 181      D7DB9046 
 181      9100
 182 0091 6509921E 		.ascii	"e\011\222\036\270\234\001\357\276 \214\271\332\024\035"
 182      B89C01EF 
 182      BE208CB9 
 182      DA141D
 183 00a0 8AF502E9 		.ascii	"\212\365\002\351\271\2025\250`?E\032\242X\212,\275\217"
 183      B98235A8 
 183      603F451A 
 183      A2588A2C 
 183      BD8F
 184 00b2 C7A0B60C 		.ascii	"\307\240\266\014\012\206\037\322\033\012\026\305\230"
 184      0A861FD2 
 184      1B0A16C5 
 184      98
 185 00bf 837455C1 		.ascii	"\203tU\301\035@\272\205\324\2154\215\372\245`?D\272"
 185      1D40BA85 
 185      D48D348D 
 185      FAA5603F 
 185      44BA
 186 00d1 8FF404A9 		.ascii	"\217\364\004\251\013\251\017\351;\244\007\212\275Q\341"
 186      0BA90FE9 
 186      3BA4078A 
 186      BD51E1
 187 00e0 C7178D6D 		.ascii	"\307\027\215m\352\0046]\232\030\246\003\317M\035\322"
 187      EA04365D 
 187      9A18A603 
 187      CF4D1DD2 
 188 00f0 14E0584F 		.ascii	"\024\340XO\225\270@\311\013(y\321^D\361m\242x\264q\210"
 188      95B840C9 
 188      0B2879D1 
 188      5E44F16D 
 188      A278B471 
 189 0105 1AFF41D1 		.ascii	"\032\377A\321\033\177\215\210p&\265j'\031\024\301O\002"
 189      1B7F8D88 
 189      7026B56A 
 189      271914C1 
 189      4F02
 190 0117 1DB2FDA7 		.ascii	"\035\262\375\247\012n\370\"\373\206\004\263\220}~\367"
 190      0A6EF822 
 190      FB8604B3 
 190      907D7EF7 
 191 0127 F32EE06F 		.ascii	"\363.\340o\015\310\246\345\265\324\373H\3512^Y)\262"
 191      0DC8A6E5 
 191      B5D4FB48 
 191      E9325E59 
 191      29B2
ARM GAS  /tmp/cc00eyRc.s 			page 14


 192 0139 5F9B2F7D 		.ascii	"_\233/}\261\017\374\241\004\374\321J\031H\370k\362\207"
 192      B10FFCA1 
 192      04FCD14A 
 192      1948F86B 
 192      F287
 193 014b 5264517C 		.ascii	"RdQ|woC\263\027\3276\"{\271\370\363\275:\216}\227\276"
 193      776F43B3 
 193      17D73622 
 193      7BB9F8F3 
 193      BD3A8E7D 
 194 0161 3EF7ACE9 		.ascii	">\367\254\351\007\003\021\001\237u\265\311W\277\362"
 194      07031101 
 194      9F75B5C9 
 194      57BFF2
 195 0170 85407F40 		.ascii	"\205@\177@0\220\276f\026dY\024\240\032$\330\017\304"
 195      3090BE66 
 195      16645914 
 195      A01A24D8 
 195      0FC4
 196 0182 ED71818C 		.ascii	"\355q\201\214\326\373>\245\313\370\254gw\\I\226\373"
 196      D6FB3EA5 
 196      CBF8AC67 
 196      775C4996 
 196      FB
 197 0193 8A65EF99 		.ascii	"\212e\357\231\002\314\363\207\271\376\002TB {%@\025"
 197      02CCF387 
 197      B9FE0254 
 197      42207B25 
 197      4015
 198 01a5 021EE0EE 		.ascii	"\002\036\340\356\014v\337\012\360\313R\240?\004\006"
 198      0C76DF0A 
 198      F0CB52A0 
 198      3F0406
 199 01b4 5D81AFCB 		.ascii	"]\201\257\313\231\3635\340\347\016\201\012_l=\231\352"
 199      99F335E0 
 199      E70E810A 
 199      5F6C3D99 
 199      EA
 200 01c5 2D29D059 		.ascii	"-)\320Y\257\203n<r\271\313K\213]\373*\354\321\317\216"
 200      AF836E3C 
 200      72B9CB4B 
 200      8B5DFB2A 
 200      ECD1CF8E 
 201 01d9 DE970C19 		.ascii	"\336\227\014\031\024[Ic\035\370i\362x\020\014\254\213"
 201      145B4963 
 201      1DF869F2 
 201      78100CAC 
 201      8B
 202 01ea 0EB2A41F 		.ascii	"\016\262\244\037\330t\263T\217i\363\227`\024(\377\240"
 202      D874B354 
 202      8F69F397 
 202      601428FF 
 202      A0
 203 01fb 61D8C879 		.ascii	"a\330\310y\012v|t\3105\015\331\025\022\210\264b\375"
 203      0A767C74 
 203      C8350DD9 
 203      151288B4 
ARM GAS  /tmp/cc00eyRc.s 			page 15


 203      62FD
 204 020d 8D754632 		.ascii	"\215uF2\205\275\332q\371X\331T\035&\261\001\010\034"
 204      85BDDA71 
 204      F958D954 
 204      1D26B101 
 204      081C
 205 021f A6D0B858 		.ascii	"\246\320\270X_\330\326%\221\2370\201\374+7\353\364T"
 205      5FD8D625 
 205      919F3081 
 205      FC2B37EB 
 205      F454
 206 0231 A011057E 		.ascii	"\240\021\005~\351\017G@G\227\207\266\016U\350\311\233"
 206      E90F4740 
 206      479787B6 
 206      0E55E8C9 
 206      9B
 207 0242 4CE4F08E 		.ascii	"L\344\360\216\013\357Q\211&\224x\327\037\376\316%:\357"
 207      0BEF5189 
 207      269478D7 
 207      1FFECE25 
 207      3AEF
 208 0254 8CDC82E0 		.ascii	"\214\334\202\340\012w\231\226z\372I\354\254\276\322"
 208      0A779996 
 208      7AFA49EC 
 208      ACBED2
 209 0263 AE077D60 		.ascii	"\256\007}`\032\313\\r\262w\236\257;u\002\270@\017\377"
 209      1ACB5C72 
 209      B2779EAF 
 209      3B7502B8 
 209      400FFF
 210 0276 80603886 		.ascii	"\200`8\2069<\012:\250\307\220\017\241_\254\336=M{\035"
 210      393C0A3A 
 210      A8C7900F 
 210      A15FACDE 
 210      3D4D7B1D 
 211 028a 49B20C54 		.ascii	"I\262\014TJ\240bj\223n\317i.4\220\025\324!\361a\346"
 211      4AA0626A 
 211      936ECF69 
 211      2E349015 
 211      D421F161 
 212 029f A56E1102 		.ascii	"\245n\021\002\365L\307u\311(\213\360\015\302\376\023"
 212      F54CC775 
 212      C9288BF0 
 212      0DC2FE13 
 213 02af FDE33A4C 		.ascii	"\375\343:L_\020&p\000\232\321\356d>P\0244\365\262\346"
 213      5F102670 
 213      009AD1EE 
 213      643E5014 
 213      34F5B2E6 
 214 02c3 F8B0EF25 		.ascii	"\370\260\357%\350\002\234\037\230\356\231f\372\013\214"
 214      E8029C1F 
 214      98EE9966 
 214      FA0B8C
 215 02d2 044E8C15 		.ascii	"\004N\214\025\324?\317\022\270\005\025^t?\252[\003\373"
 215      D43FCF12 
 215      B805155E 
 215      743FAA5B 
ARM GAS  /tmp/cc00eyRc.s 			page 16


 215      03FB
 216 02e4 73EB8FBA 		.ascii	"s\353\217\272/\006\242\242\203\242\304yEY\000\205\027"
 216      2F06A2A2 
 216      83A2C479 
 216      45590085 
 216      17
 217 02f5 5503C059 		.ascii	"U\003\300Y\267\202\006\217\273\253\300\251>{b\002w~"
 217      B782068F 
 217      BBABC0A9 
 217      3E7B6202 
 217      777E
 218 0307 9F6FFD76 		.ascii	"\237o\375v\035\371\230\325{\244}G\20183W\031\361Y:X"
 218      1DF998D5 
 218      7BA47D47 
 218      81383357 
 218      19F1593A 
 219 031c FD534D67 		.ascii	"\375SMg\266\302L\374]\243\343j\017\345\342\213>o\027"
 219      B6C24CFC 
 219      5DA3E36A 
 219      0FE5E28B 
 219      3E6F17
 220 032f C9455572 		.ascii	"\311EUrOu\353G\327jdy\013\352\351\250\030\264\250\005"
 220      4F75EB47 
 220      D76A6479 
 220      0BEAE9A8 
 220      18B4A805 
 221 0343 6961F30B 		.ascii	"ia\363\013\307\341\022\332o\203\267Q5\367\331\336L="
 221      C7E112DA 
 221      6F83B751 
 221      35F7D9DE 
 221      4C3D
 222 0355 290466B3 		.ascii	")\004f\263\240q\260C\331'h\011\356\275<pGG\312\371\273"
 222      A071B043 
 222      D9276809 
 222      EEBD3C70 
 222      4747CAF9 
 223 036a AF738A8F 		.ascii	"\257s\212\217\031I\015g\256\264\225\226\323\315j\016"
 223      19490D67 
 223      AEB49596 
 223      D3CD6A0E 
 224 037a 8E025ED3 		.ascii	"\216\002^\3234\3230\207O\303\331\314\307{\246\220\203"
 224      34D33087 
 224      4FC3D9CC 
 224      C77BA690 
 224      83
 225 038b 4C5C6CD9 		.ascii	"L\\l\331V[3\025\002\371v\322\223}:<{36+\234\301\331"
 225      565B3315 
 225      02F976D2 
 225      937D3A3C 
 225      7B33362B 
 226 03a2 FC97EADD 		.ascii	"\374\227\352\335\034:\225\351\3520\012\236x\241\023"
 226      1C3A95E9 
 226      EA300A9E 
 226      78A113
 227 03b1 7B0481A9 		.ascii	"{\004\201\251 \234\306\305S|\332K\367d\027{\223\\\266"
 227      209CC6C5 
 227      537CDA4B 
ARM GAS  /tmp/cc00eyRc.s 			page 17


 227      F764177B 
 227      935CB6
 228 03c4 7389F975 		.ascii	"s\211\371ueC\222\307\310hN\030N\305t\370\026m\234Um"
 228      654392C7 
 228      C8684E18 
 228      4EC574F8 
 228      166D9C55 
 229 03d9 9C81C98D 		.ascii	"\234\201\311\215\374{b#\365\337\227\327\033\371n\351"
 229      FC7B6223 
 229      F5DF97D7 
 229      1BF96EE9 
 230 03e9 62463BB6 		.ascii	"bF;\266tx\223^\276]\226\035\311{\023f\004\004\004f\263"
 230      7478935E 
 230      BE5D961D 
 230      C97B1366 
 230      04040466 
 231 03fe 42B9706C 		.ascii	"B\271pl\234\002\234C\355\016V\247\0130\2035\371E\304"
 231      9C029C43 
 231      ED0E56A7 
 231      0B308335 
 231      F945C4
 232 0411 EE8200F8 		.ascii	"\356\202\000\370\016\002X\255\213\251\007=M_|\332\277"
 232      0E0258AD 
 232      8BA9073D 
 232      4D5F7CDA 
 232      BF
 233 0422 3B4DCE8A 		.ascii	";M\316\212bn\236G7\251\274\307!\023E\330Gq\270\274\353"
 233      626E9E47 
 233      37A9BCC7 
 233      211345D8 
 233      4771B8BC 
 234 0437 71ABC12D 		.ascii	"q\253\301-|rB\341\020*\313\007\262\013eq_F\231q3\334"
 234      7C7242E1 
 234      102ACB07 
 234      B20B6571 
 234      5F469971 
 235 044d 72B8B961 		.ascii	"r\270\271a\012\331Mx\322\236d\246\353!p\006\327\331"
 235      0AD94D78 
 235      D29E64A6 
 235      EB217006 
 235      D7D9
 236 045f D50154E7 		.ascii	"\325\001T\347\012\342^RsF!\004a\302\000\3412\3065Y\214"
 236      0AE25E52 
 236      73462104 
 236      61C200E1 
 236      32C63559 
 237 0474 68EBEEA1 		.ascii	"h\353\356\241\022\227~\206\242\352\232TU\030\257\267"
 237      12977E86 
 237      A2EA9A54 
 237      5518AFB7 
 238 0484 7DDBE07E 		.ascii	"}\333\340~\303\230\215\271[\023\253\000W\371\306L;\261"
 238      C3988DB9 
 238      5B13AB00 
 238      57F9C64C 
 238      3BB1
 239 0496 F0D1808E 		.ascii	"\360\321\200\216\354g\321@M\343\310V\037R\313\231\344"
 239      EC67D140 
ARM GAS  /tmp/cc00eyRc.s 			page 18


 239      4DE3C856 
 239      1F52CB99 
 239      E4
 240 04a7 C6AEEC69 		.ascii	"\306\256\354i\274n=\224\277|\375\301E=i\342/\217U\247"
 240      BC6E3D94 
 240      BF7CFDC1 
 240      453D69E2 
 240      2F8F55A7 
 241 04bb E7F99263 		.ascii	"\347\371\222c\234\351,I\357$\364\210I\371\257\233\342"
 241      9CE92C49 
 241      EF24F488 
 241      49F9AF9B 
 241      E2
 242 04cc 40EB9151 		.ascii	"@\353\221Q\0359\316\365\267\245f\226J\244\2153g\373"
 242      1D39CEF5 
 242      B7A56696 
 242      4AA48D33 
 242      67FB
 243 04de 4E164EE5 		.ascii	"N\026N\34534\035\331C\267\333[$\356\205L\017\215\307"
 243      33341DD9 
 243      43B7DB5B 
 243      24EE854C 
 243      0F8DC7
 244 04f1 052DF725 		.ascii	"\005-\367%r\202\311zW\016\2657\212\020\200\3553#\240"
 244      7282C97A 
 244      570EB537 
 244      8A1080ED 
 244      3323A0
 245 0504 584E4DC1 		.ascii	"XNM\301\216\370ra\301\331\233\262\234c\200[X\345^\254"
 245      8EF87261 
 245      C1D99BB2 
 245      9C63805B 
 245      58E55EAC 
 246 0518 C2236D95 		.ascii	"\302#m\225yW\271{\0025\\\005\177\314\227]\251\204\211"
 246      7957B97B 
 246      02355C05 
 246      7FCC975D 
 246      A98489
 247 052b DF9C583C 		.ascii	"\337\234X<D\225\316\325H\337\031/=\276\205\266\367."
 247      4495CED5 
 247      48DF192F 
 247      3DBE85B6 
 247      F72E
 248 053d 62E7C0A3 		.ascii	"b\347\300\243\261=\224\255\2346\254\234\367P\371.\263"
 248      B13D94AD 
 248      9C36AC9C 
 248      F750F92E 
 248      B3
 249 054e F2486983 		.ascii	"\362Hi\203\3571c\017\261\234}H\017\220\356{Z\236:\220"
 249      EF31630F 
 249      B19C7D48 
 249      0F90EE7B 
 249      5A9E3A90 
 250 0562 DFBB2827 		.ascii	"\337\273('En\233\313<\270=\241\007<:\314\325\311];j"
 250      456E9BCB 
 250      3CB83DA1 
 250      073C3ACC 
ARM GAS  /tmp/cc00eyRc.s 			page 19


 250      D5C95D3B 
 251 0577 8D244DC7 		.ascii	"\215$M\307:\365v~\305=\243\332\251\2753i\247\016\240"
 251      3AF5767E 
 251      C53DA3DA 
 251      A9BD3369 
 251      A70EA0
 252 058a 72BFDAA9 		.ascii	"r\277\332\251\2174\235:\316?x\214n\275\316E\264\331"
 252      8F349D3A 
 252      CE3F788C 
 252      6EBDCE45 
 252      B4D9
 253 059c 94D371CA 		.ascii	"\224\323q\3128\246\363\006\306t\336\240\273\363\274"
 253      38A6F306 
 253      C674DEA0 
 253      BBF3BC
 254 05ab 8EEFBB70 		.ascii	"\216\357\273p]\307\213\347\236\346\325\327K\3304c{\302"
 254      5DC78BE7 
 254      9EE6D5D7 
 254      4BD83463 
 254      7BC2
 255 05bd 09746BF8 		.ascii	"\011tk\370\225\323|\246\343\255/dW\022a\307f\217\"\256"
 255      95D37CA6 
 255      E3AD2F64 
 255      571261C7 
 255      668F22AE 
 256 05d1 1C90264D 		.ascii	"\034\220&M\335\250\354@\306/x\341\320>\334\030\017\255"
 256      DDA8EC40 
 256      C62F78E1 
 256      D03EDC18 
 256      0FAD
 257 05e3 29334F4F 		.ascii	")3OOC\006\033\376\341W\024\356:\360\317C\270\246\240"
 257      43061BFE 
 257      E15714EE 
 257      3AF0CF43 
 257      B8A6A0
 258 05f6 D1C43CC3 		.ascii	"\321\304<\303\304<\305\204<A\032\362$E<\371\267\326"
 258      C43CC584 
 258      3C411AF2 
 258      24453CF9 
 258      B7D6
 259 0608 361F4FEE 		.ascii	"6\037O\356\2336\377\234\202?G\235kj\356\207\177\234"
 259      9B36FF9C 
 259      823F479D 
 259      6B6AEE87 
 259      7F9C
 260 061a 7B8F891F 		.ascii	"{\217\211\037\020\366\325& +e\370\336\330\211\177>&"
 260      10F6D526 
 260      202B65F8 
 260      DED8897F 
 260      3E26
 261 062c EF2F3C13 		.ascii	"\357/<\023\277\345e\346&/\235\310\327\350\021\210k\233"
 261      BFE565E6 
 261      262F9DC8 
 261      D7E81188 
 261      6B9B
 262 063e 47AA9ABD 		.ascii	"G\252\232\275'=,_\262\303r\004\224\323\262\362\313\356"
 262      273D2C5F 
ARM GAS  /tmp/cc00eyRc.s 			page 20


 262      B2C37204 
 262      94D3B2F2 
 262      CBEE
 263 0650 12D17D5A 		.ascii	"\022\321}Zn^\245\236\226(\007\355jD\355\332\323r\224"
 263      6E5EA59E 
 263      962807ED 
 263      6A44EDDA 
 263      D37294
 264 0663 9D96292D 		.ascii	"\235\226)-\273\353\246\222\355\254#a\350T\325r\016\343"
 264      BBEBA692 
 264      EDAC2361 
 264      E854D572 
 264      0EE3
 265 0675 EAA31B73 		.ascii	"\352\243\033s\022\375\340\244\030\262\350\301\300G\025"
 265      12FDE0A4 
 265      18B2E8C1 
 265      C04715
 266 0684 2349A418 		.ascii	"#I\244\030\345\031\347\233\274H\021\307\330\331\335"
 266      E519E79B 
 266      BC4811C7 
 266      D8D9DD
 267 0693 D5EEAD80 		.ascii	"\325\356\255\200\024thA\222U\220d-H\012\003q\365\355"
 267      14746841 
 267      92559064 
 267      2D480A03 
 267      71F5ED
 268 06a6 C923A492 		.ascii	"\311#\244\222\203\334/\277}\336wL\356\350W\257\032\377"
 268      83DC2FBF 
 268      7DDE774C 
 268      EEE857AF 
 268      1AFF
 269 06b8 26D19DBB 		.ascii	"&\321\235\273\366\346\023\311\204\345\016\327\224\334"
 269      F6E613C9 
 269      84E50ED7 
 269      94DC
 270 06c6 A5351576 		.ascii	"\2455\025v\353&\315\335f\221\346.MTrw\243zg\237\204"
 270      EB26CDDD 
 270      6691E62E 
 270      4D547277 
 270      A37A679F 
 271 06db FEF6E011 		.ascii	"\376\366\340\021\333\177c\305\351\252\233r\272\037\223"
 271      DB7F63C5 
 271      E9AA9B72 
 271      BA1F93
 272 06ea 8254D5E1 		.ascii	"\202T\325\341T\221\377\237\000\351\314\331\023G\033"
 272      5491FF9F 
 272      00E9CCD9 
 272      13471B
 273 06f9 06C5D917 		.ascii	"\006\305\331\027t\273\260k\360\003\233\342\224\214<"
 273      74BBB06B 
 273      F0039BE2 
 273      948C3C
 274 0708 23E41677 		.ascii	"#\344\026w\377\253S\003\271\022\031\340L\345\221\212"
 274      FFAB5303 
 274      B91219E0 
 274      4CE5918A 
 275 0718 9FBDB35B 		.ascii	"\237\275\263[\356,\242\265\371Ku\262K\336\362!\373*"
ARM GAS  /tmp/cc00eyRc.s 			page 21


 275      EE2CA2B5 
 275      F94B75B2 
 275      4BDEF221 
 275      FB2A
 276 072a DF8AF098 		.ascii	"\337\212\360\230@\315\307|\006\256l\021g\013\360\231"
 276      40CDC77C 
 276      06AE6C11 
 276      670BF099 
 277 073a F80E6AF6 		.ascii	"\370\016j\366\226\235\016%/8\312\371\216\027I\004a\212"
 277      969D0E25 
 277      2F38CAF9 
 277      8E174904 
 277      618A
 278 074c 8A64577D 		.ascii	"\212dW}\\\222\354\322\261v\332\306]\3644\246@W\360\367"
 278      5C92ECD2 
 278      B176DAC6 
 278      5DF434A6 
 278      4057F0F7 
 279 0760 AF0CA0ED 		.ascii	"\257\014\240\355\334\215<\275\244|\033d\275\376\030"
 279      DC8D3CBD 
 279      A47C1B64 
 279      BDFE18
 280 076f 804C51A2 		.ascii	"\200LQ\242\377\2404\036\2766mL\366i6\324\014f\361\354"
 280      FFA0341E 
 280      BE366D4C 
 280      F66936D4 
 280      0C66F1EC 
 281 0783 B3BBCE12 		.ascii	"\263\273\316\022\023e\367\371}\370Bs\304G\277\016\377"
 281      1365F7F9 
 281      7DF84273 
 281      C447BF0E 
 281      FF
 282 0794 839E3E45 		.ascii	"\203\236>E\256\\\276B\242\017\253\226-^\266x\245~\341"
 282      AE5CBE42 
 282      A20FAB96 
 282      2D5EB678 
 282      A57EE1
 283 07a7 B255B316 		.ascii	"\262U\263\026\314\237/\314^\020c[c[\036iJp\230b\242"
 283      CC9F2FCC 
 283      5E10635B 
 283      635B1E69 
 283      4A709862 
 284 07bc 624DB678 		.ascii	"bM\266xK\354\206\265V\372l\376\363\332u\3011\202\204"
 284      4BEC86B5 
 284      56FA6CFE 
 284      F3DA75C1 
 284      318284
 285 07cf 37       		.ascii	"7"
 286 07d0 8733CA69 		.ascii	"\2073\312i5;\015\370h\216\215]k\266\305\333\234a\343"
 286      353B0DF8 
 286      688E8D5D 
 286      6BB6C5DB 
 286      9C61E3
 287 07e3 34D727D8 		.ascii	"4\327'\330\235\016S\344\312\245\363BMK\226\204\233\022"
 287      9D0E53E4 
 287      CAA5F342 
 287      4D4B9684 
ARM GAS  /tmp/cc00eyRc.s 			page 22


 287      9B12
 288 07f5 D1DA2721 		.ascii	"\321\332'!n \252\026l\021\214n\004D\264;\275-\011\361"
 288      6E20AA16 
 288      6C118C6E 
 288      0444B43B 
 288      BD2D09F1 
 289 0809 D1B675E2 		.ascii	"\321\266u\342z\273d6o\260\305;\347\205\232\235\253L"
 289      7ABB6436 
 289      6FB0C53B 
 289      E7859A9D 
 289      AB4C
 290 081b 1B1C76D3 		.ascii	"\033\034v\323\032[\274i\235\305\022\024e\217\013\212"
 290      1A5BBC69 
 290      9DC51214 
 290      658F0B8A 
 291 082b 4F88B706 		.ascii	"O\210\267\006Y\243\326\330\202\3363\207\005\205\316"
 291      59A3D6D8 
 291      82DE3387 
 291      0585CE
 292 083a 0D79FF4F 		.ascii	"\015y\377O\241\2461/<n\307EYbl\361V\223y\2555:jC\254"
 292      A1A6312F 
 292      3C6EC745 
 292      59626CF1 
 292      569379AD 
 293 0853 D3ECDCB8 		.ascii	"\323\354\334\270\336\352\300(\364n\370\337\376?\360"
 293      DEEAC028 
 293      F46EF8DF 
 293      FE3FF0
 294 0862 8E8D0E13 		.ascii	"\216\215\016\023\272\276\026\261\020\223\330c\355\377"
 294      BABE16B1 
 294      1093D863 
 294      EDFF
 295 0870 43166204 		.ascii	"C\026b\004Z\233\005,t/\226Y\312\207\333m\237X\355\004"
 295      5A9B052C 
 295      742F9659 
 295      CA87DB6D 
 295      9F58ED04 
 296 0884 8548C492 		.ascii	"\205H\304\222\010qE\204\370\273\01012\342W\032|KB\\"
 296      08714584 
 296      F8BB0831 
 296      32E2571A 
 296      7C4B425C 
 297 0898 5C42BCC9 		.ascii	"\\B\274\311\232\3504-X\032\2718\022\315pK\277\011KL"
 297      9AE8342D 
 297      581AB938 
 297      12CD704B 
 297      BF094B4C 
 298 08ac 34399C71 		.ascii	"49\234q\363B\243\303B\347'&\242\011\303bZ\354\225\030"
 298      F342A3C3 
 298      42E72726 
 298      A209C362 
 298      5AEC9518 
 299 08c0 7DB835DA 		.ascii	"}\2705\332\240f=a\275\247\004v\253\303\352\364\261\304"
 299      A0663D61 
 299      BDA70476 
 299      ABC3EAF4 
 299      B1C4
ARM GAS  /tmp/cc00eyRc.s 			page 23


 300 08d2 446E742C 		.ascii	"Dnt,\212\212u\276\245\261dwzB\266\304`\320\010h\324"
 300      8A8A75BE 
 300      A5B16477 
 300      7A42B6C4 
 300      60D00868 
 301 08e7 620846B3 		.ascii	"b\010F\2639zC\274\305l\016\376 \344\203\367\365n\316"
 301      397A43BC 
 301      C56C0EFE 
 301      20E483F7 
 301      F56ECE
 302 08fa 8B0612F2 		.ascii	"\213\006\022\362\0371\325\3754"
 302      1F31D5FD 
 302      34
 303              		.text
 304              		.section	.gnu.lto_.symtab.e99d595c3f278235,"",%progbits
 305 0000 7764675F 		.ascii	"wdg_lld_init\000"
 305      6C6C645F 
 305      696E6974 
 305      00
 306 000d 00       		.ascii	"\000"
 307 000e 00       		.ascii	"\000"
 308 000f 00       		.ascii	"\000"
 309 0010 00000000 		.ascii	"\000\000\000\000\000\000\000\000"
 309      00000000 
 310 0018 C8000000 		.ascii	"\310\000\000\000"
 311 001c 57444744 		.ascii	"WDGD1\000"
 311      3100
 312 0022 00       		.ascii	"\000"
 313 0023 00       		.ascii	"\000"
 314 0024 00       		.ascii	"\000"
 315 0025 00000000 		.ascii	"\000\000\000\000\000\000\000\000"
 315      00000000 
 316 002d 0E010000 		.ascii	"\016\001\000\000"
 317 0031 7764675F 		.ascii	"wdg_lld_start\000"
 317      6C6C645F 
 317      73746172 
 317      7400
 318 003f 00       		.ascii	"\000"
 319 0040 00       		.ascii	"\000"
 320 0041 00       		.ascii	"\000"
 321 0042 00000000 		.ascii	"\000\000\000\000\000\000\000\000"
 321      00000000 
 322 004a FF000000 		.ascii	"\377\000\000\000"
 323 004e 7764675F 		.ascii	"wdg_lld_stop\000"
 323      6C6C645F 
 323      73746F70 
 323      00
 324 005b 00       		.ascii	"\000"
 325 005c 00       		.ascii	"\000"
 326 005d 00       		.ascii	"\000"
 327 005e 00000000 		.ascii	"\000\000\000\000\000\000\000\000"
 327      00000000 
 328 0066 01010000 		.ascii	"\001\001\000\000"
 329 006a 7764675F 		.ascii	"wdg_lld_reset\000"
 329      6C6C645F 
 329      72657365 
 329      7400
ARM GAS  /tmp/cc00eyRc.s 			page 24


 330 0078 00       		.ascii	"\000"
 331 0079 00       		.ascii	"\000"
 332 007a 00       		.ascii	"\000"
 333 007b 00000000 		.ascii	"\000\000\000\000\000\000\000\000"
 333      00000000 
 334 0083 03010000 		.ascii	"\003\001\000\000"
 335 0087 63685379 		.ascii	"chSysHalt\000"
 335      7348616C 
 335      7400
 336 0091 00       		.ascii	"\000"
 337 0092 02       		.ascii	"\002"
 338 0093 00       		.ascii	"\000"
 339 0094 00000000 		.ascii	"\000\000\000\000\000\000\000\000"
 339      00000000 
 340 009c 08010000 		.ascii	"\010\001\000\000"
 341              		.text
 342              		.section	.gnu.lto_.opts,"",%progbits
 343 0000 272D6666 		.ascii	"'-ffp-contract=off' '-fmath-errno' '-fsigned-zeros'"
 343      702D636F 
 343      6E747261 
 343      63743D6F 
 343      66662720 
 344 0033 20272D66 		.ascii	" '-ftrapping-math' '-fno-trapv' '-fno-openmp' '-fno"
 344      74726170 
 344      70696E67 
 344      2D6D6174 
 344      68272027 
 345 0066 2D6F7065 		.ascii	"-openacc' '-mcpu=cortex-m4' '-mno-thumb-interwork' "
 345      6E616363 
 345      2720272D 
 345      6D637075 
 345      3D636F72 
 346 0099 272D6D74 		.ascii	"'-mthumb' '-ggdb' '-O2' '-fomit-frame-pointer' '-fa"
 346      68756D62 
 346      2720272D 
 346      67676462 
 346      2720272D 
 347 00cc 6C69676E 		.ascii	"lign-functions=16' '-ffunction-sections' '-fdata-se"
 347      2D66756E 
 347      6374696F 
 347      6E733D31 
 347      36272027 
 348 00ff 6374696F 		.ascii	"ctions' '-fno-common' '-flto'\000"
 348      6E732720 
 348      272D666E 
 348      6F2D636F 
 348      6D6D6F6E 
 349              		.text
 350              		.comm	__gnu_lto_v1,1,1
 351              		.comm	__gnu_lto_slim,1,1
 352              		.ident	"GCC: (GNU Tools for ARM Embedded Processors) 5.4.1 20160609 (release) [ARM/embedded-5-bran
ARM GAS  /tmp/cc00eyRc.s 			page 25


DEFINED SYMBOLS
                            *ABS*:00000000 hal_wdg_lld.c
                            *COM*:00000001 __gnu_lto_v1
                            *COM*:00000001 __gnu_lto_slim

NO UNDEFINED SYMBOLS
