ARM GAS  /tmp/ccWAwaf0.s 			page 1


   1              		.syntax unified
   2              		.cpu cortex-m4
   3              		.fpu softvfp
   4              		.eabi_attribute 20, 1
   5              		.eabi_attribute 21, 1
   6              		.eabi_attribute 23, 3
   7              		.eabi_attribute 24, 1
   8              		.eabi_attribute 25, 1
   9              		.eabi_attribute 26, 1
  10              		.eabi_attribute 30, 2
  11              		.eabi_attribute 34, 1
  12              		.eabi_attribute 18, 4
  13              		.thumb
  14              		.syntax unified
  15              		.file	"hal_st.c"
  16              		.text
  17              	.Ltext0:
  18              		.section	.gnu.lto_.profile.d414126579b158ae,"",%progbits
  19 0000 789C6361 		.ascii	"x\234ca`d`a`\000\222\356r\000\001\026\000p"
  19      60646061 
  19      600092EE 
  19      72000116 
  19      0070
  20              		.text
  21              		.section	.gnu.lto_.icf.d414126579b158ae,"",%progbits
  22 0000 789C6361 		.ascii	"x\234ca`d\000\001#\006\004\340`\230?\363\3201.\306\025"
  22      60640001 
  22      230604E0 
  22      60983FF3 
  22      D0312EC6 
  23 0015 67AFDDE5 		.ascii	"g\257\335\345a:\374\356\322Mf\346\373\235\247\2470\263"
  23      613AFCEE 
  23      D24D66E6 
  23      FB9DA7A7 
  23      30B3
  24 0027 CCFEB4E2 		.ascii	"\314\376\264\342\025\013\353\3679G\2672\262\255j\354"
  24      150BEBF7 
  24      3947B732 
  24      B2AD6AEC 
  25 0037 7FC8CABE 		.ascii	"\177\310\312\276u\327\227\016~\006\000y\204\030N"
  25      75D7970E 
  25      7E060079 
  25      84184E
  26              		.text
  27              		.section	.gnu.lto_.jmpfuncs.d414126579b158ae,"",%progbits
  28 0000 789C6361 		.ascii	"x\234ca`d\000\201J\006\004`\005\021\214@P\317\304\370"
  28      60640081 
  28      4A060460 
  28      05118C40 
  28      50CFC4F8 
  29 0014 9789B1F9 		.ascii	"\227\211\261\371\327\376\317|\365\177\033f44\010\264"
  29      D7FECF7C 
  29      F57F1B66 
  29      343408B4 
  30 0024 32337432 		.ascii	"23t2\203d\2273\32630\2620\000\331,8\0242v2\003\215f"
  30      83649733 
  30      D63330B2 
ARM GAS  /tmp/ccWAwaf0.s 			page 2


  30      3000D92C 
  30      38143276 
  31 003c 5C0151C8 		.ascii	"\\\001Q\310\306\300\200]\015\023P\315J\210\032\006\000"
  31      C6C0805D 
  31      0D1350CD 
  31      4A881A06 
  31      00
  32 004d C1D4200D 		.ascii	"\301\324 \015"
  33              		.text
  34              		.section	.gnu.lto_.inline.d414126579b158ae,"",%progbits
  35 0000 789C6361 		.ascii	"x\234ca`d\000\201r\006\004`e``\341ad`\0022\331\026\310"
  35      60640081 
  35      72060460 
  35      656060E1 
  35      61646002 
  36 0018 83280646 		.ascii	"\203(\006F.\020\301\300\303\013\024\346\333\220\013"
  36      2E10C1C0 
  36      C30B14E6 
  36      DB900B
  37 0027 1767E206 		.ascii	"\027g\342\006\01133\2600\003%\230.\360\303%X\030\270"
  37      093333B0 
  37      30032598 
  37      2EF0C325 
  37      5818B8
  38 003a B881425C 		.ascii	"\270\201B\\\023\374\320\324\262\341\222`\000\000'K\010"
  38      13FCD0D4 
  38      B2E19260 
  38      0000274B 
  38      08
  39 004b ED       		.ascii	"\355"
  40              		.text
  41              		.section	.gnu.lto_.pureconst.d414126579b158ae,"",%progbits
  42 0000 789C6361 		.ascii	"x\234ca`d\340f```e\220`\224b\226b\221b\223\002\000\003"
  42      6064E066 
  42      60606065 
  42      90609462 
  42      96629162 
  43 0018 FA00A4   		.ascii	"\372\000\244"
  44              		.text
  45              		.section	.gnu.lto_stInit.d414126579b158ae,"",%progbits
  46 0000 789C6361 		.ascii	"x\234ca`d\000\201\225@,\007\304\322@\314\310\314\300"
  46      60640081 
  46      95402C07 
  46      C4D240CC 
  46      C8CCC0
  47 0013 C834E11C 		.ascii	"\3104\341\034\003C#\007\023##\210\321\300\301\310P\317"
  47      03432307 
  47      13232388 
  47      D1C0C1C8 
  47      50CF
  48 0025 C458CFF8 		.ascii	"\304X\317\370\225\351/\023\343\241\366g;\2314\2277\000"
  48      95E92F13 
  48      E3A1F667 
  48      3B993497 
  48      3700
  49 0037 C183D6F9 		.ascii	"\301\203\326\371\314\015+\0160\266230\374g\002\233\304"
  49      CC0D2B0E 
ARM GAS  /tmp/ccWAwaf0.s 			page 3


  49      30B63233 
  49      30FC6702 
  49      9BC4
  50 0049 C0B89C51 		.ascii	"\300\270\234Q\223\001\250\354\321\306\177Sy\331Z@\312"
  50      9301A8EC 
  50      D1C67F53 
  50      79D95A40 
  50      CA
  51 005a 1420928C 		.ascii	"\024 \222\214+\030\331@\326\255\017:\320\360\377\177"
  51      2B18D940 
  51      D6AD0F3A 
  51      D0F0FF7F 
  52 006a 7343C375 		.ascii	"sC\303u\203\377L@\235\037\200\222 k>21\201h\346\027"
  52      83FF4C40 
  52      9D1F8092 
  52      206B3E32 
  52      318168E6 
  53 007f 8CCD07FE 		.ascii	"\214\315\007\376\362\202T\203\314\331\271\363\315m\366"
  53      F2825483 
  53      CCD9B9F3 
  53      CD6DF6
  54 008e FABF0D1D 		.ascii	"\372\277\015\035\015\015\002\255\314\214\377\231\200"
  54      0D0D02AD 
  54      CC8CFF99 
  54      80
  55 009b 4630AE64 		.ascii	"F0\256d\254ghefbx\305\330t\340?+X)\010|\000J\002M\000"
  55      AC676865 
  55      666278C5 
  55      D874E03F 
  55      2B582908 
  56 00b5 9A27E39C 		.ascii	"\232'\343\234\221\231\224\351\037\254\237_\254\237\221"
  56      919994E9 
  56      1FAC9F5F 
  56      AC9F91
  57 00c4 98A35F5C 		.ascii	"\230\243_\\\224\014\242\343\213K\364\222\031\000\371"
  57      940CA2E3 
  57      8B4BF492 
  57      1900F9
  58 00d3 4447B2   		.ascii	"DG\262"
  59              		.text
  60              		.section	.gnu.lto_stStartAlarm.d414126579b158ae,"",%progbits
  61 0000 789C9D53 		.ascii	"x\234\235SMHTQ\024\276\337\275\317\367t\362o\023\264"
  61      4D485451 
  61      14BEDFBD 
  61      CFF774F2 
  61      6F13B4
  62 0013 101342C2 		.ascii	"\020\023B\302\026\276\306Z\027Q\004\201\021T\233Z\024"
  62      16BEC65A 
  62      17510481 
  62      11549B5A 
  62      14
  63 0024 A9819251 		.ascii	"\251\201\222Q8\322v\256\316\274\312h\021AQ\222\314\""
  63      38D276AE 
  63      CEBCCA68 
  63      11415192 
  63      CC22
  64 0036 C49AF2B7 		.ascii	"\304\232\362\267\262F-_\243\025\021\025A\265\351\007"
ARM GAS  /tmp/ccWAwaf0.s 			page 4


  64      B2462D5F 
  64      A3151115 
  64      41B5E907 
  65 0046 33B01003 		.ascii	"3\260\020\003#K\354o:\347\316\004i\253\272\360\336}"
  65      234BEC6F 
  65      3AE7CE04 
  65      69ABBAF0 
  65      DE7D
  66 0058 E7CE77CE 		.ascii	"\347\316w\316w\276\373\235\261\004\004\257u\226\020"
  66      77BEFB9D 
  66      B10404AF 
  66      759610
  67 0067 BB685F4D 		.ascii	"\273h_M\017\262\004\344\211GB4eK\251\006\212\205\016"
  67      0FB204E4 
  67      89474234 
  67      654BA906 
  67      8A850E
  68 007a 58CF5DA1 		.ascii	"X\317]\241s\025\254\364\261\005\360\207\316\206\010"
  68      7315ACF4 
  68      B105F087 
  68      CE8608
  69 0089 4B65218C 		.ascii	"Ke!\214\317\362\207D\362\310DB\226uhZc\355\357V\352"
  69      CFF28744 
  69      F2C84442 
  69      9675685A 
  69      63EDEF56 
  70 009e 0B3E3C25 		.ascii	"\013><%DJ\032\012\201\016\224\021\352I\264\347\234\232"
  70      444A1A0A 
  70      810E9411 
  70      EA49B4E7 
  70      9C9A
  71 00b0 919E022C 		.ascii	"\221\236\002,\012?>l}\233\317\241D\011\205\337\342="
  71      0A3F3E6C 
  71      7D9BCFA1 
  71      440985DF 
  71      E23D
  72 00c2 2F0BD452 		.ascii	"/\013\324R\010\372~?<v\022\313\333\265n\326\372[\215"
  72      08FA7E3F 
  72      3C7612CB 
  72      DBB56ED6 
  72      FA5B8D
  73 00d5 CEF19442 		.ascii	"\316\361\224B\034\212\352\341\"\212p\001E\202\216\004"
  73      1C8AEAE1 
  73      228A7001 
  73      45828E04 
  74 00e5 2E6139C3 		.ascii	".a9\303\307{\177\236\312\263\243L_\322\362\233\027\227"
  74      C77B7F9E 
  74      CAB3A34C 
  74      5FD2F29B 
  74      1797
  75 00f7 619344D0 		.ascii	"a\223D\320A\367V_\247R\021\255\333\202\361e\201,p\236"
  75      41F7565F 
  75      A75211AD 
  75      DB82F165 
  75      812C709E 
  76 010b 4D152C87 		.ascii	"M\025,\207_BL\023\236e}\224\222w5\201\344\300\\G\333"
  76      5F424C13 
ARM GAS  /tmp/ccWAwaf0.s 			page 5


  76      9E657D94 
  76      92773581 
  76      E4C05C47 
  77 0120 BD82F9B5 		.ascii	"\275\202\371\265\375\007\217\203\246lJb!\255@'lb\353"
  77      FD078F83 
  77      A66C4A62 
  77      21AD4027 
  77      6C62EB
  78 0133 821D5136 		.ascii	"\202\035Q6\375x\332K>vX]\226\301>\352\234\235\016\244"
  78      FD78DA4B 
  78      3E76585D 
  78      96C13EEA 
  78      9C9D0EA4 
  79 0147 43C6B3FE 		.ascii	"C\306\263\376\363]_\356e\307\320\326Dq\241\247l\364"
  79      F35D5FEE 
  79      65C7D0D6 
  79      4471A1A7 
  79      6CF4
  80 0159 90B46E92 		.ascii	"\220\264n\222\306\370\370\303\231O\216\333\251\243M"
  80      C6F8F8C3 
  80      994F8EDB 
  80      A9A34D
  81 0168 7A2CF6B9 		.ascii	"z,\366\271h\215\247\034\364\"\206\237\324\252\241B\037"
  81      688DA71C 
  81      F422869F 
  81      D4AAA142 
  81      1F
  82 0179 5C3181C8 		.ascii	"\\1\201\310\367\303SV\232\325I\023\337I\315\372\005"
  82      F7C35356 
  82      9AD54913 
  82      DF49CDFA 
  82      05
  83 018a CC6441E2 		.ascii	"\314dA\342\012\225{\203\350\213\021j\235;'\024A\272"
  83      0A957B83 
  83      E88B116A 
  83      9D3B2714 
  83      41BA
  84 019c A7127379 		.ascii	"\247\022syi\210\300Uf\024,^\211\201b\365\036\026\003"
  84      6988C055 
  84      66142C5E 
  84      898162F5 
  84      1E1603
  85 01af B9874462 		.ascii	"\271\207Db\352\205\023\376\241\217\232\376\262S\222"
  85      EA8513FE 
  85      A18F9AFE 
  85      B25392
  86 01be B9AF212C 		.ascii	"\271\257!,\376\224\227c\344E\276\016\177\312'\350\031"
  86      FE949763 
  86      E445BE0E 
  86      7FCA27E8 
  86      19
  87 01cf 03CD6113 		.ascii	"\003\315a\023\370\370~\353\245}\254\360\2049\016\340"
  87      F8F87EEB 
  87      A57DACF0 
  87      84390EE0 
  88 01df 3A0D4C7F 		.ascii	":\015L\177Faj\262\257+\207R\226p\215\033$\315\320\""
  88      46616AB2 
ARM GAS  /tmp/ccWAwaf0.s 			page 6


  88      AF2B8752 
  88      96708D1B 
  88      24CDD022 
  89 01f3 81B0A716 		.ascii	"\201\260\247\026\231~,c\3068\232\013\031\337\342\037"
  89      997E2C63 
  89      C6389A0B 
  89      19DFE21F 
  90 0203 1B0DA89D 		.ascii	"\033\015\250\235\206.\026\357\237B\351y\236\017\177"
  90      862E16EF 
  90      9F42E979 
  90      9E0F7F
  91 0212 F0B03AAB 		.ascii	"\360\260:\253\375h\011\317\310\300\374\0311\2637\210"
  91      FD6809CF 
  91      C8C0FC19 
  91      31B33788 
  92 0222 D288CAA2 		.ascii	"\322\210\312\242\253J\266\316u\014z\371\013=}\032dH"
  92      AB4AB6CE 
  92      750C7AF9 
  92      0B3D7D1A 
  92      6448
  93 0234 C657F5B7 		.ascii	"\306W\365\267\257C\306\327\233\260\377\311\262\017\213"
  93      AF43C6D7 
  93      9BB0FFC9 
  93      B20F8B
  94 0243 977A2A17 		.ascii	"\227z*\027\267\214eHWa\321\247{_\331\301n\306\350\035"
  94      B78C6548 
  94      5761D1A7 
  94      7B5FD9C1 
  94      6EC6E81D 
  95 0257 ECE9305C 		.ascii	"\354\3510\\\254\240|\003\200\217`\246\327\231\236\327"
  95      ACA07C03 
  95      808F60A6 
  95      D7999ED7 
  96 0267 CDCE3FB2 		.ascii	"\315\316?\262\352\265\\\361\266\241\224\231\212I\270"
  96      EAB55CF1 
  96      B6A19499 
  96      8A49B8
  97 0276 7FBAE550 		.ascii	"\177\272\345P+#\224\311\014\323\377\3130\372{\016\015"
  97      2B2394C9 
  97      0CD3FFCB 
  97      30FA7B0E 
  97      0D
  98 0287 C31DC330 		.ascii	"\303\035\3030\024;~1\220f\220\270K\231d\333X\373\344"
  98      143B7E31 
  98      906690B8 
  98      4B9964DB 
  98      58FBE4
  99 029a 12F32FE4 		.ascii	"\022\363/\344\373\025\223h\366\237m4&\363\232\246[!"
  99      FB159368 
  99      F69F6D34 
  99      26F39AA6 
  99      5B21
 100 02ac 7BA94CD1 		.ascii	"{\251L\321\372\332\272\252\272-\333\334\003!\267vO\275"
 100      FADABAAA 
 100      BA2DDBDC 
 100      0321B776 
 100      4FBD
ARM GAS  /tmp/ccWAwaf0.s 			page 7


 101 02be 1B6AA8E6 		.ascii	"\033j\250\346}w\250\261\274Z8{\252B\215u\373\367V,\000"
 101      7D77A8B1 
 101      BC5A387B 
 101      AA428D75 
 101      FBF7562C 
 102 02d3 1D3CD0D0 		.ascii	"\035<\320\320\030r\267m\337\274\252\302\255\254\334"
 102      1872B76D 
 102      DFBCAAC2 
 102      ADACDC
 103 02e2 E06EDFB4 		.ascii	"\340n\337\264\371P0\223\266\273\276\276\246\274VX\234"
 103      F9503093 
 103      B6BBBEBE 
 103      A6BC5658 
 103      9C
 104 02f3 F70BBAC4 		.ascii	"\367\013\272\304\232\375"
 104      9AFD
 105              		.text
 106              		.section	.gnu.lto_stStopAlarm.d414126579b158ae,"",%progbits
 107 0000 789C6550 		.ascii	"x\234eP\277KBQ\024\276\337\275\362\224\"hjI(hr\361\252"
 107      BF4B4251 
 107      14BEDFBD 
 107      F2942268 
 107      6A492868 
 108 0017 2DEDB504 		.ascii	"-\355\265\004J\224\356R6(\010\206OZ}\226\217\326\226"
 108      4A94EE52 
 108      36280886 
 108      4F5A7D96 
 108      8FD696
 109 002a DAC2A141 		.ascii	"\332\302\241A\263T\032\203\010\021\244!\322\377 $\310"
 109      B3541A83 
 109      0811A421 
 109      D2FF2024 
 109      C8
 110 003b A1A194EC 		.ascii	"\241\241\224\354\307\222\257s\237\015\3758p\371\316"
 110      C792AF73 
 110      9F0DFD38 
 110      70F9CE
 111 004a B9DF77CE 		.ascii	"\271\337w\316w\356u00\025\013\004\253\204\323t \030"
 111      77EE7530 
 111      30150B04 
 111      AB84D374 
 111      2018
 112 005c F87E8BB1 		.ascii	"\370~\213\261\234\213\003*1\\`Y\216,^\371'Gc\257{\301"
 112      9C8B032A 
 112      315C6059 
 112      8E2C5EF9 
 112      274763AF 
 113 0072 3D4583A2 		.ascii	"=E\203\242\363\360\3443Ju\230\2021\213\333\223\030\212"
 113      F3F0E433 
 113      4A759882 
 113      318BDB93 
 113      188A
 114 0084 F03092DD 		.ascii	"\3600\222\335\237\017\017&\264\274\222\315\216H\224"
 114      9F0F0F26 
 114      B4BC92CD 
 114      8E4894
 115 0093 A029BBDA 		.ascii	"\240)\273\332Z\335\260\254]\303\350\373\256\346\250"
ARM GAS  /tmp/ccWAwaf0.s 			page 8


 115      5ADDB0AC 
 115      5DC3E8FB 
 115      AEE6A8
 116 00a2 B347A4B2 		.ascii	"\263G\244\262\351s\256Pt\321\030|\024\332\315\361\337"
 116      E973AE50 
 116      74D1187C 
 116      14DACDF1 
 116      DF
 117 00b3 53EA3777 		.ascii	"S\3527w~{\206\305\361\317\000'\320\310\241\014\215\230"
 117      7E7B86C5 
 117      F1CF0027 
 117      D0C8A10C 
 117      8D98
 118 00c5 43B3D176 		.ascii	"C\263\321v\016\270)`\013[\225\367\336\330\250Tb\007"
 118      0EB82960 
 118      0B5B95F7 
 118      DED8A854 
 118      6207
 119 00d7 5D1D57DF 		.ascii	"]\035W\337\256]\005\034\345\250\2364\005\307\031\334"
 119      AE5D051C 
 119      E5A89E34 
 119      05C719DC 
 120 00e7 38859B29 		.ascii	"8\205\233)}\371v\360\342\224\025#\2373:\326\345\324"
 120      7DF976F0 
 120      E2941523 
 120      9F333AD6 
 120      E5D4
 121 00f9 8C29042A 		.ascii	"\214)\004*(`H{\332>\250B\376\264\021`\250Q\363#v:\315"
 121      2860487B 
 121      DA3EA842 
 121      FEB41160 
 121      A851F323 
 122 0110 6797DAD1 		.ascii	"g\227\332\321\376\212\036-J\017\2426\367b<\261\221X"
 122      FE8A1E2D 
 122      4A0FA236 
 122      F7623CB1 
 122      9158
 123 0122 09CB942E 		.ascii	"\011\313\224.\343\353I\251\247c\012\243z\306\033c\201"
 123      E3EB49A9 
 123      A7630AA3 
 123      7AC61B63 
 123      81
 124 0133 3FE4562A 		.ascii	"?\344V*\235\321e8\022\232\017\310`pIF\226C\333\376o"
 124      9DD16538 
 124      129A0FC8 
 124      60704946 
 124      9643DBFE 
 125 0148 793499DC 		.ascii	"y4\231\334\364\306\331\027\242\336\217)"
 125      F4C6D917 
 125      A2DE8F29 
 126              		.text
 127              		.section	.gnu.lto_stSetAlarm.d414126579b158ae,"",%progbits
 128 0000 789C9552 		.ascii	"x\234\225RMHTQ\024\276\347\3367o~\362o\227\213A\205"
 128      4D485451 
 128      14BEE7DE 
 128      376F7EF2 
 128      6F978B41 
ARM GAS  /tmp/ccWAwaf0.s 			page 9


 129 0015 10B185AF 		.ascii	"\020\261\205\257\261\326m\012\"P\202tS\213\304\237@"
 129      B1D66D0A 
 129      22508274 
 129      538BC49F 
 129      40
 130 0026 C9301C69 		.ascii	"\3110\034i\027su\346e\266\212 IIf!266\216?e\315\224"
 130      177375E6 
 130      65B68A20 
 130      49496621 
 130      3236368E 
 131 003e F9980A89 		.ascii	"\371\230\012\211\320h\323\242?\314@\304\246P\374\031"
 131      D068D3A2 
 131      3FCC40C4 
 131      A650FC19 
 132 004e AC743AE7 		.ascii	"\254t:\347\216A\332\252\013\357\335w\356\373\316\371"
 132      8E41DAAA 
 132      0BEFDD77 
 132      EEFBCEF9 
 133 005e CE77BFA3 		.ascii	"\316w\277\2431`\264\256\010\306\316\341~\004\037\260"
 133      3160B4AE 
 133      08C6CEE1 
 133      7E041FB0 
 134 006e 31E03766 		.ascii	"1\3407f\031kwp.\342\005L\272\264\267\006\223Y\002\264"
 134      196B7770 
 134      2EE2054C 
 134      BAB4B706 
 134      935902B4 
 135 0082 CCB10640 		.ascii	"\314\261\006@\037\322\001\314\307\205\006>X\347[\034"
 135      1FD201CC 
 135      C785063E 
 135      58E75B1C 
 136 0092 129D0B31 		.ascii	"\022\235\0131^\032\222\270\346\0066\016\311A\013L\254"
 136      5E1A92B8 
 136      E606360E 
 136      C9410B4C 
 136      AC
 137 00a3 9BE68A82 		.ascii	"\233\346\212\202A\010J\021\365&0rG\254qS\000h\030\256"
 137      41084A11 
 137      F5263072 
 137      47AC7153 
 137      006818AE 
 138 00b7 CCF47EC9 		.ascii	"\314\364~\311\241\220C\021\206?\303#\037rE!0\374^\234"
 138      A1904311 
 138      863FC323 
 138      1F724521 
 138      30FC5E9C 
 139 00cb 9ABB0925 		.ascii	"\232\273\011%\003RvH\231j\220NS\010\010\203\300zp\027"
 139      03527648 
 139      996A904E 
 139      53080883 
 139      C07A7017 
 140 00df DC30086E 		.ascii	"\3340\010n\206G\014\206\240\204\340\363\243\333\267"
 140      86470C86 
 140      A084E0F3 
 140      A3DBB7
 141 00ee B2F500D1 		.ascii	"\262\365\000\321\027u\375\341\205{\240\243D\300\203"
 141      1775FDE1 
ARM GAS  /tmp/ccWAwaf0.s 			page 10


 141      857BA0A3 
 141      44C083
 142 00fd E8694BA6 		.ascii	"\350iK\246\323~){<\237\0168l@y:V\320\354\364bl\031\361"
 142      D37E297B 
 142      3C9F0E38 
 142      6C40793A 
 142      56D0ECF4 
 143 0115 246B8573 		.ascii	"$k\205s\332\305\002$\342\233\241\276\351\334\335\265"
 143      DAC50224 
 143      E29BA1BE 
 143      E9DCDDB5 
 144 0125 AD57DF3C 		.ascii	"\255W\337<\252l\232\303^Z\006\021\320\221m\030t\277"
 144      AA6C9AC3 
 144      5E5A0611 
 144      D0916D18 
 144      74BF
 145 0137 D0F167B7 		.ascii	"\320\361g\267\231xm'u6\205\235\215\244\226]\231\220"
 145      99786D27 
 145      7536859D 
 145      8DA4965D 
 145      9990
 146 0149 F0A4BF7F 		.ascii	"\360\244\277\177xc\332\021\204\276v\214\363L\241\303"
 146      7863DA11 
 146      84BE768C 
 146      F34CA1C3 
 147 0159 084A8BA2 		.ascii	"\010J\213\2424\302\207g\326V\355FD\006\332\345\\p\335"
 147      34C28767 
 147      D656ED46 
 147      4406DAE5 
 147      5C70DD
 148 016c 7DD41476 		.ascii	"}\324\024v\030\205 lc\253\212\012\306\300`\013\340\377"
 148      1885206C 
 148      63AB8A0A 
 148      C6C0600B 
 148      E0FF
 149 017e 7535A965 		.ascii	"u5\251eX\355\031\342\027\351\224\225KL\032p\030\307"
 149      58ED19E2 
 149      17E99495 
 149      4B4C1A70 
 149      18C7
 150 0190 729F21F0 		.ascii	"r\237!\360\356\031\266N\235#\012!\321dl3;\003ap\237"
 150      EE19B64E 
 150      9D230A21 
 150      D1646C33 
 150      3B036170 
 151 01a5 18198917 		.ascii	"\030\031\211\027,^ \026A# \365\020\213%\337\333}[\362"
 151      2C5E2016 
 151      412320F5 
 151      108B25DF 
 151      DB7D5BF2 
 152 01b9 9AEACF91 		.ascii	"\232\352\317\221\346\304\375\000|\354oyN%\317\377cj"
 152      E6C4FD00 
 152      7CEC6F79 
 152      4E25CFFF 
 152      636A
 153 01cb 3507A1B7 		.ascii	"5\007\241\267\025\324I&\320\361\313\336\241\013\244"
 153      15D44926 
ARM GAS  /tmp/ccWAwaf0.s 			page 11


 153      D0F1CBDE 
 153      A10BA4
 154 01da F0863A76 		.ascii	"\360\206:v\301C\034\230\211\035\205\351\245\261a'\246"
 154      C1431C98 
 154      891D85E9 
 154      A5B16127 
 154      A6
 155 01eb E4538D47 		.ascii	"\344S\215G(M\321B\014|\246\330\247\372\321\224\031\363"
 155      284DD142 
 155      0C7CA6D8 
 155      A7FAD194 
 155      19F3
 156 01fd D09147F8 		.ascii	"\320\221G\370.\353\372s\2278\253\350\202\341\211$\024"
 156      2EEBFA73 
 156      9738ABE8 
 156      82E18924 
 156      14
 157 020e F7D37C58 		.ascii	"\367\323|X\343\235\242GZ\201\"\232\221\370\356\031Q"
 157      E39DA247 
 157      5A81229A 
 157      91F8EE19 
 157      51
 158 021f B3F7188A 		.ascii	"\263\367\030\212\375\302\206W\225\350\335\014}5s\366"
 158      FDC28657 
 158      95E8DD0C 
 158      7D3573F6 
 159 022f 7AFADD43 		.ascii	"z\372\335C\220\035_\305\277\276>Q\276N\202\376_\226"
 159      901D5FC5 
 159      BFBE3E51 
 159      BE4E82FE 
 159      5F96
 160 0241 45F6179A 		.ascii	"E\366\027\232\"\013\236*\313 S\205Dw\217~\324=Q\302"
 160      220B9E2A 
 160      CB205385 
 160      44778F7E 
 160      D43D51C2 
 161 0255 C833E4E9 		.ascii	"\3103\344\351\024\030p\020\363\025\000,\360P\257(yn"
 161      14187010 
 161      F315002C 
 161      F050AF28 
 161      796E
 162 0267 2095AF26 		.ascii	" \225\257&\230zcK\320aM\236P\027Dk\031+\342\325\240"
 162      987A634B 
 162      D0614D9E 
 162      5017446B 
 162      192BE2D5 
 163 027c 1DEE638D 		.ascii	"\035\356c\215MuM\247\252\214\026\257\321X\333lx[\353"
 163      4D754DA7 
 163      AA8C16AF 
 163      D158DB6C 
 163      785BEB
 164 028f 69AFF1B6 		.ascii	"i\257\361\266\225\3253{m\235\267\255\351\342\371\362"
 164      95D5337B 
 164      6D9DB7AD 
 164      E9E2F9F2 
 165 029f 3DA04B2D 		.ascii	"=\240K-\255m^\243\252\272\362p\271QQq\334\250>Yy\331"
 165      AD6D5EA3 
ARM GAS  /tmp/ccWAwaf0.s 			page 12


 165      AABAF270 
 165      B9515171 
 165      DCA83E59 
 166 02b5 B39356D3 		.ascii	"\263\223V\323\334\334P\326\3104\312\373\015\316WW\327"
 166      DCDC50D6 
 166      C834CAFB 
 166      0DCE5757 
 166      D7
 167              		.text
 168              		.section	.gnu.lto_stGetAlarm.d414126579b158ae,"",%progbits
 169 0000 789C9552 		.ascii	"x\234\225RMHTQ\024>\337\275o\336\214Sj\273Z\014\"\264"
 169      4D485451 
 169      143EDFBD 
 169      6FDE8C53 
 169      6ABB5A0C 
 170 0016 B285AFB1 		.ascii	"\262\205\257\261\326mj\221\240D\351\242\235\224-\224"
 170      D66D6A91 
 170      A044E9A2 
 170      9D942D94 
 171 0026 04C391B6 		.ascii	"\004\303\221\266su\346E\356l\221\204%\263\010\2614\035"
 171      7375E645 
 171      EE6C9184 
 171      25B308B1 
 171      341D
 172 0038 C77E678A 		.ascii	"\307~g\212\022CDB\373Y\264(\002+\220\020\027\212\226"
 172      12434442 
 172      FB59B428 
 172      022B9010 
 172      178A96
 173 004b 4CE8BCCE 		.ascii	"L\350\274\316y3A\331\252\013\357\336w\356\371\336\371"
 173      793341D9 
 173      AA0BEFDE 
 173      77EEF9DE 
 173      F9
 174 005c BEEF9C67 		.ascii	"\276\357\234g\021H\326\272\":\315\347Q~\020 \250\376"
 174      1148D6BA 
 174      223ACDE7 
 174      517E1020 
 174      A8FE
 175 006e 45A29E90 		.ascii	"E\242\236\220R:WE&l\275w\310\354\325\260\212\327\026"
 175      523A5745 
 175      266CBD77 
 175      C8ECD5B0 
 175      8AD716
 176 0081 202F2604 		.ascii	" /&\004\212+m!\216\357jG\341mr\362\226\336T\256&X\034"
 176      8A2B6D21 
 176      8EEF6A47 
 176      E16D72F2 
 176      96DE54AE 
 177 0098 AE2F0C7E 		.ascii	"\256/\014~\255\220\020\250\346\360\246y\327\027\254"
 177      AD9010A8 
 177      E6F0A679 
 177      D717AC
 178 00a7 1931A6D7 		.ascii	"\0311\246\327,\015\027\316^K\270']\255\310S\204;\210"
 178      2C0D17CE 
 178      5E4BB827 
 178      5DADC853 
ARM GAS  /tmp/ccWAwaf0.s 			page 13


 178      843B88
 179 00ba 600411E1 		.ascii	"`\004\021\341\276\213\032b\360\227L\341z\271\2354\274"
 179      BE8B1A62 
 179      F0974CE1 
 179      7AB99D34 
 179      BC
 180 00cb AAFB3409 		.ascii	"\252\3734\011\212\223\243\260Y.\370\"}f\332x^\302\230"
 180      8A93A3B0 
 180      592EF822 
 180      7D66DA78 
 180      5EC298
 181 00de FCE1C2C1 		.ascii	"\374\341\302\301\240&\256\024\340M\333\262\021\2551"
 181      A026AE14 
 181      E04DDBB2 
 181      11AD31
 182 00ed 5C14AE2B 		.ascii	"\\\024\256+%\247^\306L.\237\032\232\253\374\273\364"
 182      25A75EC6 
 182      4C2E9F1A 
 182      9AABFCBB 
 182      F4
 183 00fe F4AB9DA8 		.ascii	"\364\253\235\250_\325S\330\315J\030\203\315d\367`'t"
 183      5FD553D8 
 183      CD4A1883 
 183      CD64F760 
 183      2774
 184 0110 809303EE 		.ascii	"\200\223\003\356\314\353\240\330\261|\354\342\370\326"
 184      CCEBA0D8 
 184      B17CECE2 
 184      F8D6
 185 011e 5AB8180A 		.ascii	"Z\270\030\012^\014\337\236\3701\027Ja\250\207\343}\256"
 185      5E0CDF9E 
 185      F831174A 
 185      61A887E3 
 185      7DAE
 186 0130 0E60827D 		.ascii	"\016`\202}\215\213/N\216.ln\004\235q\223\3541K\336f"
 186      8D8B2F4E 
 186      8E2E6C6E 
 186      049D7193 
 186      EC314BDE 
 187 0145 E498AB6D 		.ascii	"\344\230\253m\244\221B\201\245\372T\230\204C\313Hl_"
 187      A4914281 
 187      A5FA5498 
 187      8443CB48 
 187      6C5F
 188 0157 59B58AAC 		.ascii	"Y\265\212\254%\342Yok\272R\2304\0242\\\3563\222\037"
 188      25E2596F 
 188      6BBA5298 
 188      3414325C 
 188      EE33921F 
 189 016b 5EB27451 		.ascii	"^\262tQ\316(\206\244W\263\371\362\"\2040\345wR\314k"
 189      CE2886A4 
 189      57B3F9F2 
 189      228430E5 
 189      7752CC6B 
 190 017f CA55E96F 		.ascii	"\312U\351o\260\004(\032\262\331\325\217\301\370\216"
 190      B004281A 
 190      B2D9D58F 
ARM GAS  /tmp/ccWAwaf0.s 			page 14


 190      C1F88E
 191 018e B9EAEB0B 		.ascii	"\271\352\353\013zJ\270\357#N\177\332\013\371\366\022"
 191      7A4AB8EF 
 191      234E7FDA 
 191      0BF9F612 
 192 019e 3F5F6C54 		.ascii	"?_lT0\364\206\017\015\311\014\344z~p\354\2428\354\367"
 192      30F4860F 
 192      0DC90CE4 
 192      7A7E70EC 
 192      A238ECF7 
 193 01b2 AFCBF090 		.ascii	"\257\313\360\220g\377\240\344\320[\231\232(\343O\016"
 193      67FFA0E4 
 193      D05B999A 
 193      28E34F0E 
 194 01c2 488D476C 		.ascii	"H\215Gl\315\247\305c\304]\035\366\365X\277\207\361<"
 194      CDA7C563 
 194      C45D1DF6 
 194      F558BF87 
 194      F13C
 195 01d4 9FF266ED 		.ascii	"\237\362f\355]\303\230/\2404\014\375\3570\236\370\303"
 195      5DC3982F 
 195      A0340CFD 
 195      EF309EF8 
 195      C3
 196 01e5 C88A61FD 		.ascii	"\310\212a\375_\255\336\336_\357\352=\310\371\255F\261"
 196      5FADDEDE 
 196      5FEFEA3D 
 196      C8F9AD46 
 196      B1
 197 01f6 90881DC8 		.ascii	"\220\210\035\310|\262\243i\301\230!\3100\236\302\301"
 197      7CB2A369 
 197      C19821C8 
 197      309EC2C1 
 198 0206 212EE023 		.ascii	"!.\340#\360\014QZA\357\322\260\367\006\305>K\007\370"
 198      F00C515A 
 198      41EFD2B0 
 198      F706C53E 
 198      4B07F8
 199 0219 C78278E0 		.ascii	"\307\202x\340\276E\216\267\265\237o?\325\344t\306\234"
 199      BE458EB7 
 199      B59F6F3F 
 199      D5E474C6 
 199      9C
 200 022a B6731D4E 		.ascii	"\266s\035N\254\253U\316\226Xwm+\325\355J^\352\354\352"
 200      ACAB55CE 
 200      9658776D 
 200      2BD5ED4A 
 200      5EEAECEA 
 201 023e 8E394DCD 		.ascii	"\2169M\315\215G\352\234\206\206\023Ns}\343\345h\011"
 201      8D47EA9C 
 201      8686134E 
 201      737DE3E5 
 201      6809
 202 0250 DED2D171 		.ascii	"\336\322\321q\241\266\215~\001\264X)y"
 202      A1B68D7E 
 202      01B45829 
 202      79
ARM GAS  /tmp/ccWAwaf0.s 			page 15


 203              		.text
 204              		.section	.gnu.lto_.symbol_nodes.d414126579b158ae,"",%progbits
 205 0000 789C558A 		.ascii	"x\234U\212\273\015\302@\020\005g\337\236-\234R\001\364"
 205      BB0DC240 
 205      100567DF 
 205      9E2D9C52 
 205      01F4
 206 0012 407F7B81 		.ascii	"@\177{\201c\260\3716@\013\020P\0045P\011\342tN\270\227"
 206      63B0F936 
 206      400B1050 
 206      04355009 
 206      E2744EB8 
 207 0027 8C34F312 		.ascii	"\2144\363\022\306\2232\355\0250\275\241\340\225\267"
 207      C69332ED 
 207      1530BDA1 
 207      E095B7
 208 0036 C51C14D6 		.ascii	"\305\034\024\326\230\356\"\362\032\\\223B\355yVx{\276"
 208      98EE22F2 
 208      1A5C9342 
 208      ED795678 
 208      7BBE
 209 0048 CA96F351 		.ascii	"\312\226\363Q\221\332t\223j\262\223\242\253\011r\336"
 209      91DA7493 
 209      6AB293A2 
 209      AB0972DE 
 210 0058 809D15FD 		.ascii	"\200\235\025\375\277pV\334?_s\033\030\037;O\013\372"
 210      BF7056DC 
 210      3F5F731B 
 210      181F3B4F 
 210      0BFA
 211 006a 0A7EAC87 		.ascii	"\012~\254\207(\014"
 211      280C
 212              		.text
 213              		.section	.gnu.lto_.refs.d414126579b158ae,"",%progbits
 214 0000 789C6361 		.ascii	"x\234ca`d\020````ddbbadabeadcbga\000\000\003%\000D"
 214      60641060 
 214      60606064 
 214      64626261 
 214      64616265 
 215              		.text
 216              		.section	.gnu.lto_.decls.d414126579b158ae,"",%progbits
 217 0000 789CB558 		.ascii	"x\234\265X{L\024I\032\357\352\032^\303\000\036\032c"
 217      7B4C1449 
 217      1AEFEA1A 
 217      5EC3001E 
 217      1A63
 218 0012 2E64A32E 		.ascii	".d\243.\033I.:\202\256\247\227\313f\025\215\356e\335"
 218      1B492E3A 
 218      82AEA797 
 218      CB66158D 
 218      EE65DD
 219 0025 BD0CEEE6 		.ascii	"\275\014\356\346\222\373c\016\221]H\020\\f\334\304?"
 219      92FB630E 
 219      915D4810 
 219      5C66DCC4 
 219      3F
 220 0036 2ED7020A 		.ascii	".\327\002\012\242\236 \242\210\250\210\200\017\024\221"
ARM GAS  /tmp/ccWAwaf0.s 			page 16


 220      A29E20A2 
 220      88A88880 
 220      0F1491
 221 0045 D7880338 		.ascii	"\327\210\0038\312\012\210\250\210\010\"\"\370\000\337"
 221      CA0A88A8 
 221      88082222 
 221      F800DF
 222 0054 8888A202 		.ascii	"\210\210\242\002r_=\232\356\031\301\333\313\335u\370"
 222      725F3D9A 
 222      EE19C1DB 
 222      CBDD75F8 
 223 0064 86FEAA7E 		.ascii	"\206\376\252~\365\373^U]\325\255\021\220@\256-\023\005"
 223      F5FB5E55 
 223      5DD5AD11 
 223      9040AE2D 
 223      1305
 224 0076 41C48230 		.ascii	"A\304\2020I\024\204\021\270\234\241\355{\020P\205\022"
 224      49148411 
 224      B89CA1ED 
 224      7B105085 
 224      12
 225 0087 9072815D 		.ascii	"\220r\201]. gA\032@\032A\232@Z@ZAn\203\000\205p\027"
 225      2E206741 
 225      1A401A41 
 225      9A405A40 
 225      5A416E83 
 226 009f A40BE4A1 		.ascii	"\244\013\344\241`\177\235\345\375\204\367\021\210\215"
 226      607F9DE5 
 226      FD84F711 
 226      888D
 227 00ad B78BBCAF 		.ascii	"\267\213\274\257U\370\360\"v<\370\030o\220I \365 3@"
 227      55F8F022 
 227      763CF818 
 227      6F904920 
 227      F5203340 
 228 00c1 6682EBBF 		.ascii	"f\202\353\277\003y\016\367\263\020\363\263\030\244\035"
 228      03790EF7 
 228      B310F3B3 
 228      18A41D
 229 00d0 6498DBFA 		.ascii	"d\230\333\372-\264O\007\371\024D\303\371\346!\346\353"
 229      2DB44F07 
 229      F91444C3 
 229      F9E621E6 
 229      EB
 230 00e1 7CF88FB8 		.ascii	"|\370\217\270\277\352\213\304\245\3416\3256\020\347"
 230      BFEA8BC4 
 230      A5E136D5 
 230      3610E7
 231 00f0 1339E60F 		.ascii	"\0239\346\017\350C\177\233\376\003\177IN\255*\177E\225"
 231      E8437F9B 
 231      FE037F49 
 231      4EAD2A7F 
 231      4595
 232 0102 BF1ACE25 		.ascii	"\277\032\316%\373\372G\356k\227\203=\222{\335\377\300"
 232      FBFA47EE 
 232      6B97833D 
 232      927BDDFF 
ARM GAS  /tmp/ccWAwaf0.s 			page 17


 232      C0
 233 0113 568BCAD6 		.ascii	"V\213\312\326\027\334\226c\375\206Et5\256 \003\367\213"
 233      17DC9663 
 233      FD864574 
 233      35AE2003 
 233      F78B
 234 0125 C85B8B34 		.ascii	"\310[\2134\240\276\270\224~\317\023\324IZ4\025\324\301"
 234      A0BEB894 
 234      7ECF13D4 
 234      495A3415 
 234      D4C1
 235 0137 873B5A11 		.ascii	"\207;Z\021\353\325\201\2721\255\332\342\246M\220\340"
 235      EBD581BA 
 235      31ADDAE2 
 235      A64D90E0 
 236 0147 4A8A95BC 		.ascii	"J\212\225\274k=I\307a\344\203\016!\037\260p\024i\341"
 236      6B3D49C7 
 236      61E4830E 
 236      211FB070 
 236      1469E1
 237 015a 57EF838E 		.ascii	"W\357\203\216\200\012\360\203\217\313\252\234\330h\017"
 237      800AF083 
 237      8FCBAA9C 
 237      D8680F
 238 0169 506F65ED 		.ascii	"Poe\355\310\3210\356\207\244\373\372\233\212w:,\"\270"
 238      C8D130EE 
 238      87A4FBFA 
 238      9B8A773A 
 238      2C22B8
 239 017c D714C574 		.ascii	"\327\024\305t\034\360D~>\010\310\2206\227Z\220$Q@'\221"
 239      1CF0447E 
 239      3E08C890 
 239      36975A90 
 239      24514027 
 240 0191 161D4758 		.ascii	"\026\035GX\3668]\002\353\275\377 \315p\357J\377CK\214"
 240      F6385D02 
 240      EBBDFF20 
 240      CD70EF4A 
 240      FF434B8C 
 241 01a5 D49B2539 		.ascii	"\324\233%9O\021\320\034\0374\333G@\371\310\217v\011"
 241      4F11D01C 
 241      1F34DB47 
 241      40F9C88F 
 241      7609
 242 01b7 A800084F 		.ascii	"\250\000\010O0w\372ow\371z'q\352/\021\245>\006\335y"
 242      3077FA6F 
 242      77F97A27 
 242      71EA2F11 
 242      A53E06DD 
 243 01cc D4F942E4 		.ascii	"\324\371B\344-\207@\3007k\352\343\234\265\234:\351\337"
 243      2D8740C0 
 243      376BEAE3 
 243      9CB59C3A 
 243      E9DF
 244 01de 515B4FDF 		.ascii	"Q[O\337juRs\027}\214{dK\345\023\255.\221p\3634\026#"
 244      6A755273 
 244      177D8C7B 
ARM GAS  /tmp/ccWAwaf0.s 			page 18


 244      644BE513 
 244      AD2E9170 
 245 01f6 6F551E4B 		.ascii	"oU\036K\020\231\000\364?\240\207{\033\206u,\213Z\342"
 245      109900F4 
 245      3FA0877B 
 245      1B86752C 
 245      8B5AE2
 246 0209 58DE48A9 		.ascii	"X\336H\251\363\3705\260\3105(e\236\265\264\306\225\361"
 246      F3F835B0 
 246      C8352865 
 246      9EB5B4C6 
 246      95F1
 247 021b 0ABA836A 		.ascii	"\012\272\203j\271\223z\306\215\325\340\006\351n~\272"
 247      B9937AC6 
 247      8DD5E006 
 247      E96E7EBA 
 248 022b 2B1E3926 		.ascii	"+\0369&\245\014\330NQ\266\323\324q\213\354\370\300\221"
 248      A50CD84E 
 248      51B6D3D4 
 248      718BECF8 
 248      C091
 249 023d 9C179E8E 		.ascii	"\234\027\236\216a\216\213N<V\032\343j\027\246\325.\314"
 249      618E8B4E 
 249      3C561AE3 
 249      6A17A6D5 
 249      2ECC
 250 024f 721E6639 		.ascii	"r\036f9\015\363}\341\371\267\236m\250\025\301DF\023"
 250      0DF37DE1 
 250      F9B79E6D 
 250      A815C144 
 250      4613
 251 0261 68B11162 		.ascii	"h\261\021b\277\210\212\300\204\252\202\3627\332\204"
 251      BF888AC0 
 251      84AA82F2 
 251      37DA84
 252 0270 6420D745 		.ascii	"d \327E\371V\030%\243\177\362\370\021\371\242$\012;"
 252      F9561825 
 252      A37FF2F8 
 252      11F9A224 
 252      0A3B
 253 0282 E28398CE 		.ascii	"\342\203\230\316\007\013\210\353\242b\0001U\036\240"
 253      070B88EB 
 253      A2620031 
 253      551EA0
 254 0291 E263EE72 		.ascii	"\342c\356r:\305\347\321\230\220\274\372\342\013{:\234"
 254      3AC5E7D1 
 254      9890BCFA 
 254      E20B7B3A 
 254      9C
 255 02a2 B00B5902 		.ascii	"\260\013Y\002\250\341\301p\027\232uL\236\372\237(kt"
 255      A8E1C170 
 255      179A754C 
 255      9EFA9F28 
 255      6B74
 256 02b4 F8C29E74 		.ascii	"\370\302\236tq\312N^\362\251\032\364\375dU\032mh\012"
 256      71CA4E5E 
 256      F2A91AF4 
ARM GAS  /tmp/ccWAwaf0.s 			page 19


 256      FD64551A 
 256      6D680A
 257 02c7 FCAED430 		.ascii	"\374\256\3240lRjI\241\333\364L)\263@\352\354\350\235"
 257      6C526A49 
 257      A1DBF44C 
 257      29B340EA 
 257      ECE89D
 258 02da B35BB2C5 		.ascii	"\263[\262\305\3010\221\240P%\302\350\014\232E\034\250"
 258      C13091A0 
 258      5025C2E8 
 258      0C9A451C 
 258      A8
 259 02eb A44B0A55 		.ascii	"\244K\012U\2406\360\354,\232\016#c\217\335Lt\302s\251"
 259      A036F0EC 
 259      2C9A0E23 
 259      638FDD4C 
 259      74C273A9 
 260 02ff 2FEDB547 		.ascii	"/\355\265G\362\310Sa\206\026\221\210\274\240\351\304"
 260      F2C85361 
 260      86169188 
 260      BCA0E9C4 
 261 030f D3B2B71E 		.ascii	"\323\262\267\036\254\211 \032\267\365e\273\340\205\344"
 261      AC89201A 
 261      B7F565BB 
 261      E085E4
 262 031e 5EACDE5A 		.ascii	"^\254\336ZT\350\216\374\330\262\355,\253^\234\034OL"
 262      54E88EFC 
 262      D8B2ED2C 
 262      AB5E9C1C 
 262      4F4C
 263 0330 D6C0E438 		.ascii	"\326\300\3448\257\230\234A\246E\2022\033\204\321\030"
 263      AF989C41 
 263      A6458232 
 263      1B84D118 
 264 0340 5035AC29 		.ascii	"P5\254)\340%@\364\0134V\261\271{$;9\313\031g!jdw\361"
 264      E02540F4 
 264      0B3456B1 
 264      B97B243B 
 264      39CB1967 
 265 0359 D101EDA8 		.ascii	"\321\001\355\250\021\313\346\271\220\251\011\250\016"
 265      11CBE6B9 
 265      90A909A8 
 265      0E
 266 0366 6CD42A36 		.ascii	"l\324*6j\320\370F.\214md[I\333\220\027~\315\214\214"
 266      6AD0F846 
 266      2E8C6D64 
 266      5B49DB90 
 266      177ECD8C 
 267 037b BCEE2E81 		.ascii	"\274\356.\201e\34676\303\2451\030\230;\311\215\237\037"
 267      65E63736 
 267      C3A53118 
 267      983BC98D 
 267      9F1F
 268 038d 25EED483 		.ascii	"%\356\324\203;\027\025w\352\344\245\260?\257\375\240"
 268      3B171577 
 268      EAE4A5B0 
 268      3FAFFDA0 
ARM GAS  /tmp/ccWAwaf0.s 			page 20


 269 039d 8B86CC6C 		.ascii	"\213\206\314l\202\200ZA[i\301\266\027N\343V\365\012"
 269      82805A41 
 269      5B69C1B6 
 269      174EE356 
 269      F50A
 270 03af ADEA65C4 		.ascii	"\255\352e\304\313Z\231\221:\005\252\332I\252\332\257"
 270      CB5A9991 
 270      3A05AADA 
 270      49AADAAF 
 271 03bf DB192BD5 		.ascii	"\333\031+\325\302\260\251\004\205\316)\366\316\251\253"
 271      C2B0A904 
 271      85CE29F6 
 271      CEA9AB
 272 03ce DA40AB7A 		.ascii	"\332@\253za\260\320\023g\323\207,:\372\350\254\305\211"
 272      61B0D013 
 272      67D3872C 
 272      3AFAE8AC 
 272      C589
 273 03e0 B1D85E57 		.ascii	"\261\330^W\353\244\244\365d\021\223\231qU\341\270\252"
 273      EBA4A4F5 
 273      64119399 
 273      7155E1B8 
 273      AA
 274 03f1 E668A41C 		.ascii	"\346h\244\034\333\213\006\366;\341\002FR<\230\322'r"
 274      DB8B06F6 
 274      3BE10246 
 274      523C98D2 
 274      2772
 275 0403 92C21A99 		.ascii	"\222\302\032\231\2048rM!\271\246&i\242$\307\372\033"
 275      8438724D 
 275      21B9A626 
 275      69A224C7 
 275      FA1B
 276 0415 0A3DB095 		.ascii	"\012=\260\225\221\3742r\371\272\213:v\222\026%\370f"
 276      91FC3272 
 276      F9BA8B3A 
 276      76921625 
 276      F866
 277 0427 BB299D59 		.ascii	"\273)\235Y\030\263U\313-\276\254\361\030\235\322\200"
 277      18B355CB 
 277      2DBEACF1 
 277      189DD280 
 278 0437 42D7159B 		.ascii	"B\327\025\233\327\3256[\250\315\027[\236gz\341jf\323"
 278      D7D5365B 
 278      A8CD175B 
 278      9E677AE1 
 278      6A66D3
 279 044a 3230D4ED 		.ascii	"20\324\355Ah\240^\327\233\377\276\376\340F[\022\242"
 279      4168A05E 
 279      D79BFFBE 
 279      FEE0465B 
 279      12A2
 280 045c CB07DD50 		.ascii	"\313\007\335PXn\360\275\006\036D\204\301\326\233\235"
 280      586EF0BD 
 280      061E4484 
 280      C1D69B9D 
 281 046c 86F1064C 		.ascii	"\206\361\006L\031\236\344u7{\332=\320\212\354\334nc"
ARM GAS  /tmp/ccWAwaf0.s 			page 21


 281      199EE475 
 281      377BDA3D 
 281      D08AECDC 
 281      6E63
 282 047e 0F3492F5 		.ascii	"\0174\222\365\252\2131\230\326\033\332x\2757V\354\275"
 282      AA8B3198 
 282      D61BDA78 
 282      BD3756EC 
 282      BD
 283 048f AD19B7DE 		.ascii	"\255\031\267\336\3554\344[r\275\357\235\314\350\325"
 283      ED34E45B 
 283      72BDEF9D 
 283      CCE8D5
 284 049e 72672BD3 		.ascii	"rg+\323\327\356\210\315\\F \350\246\342\351M\331\323"
 284      D7EE88CD 
 284      5C4620E8 
 284      A6E2E94D 
 284      D9D3
 285 04b0 DBD4D3E1 		.ascii	"\333\324\323\341\336M\011\232i\371x?\354\212\260\235"
 285      DE4D099A 
 285      69F9783F 
 285      EC8AB09D 
 286 04c0 10928A9C 		.ascii	"\020\222\212\234\254\313\256\270\2349\177\340\322\313"
 286      ACCBAEB8 
 286      9C397FE0 
 286      D2CB
 287 04ce 9D5A5CC7 		.ascii	"\235Z\\\307\224\304\241\312\303\370\263\203R\003X\350"
 287      94C4A1CA 
 287      C3F8B383 
 287      520358E8 
 288 04de 18D2A548 		.ascii	"\030\322\245Hq\265\222\206\356Bw\300\000\314\034\325"
 288      71B59286 
 288      EE4277C0 
 288      00CC1CD5 
 289 04ee E6D5092D 		.ascii	"\346\325\011-\035h\232\200\356\242\317H\030\345w\343"
 289      1D689A80 
 289      EEA2CF48 
 289      18E577E3 
 290 04fe BDA65DA3 		.ascii	"\275\246]\243v\254\314\316\241\3417\030w0\346\264\374"
 290      76ACCCCE 
 290      A1E13718 
 290      7730E6B4 
 290      FC
 291 050f DBF15E8C 		.ascii	"\333\361^\214\331V\2724!i=EQZ\230\007\252\315\342>\264"
 291      D956BA34 
 291      21693D45 
 291      515A9807 
 291      AACDE23E 
 292 0524 DC23B45D 		.ascii	"\334#\264]\224\366\325\255\233\225\232i\317\324\264"
 292      94F6D5AD 
 292      9B959A69 
 292      CFD4B4
 293 0533 EF1E5BDA 		.ascii	"\357\036[\332\234\361[\306\373>\256r7\367\330\366\332"
 293      9CF15BC6 
 293      FB3EAE72 
 293      37F7D8F6 
 293      DA
ARM GAS  /tmp/ccWAwaf0.s 			page 22


 294 0544 9EB7C58E 		.ascii	"\236\267\305\216\367\001\264t\023\336\207\224w\260\353"
 294      F701B474 
 294      13DE8794 
 294      77B0EB
 295 0553 C4039D5D 		.ascii	"\304\003\235]\315H\301\225\274?\202\372\360\204>\242"
 295      CD48C195 
 295      BC3F82FA 
 295      F0843EA2 
 296 0563 FB90BC43 		.ascii	"\373\220\274Cz\363\0352\335\332_\307\0171\256\244\273"
 296      7AF31D32 
 296      DDDA5FC7 
 296      0F31AEA4 
 296      BB
 297 0574 27CFE2C1 		.ascii	"'\317\342\3016P\033\351\276\326} \216\357\316\015D\257"
 297      36501BE9 
 297      BED67D20 
 297      8EEFCE0D 
 297      44AF
 298 0586 6AAEE9D5 		.ascii	"j\256\351\325\340x\015{\244\037Jh\300d\257\216\375\325"
 298      E0780D7B 
 298      A41F4A68 
 298      C064AF8E 
 298      FDD5
 299 0598 8FA3FAFA 		.ascii	"\217\243\372\372\301KNx+\033\277\371|I5?\234\325\022"
 299      C14B4E78 
 299      2B1BBFF9 
 299      7C49353F 
 299      9CD512
 300 05ab 7DC7E92A 		.ascii	"}\307\351*\253;Nb\235\367\022\357V9\343T\246\310nys"
 300      AB3B4E62 
 300      9DF712EF 
 300      5639E354 
 300      A6C86E79 
 301 05c0 B7F6B7BD 		.ascii	"\267\366\267\275\252Cx7\353\264Z\312\253y\010\263\311"
 301      AA437837 
 301      EBB45ACA 
 301      AB7908B3 
 301      C9
 302 05d1 A3BBB77E 		.ascii	"\243\273\267~\257;S'\220\347P\367\205j-\213HBd\3264"
 302      AF3B5327 
 302      90E750F7 
 302      856A2D8B 
 302      484264D6 
 303 05e6 DEFA12EF 		.ascii	"\336\372\022\357c#\317\365\025\034\342\321aP\237\017"
 303      6323CFF5 
 303      151CE2D1 
 303      61509F0F 
 304 05f6 646D721D 		.ascii	"dmr\035\377\3541(\237=\336\261X\342\367v\024\251NEf"
 304      FFEC3128 
 304      9F3DDEB1 
 304      58E2F776 
 304      14A94E45 
 305 060b FAB47E03 		.ascii	"\372\264~\003\360\001\012\037\242\307\205A\371\031y"
 305      F0010A1F 
 305      A2C78541 
 305      F91979
 306 061a 7B28E33C 		.ascii	"{(\343<V\243\237\177\014\235\1770g\227\026g17\367\274"
ARM GAS  /tmp/ccWAwaf0.s 			page 23


 306      56A39F7F 
 306      0C9D7F30 
 306      67971667 
 306      3137F7BC 
 307 062e 6C7FC46B 		.ascii	"l\177\304k\346\007j\356kk\254+\316e})\225{/\271\340"
 307      E6076AEE 
 307      6B6BAC2B 
 307      CE657D29 
 307      957B2FB9 
 308 0643 A34C918F 		.ascii	"\243L\221\217\267\336\354x\033\323\262\010\347\263\236"
 308      B7DEEC78 
 308      1BD3B208 
 308      E7B39E
 309 0652 33C9DBDB 		.ascii	"3\311\333\333\021.dJO\\W'\317\320\024PS/>\231\201-\254"
 309      112E644A 
 309      4F5C5727 
 309      CFD01450 
 309      532F3E99 
 310 0669 EB7D6DD5 		.ascii	"\353}m\325\014\\\301\356\253K\017\037B\270\212)}\351"
 310      0C5CC1EE 
 310      AB4B0F1F 
 310      42B88A29 
 310      7DE9
 311 067b D54FB4B8 		.ascii	"\325O\264\270\206)\231\215\031\247\\q\035Sr\337\354"
 311      8629998D 
 311      19A75C71 
 311      1D5372DF 
 311      EC
 312 068c CCD5E12B 		.ascii	"\314\325\341+Li*\273\236\340\216\233\230\222p\362d\232"
 312      4C692ABB 
 312      9EE08E9B 
 312      989270F2 
 312      649A
 313 069e 3BBEC194 		.ascii	";\276\301\224\030kk\262\0273\332I\364\3739\3673\371"
 313      186B6BB2 
 313      1733DA49 
 313      F4FB39F7 
 313      33F9
 314 06b0 514D7226 		.ascii	"QMr&k\266\261~\000\341[\014\\\262\267y\237\373\370\225"
 314      6BB6B17E 
 314      00E15B0C 
 314      5CB2B779 
 314      9FFBF895 
 315 06c4 48167925 		.ascii	"H\026y%f\323B\354i}_\340\305Sk\223\013\361\024\320O"
 315      66D342EC 
 315      697D5FE0 
 315      C5536B93 
 315      0BF114D0 
 316 06d9 287ABBE8 		.ascii	"(z\273\350-\217!\350\302\224\234jW5\372\371G\320\223"
 316      2D8F21E8 
 316      C2949C6A 
 316      5735FAF9 
 316      47D093
 317 06ec 6B3BEEE7 		.ascii	"k;\356\347\273!_\207\313\317\327w\242\257o\226\024\027"
 317      BB215F87 
 317      CBCFD777 
 317      A2AF6F96 
ARM GAS  /tmp/ccWAwaf0.s 			page 24


 317      1417
 318 06fe 2B75A63C 		.ascii	"+u\246<\370[O\337}I\332\256\243L=\260@\017\211\023\225"
 318      F85B4FDF 
 318      7D49DAAE 
 318      A34C3DB0 
 318      400F8913 
 319 0713 95F08CD2 		.ascii	"\225\360\214\322\036&\277\002\035a+l\203}%\230\2427"
 319      1E26BF02 
 319      1D612B6C 
 319      837D2598 
 319      A237
 320 0725 8A0EE80D 		.ascii	"\212\016\350\015\242#:MAovD3\227\375\025p\261\002\216"
 320      A2233A4D 
 320      416F7644 
 320      3397FD15 
 320      70B1028E 
 321 0739 7304C788 		.ascii	"s\004\307\210\016\340\006\005\374\312\321\353\376\017"
 321      0EE00605 
 321      FCCAD1EB 
 321      FE0F
 322 0747 BC2E57D0 		.ascii	"\274.W\320\357\035\321\257\035\375HW\300\211c;\255\246"
 322      EF1DD1AF 
 322      1DFD4857 
 322      C089633B 
 322      ADA6
 323 0759 6E52D07D 		.ascii	"nR\320}\216\324/\354\321\353%\333\315\277\022p\212\350"
 323      8ED42FEC 
 323      D1EB25DB 
 323      CDBF1270 
 323      8AE8
 324 076b 8D9238B5 		.ascii	"\215\2228\265\\=\364\330\321\217\035\012\363VG?\364"
 324      5C3DF4D8 
 324      D18F1D0A 
 324      F356473F 
 324      F4
 325 077c 0ED84605 		.ascii	"\016\330F\005\373rl/T\340S\012x\275#\361\210#\270@\001"
 325      FB726C2F 
 325      54E0530A 
 325      78BD23F1 
 325      8823B840 
 326 0791 C78F5D70 		.ascii	"\307\217]p\025\270Y\001\367\216=\227\374\225\\T\322"
 326      15B85901 
 326      F78E3D97 
 326      FC955C54 
 326      D2
 327 07a2 5C0CC356 		.ascii	"\\\014\303V\361\226c\345G\012\257\211:\315\031\012\363"
 327      F19663E5 
 327      470AAF89 
 327      3ACD190A 
 327      F3
 328 07b3 26473706 		.ascii	"&G7\006\024fz\346\263\245\000\0306+\000\011|\007\021"
 328      14667AE6 
 328      B3A50018 
 328      362B0009 
 328      7C0711
 329 07c6 4689AC6D 		.ascii	"F\211\254m>\344\230\202)\225"
 329      3EE49882 
ARM GAS  /tmp/ccWAwaf0.s 			page 25


 329      2995
 330 07d0 3476F86A 		.ascii	"4v\370j\303\245\212\341\330\261g%C'\363\247\243\204"
 330      C3A58AE1 
 330      D8B16725 
 330      4327F3A7 
 330      A384
 331 07e2 CC02DA26 		.ascii	"\314\002\332&\372\240\177\322N\202\007\027P\266\350"
 331      FAA07FD2 
 331      4E820717 
 331      50B6E8
 332 07f1 87F68ABE 		.ascii	"\207\366\212\276\350\010\310N\220t\220\203 \207A2AR"
 332      E808C84E 
 332      90749083 
 332      20874132 
 332      4152
 333 0803 417681E4 		.ascii	"Av\201\344\202\354\007\311\001\331\015\222\005\222\006"
 333      82EC07C9 
 333      01D90D92 
 333      059206
 334 0812 B20F640F 		.ascii	"\262\017d\017\310\001\220\035 \031\242\257*\250}\212"
 334      C801901D 
 334      2019A2AF 
 334      2AA87D8A 
 335 0822 93096367 		.ascii	"\223\011cgG\035\322N\005\275e\314\211\305\300\344e\243"
 335      471DD24E 
 335      05BD65CC 
 335      89C5C0E4 
 335      65A3
 336 0834 BEF9B027 		.ascii	"\276\371\260'Nq\242'\360\246\330\343G\020\232\3507f"
 336      4E71A227 
 336      F0A6D8E3 
 336      47109AE8 
 336      3766
 337 0846 A4E81804 		.ascii	"\244\350\030\004\370\377\016\226U\267\275\015\221\352"
 337      F8FF0E96 
 337      55B7BD0D 
 337      91EA
 338 0854 E681B1A3 		.ascii	"\346\201\261\243\342\350\231\213\024\233\372,m\330\335"
 338      E2E8998B 
 338      149BFA2C 
 338      6DD8DD
 339 0863 627F14CC 		.ascii	"b\177\024\314S\005(\240\343\"{\267\205\377\344\235\335"
 339      530528A0 
 339      E3227BB7 
 339      85FFE49D 
 339      DD
 340 0874 7AEA8E97 		.ascii	"z\352\216\227\035\272\335\356\020\222\317\321\371\024"
 340      1DBADDEE 
 340      1092CFD1 
 340      F914
 341 0882 7D79A8F6 		.ascii	"}y\250\366\2443\336O\363\201.\235\277\226\346\202K\251"
 341      A433DE4F 
 341      F3812E9D 
 341      BF96E682 
 341      4BA9
 342 0894 A2B99F5F 		.ascii	"\242\271\237_\334\214\221\033\373J\342\027O?N\304dN"
 342      DC8C911B 
ARM GAS  /tmp/ccWAwaf0.s 			page 26


 342      FB4AE217 
 342      4F3F4EC4 
 342      644E
 343 08a6 FD69F4E3 		.ascii	"\375i\364\343D1\344\344\244\350F>9@\312\212 e\364#\011"
 343      4431E4E4 
 343      A4E8463E 
 343      3940CA8A 
 343      2065F423 
 344 08bb B4D00F27 		.ascii	"\264\320\017'\023\350\255\372\353\212\350\206\012\304"
 344      13E8ADFA 
 344      EB8AE886 
 344      0AC4
 345 08c9 D1AF2BE4 		.ascii	"\321\257+\344<\323s\317f\367VB \252O\023\242\372d\236"
 345      3CD373CF 
 345      66F75642 
 345      20AA4F13 
 345      A2FA649E 
 346 08dd 3FB0F51E 		.ascii	"?\260\365\036y\027\260\025\220#\365\362\252\234\215"
 346      7917B015 
 346      9023F5F2 
 346      AA9C8D
 347 08ec E4752073 		.ascii	"\344u s\031\305\241\023J\336N\210\252\263y\251H\316"
 347      19C5A113 
 347      4ADE4E88 
 347      AAB379A9 
 347      48CE
 348 08fe AB078AFA 		.ascii	"\253\007\212\372\323=p9\213\262\263\262\350\035bD\266"
 348      D33D7039 
 348      8BB2B3B2 
 348      E81D6244 
 348      B6
 349 090f BE3A1D63 		.ascii	"\276:\035c\241/\025\026\205\304\242&9EI\332F\3122=\360"
 349      A12F1516 
 349      85C4A226 
 349      394549DA 
 349      46CA323D 
 350 0924 1546B2AF 		.ascii	"\025F\262\257;f\275\007'I\277(\223\220\343^\231BR\246"
 350      3B66BD07 
 350      2749BF28 
 350      9390E35E 
 350      994252A6 
 351 0938 26394D49 		.ascii	"&9MI\316<\312N\327\340;\214$q\35337\316\321xQ\355\210"
 351      CE3CCA4E 
 351      D7E03B8C 
 351      2471EB33 
 351      37CED178 
 352 094f 55E1B0AA 		.ascii	"U\341\260\2529\312)G\351\256\324/p\037\247\330\3233"
 352      39CA2947 
 352      E9AED42F 
 352      701FA7D8 
 352      D333
 353 0961 97530C5E 		.ascii	"\227S\014^\364a\257+\007\330\353J\205BR\241&\251\024"
 353      F461AF2B 
 353      07D8EB4A 
 353      854252A1 
 353      26A914
 354 0974 A70B9A90 		.ascii	"\247\013\232\220\260\340hg\223\371\253\310p\263\353"
ARM GAS  /tmp/ccWAwaf0.s 			page 27


 354      B0E06867 
 354      93F9ABC8 
 354      70B3EB
 355 0983 D26FBE9B 		.ascii	"\322o\276\233\032\270`\201\340\023\030\026\2762\374"
 355      1AB86081 
 355      E0131816 
 355      BE32FC
 356 0992 DB207D94 		.ascii	"\333 }\224I\037\026\034\2417E\207\220\377F\223yV\210"
 356      491F161C 
 356      A1374587 
 356      90FF4693 
 356      795688
 357 09a5 A0339983 		.ascii	"\2403\231\203\314\301\321\346\205\021\301\321\253\265"
 357      CCC1D1E6 
 357      8511C1D1 
 357      ABB5
 358 09b3 46E3DAF0 		.ascii	"F\343\332\360H\363\234\000\243\371;\375ZS\264~ex\244"
 358      48F39C00 
 358      A3F93BFD 
 358      5A53B47E 
 358      6578A4
 359 09c6 FEC79090 		.ascii	"\376\307\220\220\231\320732*2tfh\360\312\360\231\237"
 359      99D03733 
 359      322A3274 
 359      6668F0CA 
 359      F0999F
 360 09d9 1BE7CE0C 		.ascii	"\033\347\316\014\230\355?\357\247\000\275]\207><2$b"
 360      98ED3FEF 
 360      A700BD5D 
 360      873E3C32 
 360      2462
 361 09eb EDAA50FD 		.ascii	"\355\252P\375\352\340\220\260\360\310P\275qU\350\017"
 361      EAE090B0 
 361      F0C850BD 
 361      7155E80F 
 362 09fb C16B23CC 		.ascii	"\301k#\314F\363\2725\241\246Ya\202\253L\377\247\377"
 362      46F3BA35 
 362      A1A65961 
 362      82AB4CFF 
 362      A7FF
 363 0a0d 86DEB4CE 		.ascii	"\206\336\264\316\244\007\357W\001\027p\272\201j\016"
 363      A407EF57 
 363      011770BA 
 363      816A0E
 364 0a1c 5F1D6A34 		.ascii	"_\035j4\177\252\0124\332<\012\017\011#\010\356\201;"
 364      7FAA0A34 
 364      DA3C0A0F 
 364      092308EE 
 364      813B
 365 0a2e 89376A0D 		.ascii	"\2117j\015\013\027\356C\315\362\355R~\013\010cD\304"
 365      0B17EE43 
 365      CDF2ED52 
 365      7E0B0863 
 365      44C4
 366 0a40 2A6338E4 		.ascii	"*c8\3440\300!uk\242\242\315&}\320\212\345s\002\364_"
 366      30C02175 
 366      6BA2A2CD 
ARM GAS  /tmp/ccWAwaf0.s 			page 28


 366      267DD08A 
 366      E57302F4 
 367 0a55 7FBD58BF 		.ascii	"\177\275X\277\342\253\345?\373\363d\222A\304\235\220"
 367      E2ABE53F 
 367      FBF36492 
 367      41C49D90 
 368 0a65 B0A075A6 		.ascii	"\260\240u\246e\301\021\346O>\342\016\000=\324\231\027"
 368      65C111E6 
 368      4F3EE20E 
 368      003DD499 
 368      17
 369 0a76 3C8CC61F 		.ascii	"<\214\306\037\326F\206\030\215\263\346\373\377~\201"
 369      D6468618 
 369      8DB3E6FB 
 369      FF7E81
 370 0a85 ABACB92B 		.ascii	"\253\254\271+.\332A\346\317sW<\266\353Y0\333)0p\271"
 370      2EDA41E6 
 370      CF73573C 
 370      B6EB5930 
 370      DB293070 
 371 0a9a 618EF8AD 		.ascii	"a\216\370\255A\263x\371B\003^\034h\320,Z\274\302\200"
 371      41B378F9 
 371      42035E1C 
 371      68D02C5A 
 371      BCC280
 372 0aad 03030DD8 		.ascii	"\003\003\015\330\000\262\320`\300\177\016\012\304\201"
 372      00B2D060 
 372      C07F0E0A 
 372      C481
 373 0abb DFACD004 		.ascii	"\337\254\320\004\006.1P|\000\375\365\307K\226\032\304"
 373      062E3150 
 373      7C00FDF5 
 373      C74B961A 
 373      C4
 374 0acc 2018F9D5 		.ascii	" \030\371\325\022\203&h9\240\003\015\001 \376\200\374"
 374      12832668 
 374      39A0030D 
 374      0120FE80 
 374      FC
 375 0add 8BC1FF57 		.ascii	"\213\301\377W\245\303d^MJ\034\276\232\245\233+F\363"
 375      A5C3645E 
 375      4D4A1CBE 
 375      9AA59B2B 
 375      46F3
 376 0aef 6439B126 		.ascii	"d9\261&c0q\333\030\034b\016\3779\324\311\270(**\302"
 376      633071DB 
 376      181C620E 
 376      FF39D4C9 
 376      B8282A2A 
 377 0b04 9B779A48 		.ascii	"\233w\232HJX\377oF\233\242\326\260\226\011rK\250\331"
 377      4A58FF6F 
 377      469BA2D6 
 377      B0960972 
 377      4BA8D9
 378 0b17 BEE147B9 		.ascii	"\276\341G\271\341_\263\271\331\220"
 378      E15FB3B9 
 378      D990
ARM GAS  /tmp/ccWAwaf0.s 			page 29


 379              		.text
 380              		.section	.gnu.lto_.symtab.d414126579b158ae,"",%progbits
 381 0000 7374496E 		.ascii	"stInit\000"
 381      697400
 382 0007 00       		.ascii	"\000"
 383 0008 00       		.ascii	"\000"
 384 0009 00       		.ascii	"\000"
 385 000a 00000000 		.ascii	"\000\000\000\000\000\000\000\000"
 385      00000000 
 386 0012 C1000000 		.ascii	"\301\000\000\000"
 387 0016 73745374 		.ascii	"stStartAlarm\000"
 387      61727441 
 387      6C61726D 
 387      00
 388 0023 00       		.ascii	"\000"
 389 0024 00       		.ascii	"\000"
 390 0025 00       		.ascii	"\000"
 391 0026 00000000 		.ascii	"\000\000\000\000\000\000\000\000"
 391      00000000 
 392 002e D0000000 		.ascii	"\320\000\000\000"
 393 0032 73745374 		.ascii	"stStopAlarm\000"
 393      6F70416C 
 393      61726D00 
 394 003e 00       		.ascii	"\000"
 395 003f 00       		.ascii	"\000"
 396 0040 00       		.ascii	"\000"
 397 0041 00000000 		.ascii	"\000\000\000\000\000\000\000\000"
 397      00000000 
 398 0049 D2000000 		.ascii	"\322\000\000\000"
 399 004d 73745365 		.ascii	"stSetAlarm\000"
 399      74416C61 
 399      726D00
 400 0058 00       		.ascii	"\000"
 401 0059 00       		.ascii	"\000"
 402 005a 00       		.ascii	"\000"
 403 005b 00000000 		.ascii	"\000\000\000\000\000\000\000\000"
 403      00000000 
 404 0063 D4000000 		.ascii	"\324\000\000\000"
 405 0067 73744765 		.ascii	"stGetAlarm\000"
 405      74416C61 
 405      726D00
 406 0072 00       		.ascii	"\000"
 407 0073 00       		.ascii	"\000"
 408 0074 00       		.ascii	"\000"
 409 0075 00000000 		.ascii	"\000\000\000\000\000\000\000\000"
 409      00000000 
 410 007d D7000000 		.ascii	"\327\000\000\000"
 411 0081 73745F6C 		.ascii	"st_lld_init\000"
 411      6C645F69 
 411      6E697400 
 412 008d 00       		.ascii	"\000"
 413 008e 02       		.ascii	"\002"
 414 008f 00       		.ascii	"\000"
 415 0090 00000000 		.ascii	"\000\000\000\000\000\000\000\000"
 415      00000000 
 416 0098 D9000000 		.ascii	"\331\000\000\000"
 417 009c 63685379 		.ascii	"chSysHalt\000"
ARM GAS  /tmp/ccWAwaf0.s 			page 30


 417      7348616C 
 417      7400
 418 00a6 00       		.ascii	"\000"
 419 00a7 02       		.ascii	"\002"
 420 00a8 00       		.ascii	"\000"
 421 00a9 00000000 		.ascii	"\000\000\000\000\000\000\000\000"
 421      00000000 
 422 00b1 DE000000 		.ascii	"\336\000\000\000"
 423              		.text
 424              		.section	.gnu.lto_.opts,"",%progbits
 425 0000 272D6666 		.ascii	"'-ffp-contract=off' '-fmath-errno' '-fsigned-zeros'"
 425      702D636F 
 425      6E747261 
 425      63743D6F 
 425      66662720 
 426 0033 20272D66 		.ascii	" '-ftrapping-math' '-fno-trapv' '-fno-openmp' '-fno"
 426      74726170 
 426      70696E67 
 426      2D6D6174 
 426      68272027 
 427 0066 2D6F7065 		.ascii	"-openacc' '-mcpu=cortex-m4' '-mno-thumb-interwork' "
 427      6E616363 
 427      2720272D 
 427      6D637075 
 427      3D636F72 
 428 0099 272D6D74 		.ascii	"'-mthumb' '-ggdb' '-O2' '-fomit-frame-pointer' '-fa"
 428      68756D62 
 428      2720272D 
 428      67676462 
 428      2720272D 
 429 00cc 6C69676E 		.ascii	"lign-functions=16' '-ffunction-sections' '-fdata-se"
 429      2D66756E 
 429      6374696F 
 429      6E733D31 
 429      36272027 
 430 00ff 6374696F 		.ascii	"ctions' '-fno-common' '-flto'\000"
 430      6E732720 
 430      272D666E 
 430      6F2D636F 
 430      6D6D6F6E 
 431              		.text
 432              		.comm	__gnu_lto_v1,1,1
 433              		.comm	__gnu_lto_slim,1,1
 434              		.ident	"GCC: (GNU Tools for ARM Embedded Processors) 5.4.1 20160609 (release) [ARM/embedded-5-bran
ARM GAS  /tmp/ccWAwaf0.s 			page 31


DEFINED SYMBOLS
                            *ABS*:00000000 hal_st.c
                            *COM*:00000001 __gnu_lto_v1
                            *COM*:00000001 __gnu_lto_slim

NO UNDEFINED SYMBOLS
