ARM GAS  /tmp/ccDYudt8.s 			page 1


   1              		.syntax unified
   2              		.cpu cortex-m4
   3              		.fpu softvfp
   4              		.eabi_attribute 20, 1
   5              		.eabi_attribute 21, 1
   6              		.eabi_attribute 23, 3
   7              		.eabi_attribute 24, 1
   8              		.eabi_attribute 25, 1
   9              		.eabi_attribute 26, 1
  10              		.eabi_attribute 30, 2
  11              		.eabi_attribute 34, 1
  12              		.eabi_attribute 18, 4
  13              		.thumb
  14              		.syntax unified
  15              		.file	"ihexhelper.c"
  16              		.text
  17              	.Ltext0:
  18              		.section	.gnu.lto_.profile.9ce98dbf01bd8a19,"",%progbits
  19 0000 789C6361 		.ascii	"x\234ca`d`e`\000\222\275\214^\000\002q\000\344"
  19      60646065 
  19      600092BD 
  19      8C5E0002 
  19      7100E4
  20              		.text
  21              		.section	.gnu.lto_.icf.9ce98dbf01bd8a19,"",%progbits
  22 0000 789C6361 		.ascii	"x\234ca`d\000\001\016\006\004`d\370\267\365N\027'\003"
  22      60640001 
  22      0E060460 
  22      64F8B7F5 
  22      4E172703 
  23 0014 000FEB03 		.ascii	"\000\017\353\0031"
  23      31
  24              		.text
  25              		.section	.gnu.lto_.jmpfuncs.9ce98dbf01bd8a19,"",%progbits
  26 0000 789C6361 		.ascii	"x\234ca`d\000\001+\006\004`d`dd\254g\0012X\030\230*"
  26      60640001 
  26      2B060460 
  26      64606464 
  26      AC670132 
  27 0018 41226C10 		.ascii	"A\"l\020q\026& \011\303,\020\305\310B\014\000F\376\001"
  27      71162620 
  27      09C32C10 
  27      C5C8420C 
  27      0046FE01 
  28 002c 62       		.ascii	"b"
  29              		.text
  30              		.section	.gnu.lto_.inline.9ce98dbf01bd8a19,"",%progbits
  31 0000 789C6361 		.ascii	"x\234ca`d\000\201p\006\004`d\230\303t\206\3417\023#"
  31      60640081 
  31      70060460 
  31      6498C374 
  31      86E13713 
  32 0015 0353C489 		.ascii	"\003S\304\211\365|\014\034\353\324\230@\342,\274@\021"
  32      F57C0C1C 
  32      EBD49840 
  32      E22CBC40 
  32      11
ARM GAS  /tmp/ccDYudt8.s 			page 2


  33 0026 86738AAC 		.ascii	"\206s\212\254|\214\014\314\023\374\030&\3701\363010"
  33      7C8C0CCC 
  33      13FC1826 
  33      F831F330 
  33      3130
  34 0038 C229165E 		.ascii	"\302)\026^&\006\246\011~\350\302\314<\214 \212\001\000"
  34      2606A609 
  34      7EE8C2CC 
  34      3C8C208A 
  34      0100
  35 004a D3DA0ED9 		.ascii	"\323\332\016\331"
  36              		.text
  37              		.section	.gnu.lto_.pureconst.9ce98dbf01bd8a19,"",%progbits
  38 0000 789C6361 		.ascii	"x\234ca`d`f`\000\222\226\000\000\221\000C"
  38      60646066 
  38      60009296 
  38      00009100 
  38      43
  39              		.text
  40              		.section	.gnu.lto_flashIHexFile.9ce98dbf01bd8a19,"",%progbits
  41 0000 789C8D56 		.ascii	"x\234\215V}LTW\026\277\347\3367\037\314\274\231af\000"
  41      7D4C5457 
  41      16BFE7DE 
  41      371FCCBC 
  41      99616600 
  42 0014 3FC0AF1A 		.ascii	"?\300\257\032\252\245V\326bR\223\376\263\375c\377\353"
  42      AAA556D6 
  42      625293FE 
  42      B3FD63FF 
  42      EB
  43 0025 6637DBFE 		.ascii	"f7\333\376\263\177\2722\215&fk\240i\366\237\015\017"
  43      B37FBA32 
  43      8D26666B 
  43      A069F69F 
  43      0D0F
  44 0037 86A136BB 		.ascii	"\206\2416\273\315\226\256\265\305\305~\201\261[\213"
  44      CD96AEB5 
  44      C5C57E81 
  44      B15B8B
  45 0046 305AB002 		.ascii	"0Z\260\002\266\017\252+\002b\245jA\261\242\005k?\322"
  45      B60FAA2B 
  45      0262A56A 
  45      41B1A205 
  45      6B3FD2
  46 0059 8271D334 		.ascii	"\202q\3234R\337\236s\356\033\030\300&\373\222w\337\273"
  46      52DF9E73 
  46      EE1B18C0 
  46      26FB9277 
  46      DFBB
  47 006b E7FECEB9 		.ascii	"\347\376\316\271\277\363q\317{\206\000AW\302\024\342"
  47      BFF371CF 
  47      7B860041 
  47      57C214E2 
  48 007b F7F8CCC1 		.ascii	"\367\370\314\301)\344\011\220/\017\011Q\355\227\020"
  48      29E40990 
  48      2F0F0951 
  48      ED9710
ARM GAS  /tmp/ccDYudt8.s 			page 3


  49 008a D72FCA13 		.ascii	"\327/\312\023\3754\",\277\301c\230\307\030\217!-\207"
  49      FD34222C 
  49      BFC16398 
  49      C7188F21 
  49      2D87
  50 009c A0067AA4 		.ascii	"\240\006z\244\267\3731a\005|\027\012\204ez!\240\305"
  50      B7FB3161 
  50      057C170A 
  50      84657A21 
  50      A0C5
  51 00ae 3EE96741 		.ascii	">\351gA\016/\372e\254W\3413g\250_\2200\203\012h+=\376"
  51      0E2FFA65 
  51      AC57E133 
  51      67A85F90 
  51      30830A68 
  52 00c5 A0F4F052 		.ascii	"\240\364\360R\300$\234i\312X\037\340,\3327H\370\020"
  52      C0249C69 
  52      CA581FE0 
  52      2CDA3748 
  52      F810
  53 00d7 44353E8C 		.ascii	"D5>\214r\023\345\221\276\036\222G \246\345QM\373\211"
  53      7213E591 
  53      BE1E9247 
  53      20A6E551 
  53      4DFB89
  54 00ea B854AC11 		.ascii	"\270T\254\021`u3\006@b\313\017\242J*\303\343\365\371"
  54      60753306 
  54      4062CB0F 
  54      A24A2AC3 
  54      E3F5F9
  55 00fd 73024133 		.ascii	"s\002A3\024\216D\3431\250Rq\241\257\240\373\374\257"
  55      148E44E3 
  55      31A85271 
  55      A1AFA0FB 
  55      FCAF
  56 010f FC59C2F9 		.ascii	"\374Y\302\371\332\266FuG\246\224\000\003\247\323g\367"
  56      DAB64675 
  56      47A69400 
  56      03A7D367 
  56      F7
  57 0120 7D19A629 		.ascii	"}\031\246)\300j\234^\334s\370\220\371\320A\013\257\361"
  57      C06A9C5E 
  57      DC73F890 
  57      F9D0410B 
  57      AFF1
  58 0132 D469D9F0 		.ascii	"\324i\331\360\256m\244\224\024\216\024\360.\024\301"
  58      AE6DA494 
  58      148E14F0 
  58      2E14C1
  59 0141 4128423B 		.ascii	"A(B;\360ox\010\261o\235\252\337\242V\202\300\327}\237"
  59      F06F7808 
  59      B16F9DAA 
  59      DFA25682 
  59      C0D77D9F 
  60 0155 38F59E75 		.ascii	"8\365\236u\007,\253\306\262\246\313\255\234\224R\360"
  60      072CABC6 
  60      B2A6CBAD 
ARM GAS  /tmp/ccDYudt8.s 			page 4


  60      9C9452F0 
  61 0165 1EA86C35 		.ascii	"\036\250l5\024\0118\004\353\010~!\375\303\220TkY\365"
  61      14093804 
  61      EB087E21 
  61      FDC39054 
  61      6B59F5
  62 0178 9B86B657 		.ascii	"\233\206\266W\002\305M\244j_l\206\006\313\256]\235R"
  62      02C54DA4 
  62      6A5F6C86 
  62      06CBAE5D 
  62      9D52
  63 018a 06BC3F5F 		.ascii	"\006\274?_\235.D\357\371g\357\301\240z\2305G>\354\377"
  63      9D2E44EF 
  63      F967EFC1 
  63      A07A9835 
  63      473EECFF 
  64 019e 49BA9AC3 		.ascii	"I\272\232\303\345\326\213\277&\265\303\367U\273{k\317"
  64      E5D68BBF 
  64      26B5C3F7 
  64      55BB7B6B 
  64      CF
  65 01af 2868A74D 		.ascii	"(h\247M\234\326t\215\326G\264\323\343\264\\\177n\340"
  65      9CD6748D 
  65      D647B4D3 
  65      E3B45C7F 
  65      6EE0
  66 01c1 50503DC6 		.ascii	"PP=\306V'\277\030\376\334GV-\313>\277\275Z\323\361\300"
  66      5627BF18 
  66      FEDC4756 
  66      2DCB3EBF 
  66      BD5AD3F1 
  67 01d6 116D378D 		.ascii	"\021m7\215v\333\346\354^\263kj\015\365\033V\354\353"
  67      76DBE6EC 
  67      5EB36B6A 
  67      0DF51B56 
  67      ECEB
  68 01e8 18B89671 		.ascii	"\030\270\226q\344\343\367\3415\313\256FM/|\2405\313"
  68      E4E3F7E1 
  68      35CBAE46 
  68      4D2F7CA0 
  68      35CB
  69 01fa 8AE057B3 		.ascii	"\212\340W\263z]o\0379\034\322|^\246\244\314\314\034"
  69      7A5D6F1F 
  69      391CD27C 
  69      5EA6A4CC 
  69      CC1C
  70 020c 6F979A90 		.ascii	"o\227\232\220\025\245\000M]JE\324\223l\367\215\341\246"
  70      15A5004D 
  70      5D4A45D4 
  70      936CF78D 
  70      E1A6
  71 021e 57C9AE8D 		.ascii	"W\311\256\215\204N\274\005.#\037|\250\355\036CF\035"
  71      844EBC05 
  71      2E231F7C 
  71      A8ED1E43 
  71      461D
  72 0230 738C6EA4 		.ascii	"s\214n\244\357\275\032\362\326\022\375\325p\034\212"
ARM GAS  /tmp/ccDYudt8.s 			page 5


  72      EFBD1AF2 
  72      D612FDD5 
  72      701C8A
  73 023f A11DEFA3 		.ascii	"\241\035\357\243x\267\342\335\002\305\224J\314`'x\361"
  73      78B7E2DD 
  73      02C5944A 
  73      CC602778 
  73      F1
  74 0250 6478EE87 		.ascii	"dx\356\207h\375\203m9N\322\262\273\214\237L\214\011"
  74      68FD836D 
  74      394ED2B2 
  74      BB8C9F4C 
  74      8C09
  75 0262 ADE33EB8 		.ascii	"\255\343>\270\2520\211\322\340W\023(\227a\022Dh\310"
  75      AA3089D2 
  75      E0571328 
  75      97611244 
  75      68C8
  76 0274 C5C11FE5 		.ascii	"\305\301\037\345\245\030\217q\022\344\341\220\223\317"
  76      A5188F71 
  76      12E4E190 
  76      93CF
  77 0282 F3021E97 		.ascii	"\363\002\036\227\240 \260\224\244\313\004\355U\310\326"
  77      A020B094 
  77      A4CB04ED 
  77      55C8D6
  78 0291 A938E40A 		.ascii	"\2518\344\012\222\256\244a\025\015kH\377\001ZXK\323"
  78      92AEA461 
  78      150D6B48 
  78      FF015A58 
  78      4BD3
  79 02a3 627A7B90 		.ascii	"bz{\220\206u8\004\327\263^\011\255l\240a#\011\037\245"
  79      86753804 
  79      D7B35E09 
  79      AD6CA061 
  79      23091FA5 
  80 02b7 E5321CCC 		.ascii	"\3452\034\314\3154\0101\205\256\036\362\213i)\361\241"
  80      CD340831 
  80      85AE1EF2 
  80      8B6929F1 
  80      A1
  81 02c8 6E42CD58 		.ascii	"nB\315Xz\317rv\035\335\305X\365\217\237\275\004[:\254"
  81      7ACF7276 
  81      1DDDC558 
  81      F58F9FBD 
  81      045B3AAC 
  82 02dc DD946101 		.ascii	"\335\224a\001]\260E\334\200\032\373\263f`P+\203\366"
  82      5DB045DC 
  82      801AFBB3 
  82      6660502B 
  82      83F6
  83 02ee A67ACFF9 		.ascii	"\246z\317\371(5\006\206\242\033\003M\220\247\031\200"
  83      28350686 
  83      A21B034D 
  83      90A71980 
  84 02fe 0EB044E0 		.ascii	"\016\260D\340\026J81\332\2423\375\332#\264\230T\021"
  84      164A3831 
ARM GAS  /tmp/ccDYudt8.s 			page 6


  84      DAA233FD 
  84      DA23B498 
  84      5411
  85 0310 54AEEB7E 		.ascii	"T\256\353~\343%Y\372\010\362\242H\337\243\320\0138\001"
  85      E32559FA 
  85      08F2A248 
  85      DFA3D00B 
  85      3801
  86 0322 A56212EA 		.ascii	"\245b\022\352\254\2629\334\336\321\346[\236z\370G5&"
  86      ACB239DC 
  86      DED1E65B 
  86      9E7AF847 
  86      3526
  87 0334 2E37A542 		.ascii	".7\245Bx\250\025c?\202zX\260n\357B\000\224\024!\204"
  87      78A81563 
  87      3F827A58 
  87      B06EEF42 
  87      00941421 
  88 0349 7A1D7C7C 		.ascii	"z\035||\037\310\014\020\346a\302p\272m\2159\345\374"
  88      1FC80C10 
  88      E661C270 
  88      BA6D8D39 
  88      E5FC
  89 035b 6873DD4B 		.ascii	"hs\335K\240\252{\347\332\200\343\317\2504zI\245\007"
  89      A0AA7BE7 
  89      DA80E3CF 
  89      A8347A49 
  89      A507
  90 036d AB694391 		.ascii	"\253iC\221\245hw\350\325Z\263\035Cr\307\030\336\353"
  90      A56877E8 
  90      D55AB31D 
  90      4372C718 
  90      DEEB
  91 037f 3866466B 		.ascii	"8fFk\2147\372\004h'\203tN\242\016\007\304\0207\225\232"
  91      8C37FA04 
  91      68278374 
  91      4EA20E07 
  91      C4103795 
  92 0394 80EA5CF2 		.ascii	"\200\352\\\362\222\250rp\366\377Q;\275\004\015\335j"
  92      92A87270 
  92      F6FF513B 
  92      BD040DDD 
  92      6A
  93 03a5 7AFB8CA2 		.ascii	"z\373\214\242\340\204up\330\233S\030\034D\336~a\314"
  93      E0847570 
  93      D89B5318 
  93      1C44DE7E 
  93      61CC
  94 03b7 D0C8A508 		.ascii	"\320\310\245\010FIro\335wRK\226%\225D9&Bf\322\200Bq"
  94      4649726F 
  94      DD77524B 
  94      96259544 
  94      39264266 
  95 03cf 0B6AEDBB 		.ascii	"\013j\355\273\023\2401\205h\377\370\361\357\256\370"
  95      13A03185 
  95      68FFF8F1 
  95      EFAEF8
ARM GAS  /tmp/ccDYudt8.s 			page 7


  96 03de AA7EB676 		.ascii	"\252~\266vsL#\016m\000\377\201*\201\350\224\312\235"
  96      734C230E 
  96      6D00FF81 
  96      2A81E894 
  96      CA9D
  97 03f0 D56F27FD 		.ascii	"\325o'\375B&\355\021\330\246\025\357?\324\234\243M="
  97      4226ED11 
  97      D8A615EF 
  97      3FD49CA3 
  97      4D3D
  98 0402 98D4E43F 		.ascii	"\230\324\344?rM\257C\323'\257\0164E6\225b\321Q)!\206"
  98      724DAF43 
  98      D327AF0E 
  98      34453695 
  98      62D15129 
  99 0418 93751A36 		.ascii	"\223u\0326\211\353P{%y$\013:[?A\254\237>\367\240NK\257"
  99      89EB507B 
  99      2579240B 
  99      3A5B3F41 
  99      AC9F3EF7 
 100 0430 98D9ACEA 		.ascii	"\230\331\254\352\244\32502\\@`\026\372\304\371|E~\354"
 100      A4D53032 
 100      5C406016 
 100      FAC4F97C 
 100      457EEC
 101 0443 730D942C 		.ascii	"s\015\224,r#\352`5\0138\303n`\360c\350\267\033\251\015"
 101      7223EA60 
 101      350B38C3 
 101      6E60F063 
 101      E8B71BA9 
 102 0458 8BC07107 		.ascii	"\213\300q\007\353R@\177\006\234\207`\217\006o\\\004"
 102      EB52407F 
 102      069C8760 
 102      8F066F5C 
 102      04
 103 0469 CE773067 		.ascii	"\316w0g\002\006\030\\\202\346R\252`\276;\033\263\370"
 103      0206185C 
 103      82E652AA 
 103      60BE3B1B 
 103      B3F8
 104 047b FB459397 		.ascii	"\373E\223\227\251\246'\335\325G\027Y\\\342`@\005\014"
 104      A9A627DD 
 104      D5471759 
 104      5CE26040 
 104      050C
 105 048d 66B65FAA 		.ascii	"f\266_\252\315\335\310(P\201jk9\242%\237\302~\247\255"
 105      CDDDC828 
 105      50816A6B 
 105      39A2259F 
 105      C27EA7AD 
 106 04a1 F577B438 		.ascii	"\365w\2648\033\342Vjd\326_\027\004\372,lBD\373\013\203"
 106      1BE2566A 
 106      64D65F17 
 106      04FA2C6C 
 106      4244FB0B 
 107 04b6 E9808E2C 		.ascii	"\351\200\216,\300\220{\016\003\342=\316 \326\313\367"
 107      C0907B0E 
ARM GAS  /tmp/ccDYudt8.s 			page 8


 107      03E23DCE 
 107      20D6CBF7 
 108 04c6 C9C7F546 		.ascii	"\311\307\365F\353q\367l\274\027\361\347\370$g\025\300"
 108      EB71F76C 
 108      BC17F1E7 
 108      F8246715 
 108      C0
 109 04d7 7A560F0A 		.ascii	"zV\017\012\374\242*<\342\271B\213u\335^\037s9\027\335"
 109      FCA22A3C 
 109      E2B9428B 
 109      75DD5E1F 
 109      733917DD 
 110 04eb E750F309 		.ascii	"\347P\363\011\373t\266n\227k\344\012\004s\335z\365|"
 110      FB74B66E 
 110      976BE40A 
 110      0473DD7A 
 110      F57C
 111 04fd 2517EE0A 		.ascii	"%\027\356\012\267\224}Z\270\012\345h\361\333\356\266"
 111      B7947D5A 
 111      B80AE568 
 111      F1DBEEB6 
 112 050d 118FEE31 		.ascii	"\021\217\3561\016^\0218\217\354f\363\272\346\227jy\230"
 112      0E5E1138 
 112      8FEC66F3 
 112      BAE6976A 
 112      7998
 113 051f 03BB8A6A 		.ascii	"\003\273\212j\031\003{.\371\274\306\003\252P\230n\003"
 113      19037B2E 
 113      F9BCC603 
 113      AA50986E 
 113      03
 114 0530 BE151AAF 		.ascii	"\276\025\032\257\373\320\271\300\356\307\321;S\364*"
 114      FBD0B9C0 
 114      EEC7D13B 
 114      53F42A
 115 053f DDA4DA5F 		.ascii	"\335\244\332_T\032\374\300/9\364Y\306\241A\367\330\255"
 115      541AFCC0 
 115      2F39F459 
 115      C6A141F7 
 115      D8AD
 116 0551 45309272 		.ascii	"E0\222r\335)^Dj\231\203E-\340\202>`\263\347\273\205"
 116      DD295E44 
 116      6A998345 
 116      2DE0823E 
 116      60B3E7BB 
 117 0566 337815D3 		.ascii	"3x\025\323\277\\[W\372Cul\344\253c\001T\246\353\251"
 117      BF5C5B57 
 117      FA43756C 
 117      E4AB6301 
 117      54A6EBA9 
 118 057a 942A848B 		.ascii	"\224*\204\213P\312\007\001.A\025\356\226\302\360q\271"
 118      50CA0701 
 118      2E4115EE 
 118      96C2F071 
 118      B9
 119 058b BCE386BE 		.ascii	"\274\343\206\276x\256\\B\363{\213\301\3073\335\375\244"
 119      78AE5C42 
ARM GAS  /tmp/ccDYudt8.s 			page 9


 119      F37B8BC1 
 119      C733DDFD 
 119      A4
 120 059c 06E62ED8 		.ascii	"\006\346.\330\273j\341\326\223\027[:\274ni5 \261\025"
 120      BB6AE1D6 
 120      93175B3A 
 120      BC6E6935 
 120      20B115
 121 05af F039EE5D 		.ascii	"\3609\356]\302\326a\004\017\261\366\333\215P4\231\325"
 121      C2D66104 
 121      0FB1F6DB 
 121      8D503499 
 121      D5
 122 05c0 2B5AA926 		.ascii	"+Z\251&\242\224\304\251\272~7\2111\224\320?P\327\235"
 122      A294C4A9 
 122      BA7E3789 
 122      3194D03F 
 122      50D79D
 123 05d3 7E8F6E93 		.ascii	"~\217n\223~\030\315*/\326\211i\216'~\253u\342\0138\326"
 123      7E18CD2A 
 123      2FD68969 
 123      8E277EAB 
 123      75E20B38 
 124 05e8 2F8A4F36 		.ascii	"/\212O6\311\1771\311\313HR\207\000\256,$\231\207&\263"
 124      C97F31C9 
 124      CB485287 
 124      00AE2C24 
 124      998726B3 
 125 05fc AB2D9F69 		.ascii	"\253-\237i\345\315\347\220\257y_vy\027\240\204\372\371"
 125      E5CDE790 
 125      AF795F76 
 125      7917A084 
 125      FAF9
 126 060e D4E0FEA0 		.ascii	"\324\340\376\240\346\235\013c\013y\027p\300\303\363"
 126      E69D0B63 
 126      0B791770 
 126      C0C3F3
 127 061d 032E7533 		.ascii	"\003.u3?\331\3436\223\262\354>\247\370\257\345\307\323"
 127      3FD9E336 
 127      93B2EC3E 
 127      A7F8AFE5 
 127      C7D3
 128 062f FDBBCD37 		.ascii	"\375\273\3157a?2\307\3127\341*\235O\224\037\230\250"
 128      613F32C7 
 128      CA37E12A 
 128      9D4F941F 
 128      98A8
 129 0641 39ECA35A 		.ascii	"9\354\243Z[\005_\300\233pO\362W\343\232.\266N7\325\233"
 129      5B055FC0 
 129      9B704FF2 
 129      57E39A2E 
 129      B64E37D5 
 130 0656 FF3F03E3 		.ascii	"\377?\003\343l\300C\006\256\243\001\254\226\313\311"
 130      6CC04306 
 130      AEA301AC 
 130      96CBC9
 131 0665 0E372065 		.ascii	"\0167 eh\205\253e\012\177P^WjZFE*\230\345\003\037\020"
ARM GAS  /tmp/ccDYudt8.s 			page 10


 131      6885AB65 
 131      0A7F505E 
 131      576A5A46 
 131      452A98E5 
 132 067c 031D0C75 		.ascii	"\003\035\014u\267\206\361\213B\307F\232\200\316\306"
 132      B786F18B 
 132      42C7469A 
 132      80CEC6
 133 068b 455B1C74 		.ascii	"E[\034t\013\340\020H\254\372\224=\272K\033\016/*\374"
 133      0BE01048 
 133      ACFA943D 
 133      BA4B1B0E 
 133      2F2AFC
 134 069e D50E366E 		.ascii	"\325\0166n\201\032U\304\357k\273\347\230\257\012;\326"
 134      811A55C4 
 134      EF6BBBE7 
 134      98AF0A3B 
 134      D6
 135 06af 1AFEB9E2 		.ascii	"\032\376\271\342\212\376\222*\332L\341\371a\216\177"
 135      8AFE922A 
 135      DA4CE1F9 
 135      618E7F
 136 06be 762DB925 		.ascii	"v-\271%w\033\360sfD\201\376%d\343\201\000R\210\321\017"
 136      771BF073 
 136      664481FE 
 136      2564E381 
 136      005288D1 
 137 06d3 0B7115F4 		.ascii	"\013q\025\364)\276\011\275c\034i\262\210[4\214\333\257"
 137      29BE09BD 
 137      631C69B2 
 137      885B348C 
 137      DBAF
 138 06e5 78E8BF05 		.ascii	"x\350\277\005c\343\0230\201\377-s\220\243\213 \370k"
 138      63E31330 
 138      81FF2D73 
 138      90A38B20 
 138      F86B
 139 06f7 3389906F 		.ascii	"3\211\220o\310\243\244\322\216+\304L\334m\351\014\353"
 139      C8A3A4D2 
 139      8E2BC44C 
 139      DC6DE90C 
 139      EB
 140 0708 C47BE126 		.ascii	"\304{\341&\024\371\033\377\026\243\247\331\375\0229"
 140      14F91BFF 
 140      16A3A7D9 
 140      FD1239
 141 0717 79A6B973 		.ascii	"y\246\271s\306\324\313\036\370\012\212\"\177O\177\240"
 141      C6D4CB1E 
 141      F80A8A22 
 141      7F4F7FA0 
 142 0727 E845351E 		.ascii	"\350E5\036m\003z\211\217\035\335\205>\204i\001\343\014"
 142      6D037A89 
 142      8F1DDD85 
 142      3E846901 
 142      E30C
 143 0739 481A5B47 		.ascii	"H\032[Gay\305\216\347\023\025\225\245\317\354\334Z\271"
 143      6179C58E 
ARM GAS  /tmp/ccDYudt8.s 			page 11


 143      E7131595 
 143      A5CFECDC 
 143      5AB9
 144 074b BD74C7F6 		.ascii	"\275t\307\366\304_\266'v\356JTl\334&\214gv\354L\370"
 144      C45FB627 
 144      76EE4A54 
 144      6CDC268C 
 144      6776EC4C 
 145 0760 B6969757 		.ascii	"\266\226\227W$*+\203\177\332Z\231xB\277\207\022\025"
 145      242A2B83 
 145      7FDA5A99 
 145      7842BF87 
 145      1215
 146 0772 38297F2A 		.ascii	"8)\177*\261\355\271g+*\275\225\3744vT$\266\375\017N"
 146      B1EDB967 
 146      2B2ABD95 
 146      FC347654 
 146      24B6FD0F 
 147 0787 0E09E9   		.ascii	"\016\011\351"
 148              		.text
 149              		.section	.gnu.lto_.symbol_nodes.9ce98dbf01bd8a19,"",%progbits
 150 0000 789C55CF 		.ascii	"x\234U\317\275\015\302@\014\206\341\357>\337\317\020"
 150      BD0DC240 
 150      0C86E1EF 
 150      3EDFCF10 
 151 0010 34B00F03 		.ascii	"4\260\017\003\260\215\257H\027\011B\200\226*\025#PG"
 151      B08DAF48 
 151      17094280 
 151      962A1523 
 151      5047
 152 0022 4442280D 		.ascii	"DB(\015\022%U`\002\006\340\270\212\263\213Wz\344\306"
 152      12255560 
 152      0206E0B8 
 152      8AB38B57 
 152      7AE4C6
 153 0035 160637A4 		.ascii	"\026\0067\244\341\232\0124#\220r\216\013\300\034\250"
 153      E19A0A34 
 153      2390728E 
 153      0BC01CA8 
 154 0045 260B10E3 		.ascii	"&\013\020\343<\301\236\312\0026T)`G\265\005\264TW\300"
 154      3CC19ECA 
 154      02365429 
 154      6047B505 
 154      B45457C0 
 155 0059 96EA0B68 		.ascii	"\226\352\013h\250\341\037$\355t\031\202 \240\273\276"
 155      A8E11F24 
 155      ED741982 
 155      20A0BBBE 
 156 0069 56028F3E 		.ascii	"V\002\217>\327a\312\265\350\352\317\354wW\265\317\223"
 156      D761CAB5 
 156      E8EACFEC 
 156      7757B5CF 
 156      93
 157 007a 1310D5FD 		.ascii	"\023\020\325\375\355%\275\322\037\037K|\001\016\243"
 157      ED25BDD2 
 157      1F1F4B7C 
 157      010EA3
ARM GAS  /tmp/ccDYudt8.s 			page 12


 158 0089 32ED     		.ascii	"2\355"
 159              		.text
 160              		.section	.gnu.lto_.refs.9ce98dbf01bd8a19,"",%progbits
 161 0000 789C6361 		.ascii	"x\234ca`\004B \000\000\0009\000\007"
 161      60044220 
 161      00000039 
 161      0007
 162              		.text
 163              		.section	.gnu.lto_.decls.9ce98dbf01bd8a19,"",%progbits
 164 0000 789CB558 		.ascii	"x\234\265X\011P\024\331\031\236\327o\206\201a\000\203"
 164      095014D9 
 164      199ED76F 
 164      86816100 
 164      83
 165 0011 64E32654 		.ascii	"d\343&TbVKI\252\024\335+\273\225\244\2225\273nvk\023"
 165      62564B49 
 165      AA14DD2B 
 165      BB95A492 
 165      35BB6E76 
 166 0027 B7D63DB2 		.ascii	"\267\326=\262U\331L\020\006!A\324\231\321]\267R\265"
 166      55D94C10 
 166      062141D4 
 166      99D15DB7 
 166      52B5
 167 0039 CD8D782C 		.ascii	"\315\215x,(\012\012\256x\240\"\207\\\212\\:\010\002"
 167      280A0AAE 
 167      78A02287 
 167      5C8A5C3A 
 167      0802
 168 004b 0A8A2788 		.ascii	"\012\212'\210\234\012\002\242\"\012\036\250H\376\367"
 168      9C0A02A2 
 168      220A1EA8 
 168      48FEF7
 169 005a 5EF774F7 		.ascii	"^\367t\3670S\331\252\255t\315?\335\177\277\357\275\377"
 169      3053D9AA 
 169      AD74CD3F 
 169      DD7FBFEF 
 169      BDFF
 170 006c 78FFFBFA 		.ascii	"x\377\373\372u\253UHE\216r_\225\352c\254R\375\016\324"
 170      75AB5548 
 170      458E725F 
 170      95EA63AC 
 170      52FD0ED4 
 171 0080 093838B8 		.ascii	"\01188\270\367\251J:\\A^\204\266\005 _\200\004\201\204"
 171      F7A94A3A 
 171      5C415E84 
 171      B605205F 
 171      80048184 
 172 0094 80984056 		.ascii	"\200\230@V\203|\215T\223\016\202\237\001go\020\037\220"
 172      837C8D54 
 172      930E829F 
 172      01676F10 
 172      1F90
 173 00a6 0F415E80 		.ascii	"\017A^\200{\237\203|\003\262\004\344\367 `Z\265\010"
 173      7B9F837C 
 173      03B204E4 
 173      F720605A 
ARM GAS  /tmp/ccDYudt8.s 			page 13


 173      B508
 174 00b8 6416C832 		.ascii	"d\026\3102\320g\013\266\347\3015\017\022\010\022\001"
 174      D0670BB6 
 174      E7C1350F 
 174      12081201 
 175 00c8 B2062412 		.ascii	"\262\006$\022d\025H\024\310J\220h\220\245 1 \277\006"
 175      64154814 
 175      C84A9068 
 175      90A52031 
 175      20BF06
 176 00db 8905F93B 		.ascii	"\211\005\371;\310\257@|@*`\23488\377\001\344-\020\027"
 176      C8AF407C 
 176      402A609C 
 176      3838FF01 
 176      E42D1017 
 177 00ef D07F03E7 		.ascii	"\320\177\003\347\327A\336\004y\003\304\015D\217\244"
 177      D741DE04 
 177      7903C40D 
 177      448FA4
 178 00fe 18838478 		.ascii	"\030\203\204xV\013\361\205\0101\223\3305\200\211\207"
 178      560BF185 
 178      083193D8 
 178      35808987 
 179 010e F35A9004 		.ascii	"\363Z\220\004\220u \353\355b\037\347\320\363\302\223"
 179      907520EB 
 179      ED621FE7 
 179      D0F3C293 
 180 011e 639E6DA8 		.ascii	"c\236m\250\025A\036\321\024z\027!\366\217\250\250\230"
 180      15411ED1 
 180      147A1721 
 180      F68FA8A8 
 180      98
 181 012f 505525FD 		.ascii	"PU%\375l\267\220\010\024tN\274T\331\006\243?\261\377"
 181      6CB79008 
 181      14744EBC 
 181      54D906A3 
 181      3FB1FF
 182 0142 8478D041 		.ascii	"\204x\320A\244\321\221\320\211\351Bg\025\022tN2\200"
 182      A4D191D0 
 182      89E94267 
 182      1512744E 
 182      3280
 183 0154 982A7690 		.ascii	"\230*v\220\215\307\334\025\206\223|\266\305\204\304"
 183      8DC7DC15 
 183      86937CB6 
 183      C584C4
 184 0163 A0739EDE 		.ascii	"\240s\236\336\015\303\034\"\227\347\372\307o\240\271"
 184      0DC31C22 
 184      97E7FAC7 
 184      6FA0B9
 185 0172 393C1C89 		.ascii	"9<\034\211<\317\371I\2319\037\235\237\216G9\344\255"
 185      3CCFF949 
 185      99391F9D 
 185      9F8E4739 
 185      E4AD
 186 0184 436A50EF 		.ascii	"CjP\357\235\331\336\343\011\252\217\016M\227\251\336"
 186      9DD9DEE3 
ARM GAS  /tmp/ccDYudt8.s 			page 14


 186      09AA8F0E 
 186      4D97A9DE 
 187 0194 4C4DB933 		.ascii	"LM\2713\366S\246\361\004\\S3\321\204\030\230'\315\025"
 187      F653A6F1 
 187      045C5333 
 187      D1841898 
 187      27CD15
 188 01a7 F97D432E 		.ascii	"\371}C.\370Ej\361PLo\226+\264\371\352\320\004\"\372"
 188      F8456AF1 
 188      504C6F96 
 188      2BB4F9EA 
 188      D00422FA 
 189 01bb EDD2310F 		.ascii	"\355\3221\017\246\223\346\302\315}\351\356\370\227\344"
 189      A693E6C2 
 189      CD7DE9EE 
 189      F897E4
 190 01ca 9A7BB2FB 		.ascii	"\232{\262\373P\235\026\371\351\366\021\367\272w\354"
 190      509D16F9 
 190      E9F611F7 
 190      BA77EC
 191 01d9 5A13C9F3 		.ascii	"Z\023\311\363\010\025#\035*D\030e\241\271$(_\035\231"
 191      0815231D 
 191      2A441865 
 191      A1B92428 
 191      5F1D99
 192 01ec 699E8FE4 		.ascii	"i\236\217\344\207w\363.\323T\350\025_4\317W\205\212"
 192      8777F32E 
 192      D354E815 
 192      5F34CF57 
 192      858A
 193 01fe 901F1993 		.ascii	"\220\037\031\223\240P\001\362E\371\310\227\214_\231"
 193      A05001F2 
 193      45F9C897 
 193      8C5F99
 194 020d D897A1D3 		.ascii	"\330\227\241\323'\020|b\024\357]\357I\307\313\006\300"
 194      27107C62 
 194      14EF5DEF 
 194      49C7CB06 
 194      C0
 195 021e 4100A8D0 		.ascii	"A\000\250\320a\244\027\0220\024}\243\333\235\0055\015"
 195      61A41712 
 195      30147DA3 
 195      DB9D0535 
 195      0D
 196 022f D4F6AEAC 		.ascii	"\324\366\256\254J\035\376-u\262\243>+\233\344f6\304"
 196      4A1DFE2D 
 196      75B2A33E 
 196      2B9BE466 
 196      36C4
 197 0241 0087972C 		.ascii	"\000\207\227,\214\331,\214M\355\365)\356\370m\032\306"
 197      8CD92C8C 
 197      4DEDF529 
 197      EEF86D1A 
 197      C6
 198 0252 DD2DC3B9 		.ascii	"\335-\303\271nb\030\326\257\247\240\012\260X&E0\333"
 198      6E6218D6 
 198      AFA7A00A 
ARM GAS  /tmp/ccDYudt8.s 			page 15


 198      B0582645 
 198      30DB
 199 0264 1601F348 		.ascii	"\026\001\363Hes\007\225C\020\263\205 J\341\346Q\026"
 199      65730795 
 199      4310B385 
 199      204AE1E6 
 199      5116
 200 0276 C496F85B 		.ascii	"\304\226\370[\251\034~\237Z\2720\334\270Cps\012\250"
 200      A91C7E9F 
 200      5ABA30DC 
 200      B8437073 
 200      0AA8
 201 0288 7B1272B7 		.ascii	"{\022r\267q\370C\332t\313\3323\256\306\237\322\353\355"
 201      71F843DA 
 201      74CBDA33 
 201      AEC69FD2 
 201      EBED
 202 029a E5A3A735 		.ascii	"\345\243\2475\014\346\012j\\Ef\207+\376\2026m\3353\276"
 202      0CE60A6A 
 202      5C456687 
 202      2BFE8236 
 202      6DDD33BE 
 203 02ae 15E1407A 		.ascii	"\025\341@z}\240/}\243\236\315\334\033\240\326f\324\235"
 203      7DA02F7D 
 203      A39ECDDC 
 203      1BA0D666 
 203      D49D
 204 02c0 D6E210DA 		.ascii	"\326\342\020\332T^RQ\253aM\363\010\262\343\36078\214"
 204      545E5251 
 204      AB614DF3 
 204      08B2E3F0 
 204      37388C
 205 02d3 B69C9C78 		.ascii	"\266\234\234xd\365bcs2\217|\230GG\366o\030\304x%Ef>"
 205      64F56263 
 205      73328F7C 
 205      984747F6 
 205      6F18C478 
 206 02eb 793A4C12 		.ascii	"y:L\0227\213$\016\313\3226K\230\375\301\255)zl\241i"
 206      378B240E 
 206      CBD2364B 
 206      98FDC1AD 
 206      297A6CA1 
 207 0300 4BDD5274 		.ascii	"K\335Rt\302\013\351\374hf\370(^w\0002s\012\222PO2\323"
 207      C20BE9FC 
 207      6866F828 
 207      5E770032 
 207      730A9250 
 208 0317 04999925 		.ascii	"\004\231\231%d\246\021n6\300M\226\340\326n\304\363\256"
 208      64A6116E 
 208      36C04D96 
 208      E0D66EC4 
 208      F3AE
 209 0329 E82C24F9 		.ascii	"\350,$\371\214\224\344Y:6\253i\365\227w\352\360\032"
 209      8C94E459 
 209      3A36AB69 
 209      F59777EA 
 209      F01A
ARM GAS  /tmp/ccDYudt8.s 			page 16


 210 033b 4544DE2C 		.ascii	"ED\336,\242\264\221\216\233nL\365\003u4}\360\272\007"
 210      A2B4918E 
 210      9B6E4CF5 
 210      0375347D 
 210      F0BA07
 211 034e FE0F9BCE 		.ascii	"\376\017\233\316\233\326\012\214\243\021U\332\236u\347"
 211      9BD60A8C 
 211      A31155DA 
 211      9E75E7
 212 035d 7AE00D4C 		.ascii	"z\340\015L9}\373\314m\017\274\205)\325\307\023\256\271"
 212      397DFBCC 
 212      6D0FBC85 
 212      29D5C713 
 212      AEB9
 213 036f E21D4C19 		.ascii	"\342\035L\031o<|\324\015g2\345x\366\306\177\341<v\335"
 213      6F3C7CD4 
 213      0D6732E5 
 213      78F6C67F 
 213      E13C76DD 
 214 0383 BAAEBE4A 		.ascii	"\272\256\276J\217K\231\022\327\334_\200q\015SD\017|"
 214      8F4B9912 
 214      D7DC5F80 
 214      710D5344 
 214      0F7C
 215 0395 980739D5 		.ascii	"\230\0079\325M'\335\361Y\326\226\332\2337\242\306-L"
 215      4D27DDF1 
 215      59D696DA 
 215      9B37A2C6 
 215      2D4C
 216 03a7 116BD387 		.ascii	"\021k\323\207\325f\312\305\250a-\356`m\261G\257\006"
 216      D566CAC5 
 216      A8612DEE 
 216      606DB147 
 216      AF06
 217 03b9 E25E76BD 		.ascii	"\342^v\275\261\257\247M\207\007\231\222_\225\322\242"
 217      B1AFA74D 
 217      87079992 
 217      5F95D2A2 
 218 03c9 C5434C29 		.ascii	"\305CL)\333[\177K\230\263|\262dK\023\272/\352\204%;"
 218      DB5B7F4B 
 218      98B37CB2 
 218      644B13BA 
 218      2FEA8425 
 219 03de 03F475F7 		.ascii	"\003\364u\367\323\223\275\360C\006N\274\334\260A\315"
 219      D393BDF0 
 219      43064EBC 
 219      DCB041CD 
 220 03ee C074D6B6 		.ascii	"\300t\326\266g\235\252\325\352\342)k\260E\344-_C\003"
 220      679DAAD5 
 220      EAE2296B 
 220      B045E42D 
 220      5F4303
 221 0401 08928DFC 		.ascii	"\010\222\215\374}Q?+\327\216\376\015\375\236\336\211"
 221      7D513F2B 
 221      D78EFE0D 
 221      FD9EDE89 
 222 0411 02C9FC91 		.ascii	"\002\311\374\221-\341<\200\347R\370M\344-v\002\264\317"
ARM GAS  /tmp/ccDYudt8.s 			page 17


 222      2DE13C80 
 222      E752F84D 
 222      E42D7602 
 222      B4CF
 223 0423 50C260AF 		.ascii	"P\302`\257\006M\235)?\374\350\177\2220\002\217,*t\003"
 223      064D9D29 
 223      3FFCE87F 
 223      9230028F 
 223      2C2A7403 
 224 0437 FAF7D2FE 		.ascii	"\372\367\322\376\203h*\231e\364\030J\342.\232\211\036"
 224      83682A99 
 224      65F4184A 
 224      E22E9A89 
 224      1E
 225 0448 803C0479 		.ascii	"\200<\004y\012\362\014\344\011\310\020\310\010\310-"
 225      0AF20CE4 
 225      09C810C8 
 225      08C82D
 226 0457 90FB20B7 		.ascii	"\220\373 \267A\356\201\214\203\214\201<\002\031\006"
 226      41EE818C 
 226      838C813C 
 226      021906
 227 0466 B903328A 		.ascii	"\271\0032\212fR\022\334M\012\257\373A\323?\"\366\304"
 227      665212DC 
 227      4D0AAFFB 
 227      41D33F22 
 227      F6C4
 228 0478 F2890174 		.ascii	"\362\211\001t\331^\205\212\"\366l+\264\212\272\220M"
 228      D95E858A 
 228      22F66C2B 
 228      B48ABA90 
 228      4D
 229 0489 FE5907EB 		.ascii	"\376Y\007\353\326:\275\210\276b\217>6\011](\241/\332"
 229      D63ABD88 
 229      BE628F3E 
 229      36095D28 
 229      A12FDA
 230 049c A32F4C42 		.ascii	"\243/LB\267\326\342T\336\032\211iu\237\026\360\2665"
 230      B7D6E254 
 230      DE1A8969 
 230      759F16F0 
 230      B635
 231 04ae E14FE0B5 		.ascii	"\341O\340\2652xE\255;\237\377O\232\356\036\001,\260"
 231      327845AD 
 231      3B9FFF4F 
 231      9AEE1E01 
 231      2CB0
 232 04c0 2385CE97 		.ascii	"#\205\316\227\220\005q\372m\2745\032SG.9vD\006O\225"
 232      900571FA 
 232      6DBC351A 
 232      53472E39 
 232      7644064F 
 233 04d5 BC3E610F 		.ascii	"\274>a\017>b\017~Vk\003\267:N\210\014\334&\217\260\315"
 233      3E620F7E 
 233      566B03B7 
 233      3A4E880C 
 233      DC268FB0 
ARM GAS  /tmp/ccDYudt8.s 			page 18


 234 04ea 3EC22A05 		.ascii	">\302*\005\034\026{\361\273$@\250 \324'`\305\272B\347"
 234      1C167BF1 
 234      BB2440A8 
 234      20D42760 
 234      C5BA42E7 
 235 04fe ED873E26 		.ascii	"\355\207>&e\343\272\203l\274\"!\317I\310k\016\220\247"
 235      65E3BA83 
 235      6CBC2221 
 235      CF49C86B 
 235      0E90A7
 236 0511 6429DE29 		.ascii	"d)\336)O\334e\373\360rd3\310\330\251\034\222\001\354"
 236      4FDC65FB 
 236      F0726433 
 236      C8D8A91C 
 236      9201EC
 237 0524 04289540 		.ascii	"\004(\225@M\266R\263\356\220\217\325\354x,Y<-\2658\205"
 237      4DB652B3 
 237      EE908FD5 
 237      EC782C59 
 237      3C2DB538 
 238 0539 B74660EA 		.ascii	"\267F`\352g\207\003?\333e~^\220B\352v\000\355\222A/"
 238      6787033F 
 238      DB657E5E 
 238      9042EA76 
 238      00ED9241 
 239 054e 49D04E07 		.ascii	"I\320N\007Py=\246\311=nq\\\011\014O\036M\003\227\306"
 239      50793DA6 
 239      C93D6E71 
 239      5C090C4F 
 239      1E4D0397 
 240 0563 5D7102DD 		.ascii	"]q\002\335xp\265[{\267\353\321T?\207k\032\301N\344\377"
 240      7870B55B 
 240      7BB7EBD1 
 240      543F876B 
 240      1AC14EE4 
 241 0578 B6ACD93C 		.ascii	"\266\254\331<\224\324\321\247\304\004\030y.=%\310\264"
 241      94D4D1A7 
 241      C4041879 
 241      2E3D25C8 
 241      B4
 242 0589 505F77EF 		.ascii	"P_w\357\373\266\306]\261M\230\220E\246B\021\234\270"
 242      FBB6C65D 
 242      B14D9890 
 242      45A64211 
 242      9CB8
 243 059b 4D68C8DB 		.ascii	"Mh\310\333\373\023F\215{\011\217&m)\311\364b<\232\361"
 243      FB13468D 
 243      7B098F26 
 243      6D29C9F4 
 243      623C9AF1 
 244 05af 12E8D9A3 		.ascii	"\022\350\331\243\343\015j\234H\203\366\354_\377|\243"
 244      E30D6A9C 
 244      4883F6EC 
 244      5FFF7CA3 
 245 05bf 1ACD9C2A 		.ascii	"\032\315\234*\2475\226\310\247b\"a\377\201\016\201C"
 245      A73596C8 
 245      A7622261 
ARM GAS  /tmp/ccDYudt8.s 			page 19


 245      FF810E81 
 245      43
 246 05d0 B19CE3A9 		.ascii	"\261\234\343\251W\344+\212\363E\221\034i#p\222\254o"
 246      57E42B8A 
 246      F345911C 
 246      69237092 
 246      AC6F
 247 05e2 217149DC 		.ascii	"!qI\334L\264\021$\001d\023\310Z\220\365 \361 \211 \033"
 247      4CB41124 
 247      016413C8 
 247      5A90F520 
 247      F1208920 
 248 05f7 40E24062 		.ascii	"@\342@b@\326q2\256\263>\226\226u\211\275\017G&\221\321"
 248      40D67132 
 248      AEB33E96 
 248      967589BD 
 248      0F472691 
 249 060c B084B6DA 		.ascii	"\260\204\266\332\243'\255\353v\011\\m\017\256\262\007"
 249      A327ADEB 
 249      76095C6D 
 249      0FAEB207 
 250 061c B7D6C92A 		.ascii	"\267\326\311*\273N\200\313k\320Fr0\223\351\357\213\024"
 250      BB4E80CB 
 250      6BD04672 
 250      3093E9EF 
 250      8B14
 251 062e 10CD31A4 		.ascii	"\020\3151\244\215\002r&\371\334%/\330\023\216\035\221"
 251      8D027226 
 251      F9DC252F 
 251      D8138E1D 
 251      91
 252 063f E34725B7 		.ascii	"\343G%\267+\035gD\276 \353\354\330\231\300\225\354,"
 252      2B1D6744 
 252      BE20EBEC 
 252      D899C095 
 252      EC2C
 253 0651 A7828B75 		.ascii	"\247\202\213u\224\012\0004\231\012F\344~\036w\234]\271"
 253      940A0034 
 253      990A46E4 
 253      7E1E779C 
 253      5DB9
 254 0663 9F97EB04 		.ascii	"\237\227\353\004<\024&:g\217\267g\3736y~O:\310o\215"
 254      3C14263A 
 254      678FB767 
 254      FB36797E 
 254      4F3AC86F 
 255 0678 B866FBCE 		.ascii	"\270f\373\316\035\354\321\341d\266f\3432v\337\365\262"
 255      1DECD1E1 
 255      64B666E3 
 255      3276DFF5 
 255      B2
 256 0689 5FB3620D 		.ascii	"_\263b\015\242-Pz?\264\014Yb\012N\323\265\231\014\203"
 256      A22D507A 
 256      3FB40C59 
 256      620A4ED3 
 256      B5990C83 
 257 069d 6DE66C6B 		.ascii	"m\346lk\223\344\211\361Hj\3573\244X\233\311\234|mn\265"
ARM GAS  /tmp/ccDYudt8.s 			page 20


 257      93E489F1 
 257      486AEF33 
 257      A4589BC9 
 257      9C7C6D6E 
 258 06b2 ADCDA6F5 		.ascii	"\255\315\246\365Wb\265j\216\335CK\324\344\336@Ls\265"
 258      5762B56A 
 258      8EDD434B 
 258      D4E4DE40 
 258      4C73B5
 259 06c5 66DA5661 		.ascii	"f\332Va\3572]\215>\224o]R\271i\360\237\302\251\331\000"
 259      EF325D8D 
 259      3E946F5D 
 259      52B969F0 
 259      9FC2A9D9 
 260 06da F14D5DE3 		.ascii	"\361M]\343\352\2272\370\214|\276\373\336&\317-Q|=\364"
 260      EA9732F8 
 260      8C7CBEFB 
 260      DE26CF2D 
 260      517C3DF4 
 261 06ee 9B4E60E8 		.ascii	"\233N`\350\200D\033pIN\373\341\201\245B\3338\262\356"
 261      80441B70 
 261      494EFBE1 
 261      81A542DB 
 261      38B2EE
 262 0701 E3B37736 		.ascii	"\343\263w6q\270\230\275e9\362\243\272\357\361-WF\034"
 262      71B898BD 
 262      6539F2A3 
 262      BAEFF12D 
 262      57461C
 263 0714 F164D7BC 		.ascii	"\361d\327\274\253\344z\201\027\256a\035\362\006\216"
 263      ABE47A81 
 263      17AE611D 
 263      F2068E
 264 0723 A7EB8417 		.ascii	"\247\353\204\027*\32288\022\275W\213O\261\306;\2157"
 264      2AD23838 
 264      12BD578B 
 264      4FB1C63B 
 264      8D37
 265 0735 76AB85AD 		.ascii	"v\253\205\255\032\331`g?\254\253@\370<\247x\275\362"
 265      1AD96067 
 265      3FACAB40 
 265      F83CA778 
 265      BDF2
 266 0747 165EAF32 		.ascii	"\026^\2572\3332\0139\347[\265=\234\260U\333\315\321"
 266      DB320B39 
 266      E75BB53D 
 266      9CB055DB 
 266      CDD1
 267 0759 AD5AB175 		.ascii	"\255Z\261u$W\215\233\331|\237/j=i{q\351Nj\371\371Q\236"
 267      24578D9B 
 267      D97C9F2F 
 267      6A3D697B 
 267      71E94E6A 
 268 0771 9F82F671 		.ascii	"\237\202\366q@u\334\377|\377\312\344\034\276\177e\355"
 268      4075DCFF 
 268      7CFFCAE4 
 268      1CBE7F65 
ARM GAS  /tmp/ccDYudt8.s 			page 21


 268      ED
 269 0782 3C50E381 		.ascii	"<P\343\201\217`j\340N\362\255xl30\236\346\233M\014d"
 269      8F606AE0 
 269      4EF2AD78 
 269      6C33309E 
 269      E69B4D0C 
 270 0797 8181FD92 		.ascii	"\201\201\375\222\201}\234\023\013\007\034[\030\332u"
 270      817D9C13 
 270      0B071C5B 
 270      18DA75
 271 07a6 E5B65ABE 		.ascii	"\345\266Z\276\333$\343e@\225~G\231\362 \347-\306M\320"
 271      DB24E365 
 271      40957E47 
 271      99F220E7 
 271      2DC64DD0 
 272 07ba 970AEE9E 		.ascii	"\227\012\356\236\345\360Z5\333\2457\234\332\247\307"
 272      E5F05A35 
 272      DBA5379C 
 272      DAA7C7
 273 07c9 4954E1F6 		.ascii	"IT\341\366Z#c"
 273      5A2363
 274 07d0 90D3F78F 		.ascii	"\220\323\367\217<\316\311\373\007\344iN)\011#\027\314"
 274      3CCEC9FB 
 274      07E4694E 
 274      29092317 
 274      CC
 275 07e1 E670935E 		.ascii	"\346p\223^@\216%\265\365\351p:\263\2215\334\230\343"
 275      408E25B5 
 275      F5E9703A 
 275      B39135DC 
 275      98E3
 276 07f3 FC1DA7C0 		.ascii	"\374\035\247\300\251\215\361\264Y9\304F>\3308$\331\310"
 276      A98DF1B4 
 276      5939C446 
 276      3ED83824 
 276      D9C8
 277 0805 15A32ADF 		.ascii	"\025\243*\337U\230\347\301\252 \221\324\317\263g\245"
 277      5598E7C1 
 277      AA2091D4 
 277      CFB367A5 
 278 0815 8739A164 		.ascii	"\2079\241d~D\252\244(\245Z\2133\251\023\332\302\321"
 278      7E44AAA4 
 278      28A55A8B 
 278      33A913DA 
 278      C2D1
 279 0827 C2275E88 		.ascii	"\302'^\210>\220\246\372\261MoeO\310\266\342v\236\217"
 279      3E90A6FA 
 279      B14D6F65 
 279      4FC8B6E2 
 279      769E8F
 280 083a D5D3EC15 		.ascii	"\325\323\354\025\203\2112\211\"\3229{\372)\252\365`"
 280      83893289 
 280      22D2397B 
 280      FA29AAF5 
 280      60
 281 084b CC471CCA 		.ascii	"\314G\034\312\026\320J\346\223m\332Jc1#+Xz;\004\260"
 281      16D04AE6 
ARM GAS  /tmp/ccDYudt8.s 			page 22


 281      936DDA4A 
 281      6331232B 
 281      587A3B04 
 282 0860 8DABD8E0 		.ascii	"\215\253\330\3402\364\341X\217\010JV0sh\227\000\027"
 282      32F4E158 
 282      8F084A56 
 282      30736897 
 282      0017
 283 0872 E7D36E43 		.ascii	"\347\323nCF\036\354\262\301w\332\017\376\235\314s\005"
 283      461EECB2 
 283      C177DA0F 
 283      FE9DCC73 
 283      05
 284 0883 8B15C178 		.ascii	"\213\025\301x\205\264\261L\240\260rH\376\021\240\246"
 284      85B4B14C 
 284      A0B07248 
 284      FE11A0A6 
 285 0893 A320A520 		.ascii	"\243 \245 % \207\2254\305\266reJ\376&\257G%\005\351"
 285      25208795 
 285      34C5B672 
 285      654AFE26 
 285      AF472505 
 286 08a8 5A5CC3A6 		.ascii	"Z\\\303\24687\362t\366$\322\024\315\241c`\345\373[\254"
 286      3837F274 
 286      F624D214 
 286      CDA16360 
 286      E5FB5BAC 
 287 08bc ACA5C458 		.ascii	"\254\245\304X\011\035*\244Y/\023\211\261\372\352\301"
 287      091D2AA4 
 287      592F1389 
 287      B1FAEAC1 
 288 08cc 224E418C 		.ascii	"\"NA\214\225\012b<n#\306\235\003}G4\224\220\340\036"
 288      950A623C 
 288      6E23C69D 
 288      037D4734 
 288      9490E01E 
 289 08e0 4AE32823 		.ascii	"J\343(#\365\304\361Y\234Sf\254\242\314h\025\231\261"
 289      F5C4F159 
 289      9C5366AC 
 289      A2CC6815 
 289      99B1
 290 08f2 B02C623B 		.ascii	"\260,b;\002f\354&\211\250\343\266\361'\324\004\202\266"
 290      0266EC26 
 290      89A8E3B6 
 290      F127D404 
 290      82B6
 291 0904 4B7EC125 		.ascii	"K~\301%\373\370t\2022\342\241\210\346H7\334\244V|AY"
 291      FBF87482 
 291      32E2A188 
 291      E64837DC 
 291      A4567C41 
 292 0919 34F90BCA 		.ascii	"4\371\013\312\"\366)`\357\330\335\022=\276\312\222\230"
 292      22F62960 
 292      EFD8DD12 
 292      3DBECA92 
 292      98
 293 092a B121F7A6 		.ascii	"\261!\367\246\306F\024\233\373\377X\336Ih\270\036\252"
ARM GAS  /tmp/ccDYudt8.s 			page 23


 293      C646149B 
 293      FBFF58DE 
 293      4968B81E 
 293      AA
 294 093b AD5632B8 		.ascii	"\255V2\270\310\371\207\224:\310\355\"a)\235\204\344"
 294      C8F98794 
 294      3AC8ED22 
 294      61299D84 
 294      E4
 295 094c D730BABB 		.ascii	"\3270\272\273R\3218\212i\036\310P\214\230/?\256|\242"
 295      52D1388A 
 295      691EC850 
 295      8C982F3F 
 295      AE7CA2
 296 095f C78735C4 		.ascii	"\307\2075\304\260\272(\262k\227'\362\363E0\020b\346"
 296      B0BA28B2 
 296      6B9727F2 
 296      F3453010 
 296      62E6
 297 0971 C9773215 		.ascii	"\311w2\025:\013\370\323B\200pl\347\301\356\3607\344"
 297      3A0BF8D3 
 297      4280706C 
 297      E7C1EEF0 
 297      37E4
 298 0983 365CBBD2 		.ascii	"6\\\273\322\263\003\312j\0007HO\352\307\031\360\243"
 298      B303CA6A 
 298      0037484F 
 298      EAC719F0 
 298      A3
 299 0994 91F971B5 		.ascii	"\221\371q\265\2561\332E'tH\374\036\035ne\3675{*\246"
 299      AE31DA45 
 299      277448FC 
 299      1E1D6E65 
 299      F7357B2A 
 300 09a9 BA8993CF 		.ascii	"\272\211\223\317\3269\333T\217\245gw\261\251\206{\350"
 300      D639DB54 
 300      8FA56777 
 300      B1A9867B 
 300      E8
 301 09ba 149BEAD6 		.ascii	"\024\233\352\326\221\236c\030\227\321\030\271+\353\256"
 301      919E6318 
 301      97D118B9 
 301      2BEBAE
 302 09c9 777A8A24 		.ascii	"wz\212$4)s\227\034dN \272\224\277\354\211\203d\240\213"
 302      34297397 
 302      1C644E20 
 302      BA94BFEC 
 302      898364A0 
 303 09de 60FA82DD 		.ascii	"`\372\202\3354\200\221\256\033\335i^\270\226\031)\037"
 303      348091AE 
 303      1BDD695E 
 303      B8961929 
 303      1F
 304 09ef B996C539 		.ascii	"\271\226\30595\322\342\324\310x\332\007\347c\210\221"
 304      35D2E2D4 
 304      C878DA07 
 304      E7638891 
ARM GAS  /tmp/ccDYudt8.s 			page 24


 305 09ff 66307259 		.ascii	"f0rY2rQ\244\272\336\326\323\235\236\370\034\263r\350"
 305      327251A4 
 305      BADED6D3 
 305      9D9EF81C 
 305      B372E8
 306 0a12 CA44A3BB 		.ascii	"\312D\243\273S+W\235Z\031\033Z\221\332L*\252\025\254"
 306      532B579D 
 306      5A191B5A 
 306      91DA4C2A 
 306      AA15AC
 307 0a25 5C91AC34 		.ascii	"\\\221\2544\213V\252G/\335\325\321,\022\304y\226\305"
 307      8B56AA47 
 307      2FDDD5D1 
 307      2C12C479 
 307      96C5
 308 0a37 6BC3259D 		.ascii	"k\303%\235\316\267\022\355t\301\264\211\013&\263w\367"
 308      CEB712ED 
 308      74C1B489 
 308      0B26B377 
 308      F7
 309 0a48 DF84F552 		.ascii	"\337\204\365R\322\300\326\013 P\265d\254Z\\/\035t\275"
 309      D2C0D60B 
 309      2050B564 
 309      AC5A5C2F 
 309      1D74BD
 310 0a5b 0C143EBF 		.ascii	"\014\024>\277\344\206Gh`(r\355\301\307j\233}V\250\005"
 310      E4864768 
 310      602872ED 
 310      C1C76A9B 
 310      7D56A805 
 311 0a6f 0D3B4E6A 		.ascii	"\015;Njq\204\013\215|\375`Y\243\316\366\221\261\250"
 311      71840B8D 
 311      7CFD6059 
 311      A3CEF691 
 311      B1A8
 312 0a81 D68710C5 		.ascii	"\326\207\020\305u\300vK\006\262\234=I\2579~\222\266"
 312      75C0764B 
 312      06B29C3D 
 312      49AF397E 
 312      92B6
 313 0a93 1D3CD5AD 		.ascii	"\035<\325\255\227\307w]Qc=4\300.1\300\374\373\367[t"
 313      97C7775D 
 313      51633D34 
 313      C02E31C0 
 313      FCFBF75B 
 314 0aa8 42846975 		.ascii	"B\204iu^4B\200\240N\311\201N1\302^\032a\372\235\230"
 314      5E344280 
 314      A04EC981 
 314      4E31C25E 
 314      1A61FA9D 
 315 0abd 3677FC2D 		.ascii	"6w\374-\015\000\235\330\220\266\237Ex\335\026\341\326"
 315      0D009DD8 
 315      90B69F45 
 315      78DD16E1 
 315      D6
 316 0ace C62D7E4E 		.ascii	"\306-~N\363\333O\315\367\211\346\357\347l\332%\022\322"
 316      F3DB4FCD 
ARM GAS  /tmp/ccDYudt8.s 			page 25


 316      F789E6EF 
 316      E76CDA25 
 316      12D2
 317 0ae0 45819000 		.ascii	"E\201\220\000\202nH\346o\210\346\007\250\371\210\313"
 317      826E48E6 
 317      6F88E607 
 317      A8F988CB 
 318 0af0 2DEBD538 		.ascii	"-\353\3258\203\231w\304\004\203\343\235\305R\322\007"
 318      839977C4 
 318      0483E39D 
 318      C552D207 
 319 0b00 D9A49F39 		.ascii	"\331\244\2379y1U\213\363h/uo^q3Fn\214\036\374\342hf"
 319      7931558B 
 319      F3682F75 
 319      6F5E7133 
 319      466E8C1E 
 320 0b18 2333A6AF 		.ascii	"#3\246\257\264ev\0302{\207s\203!\206\240\340\356B\301"
 320      B4657618 
 320      327B8773 
 320      832186A0 
 320      E0EE42C1 
 321 0b2c 11762077 		.ascii	"\021v w(cL\241\2272Z\001\025\335\226h\205\260r}v\226"
 321      28634CA1 
 321      97325A01 
 321      15DD9668 
 321      85B0727D 
 322 0b42 AB3C0904 		.ascii	"\253<\011\004\"e\341\036\315\302-1\013W6\\\370\026\213"
 322      2265E11E 
 322      CDC22D31 
 322      0B57365C 
 322      F8168B
 323 0b55 65968069 		.ascii	"e\226\200i\026\000\202nJY\270)f\341>\315\302\215\021"
 323      1600826E 
 323      4A59B829 
 323      66E13ECD 
 323      C28D11
 324 0b68 6B930B2E 		.ascii	"k\223\013.v>\011\235\233S\263\261\334\201zE\025<\240"
 324      763E099D 
 324      9B53B3B1 
 324      DC817A45 
 324      153CA0
 325 0b7b 0E8C8A0E 		.ascii	"\016\214\212\0164<~\220,V\301\361X=u\000 hDr`Dt\340"
 325      343C7E90 
 325      2C56C1F1 
 325      583D7500 
 325      20684472 
 326 0b93 2175E060 		.ascii	"!u\340`WJ\231\006\3278w\240udm\231\213\334\201V\205"
 326      574A9906 
 326      D73877A0 
 326      75646D99 
 326      8BDC8156 
 327 0ba8 0363D481 		.ascii	"\003c\324\201\307\266\007\223\365\301}\265\340@G\255"
 327      C7B60793 
 327      F5C17DB5 
 327      E04047AD 
 328 0bb8 27750020 		.ascii	"'u\000 \350\221\344\300#\321\201'\324\201\226\326\350"
 328      E891E4C0 
ARM GAS  /tmp/ccDYudt8.s 			page 26


 328      23D18127 
 328      D48196D6 
 328      E8
 329 0bc9 52C4364B 		.ascii	"R\3046K\356\240F\265=?\341\345|\307\374L\3341?eL\374"
 329      EEA046B5 
 329      3D3FE1E5 
 329      7CC7FC4C 
 329      DC313F65 
 330 0bdf 7420B955 		.ascii	"t \271U\350\255'\013\265\2745Ix\377\357&\315\335e\023"
 330      E8AD270B 
 330      B5BC3549 
 330      78FFEF26 
 330      CDDD6513 
 331 0bf3 5548DA8D 		.ascii	"UH\332\215\256\244\323\367\034ja\234\3566&\350n\224"
 331      AEA4D3F7 
 331      1C6A619C 
 331      EE3626E8 
 331      6E94
 332 0c05 8E4915F2 		.ascii	"\216I\025\362\315\366\371\201_(\230\235,\"\311>\217"
 332      CDF6F981 
 332      5F28989D 
 332      2C22C93E 
 332      8F
 333 0c16 29B39333 		.ascii	")\263\2233Y\242G\223\262]\024\3501\005:B@GPt\177\354"
 333      59A24793 
 333      B25D14E8 
 333      31053A42 
 333      40475074 
 334 0c2c 4DABF2A9 		.ascii	"M\253\362\251\361@\201\216\024\320\221\024\315\327$"
 334      F140818E 
 334      14D09114 
 334      CDD724
 335 0c3b 77B829D0 		.ascii	"w\270)\320\367\024\350(\001\035E\321\023CU\355Jt\277"
 335      F714E828 
 335      011D45D1 
 335      134355ED 
 335      4A74BF
 336 0c4e 021D2DA0 		.ascii	"\002\035-\240\243)\272\331\272\255^\351I\273\002\035"
 336      A329BAD9 
 336      BAAD5EE9 
 336      49BB021D 
 337 0c5e 23A06328 		.ascii	"#\240c(\272.f`\257\022M\366\202\022:V@\307Rt\326\346"
 337      BA2E6660 
 337      AF124DF6 
 337      82123A56 
 337      40C75274 
 338 0c74 D6648D02 		.ascii	"\326d\215\002]\245\030;N@\307QtF\305\272\247\372\031"
 338      5DA5183B 
 338      4E40C751 
 338      7446C5BA 
 338      A7FA19
 339 0c87 BBD80425 		.ascii	"\273\330\004%\300\022\374\364\005\372\016\307*$\036"
 339      C012FCF4 
 339      05FA0EC7 
 339      2A241E
 340 0c96 938FE19B 		.ascii	"\223\217\341\233\023\277\353\342\030\006^\003}\267\361"
 340      13BFEBE2 
ARM GAS  /tmp/ccDYudt8.s 			page 27


 340      18065E03 
 340      7DB7F1
 341 0ca5 E7A62861 		.ascii	"\347\246(ak)\354RFe\274'\203Y\237Ed ;P\002\005=\255"
 341      6B29EC52 
 341      4665BC27 
 341      83599F45 
 341      64203B50 
 342 0cbd 7BB05FEB 		.ascii	"{\260_\353\324\336:\212y2\226m\365\020\006j\237<\320"
 342      D4DE3A8A 
 342      7932966D 
 342      F510066A 
 342      9F3CD0
 343 0cd0 7A3C43E5 		.ascii	"z<C\345\021\034\026`\016y\357\317\306\257\026\206\206"
 343      111C1660 
 343      0E79EFCF 
 343      C6AF1686 
 343      86
 344 0ce1 195DDFFD 		.ascii	"\031]\337\375\353'\323\377\364\346\233*mP\250\311\260"
 344      EB27D3FF 
 344      F4E69B2A 
 344      6D50A8C9 
 344      B0
 345 0cf2 C262522F 		.ascii	"\302bR/\370\374\343w|\202\003,\301f\177\263)\320?4\334"
 345      F8FCE377 
 345      7C82032C 
 345      C1667FB3 
 345      29D03F34 
 346 0d07 625C6A34 		.ascii	"b\\j4\315\015Q\271\022\204\331\030h\321\274\375\331"
 346      CD0D51B9 
 346      1284D918 
 346      68D1BCFD 
 346      D9
 347 0d18 A28FDED6 		.ascii	"\242\217\336\326\004\321\353\300\260Uf\213\213\231\236"
 347      04D1EBC0 
 347      B055668B 
 347      8B999E
 348 0d27 34C1E6D0 		.ascii	"4\301\346\320\257\215\352`\030\006\033M&5XZ\312\205"
 348      AF8DEA60 
 348      18061B4D 
 348      2635585A 
 348      CA85
 349 0d39 06A9099C 		.ascii	"\006\251\011\234\0136k\277\014\015'}\\\203\002,\001"
 349      0B366BBF 
 349      0C0D277D 
 349      5C83022C 
 349      01
 350 0d4a 4B02CC46 		.ascii	"K\002\314Fb\223\236\301\034=\257^\036F\316\256\341\006"
 350      62939EC1 
 350      1C3DAF5E 
 350      1E46CEAE 
 350      E106
 351 0d5c B8630CB7 		.ascii	"\270c\014\267\350\202MF\243\201\216\255\003\257-\354"
 351      E8824D46 
 351      A3818EAD 
 351      03AF2DEC 
 352 0d6c D22DDC60 		.ascii	"\322-\334`Z\276\334\002\235]\301\240\201X\321|I\376"
 352      5ABEDC02 
ARM GAS  /tmp/ccDYudt8.s 			page 28


 352      9D5DC1A0 
 352      8158D17C 
 352      49FE
 353 0d7e 5D683FB3 		.ascii	"]h?\263&\220\270\201\203L\253\265\301f\203e\315\012"
 353      2690B881 
 353      834CABB5 
 353      C1668365 
 353      CD0A
 354 0d90 2306CB5E 		.ascii	"#\006\313^RL\301\301\020\216f\341[\037/\\\214\227\254"
 354      524CC1C1 
 354      108E66E1 
 354      5B1F2F5C 
 354      8C97AC
 355 0da3 0AC60BDF 		.ascii	"\012\306\013\337\373\340gA\246\320\325F\223\331\237"
 355      FBE06741 
 355      A6D0D546 
 355      93D99F
 356 0db2 66C73F34 		.ascii	"f\307?4\304\370U\2101l\005\004\036\250\362\372\310\030"
 356      C4F85588 
 356      316C0504 
 356      1EA8F2FA 
 356      C818
 357 0dc4 10642019 		.ascii	"\020d \031\373\310\030\270\334\024\244&CjI\020\037\030"
 357      FBC818B8 
 357      DC14A426 
 357      436A4910 
 357      1F18
 358 0dd6 C3D5E4EC 		.ascii	"\303\325\344\354f0\254\202D\275a\260|\342\277\312l\362"
 358      6630AC82 
 358      44BD61B0 
 358      7CE2BFCA 
 358      6CF2
 359 0de8 5F121AEE 		.ascii	"_\022\032\356\27740pN\200i\331\234\360\345\341\3069"
 359      BF343070 
 359      4E8069D9 
 359      9CF0E5E1 
 359      C639
 360 0dfa C68025A1 		.ascii	"\306\200%\241s^3\274:\347\345y\363__\371\262\277\242"
 360      735E33BC 
 360      3AE7E579 
 360      F35F5FF9 
 360      B2BFA2
 361 0e0d 01720C71 		.ascii	"\001r\014q\005\031\375\227\005\004\206\204\206\033\375"
 361      0519FD97 
 361      05048684 
 361      861BFD
 362 0e1c 0D41C6E0 		.ascii	"\015A\306\340\200Ua\026\352\273\031|\325\012\243\277"
 362      80556116 
 362      EABB197C 
 362      D50AA3BF 
 363 0e2c FF434637 		.ascii	"\377CF7\2571\373\033\314\220\266p\013\0312 (\310d4\233"
 363      AF31FB1B 
 363      CC90B670 
 363      0B193220 
 363      28C86434 
 364 0e41 75CCF5F9 		.ascii	"u\314\365\371\257\033,\256\266\213\300\020c\340\277"
 364      AF1B2CAE 
ARM GAS  /tmp/ccDYudt8.s 			page 29


 364      B68BC010 
 364      63E0BF
 365 0e50 CDAB96FD 		.ascii	"\315\253\226\375xrV\240\253NJ\205\2166|f\012\265\030"
 365      787256A0 
 365      AB4E4A85 
 365      8E367C66 
 365      0AB518
 366 0e63 5D48D20D 		.ascii	"]H\322\015\226\305\337\317\305\260\320%\004`\347\352"
 366      96C5DFCF 
 366      C5B0D025 
 366      0460E7EA 
 367 0e73 6B735F9D 		.ascii	"ks_\235;_r\330\022\004\211\000\203\352\300\220\000\223"
 367      3B5F72D8 
 367      12048900 
 367      83EAC090 
 367      0093
 368 0e85 3B73146A 		.ascii	";s\024j\313`q\263]\271S\007H,\006\313\013Jo\351?\364"
 368      CB6071B3 
 368      5DB95307 
 368      482C06CB 
 368      0B4A6FE9 
 369 0e9b 6605BF18 		.ascii	"f\005\277\030\012o\271\351-\013\323\314T3X\246\310\332"
 369      0A6FB9E9 
 369      2D0BD3CC 
 369      543358A6 
 369      C8DA
 370 0ead DE3141E9 		.ascii	"\3361A\351\011\253\303L\225 \215a\301\362\345a^2\320"
 370      09ABC34C 
 370      95208D61 
 370      C1F2E561 
 370      5E32D0
 371 0ec0 620852DE 		.ascii	"b\010R\336i\201qih\370\177\001\332\327q\000"
 371      69817169 
 371      68F87F01 
 371      DAD77100 
 372              		.text
 373              		.section	.gnu.lto_.symtab.9ce98dbf01bd8a19,"",%progbits
 374 0000 666C6173 		.ascii	"flashIHexFile\000"
 374      68494865 
 374      7846696C 
 374      6500
 375 000e 00       		.ascii	"\000"
 376 000f 00       		.ascii	"\000"
 377 0010 00       		.ascii	"\000"
 378 0011 00000000 		.ascii	"\000\000\000\000\000\000\000\000"
 378      00000000 
 379 0019 19010000 		.ascii	"\031\001\000\000"
 380 001d 52656164 		.ascii	"Read_IHexRecord\000"
 380      5F494865 
 380      78526563 
 380      6F726400 
 381 002d 00       		.ascii	"\000"
 382 002e 02       		.ascii	"\002"
 383 002f 00       		.ascii	"\000"
 384 0030 00000000 		.ascii	"\000\000\000\000\000\000\000\000"
 384      00000000 
 385 0038 42010000 		.ascii	"B\001\000\000"
ARM GAS  /tmp/ccDYudt8.s 			page 30


 386 003c 666C6173 		.ascii	"flashWrite\000"
 386      68577269 
 386      746500
 387 0047 00       		.ascii	"\000"
 388 0048 02       		.ascii	"\002"
 389 0049 00       		.ascii	"\000"
 390 004a 00000000 		.ascii	"\000\000\000\000\000\000\000\000"
 390      00000000 
 391 0052 5D010000 		.ascii	"]\001\000\000"
 392 0056 666C6173 		.ascii	"flashSectorAt\000"
 392      68536563 
 392      746F7241 
 392      7400
 393 0064 00       		.ascii	"\000"
 394 0065 02       		.ascii	"\002"
 395 0066 00       		.ascii	"\000"
 396 0067 00000000 		.ascii	"\000\000\000\000\000\000\000\000"
 396      00000000 
 397 006f 64010000 		.ascii	"d\001\000\000"
 398 0073 666C6173 		.ascii	"flashSectorErase\000"
 398      68536563 
 398      746F7245 
 398      72617365 
 398      00
 399 0084 00       		.ascii	"\000"
 400 0085 02       		.ascii	"\002"
 401 0086 00       		.ascii	"\000"
 402 0087 00000000 		.ascii	"\000\000\000\000\000\000\000\000"
 402      00000000 
 403 008f 68010000 		.ascii	"h\001\000\000"
 404 0093 666C6173 		.ascii	"flashIsErased\000"
 404      68497345 
 404      72617365 
 404      6400
 405 00a1 00       		.ascii	"\000"
 406 00a2 02       		.ascii	"\002"
 407 00a3 00       		.ascii	"\000"
 408 00a4 00000000 		.ascii	"\000\000\000\000\000\000\000\000"
 408      00000000 
 409 00ac 72010000 		.ascii	"r\001\000\000"
 410 00b0 666C6173 		.ascii	"flashSectorSize\000"
 410      68536563 
 410      746F7253 
 410      697A6500 
 411 00c0 00       		.ascii	"\000"
 412 00c1 02       		.ascii	"\002"
 413 00c2 00       		.ascii	"\000"
 414 00c3 00000000 		.ascii	"\000\000\000\000\000\000\000\000"
 414      00000000 
 415 00cb 76010000 		.ascii	"v\001\000\000"
 416 00cf 666C6173 		.ascii	"flashSectorBegin\000"
 416      68536563 
 416      746F7242 
 416      6567696E 
 416      00
 417 00e0 00       		.ascii	"\000"
 418 00e1 02       		.ascii	"\002"
ARM GAS  /tmp/ccDYudt8.s 			page 31


 419 00e2 00       		.ascii	"\000"
 420 00e3 00000000 		.ascii	"\000\000\000\000\000\000\000\000"
 420      00000000 
 421 00eb 7A010000 		.ascii	"z\001\000\000"
 422              		.text
 423              		.section	.gnu.lto_.opts,"",%progbits
 424 0000 272D6666 		.ascii	"'-ffp-contract=off' '-fmath-errno' '-fsigned-zeros'"
 424      702D636F 
 424      6E747261 
 424      63743D6F 
 424      66662720 
 425 0033 20272D66 		.ascii	" '-ftrapping-math' '-fno-trapv' '-fno-openmp' '-fno"
 425      74726170 
 425      70696E67 
 425      2D6D6174 
 425      68272027 
 426 0066 2D6F7065 		.ascii	"-openacc' '-mcpu=cortex-m4' '-mno-thumb-interwork' "
 426      6E616363 
 426      2720272D 
 426      6D637075 
 426      3D636F72 
 427 0099 272D6D74 		.ascii	"'-mthumb' '-ggdb' '-O2' '-fomit-frame-pointer' '-fa"
 427      68756D62 
 427      2720272D 
 427      67676462 
 427      2720272D 
 428 00cc 6C69676E 		.ascii	"lign-functions=16' '-ffunction-sections' '-fdata-se"
 428      2D66756E 
 428      6374696F 
 428      6E733D31 
 428      36272027 
 429 00ff 6374696F 		.ascii	"ctions' '-fno-common' '-flto'\000"
 429      6E732720 
 429      272D666E 
 429      6F2D636F 
 429      6D6D6F6E 
 430              		.text
 431              		.comm	__gnu_lto_v1,1,1
 432              		.comm	__gnu_lto_slim,1,1
 433              		.ident	"GCC: (GNU Tools for ARM Embedded Processors) 5.4.1 20160609 (release) [ARM/embedded-5-bran
ARM GAS  /tmp/ccDYudt8.s 			page 32


DEFINED SYMBOLS
                            *ABS*:00000000 ihexhelper.c
                            *COM*:00000001 __gnu_lto_v1
                            *COM*:00000001 __gnu_lto_slim

NO UNDEFINED SYMBOLS
