ARM GAS  /tmp/ccJEjpBm.s 			page 1


   1              		.syntax unified
   2              		.cpu cortex-m4
   3              		.fpu softvfp
   4              		.eabi_attribute 20, 1
   5              		.eabi_attribute 21, 1
   6              		.eabi_attribute 23, 3
   7              		.eabi_attribute 24, 1
   8              		.eabi_attribute 25, 1
   9              		.eabi_attribute 26, 1
  10              		.eabi_attribute 30, 2
  11              		.eabi_attribute 34, 1
  12              		.eabi_attribute 18, 4
  13              		.thumb
  14              		.syntax unified
  15              		.file	"memstreams.c"
  16              		.text
  17              	.Ltext0:
  18              		.section	.gnu.lto_.profile.483f80dd2bf138b6,"",%progbits
  19 0000 789C6361 		.ascii	"x\234ca`d`a`\000\222\001\226\000\001C\000\224"
  19      60646061 
  19      60009201 
  19      96000143 
  19      0094
  20              		.text
  21              		.section	.gnu.lto_.icf.483f80dd2bf138b6,"",%progbits
  22 0000 789C6361 		.ascii	"x\234ca`d\000\0015\006\004`c8\364q\376af\306\331\015"
  22      60640001 
  22      35060460 
  22      6338F471 
  22      FE6166C6 
  23 0016 DFDB3898 		.ascii	"\337\3338\230\376\356\273\277\226\221\031L\262L\233"
  23      FEEEBBBF 
  23      9691194C 
  23      B24C9B
  24 0025 D5BE8E8B 		.ascii	"\325\276\216\213\365\353\215\345o\330\030\000i\224\022"
  24      F5EB8DE5 
  24      6FD81800 
  24      699412
  25 0034 5E       		.ascii	"^"
  26              		.text
  27              		.section	.gnu.lto_.jmpfuncs.483f80dd2bf138b6,"",%progbits
  28 0000 789C458B 		.ascii	"x\234E\213\273\021\000 \010C\023@-\235\312\241\254\262"
  28      BB110020 
  28      08431340 
  28      2D9DCAA1 
  28      ACB2
  29 0012 BA5888AF 		.ascii	"\272X\210\257\310]~\001\342\262\360i0\322%&2O\035\242"
  29      C85D7E01 
  29      E2B2F069 
  29      30D22526 
  29      324F1DA2 
  30 0026 BA6DF24D 		.ascii	"\272m\362M\274\3224UD\334\313T\202\003\3606\007\022"
  30      BCD23455 
  30      44DCCB54 
  30      8203F036 
  30      0712
  31              		.text
ARM GAS  /tmp/ccJEjpBm.s 			page 2


  32              		.section	.gnu.lto_.inline.483f80dd2bf138b6,"",%progbits
  33 0000 789CB591 		.ascii	"x\234\265\221=\016\3020\014F?;)\211h\252\302T\220\220"
  33      3D0EC230 
  33      0C463F3B 
  33      298968AA 
  33      C2549090 
  34 0014 C8044C3D 		.ascii	"\310\004L=\003\023#g\340(t\353\330\221\221\221\221\243"
  34      03132367 
  34      E02874EB 
  34      D8919191 
  34      91A3
  35 0026 74E4088C 		.ascii	"t\344\010\214\214\214`\267\022B\242#\216\364\222X\362"
  35      8C8C60B7 
  35      1242A223 
  35      8EF49258 
  35      F2
  36 0037 737E2C08 		.ascii	"s~,\010\022U7i$@\026\310 \022\314VyP\306\361\250)\341"
  36      12553769 
  36      244016C8 
  36      2012CC56 
  36      7950C6F1 
  37 004e DB924177 		.ascii	"\333\222Awg;\012\274.=\354y\031@77a%\370\232\317DH\010"
  37      673B0ABC 
  37      2E3DEC79 
  37      19403737 
  37      6125F89A 
  38 0066 69EFEB4C 		.ascii	"i\357\353LG\352\205\246.\340\236\253\037Bs*\206\205"
  38      47EA85A6 
  38      2EE09EAB 
  38      1F42732A 
  38      8685
  39 0078 8CE99CEC 		.ascii	"\214\351\234\354\227\220\243\334@\255\351\273\014\376"
  39      9790A3DC 
  39      40ADE9BB 
  39      0CFE
  40 0086 31784C6E 		.ascii	"1xLn\363 \352\205l\243&\243$7\242\266\031`\232\275\014"
  40      F320EA85 
  40      6CA326A3 
  40      2437A2B6 
  40      19609ABD 
  41 009b F3E9D23F 		.ascii	"\363\351\322?\303\037\232XxG\340\244^#\275\354X?\340"
  41      C31F9A58 
  41      7847E0A4 
  41      5E23BDEC 
  41      583FE0
  42 00ae 05C57735 		.ascii	"\005\305w5\213"
  42      8B
  43              		.text
  44              		.section	.gnu.lto_.pureconst.483f80dd2bf138b6,"",%progbits
  45 0000 789C6361 		.ascii	"x\234ca`d\340f```e\220b\224b\222b\226b\221\002\000\003"
  45      6064E066 
  45      60606065 
  45      90629462 
  45      92629662 
  46 0018 FE00A2   		.ascii	"\376\000\242"
  47              		.text
  48              		.section	.gnu.lto_put.483f80dd2bf138b6,"",%progbits
ARM GAS  /tmp/ccJEjpBm.s 			page 3


  49 0000 789C8D52 		.ascii	"x\234\215R\315KTQ\024\277\277{\336\2747\243\323\344"
  49      CD4B5451 
  49      14BFBF7B 
  49      DEBC37A3 
  49      D3E4
  50 0012 22086208 		.ascii	"\"\010b\0107b\022\371\014\351/h\323.\250u\013-\301\001"
  50      376212F9 
  50      0CE92F68 
  50      D32EA875 
  50      0B2DC101 
  51 0026 87A4699D 		.ascii	"\207\244i\235\317y\363&\227\266\320P&&\011\261,?&\265"
  51      CF79F326 
  51      97B6D050 
  51      262609B1 
  51      2C3F26B5 
  52 003a D4BEA620 		.ascii	"\324\276\246 \245\032\223\010!Z\245\231\213\242\217"
  52      A51A9308 
  52      215AA599 
  52      8BA28F
  53 0049 B1A255DA 		.ascii	"\261\242U\3329o\006\324U^\230\373\356=s\177_\347^CA"
  53      396F06D4 
  53      555E98FB 
  53      EE3D737F 
  53      5FE75E43 
  54 005e C978414A 		.ascii	"\311xAJ5\362\367\030\377\020P\320\335\257\225\352\014"
  54      35F2F718 
  54      FF1050D0 
  54      DDAF95EA 
  54      0C
  55 006f 6A6D64A1 		.ascii	"jmd\241\234\012*\026\224r\302\004\243T7\000Y8A\250\016"
  55      9C0A2A16 
  55      9472C204 
  55      A3543700 
  55      593841A8 
  56 0084 4D063AF0 		.ascii	"M\006:\360[\377\325x\223\032\317\320/\355\221\202\301"
  56      5BFFD578 
  56      931ACFD0 
  56      2FED9182 
  56      C1
  57 0095 DBE242FF 		.ascii	"\333\342B\377\307\210l\201j\336\256\316\244\277\032"
  57      C7886C81 
  57      6ADEAECE 
  57      A4BF1A
  58 00a4 75430E8F 		.ascii	"uC\016\217\017\317W\332\257\270\336\011\217\264\332"
  58      0FCF57DA 
  58      AFB8DE09 
  58      8FB4DA
  59 00b3 D40A3711 		.ascii	"\324\0127\021\305\020\242\"~\013u|\366\355\302R\267"
  59      C510A222 
  59      7E0B757C 
  59      F6EDC252 
  59      B7
  60 00c4 4587A178 		.ascii	"E\207\241x=\321u}&\\;\3508I\307)\236sB\036\021\206A"
  60      3DD1757D 
  60      265C3BE8 
  60      3849C729 
  60      9E73421E 
ARM GAS  /tmp/ccJEjpBm.s 			page 4


  61 00db DB715C52 		.ascii	"\333q\\R\270\215Z>\235I\017\177\"\252\367\221_\322\353"
  61      B88D5A3E 
  61      9D490F7F 
  61      22AAF791 
  61      5FD2EB
  62 00ee DF226564 		.ascii	"\337\"ed\337\031\207<\266z\247\204l\214\242Ap\206\302"
  62      DF19873C 
  62      B67AA784 
  62      6C8CA241 
  62      7086C2
  63 0101 086AE5F0 		.ascii	"\010j\345\360\317\357K\257B\324\340\003\263\323n\177"
  63      CFEF4BAF 
  63      42D4E003 
  63      B3D36E7F 
  64 0111 A4E68600 		.ascii	"\244\346\206\000\363W\347\366\3659\371T\265G\001\214"
  64      F357E7F6 
  64      F539F954 
  64      B547018C 
  65 0121 EE9495C1 		.ascii	"\356\224\225\301\247Wr\033={\314\224\004\253\306\030"
  65      A757721B 
  65      3D7BCC94 
  65      04ABC618 
  66 0131 6A241227 		.ascii	"j$\022'\031\207)\315\035;\225w67]'\337c.\276[\013F\300"
  66      198729CD 
  66      1D3B9577 
  66      36375D27 
  66      DF632EBE 
  67 0149 AA9A5BC2 		.ascii	"\252\232[\302v\003\2744M\231,\236\254\240L!\210\241"
  67      7603BC34 
  67      4D992C9E 
  67      ACA04C21 
  67      88A1
  68 015b 4A298665 		.ascii	"J)\206eR\352\007\263I\267\213Z\313\227V\220\024S>?\253"
  68      52EA07B3 
  68      49B78B5A 
  68      CB975690 
  68      14533E3F 
  69 0170 B99C7D0D 		.ascii	"\271\234}\015\311\331\342\334\000I\315\245\000{\352"
  69      C9D9E2DC 
  69      0049CDA5 
  69      007BEA
  70 017f F59E2D5A 		.ascii	"\365\236-Z\322\373\200\037\350\317\374\313\256p\026"
  70      D2FB801F 
  70      E8CFFCCB 
  70      AE7016
  71 018e D7E05190 		.ascii	"\327\340Q\220\001\310\211{\256\017\256&G-\373\210G!"
  71      01C8897B 
  71      AE0FAE26 
  71      472DFB88 
  71      4721
  72 01a0 DC45161B 		.ascii	"\334E\026\033b\\a\002\266O9\260\277Dh\356\216a\322g"
  72      625C6102 
  72      B64F39B0 
  72      BF4468EE 
  72      8E61D267 
  73 01b4 90CC9862 		.ascii	"\220\314\230b\206e\244\336\273\007\312\226\\I\242$\004"
  73      8665A4DE 
ARM GAS  /tmp/ccJEjpBm.s 			page 5


  73      BB07CA96 
  73      5C49A224 
  73      04
  74 01c5 297E4CE4 		.ascii	")~L\344;\236\357,;\266v#`\341\236/\3407\367\276o\321"
  74      3B9EEF2C 
  74      3BB67623 
  74      60E19E2F 
  74      E037F7BE 
  75 01db CDA40BBA 		.ascii	"\315\244\013\272D\301\030KD\230\270\177\371\240\324"
  75      44C1184B 
  75      4498B87F 
  75      F9A0D4
  76 01ea B677C1DA 		.ascii	"\266w\301\332\321\205N\271*\213/\237a\230\026\035\314"
  76      D1854EB9 
  76      2A8B2F9F 
  76      6198161D 
  76      CC
  77 01fb 30B54B21 		.ascii	"0\265K!?v\256\360\264\354\253\362\277\276F\204\252J"
  77      3F76AEF0 
  77      B4ECABF2 
  77      BFBE4684 
  77      AA4A
  78 020d D2CF6EA5 		.ascii	"\322\317n\245\177P2\327k\226X\302%\242\251\313\205\\"
  78      7F5032D7 
  78      6B9658C2 
  78      25A2A9CB 
  78      855C
  79 021f 8598E12B 		.ascii	"\205\230\341+\306Cfa\255^\224\235\356V\345\321\226\312"
  79      C6436661 
  79      AD5E949D 
  79      EE56E5D1 
  79      96CA
  80 0231 63D8CCED 		.ascii	"c\330\314\355\367\324\360\037\306g$\253\224K\362\347"
  80      F7D4F01F 
  80      C66724AB 
  80      944BF2E7 
  81 0241 3AC0E0B5 		.ascii	":\300\340\265\314\344\334^Q\324\270\204'\210\352\325"
  81      CCE4DC5E 
  81      51D4B884 
  81      2788EAD5 
  82 0251 A3DB9BC2 		.ascii	"\243\333\233\3024\310#J\231\211V~d\020\016\356\355\241"
  82      34C8234A 
  82      9989567E 
  82      64100EEE 
  82      EDA1
  83 0263 E3ADB1E6 		.ascii	"\343\255\261\346\330\311\323\366\371\204\335\332\324"
  83      D8C9D3F6 
  83      F984DDDA 
  83      D4
  84 0270 66B7C59A 		.ascii	"f\267\305\232\355\304\305\013-M\361\204\035o\211\227"
  84      EDC4C50B 
  84      2D4DF184 
  84      1D6F8997 
  85 0280 97F56795 		.ascii	"\227\365g\225\216\265\243\231\342\211\366\177\334\037"
  85      8EB5A399 
  85      E289F67F 
  85      DC1F
ARM GAS  /tmp/ccJEjpBm.s 			page 6


  86 028e 4455     		.ascii	"DU"
  87              		.text
  88              		.section	.gnu.lto_get.483f80dd2bf138b6,"",%progbits
  89 0000 789C8D52 		.ascii	"x\234\215R\313k\023A\030\237\337\314&\233\215\351\343"
  89      CB6B1341 
  89      189FDFCC 
  89      269B8DE9 
  89      E3
  90 0011 201E2487 		.ascii	" \036$\207^J-jW\254^\275x\361&\350_\320j\241\201\006"
  90      5E4A2D6A 
  90      57AC5EBD 
  90      78F126E8 
  90      5FD06AA1 
  91 0027 83F16CB7 		.ascii	"\203\361l\267\331lZ<\325\203\025C$\025)\325j\037\261"
  91      D96C5A3C 
  91      D5831543 
  91      241529D5 
  91      6A1FB1
  92 003a 8D367D40 		.ascii	"\2156}@\024lA[E\264\007=\210}X\301\007\232\252\010\242"
  92      146C415B 
  92      45B4073D 
  92      887D58C1 
  92      079AAA08 
  93 004f ADDFB71B 		.ascii	"\255\337\267\033\264=\331\201\235\235\371\230\337\343"
  93      B43DD981 
  93      9D9DF998 
  93      DFE3
  94 005d FBCD6802 		.ascii	"\373\315h\002\202G\257\022\242\221\376\207\351\203O"
  94      8247AF12 
  94      A291FE87 
  94      E9834F
  95 006c 40763F11 		.ascii	"@v?\021\242# \245\226\205\260\202\2524'\204\025R\320"
  95      A22320A5 
  95      9685B082 
  95      AA342784 
  95      1552D0
  96 007f BCBA06F0 		.ascii	"\274\272\006\360\302\012@\264K\245\241\035\337\345o"
  96      C20A40B4 
  96      4BA5A11D 
  96      DFE56F
  97 008e 8967C991 		.ascii	"\211g\311\221\214\372&\035%\240\321\2664\237^\256\344"
  97      8CFA261D 
  97      25A0D1B6 
  97      349F5EAE 
  97      E4
  98 009f 2D5043DB 		.ascii	"-PC\333\225B\352\223V\337o\321x\343\274\213]\264\235"
  98      9542EA93 
  98      56DF6FD1 
  98      78E3BC8B 
  98      5DB49D
  99 00b2 638E9262 		.ascii	"c\216\222bC\012\334@\030\375\010\263\370M\324\323\331"
  99      430ADC40 
  99      18FD08B3 
  99      F84DD4D3 
  99      D9
 100 00c3 E7F30BDD 		.ascii	"\347\363\013\335\272\332\013A\353\321\256\336B\250\256"
 100      BADA0B41 
ARM GAS  /tmp/ccJEjpBm.s 			page 7


 100      EBD1AEDE 
 100      42A8AE
 101 00d2 CFB21296 		.ascii	"\317\262\022\226U:m\031\216R\030\200\332\214\243\222"
 101      553A6D19 
 101      8E521880 
 101      DA8CA392 
 102 00e2 C02DD4F1 		.ascii	"\300-\324\361\361\257\237\027\036\033\252\301\205f\307"
 102      F1AF9F17 
 102      1E1BAAC1 
 102      8566C7
 103 00f1 ED7465ED 		.ascii	"\355te\355u\206\026\247gv^\261\212\311\032\207\374\336"
 103      758616A7 
 103      67765EB1 
 103      8AC91A87 
 103      FCDE
 104 0103 DE0AE741 		.ascii	"\336\012\347A\2473\251\201\267J\035t\221\017\177\275"
 104      A733A981 
 104      B74A1D74 
 104      910F7FBD 
 105 0113 9C0D9691 		.ascii	"\234\015\226\221\2233\025\227\255b\007!}\030\362\220"
 105      93331597 
 105      AD620721 
 105      7D18F290 
 106 0123 8D611CF8 		.ascii	"\215a\034\370\213[\312\255_\252\360'\271\261\032\014"
 106      8B5BCAAD 
 106      5FAAF027 
 106      B9B11A0C 
 107 0133 A31683A8 		.ascii	"\243\026\203\250\345\266\250\233\021\370)`pu\370D\321"
 107      E5B6A89B 
 107      11F82960 
 107      7075F844 
 107      D1
 108 0144 DAD8B0AD 		.ascii	"\332\330\260\255b\301?5\376!P\001r-)\032\262\355\243"
 108      62C13F35 
 108      FE215001 
 108      722D291A 
 108      B2EDA3
 109 0157 A5DFCF93 		.ascii	"\245\337\317\223N\223\036\340\311\020\014\012r1\304"
 109      4E931EE0 
 109      C9100C0A 
 109      7231C4
 110 0166 2785F842 		.ascii	"'\205\370B\037\247^\222\222\377j\011\011n\312\325 E"
 110      1FA75E92 
 110      92FF6A09 
 110      096ECAD5 
 110      2045
 111 0178 9B325845 		.ascii	"\2332XEb\"\367\342\232\342\232\255|\344\255\307y\360"
 111      6222F7E2 
 111      9AE29AAD 
 111      7CE4ADC7 
 111      79F0
 112 018a 54E73BD0 		.ascii	"T\347;\320\334\266~\314>\352\012eq\025\216\012\020\000"
 112      DCB67ECC 
 112      3EEA0A65 
 112      71158E0A 
 112      1000
 113 019c 39EE9EEA 		.ascii	"9\356\236\352}+\211!\335\334\357(\003w\220\305:\233"
ARM GAS  /tmp/ccJEjpBm.s 			page 8


 113      7D2B8921 
 113      DDDCEF28 
 113      037790C5 
 113      3A9B
 114 01ae 171885E9 		.ascii	"\027\030\205\351R.\356\362\010\375\333c\030s\031\370"
 114      522EEEF2 
 114      08FDDB63 
 114      187319F8 
 115 01be 61214F0C 		.ascii	"a!O\014\213H\276\262w\227-\021\211\033[I*A\217J\271"
 115      8B48BEB2 
 115      77972D11 
 115      891B5B49 
 115      2A418F4A 
 116 01d3 8E17EE97 		.ascii	"\216\027\356\227\035\353\333\021\320q\327\025p\003\276"
 116      1DEBDB11 
 116      D071D715 
 116      7003BE
 117 01e2 E75AB433 		.ascii	"\347Z\2643\251\217\322\243 \214\316\"D\374\363\302>"
 117      A98FD2A3 
 117      208CCE22 
 117      44FCF3C2 
 117      3E
 118 01f3 AF666C0E 		.ascii	"\257fl\016B\337\022D\007\337Z\225\303\306\002\030g)"
 118      42DF1244 
 118      07DF5A95 
 118      C3C60218 
 118      6729
 119 0205 14885D50 		.ascii	"\024\210]P\270\326\0167\332a\216\326`\221\236\324\353"
 119      B8D60E37 
 119      DA618ED6 
 119      60919ED4 
 119      EB
 120 0216 F4118F31 		.ascii	"\364\021\2171\350\205\221\357\234\313\005\231\324\000"
 120      E88591EF 
 120      9CCB0599 
 120      D400
 121 0224 30416852 		.ascii	"0AhR\355\001\037\371o#\203,\\\315\310\311\177qM\301"
 121      ED011FF9 
 121      6F23832C 
 121      5CCDC8C9 
 121      7F714DC1 
 122 0238 246E6659 		.ascii	"$nfY\353\\M\037\362\264B,\317\211i\356\265\277G\242"
 122      EB5C4D1F 
 122      F2B4422C 
 122      CF8969EE 
 122      B5BF47A2 
 123 024c 5AD88ACF 		.ascii	"Z\330\212\317\257\001\304\267\232\031\233\251b\023\022"
 123      AF01C4B7 
 123      9A199BA9 
 123      621312
 124 025b E7318DB0 		.ascii	"\3471\215\260\314\344c\204Rs\371Vz3`\020E\265\347hk"
 124      CCE46384 
 124      5273F956 
 124      7A336010 
 124      45B5E768 
 125 0270 A43972FC 		.ascii	"\2449r\374\244y&n\2666\265\231m\221f3~\356lKS4nF[\242"
 125      A479266E 
ARM GAS  /tmp/ccJEjpBm.s 			page 9


 125      B636B599 
 125      6D916633 
 125      7EEE6C4B 
 126 028a E565C329 		.ascii	"\345e\303)!#1\025\215\307\320\374\007\023U8."
 126      21233115 
 126      8DC7D0FC 
 126      07135538 
 126      2E
 127              		.text
 128              		.section	.gnu.lto_reads.483f80dd2bf138b6,"",%progbits
 129 0000 789C9592 		.ascii	"x\234\225\222\337KTA\024\307\347;sw\357\256\354\252"
 129      DF4B5441 
 129      14C7E73B 
 129      7377EFAE 
 129      ECAA
 130 0012 4F3D8895 		.ascii	"O=\210\225/b\022y\211\"\3509\3505\250\277@Kp\301-i{"
 130      2F621279 
 130      8922E839 
 130      E835A8BF 
 130      404B70C1 
 131 0029 DF717F88 		.ascii	"\337q\177\210\321\213A.i\306\006\261h?\374\261Y\346"
 131      D18B412E 
 131      69C606B1 
 131      683FFCB1 
 131      59E6
 132 003b 9ADA2251 		.ascii	"\232\332\"QPiTJ\017B\244ED\004\266YH\204n\347\314\265"
 132      5069544A 
 132      0F42A445 
 132      4404B659 
 132      48846EE7 
 133 0051 2C5FB281 		.ascii	",_\262\201;\367\316\231\371~\346|\317\271\226\200\340"
 133      3BF7CE99 
 133      F97EE67C 
 133      CFB99680 
 133      E0
 134 0062 E1B38438 		.ascii	"\341\263\2048@\357\375\364\300# ;f\204h\365I\251f\035"
 134      40EFFDF4 
 134      C023203B 
 134      668468F5 
 134      49A9661D 
 135 0076 A14BACF1 		.ascii	"\241K\254\361\035B\007\024,7l\001\374\241}\020Q\251"
 135      1D420714 
 135      2C376C01 
 135      FCA17D10 
 135      51A9
 136 0088 2C44F14D 		.ascii	",D\361M\256J<O\014\365\250\2572\251\004,Z\026\246\273"
 136      AE4A3C4F 
 136      0CF5A8AF 
 136      32A9042C 
 136      5A16A6BB 
 137 009c DF96F212 		.ascii	"\337\226\362\022\250\242\345%\375\342\254]\333\253u"
 137      A8A2E525 
 137      FDE2AC5D 
 137      DBAB75
 138 00ab 4CBF49BE 		.ascii	"L\277I\276.\353\352\313[I%EQ\012\364\241\022\275\250"
 138      2EEBEACB 
 138      5B492545 
ARM GAS  /tmp/ccJEjpBm.s 			page 10


 138      510AF4A1 
 138      12BDA8
 139 00be E4BBAFA1 		.ascii	"\344\273\257\241\226\316\276\234\236\353\260\325n\010"
 139      96CEBE9C 
 139      9EEBB0D5 
 139      6E08
 140 00cc FA1E6EBF 		.ascii	"\372\036n\277\222\013\324dX\247WNh\177R)\\\207\372S"
 140      920BD464 
 140      58A7574E 
 140      687F5229 
 140      5C87FA53 
 141 00e0 4721811B 		.ascii	"G!\201\033\250\241\323?\316\315\245\374\252\316([3#"
 141      A8A1D33F 
 141      CECDA5FC 
 141      AACE285B 
 141      3323
 142 00f2 69B9AECC 		.ascii	"i\271\256\3146\262\322\302\315\315JK\240\337(W\365\205"
 142      36B2D2C2 
 142      CDCD4A4B 
 142      A0DF2857 
 142      F585
 143 0104 54A9DA6B 		.ascii	"T\251\332k\224]S\235\363\301u\345+\243\224\030\330\254"
 143      945D539D 
 143      F3C175E5 
 143      2BA39418 
 143      D8AC
 144 0116 A4C5206A 		.ascii	"\244\305 j\370\370\362\322\334\023\277\332g\244\351"
 144      F8F8F2D2 
 144      DC13BFDA 
 144      67A4E9
 145 0125 D1787769 		.ascii	"\321xwi\365U\226\346\2273\350\322\371DURy0\364\267\234"
 145      F55596E6 
 145      9733E8D2 
 145      F9445552 
 145      7930F4B7 
 146 013a 079D5ECC 		.ascii	"\007\235^\314\256u\006\275\011M\243\012YTs9\250\012"
 146      AE7506BD 
 146      094DA30A 
 146      59547339 
 146      A80A
 147 014c B7E0E5BE 		.ascii	"\267\340\345\276\014\036\315\353b1\256\363\205\203\017"
 147      0C1ECDEB 
 147      6231AEF3 
 147      85830F
 148 015b CF1F2E83 		.ascii	"\317\037.\203\271P\202\255Z\224\200\327\303\223\227"
 148      B95082AD 
 148      5A9480D7 
 148      C39397
 149 016a 271BBCE5 		.ascii	"'\033\274\345c?~\236J\300\256\002\274\025\344I\210\317"
 149      633F7E9E 
 149      4AC0AE02 
 149      BC15E449 
 149      88CF
 150 017c 04E6A615 		.ascii	"\004\346\246\025\244\344\267ZD\214\3633W\321\305q\262"
 150      A4E4B75A 
 150      448CF333 
 150      57D1C571 
ARM GAS  /tmp/ccJEjpBm.s 			page 11


 150      B2
 151 018d F31EB1B1 		.ascii	"\363\036\261\261\302D\005\207\342\212;\230JN=\263\271"
 151      C2440587 
 151      E28A3B98 
 151      4A4E3DB3 
 151      B9
 152 019e 831E636D 		.ascii	"\203\036cm\345\321\343\366@\032\227\221T6\235\3070\373"
 152      E5D1E3F6 
 152      401A9791 
 152      54369DC7 
 152      30FB
 153 01b0 A078E65D 		.ascii	"\240x\346]l\300v\366p\221n#\2155\266 p\007\216!.ls\201"
 153      6CC076F6 
 153      70916E23 
 153      8D35B620 
 153      70078E21 
 154 01c8 9EAD1146 		.ascii	"\236\255\021F\014\201\335\343\256!\304/\266=\220.\202"
 154      0C81DDE3 
 154      AE21C42F 
 154      B63D902E 
 154      82
 155 01d9 D3229058 		.ascii	"\323\"\220X@b&^\361;f\233j\026\244\022\263\216\361\365"
 155      4062265E 
 155      F13B669B 
 155      6A16A412 
 155      B38EF1F5 
 156 01ed 7DBBB145 		.ascii	"}\273\261E\025\211\263u\332\262~y.\027n\030\256\333"
 156      1589B375 
 156      DAB27E79 
 156      2E176E18 
 156      AEDB
 157 01ff C95A97E2 		.ascii	"\311Z\227\342\333Jr\026FMr\246E97\271\236\266Y\345\""
 157      DB4A7216 
 157      464D72A6 
 157      453937B9 
 157      9EB659E5 
 158 0214 FC44E1E4 		.ascii	"\374D\341\344>\240M\333\034bm.\367i\336\216\256\352"
 158      3EA04DDB 
 158      1C626D2E 
 158      F769DE8E 
 158      AEEA
 159 0226 76ADCB93 		.ascii	"v\255\313\223\312Wdc\030CT\304U\211\221\320e~\223J\366"
 159      CA576463 
 159      184354C4 
 159      558991D0 
 159      657E934A 
 160 023b FE4E9713 		.ascii	"\376N\227\023\370g*\375\374\273\224s\261\356m\024k\334"
 160      F8672AFD 
 160      FCBB9473 
 160      B1EE6D14 
 160      6BDC
 161 024d CD27E575 		.ascii	"\315'\345u)AB\023\213\321)\323\344\377\240NlP'\341\020"
 161      29414213 
 161      8BD129D3 
 161      E4FFA04E 
 161      6C5027E1 
 162 0262 4B7CA4A2 		.ascii	"K|\244\242\026C.\231\343_@p[\322\344UO\227@?\027\270"
ARM GAS  /tmp/ccJEjpBm.s 			page 12


 162      16432E99 
 162      E35F4070 
 162      5BD2E455 
 162      4F97403F 
 163 0278 C054985D 		.ascii	"\300T\230]\207\232B\015\241#\307\234S\021\247\251\276"
 163      879A420D 
 163      A123C79C 
 163      5311A7A9 
 163      BE
 164 0289 D9690E35 		.ascii	"\331i\01658\2213\247\033\353\303\021'\334\030^\377\254"
 164      389133A7 
 164      1BEBC311 
 164      27DC185E 
 164      FFAC
 165 029b 3B2E64A8 		.ascii	";.d\250E6\264\340\244\012GZ~\002h\030M\343"
 165      4536B4E0 
 165      A40A475A 
 165      7E026818 
 165      4DE3
 166              		.text
 167              		.section	.gnu.lto_writes.483f80dd2bf138b6,"",%progbits
 168 0000 789C9552 		.ascii	"x\234\225R\337KTA\024>g\346\336\275\273\313\256\372"
 168      DF4B5441 
 168      143E67E6 
 168      DEBDBBCB 
 168      AEFA
 169 0012 1688862F 		.ascii	"\026\210\206/b\022y\211~\374\003\375\001A\375\005Z\202"
 169      62127989 
 169      7EFC03FD 
 169      0141FD05 
 169      5A82
 170 0024 0B6E49DB 		.ascii	"\013nI\333\373\216{\367\212\321\213\017\271\244\031"
 170      FB8E7BF7 
 170      8AD18B0F 
 170      B9A419
 171 0033 5BC4A295 		.ascii	"[\304\242\225?\363G\256i.B\010\225F\345\322\203\004"
 171      3FF347AE 
 171      692E4208 
 171      9546E5D2 
 171      8304
 172 0045 65111145 		.ascii	"e\021\021Em)\021\241\3339s\267,_\252\201;w\346\314\371"
 172      6D2911A1 
 172      DB3973B7 
 172      2C5FAA81 
 172      3B77E6CC 
 173 005a BEF9BE73 		.ascii	"\276\371\276s\306\000\004\036~\003\3400\375\017\322"
 173      C600041E 
 173      7E03E030 
 173      FD0FD2
 174 0069 8726A0E8 		.ascii	"\207&\240\350Z\006h\367\013!WlPAcv7\250\220D\303\013"
 174      5A0668F7 
 174      0B21576C 
 174      50416376 
 174      37A89044 
 175 007f 1B88BC50 		.ascii	"\033\210\274P~\204\270\220\006\306qCl\012|\234\034\355"
 175      7E84B890 
 175      06C67143 
ARM GAS  /tmp/ccJEjpBm.s 			page 13


 175      6C0A7C9C 
 175      1CED
 176 0091 93EBC295 		.ascii	"\223\353\302\225\200\006m\013K\275\257\312x\213XC\333"
 176      80066D0B 
 176      4BBDAFCA 
 176      788B5843 
 176      DB
 177 00a2 4BEAC939 		.ascii	"K\352\3119\253\276_\251\204zq\357Yy\317@\316p\245\200"
 177      ABBE5FA9 
 177      847A71EF 
 177      5979CF40 
 177      CE70A580 
 178 00b6 A2001CC0 		.ascii	"\242\000\034\300*\354\307*\276\373:\326S\356\323\245"
 178      2AECC72A 
 178      BEFB3AD6 
 178      53EED3A5 
 179 00c6 7C9725F7 		.ascii	"|\227%\367\"\320z\274\363J6T\227a\234\372vR\005\\)\361"
 179      22D07ABC 
 179      F34A3654 
 179      97619CFA 
 179      7652055C 
 180 00dc 06CADF71 		.ascii	"\006\312\337q\024\002\274\211u\224\375\375|>\025\220"
 180      1402BC89 
 180      7594FDFD 
 180      7C3E1590 
 181 00ec 0D1AD99E 		.ascii	"\015\032\331\236\231J\213\022r\276\231\221\006\016\356"
 181      994A8B12 
 181      72BE9991 
 181      060EEE
 182 00fb 441A8043 		.ascii	"D\032\200C\032\271\251.\244\312\344~\215\354Y\350^\015"
 182      1AB9A92E 
 182      A4CAE47E 
 182      8DEC59E8 
 182      5E0D
 183 010d 97901B1A 		.ascii	"\227\220\033\032)px'\2226#X\307\351_>\346\037\004\344"
 183      29707827 
 183      92362358 
 183      C7E95F3E 
 183      E61F04E4 
 184 0121 010D4D4F 		.ascii	"\001\015MO;\275e\265\327\030\232\233\317`\217\312%k"
 184      3BBD65B5 
 184      D7189A9B 
 184      CF608FCA 
 184      256B
 185 0133 5C69E2E8 		.ascii	"\\i\342\350\237p\036\224\2756\266\325\035\366%\025\215"
 185      9F701E94 
 185      BD36B6D5 
 185      1DF62515 
 185      8D
 186 0144 1A1CC35A 		.ascii	"\032\034\303Z.\007U\341\026\372\270/#\307r\252XtTn\356"
 186      2E0755E1 
 186      16FAB82F 
 186      23C772AA 
 186      5874546E 
 187 0159 D0E273B3 		.ascii	"\320\342s\263\034\365\205\002\331\252A\002|&O>\236,"
 187      1CF58502 
 187      D9AA4102 
ARM GAS  /tmp/ccJEjpBm.s 			page 14


 187      7C264F3E 
 187      9E2C
 188 016b E4233F2D 		.ascii	"\344#?-\255\000OAdW!>\012\363\004\360\211\210\271i\005"
 188      AD004F41 
 188      6457213E 
 188      0AF304F0 
 188      8988B969 
 189 0180 21F82FD7 		.ascii	"!\370/\3270\301\372\364Ut\261Cv\336`b\2460Q\311!Gr\007"
 189      30C1FAF4 
 189      5574B143 
 189      76DE6062 
 189      A63051C9 
 190 0198 53EEC223 		.ascii	"S\356\302#\213;hjk_\027\357w\206\322x\031]\351\247|"
 190      8B3B686A 
 190      6B5F17EF 
 190      7786D278 
 190      195DE9A7 
 191 01ad 1C671F14 		.ascii	"\034g\037\024\317\274N\014[\366>.\322\004\246q\213-"
 191      CFBC4E0C 
 191      5BF63E2E 
 191      D204A671 
 191      8B2D
 192 01bf 004EA2AD 		.ascii	"\000N\242\255\031\257\356\362\010\315\177c\230\322\014"
 192      19AFEEF2 
 192      08CD7F63 
 192      98D20C
 193 01ce EC1E6F6B 		.ascii	"\354\036ok\006\347b\307C\341Q\260,\"\202\227\230\\v"
 193      06E762C7 
 193      43E151B0 
 193      2C228297 
 193      985C76
 194 01e1 2A7FC52C 		.ascii	"*\177\305,]\315\202\220\260bk_\371jm\213*\342\260u:"
 194      5DCD8290 
 194      B0626B5F 
 194      F96A6D8B 
 194      2AE2B075 
 195 01f6 327E7AAE 		.ascii	"2~z\256\000/\214\236\333\311j\217\305\377/\342,\234"
 195      002F8C9E 
 195      DBC96A8F 
 195      C5FF2FE2 
 195      2C9C
 196 0208 D6E2748B 		.ascii	"\326\342t\213\262\236\270\276\216\365\222\270\200\303"
 196      B29EB8BE 
 196      8EF592B8 
 196      80C3
 197 0216 3013DE62 		.ascii	"0\023\336b\207\2628\304\330l\366\375\252\025\337T\235"
 197      87B238C4 
 197      D86CF6FD 
 197      AA15DF54 
 197      9D
 198 0227 4A55B832 		.ascii	"JU\2702Pdc8\203q\320\371A\322\341\312\240\22626U\345"
 198      50646338 
 198      8371D0F9 
 198      41D2E1CA 
 198      A0963236 
 199 023d F184FE2A 		.ascii	"\361\204\376*e\210\237K\005\027\353\316v\261f==)\237"
 199      65889F4B 
ARM GAS  /tmp/ccJEjpBm.s 			page 15


 199      0517EBCE 
 199      76B1663D 
 199      3D299F
 200 0250 C712266A 		.ascii	"\307\022&j\342b\352\224n\362\177\260\316m\263\336E\233"
 200      E262EA94 
 200      6EF27FB0 
 200      CE6DB3DE 
 200      459B
 201 0262 B8E01D15 		.ascii	"\270\340\035\025u5\3421s\3743\022\271%h\362\311\301"
 201      7535E231 
 201      73FC3312 
 201      B92568F2 
 201      C9C1
 202 0274 0F488F0B 		.ascii	"\017H\217\013\271\300T\230=GZ\"M\221\243\307\355\323"
 202      B9C05498 
 202      3D475A22 
 202      4D91A3C7 
 202      EDD3
 203 0286 31BBA5B1 		.ascii	"1\273\245\261\325n\2154\331\261\263g\232\033\2431;\332"
 203      D56E8D34 
 203      D9B1B367 
 203      9A1BA331 
 203      3BDA
 204 0298 1C2D2D1B 		.ascii	"\034--\033N\200\210\264\211\2466<%\243\261\266\037\202"
 204      4E8088B4 
 204      89A6363C 
 204      25A3B1B6 
 204      1F82
 205 02aa 224D1A   		.ascii	"\"M\032"
 206              		.text
 207              		.section	.gnu.lto_msObjectInit.483f80dd2bf138b6,"",%progbits
 208 0000 789C9593 		.ascii	"x\234\225\223\313kSA\024\306\347\273s\363\322\246\270"
 208      CB6B5341 
 208      14C6E7BB 
 208      73F3D2A6 
 208      B8
 209 0011 B742C145 		.ascii	"\267B\301E,\242W7n\204n\\\270\024\354_\320HJ\203\015"
 209      2CA25737 
 209      6E846E5C 
 209      B814EC5F 
 209      D0484A83 
 210 0026 9546376E 		.ascii	"\225F7n2y\\\242\033\251\370@\203% \224\324\326\244I"
 210      32795CA2 
 210      1BA9F840 
 210      83252094 
 210      D4D6A449 
 211 003a 7DD65A13 		.ascii	"}\326Z\023\003\"\266\250\010VpU\361\021\260\240mH\245"
 211      0322B6A8 
 211      08567055 
 211      F111B0A0 
 211      6D48A5
 212 004d 5068E339 		.ascii	"Ph\3439\223\273\320\342\302\016\\f\346\334\371~\347"
 212      93BBD0E2 
 212      C20E5C66 
 212      E6DCF97E 
 212      E7
 213 005e CC77EE35 		.ascii	"\314w\3565\005\004\217\264\024\242\233\346\335\364@"
ARM GAS  /tmp/ccJEjpBm.s 			page 16


 213      05048FB4 
 213      14A29BE6 
 213      DDF440
 214 006d 0A18C36F 		.ascii	"\012\030\303o\204\210{\015\200\027\312\013\0213\020"
 214      84887B0D 
 214      8017CA0B 
 214      113310
 215 007c C32F63C3 		.ascii	"\303/c\303@5]\2336\272r\212\306\247o\215Cj\254\002\233"
 215      40355D9B 
 215      36BA728A 
 215      C6A76F8D 
 215      436AAC02 
 216 0091 E44D4393 		.ascii	"\344MC\223\004r\350\242S\357R\305[r\325\260%`\322\266"
 216      0472E8A2 
 216      53EF52C5 
 216      5B72D5B0 
 216      2560D2B6 
 217 00a5 FE3AF3A5 		.ascii	"\376:\363\245\235\267\006:i\333X^\230\367\311\375\020"
 217      9DB7063A 
 217      69DB585E 
 217      98F7C9FD 
 217      10
 218 00b6 B41EBF9A 		.ascii	"\264\036\277\232o\017\214*\225P\352JH\371l)1\016I8\334"
 218      6F0F8C2A 
 218      9550EA4A 
 218      48F96C29 
 218      310E4938 
 219 00cb 4107C6D0 		.ascii	"A\007\306\320!($0\201\000\035\316\245f>\372\244\245"
 219      21282430 
 219      81001DCE 
 219      A5663EFA 
 219      A4A5
 220 00dd 85EF6B23 		.ascii	"\205\357k#\2716GY\326J\023w\267*M\201\274V\336\216/"
 220      B9364759 
 220      D64A1377 
 220      B72A4D81 
 220      BC56DE8E 
 221 00f2 CCFBE511 		.ascii	"\314\373\345\021\255L\347g\277;9+\245\364\236\233\252"
 221      AD4CE767 
 221      BF3B392B 
 221      A5F49E9B 
 221      AA
 222 0103 62DAD285 		.ascii	"b\332\322\205\302V\261K`R\213\327r\325\027\246<\252"
 222      C256B14B 
 222      60528BD7 
 222      72D517A6 
 222      3CAA
 223 0115 C58B7397 		.ascii	"\305\213s\227.\357p\322fuZ\027\212\377P\226\020\340"
 223      2EEF70D2 
 223      66755A17 
 223      8AFF5096 
 223      10E0
 224 0127 E39F4B9B 		.ascii	"\343\237K\233\327\374\356\024\333\325\3312\011Sp\263"
 224      D7FCEE14 
 224      DBD5D932 
 224      095370B3 
 225 0137 ED93272B 		.ascii	"\355\223'+\252\331L*5}xq\357N\362\232\256h\202\313u"
ARM GAS  /tmp/ccJEjpBm.s 			page 17


 225      AAD94C2A 
 225      357D7871 
 225      EF4EF29A 
 225      AE6882CB 
 226 014c 83F37AA1 		.ascii	"\203\363z\241\031b\205D\334\206\272a\360,kH\254\247"
 226      19628544 
 226      DC86BA61 
 226      F02C6B48 
 226      ACA7
 227 015e 3F8C7433 		.ascii	"?\214t3\207\022\\\267\253o=l\255\324\345\255\275\234"
 227      87125CB7 
 227      AB6F3D6C 
 227      ADD4E5AD 
 227      BD9C
 228 0170 BBD096C5 		.ascii	"\273\320\226\305H\2343\372m\351N\222\347\367\250(~9"
 228      489C33FA 
 228      6DE94E92 
 228      E7F7A828 
 228      7E39
 229 0182 FA3551F0 		.ascii	"\3725Q\360X\007l\351\301}d\261\251{\206\007\260\376"
 229      58076CE9 
 229      C17D64B1 
 229      A97B8607 
 229      B0FE
 230 0194 E4783427 		.ascii	"\344x4'\271^n\264\3076\324\015\245vQ\354\"\265\230\303"
 230      B95E6EB4 
 230      C736D40D 
 230      A57651EC 
 230      22B598C3 
 231 01a8 AF3213A7 		.ascii	"\2572\023\247\231>\254\303^<\242\317\342\241Co.M\025"
 231      993EACC3 
 231      5E3CA2CF 
 231      E2A1436F 
 231      2E4D15
 232 01bb 7C2D89EA 		.ascii	"|-\211\352a\316c\312A\374i\304\004\025\235\251\377\250"
 232      61CE63CA 
 232      41FC69C4 
 232      04159DA9 
 232      FFA8
 233 01cd 4BA7E8FF 		.ascii	"K\247\350\377\253\322\304\023]%\273\205\031XIj'\203"
 233      ABD2C413 
 233      5D25BB85 
 233      1958496A 
 233      2783
 234 01df 4A3FB709 		.ascii	"J?\267\011r\341\251\006i\373g\031\344nU\264}\3203\015"
 234      72E1A906 
 234      69FB6719 
 234      E46E55B4 
 234      7DD0330D 
 235 01f3 62375066 		.ascii	"b7Pf\220\227A\253\305\345m\203*\032d2\350\371\337\015"
 235      909741AB 
 235      C5E56D83 
 235      2A1A6432 
 235      E8F9DF0D 
 236 0207 7041A04A 		.ascii	"pA\240J\202%$*\345\343\214\325\177\326\012\371@\375"
 236      8225242A 
 236      E5E38CD5 
ARM GAS  /tmp/ccJEjpBm.s 			page 18


 236      7FD60AF9 
 236      40FD
 237 0219 A73BEC3B 		.ascii	"\247;\354;\326\037\016\206O\364X\203Q\253\277w\300\032"
 237      D61F0E86 
 237      4FF45883 
 237      51ABBF77 
 237      C01A
 238 022b 0807ADE8 		.ascii	"\010\007\255\350\331\241Po$jEB\021gy\360\224\220\221"
 238      D9A1506F 
 238      246A4542 
 238      116779F0 
 238      949091
 239 023e E81977F0 		.ascii	"\350\031w\360\\__h\310\214\206\317\207dh0\372\033\026"
 239      5C5F5F68 
 239      C88C86CF 
 239      87646830 
 239      FA1B16
 240 0251 6842B5   		.ascii	"hB\265"
 241              		.text
 242              		.section	.gnu.lto_vmt.483f80dd2bf138b6,"",%progbits
 243 0000 789C6361 		.ascii	"x\234ca`d\000\201\231@\254\305\000\001\177\231\030w"
 243      60640081 
 243      9940ACC5 
 243      00017F99 
 243      1877
 244 0012 EE7C739B 		.ascii	"\356|s\233\275\376oCGC\303\203\247\2573\330[\231\031"
 244      BDFE6F43 
 244      4743C383 
 244      A7AF33D8 
 244      5B9919
 245 0025 FE336148 		.ascii	"\3763aH5|dlef\374\317\304\210!q\031(\301\364\237\211"
 245      357C646C 
 245      6566FCCF 
 245      C4882171 
 245      1928C1F4 
 246 003b 09436233 		.ascii	"\011Cb3P\202\371?\0233X\342\353\263'\3739,\2665t,hp"
 246      5082F93F 
 246      133358E2 
 246      EBB327FB 
 246      392CB635 
 247 0053 686566F9 		.ascii	"hef\371\307\304\300\270\212\261\376\037\023#\343J\020"
 247      C7C4C0B8 
 247      8AB1FE1F 
 247      1323E34A 
 247      10
 248 0064 C5C4B802 		.ascii	"\305\304\270\002D13.g\254g`\\\315h\301\240\341\234\221"
 248      4431332E 
 248      67AC6760 
 248      5CCD68C1 
 248      A0E19C91 
 249 0078 9994E91F 		.ascii	"\231\224\351\037\254\237_\254\237\221\230\243\237\223"
 249      AC9F5FAC 
 249      9F9198A3 
 249      9F93
 250 0086 99A45F5C 		.ascii	"\231\244_\\R\224\232\230[\254\237\233\232\013e\352%"
 250      52949A98 
 250      5BAC9F9B 
ARM GAS  /tmp/ccJEjpBm.s 			page 19


 250      9A0B65EA 
 250      25
 251 0097 33000088 		.ascii	"3\000\000\210\013M\313"
 251      0B4DCB
 252              		.text
 253              		.section	.gnu.lto_.symbol_nodes.483f80dd2bf138b6,"",%progbits
 254 0000 789C5DC9 		.ascii	"x\234]\311\273\015\2000\020\203a\307\2270\000\013\000"
 254      BB0D8030 
 254      108361C7 
 254      9730000B 
 254      00
 255 0011 93DE5594 		.ascii	"\223\336U\224!<\006\200-\020C0\005%C\020\201h\342\346"
 255      213C0680 
 255      2D104330 
 255      05254310 
 255      8168E2E6 
 256 0025 973E7B38 		.ascii	"\227>{8D\3441Q\201t\0029\373\272\231d\033\251\256\264"
 256      44E43151 
 256      81740239 
 256      FBBA9964 
 256      1BA9AEB4 
 257 0039 81CAD222 		.ascii	"\201\312\322\"UJ\233\251\376\267\303: L\204\325\200"
 257      554A9BA9 
 257      FEB7C33A 
 257      204C84D5 
 257      80
 258 004a B8851ADE 		.ascii	"\270\205\032\336\0130k\263\260\302\325\337\215\310W"
 258      0B306BB3 
 258      B0C2D5DF 
 258      8DC857
 259 0059 3C8C5E24 		.ascii	"<\214^$b"
 259      62
 260              		.text
 261              		.section	.gnu.lto_.refs.483f80dd2bf138b6,"",%progbits
 262 0000 789C05C1 		.ascii	"x\234\005\301\261\001\000\000\010\303\2404\326\335\377"
 262      B1010000 
 262      08C3A034 
 262      D6DDFF
 263 000f AF154A38 		.ascii	"\257\025J8 u\323uT\014\017\0037\000:"
 263      2075D375 
 263      540C0F03 
 263      37003A
 264              		.text
 265              		.section	.gnu.lto_.decls.483f80dd2bf138b6,"",%progbits
 266 0000 789CA557 		.ascii	"x\234\245WkPT\331\021\276}\357\274\030\306\321\022c"
 266      6B5054D9 
 266      11BE7DEF 
 266      BC18C6D1 
 266      1263
 267 0012 FC4125BA 		.ascii	"\374A%\272\305V\361GF\335\335$[\225\252d\213lm%U,Uq"
 267      C556F147 
 267      46DDDD24 
 267      5B95AA64 
 267      8B6C6D25 
 268 002a 357F5245 		.ascii	"5\177RE\000\007\231\0243C\230K\324\374\272*\370@\315"
 268      00079914 
 268      3343984B 
ARM GAS  /tmp/ccJEjpBm.s 			page 20


 268      D4FCBA2A 
 268      F840CD
 269 003d 82B820E2 		.ascii	"\202\270 \342\010\242\253\342cA\300'\240\023\025DEV"
 269      08A2ABE2 
 269      6341C027 
 269      A0131544 
 269      4556
 270 004f 5014F001 		.ascii	"P\024\360\001(>\330EAA\024\001I\237s\356\334;\027\207"
 270      283ED845 
 270      41411401 
 270      499F73EE 
 270      DC3B1787 
 271 0063 CDA6F616 		.ascii	"\315\246\366\026=3\247\247\373\353\356\257\373\2343"
 271      3D33A7A7 
 271      FBEBEEAF 
 271      FB9C33
 272 0072 E838E0C8 		.ascii	"\3508\340\3103o:\307m\3409\356o(\023\370\030Q\267\224"
 272      336F3AC7 
 272      6DE039EE 
 272      6F2813F8 
 272      1851B794 
 273 0086 531F03CA 		.ascii	"S\037\003\3129\224z\224\026\224\016\024=\272\316F!\010"
 273      39947A94 
 273      16940E14 
 273      3DBACE46 
 273      2108
 274 0098 3F074EF3 		.ascii	"?\007N\363\020[3\312L\224Y(gQ\226\240\034E\341\3216"
 274      105B33CA 
 274      4C945928 
 274      675196A0 
 274      1C45E1D1 
 275 00ad 16DF9B88 		.ascii	"\026\337\233\210!~n\3047\001\345-\312\010\312\033\246"
 275      217E6EC4 
 275      3701E52D 
 275      CA08CA1B 
 275      A6
 276 00be A618939F 		.ascii	"\246\030\223\237\372)p\011&\301\016\206K0\307\003p\353"
 276      FA297009 
 276      26C10E86 
 276      4B30C703 
 276      70EB
 277 00d0 83E0B64C 		.ascii	"\203\340\266L\302m\224q\233\002\362%\316sP~\001\357"
 277      C26D9471 
 277      9B02F225 
 277      CE73507E 
 277      01EF
 278 00e2 E2F232C6 		.ascii	"\342\3622\306lx\027\233p\025\032\004\373f\020.\002\361"
 278      6C78179B 
 278      70151A04 
 278      FB66102E 
 278      02F1
 279 00f4 03F9E065 		.ascii	"\003\371\340e\234`\370\244\017!\034\353\227?\006\301"
 279      9C60F8A4 
 279      0F211CEB 
 279      973F06C1 
 280 0104 6D926311 		.ascii	"m\222c\021\334!|\033$\266(\257eL?\376\270\314\213~\212"
 280      DC217C1B 
ARM GAS  /tmp/ccJEjpBm.s 			page 21


 280      24B628AF 
 280      654C3FFE 
 280      B8CC8B7E 
 281 0119 5E9235F1 		.ascii	"^\2225\361\353Cy\210\362\030\245W\306\323\241\364\243"
 281      EB437988 
 281      F218A557 
 281      C6D3A1F4 
 281      A3
 282 012a 0CA03C47 		.ascii	"\014\240<Gy*\353\010\307\3478uV&?\343<\274\255\250\033"
 282      792AEB08 
 282      C7E73875 
 282      56263FE3 
 282      3CBCADA8 
 283 013f B1DE8676 		.ascii	"\261\336\206v\300\332`\006\325\002\260W\240\3021\241"
 283      C0DA6006 
 283      D502B057 
 283      A0C231A1 
 284 014f 4B4EFD53 		.ascii	"KN\375ST\3407\224\327\274\377#\247\200\321?\277\377"
 284      54E03794 
 284      D7BCFF23 
 284      A780D13F 
 284      BFFF
 285 0161 84FFA120 		.ascii	"\204\377\241 *:\310Nl-;s \257y5\000\260\245\337!\000"
 285      2A3AC84E 
 285      6C2D3B73 
 285      20AF7935 
 285      00B0A5DF 
 286 0177 8FA52BC3 		.ascii	"\217\245+\303\2519+5\201\277\350\211\376\301{\026\001"
 286      A9392B35 
 286      81BFE889 
 286      FEC17B16 
 286      01
 287 0188 BB839FAF 		.ascii	"\273\203\237\257=\036\177\010Q\207%|\262%\2117\250\324"
 287      3D1E7F08 
 287      5187257C 
 287      B2258937 
 287      A8D4
 288 019a 9465F694 		.ascii	"\224e\366\224\232\206x\0107\303\004\220u\337\251\221"
 288      9A867808 
 288      37C30490 
 288      75DFA991 
 289 01aa 696C4DBE 		.ascii	"ilM\276\256\362\015\036\321\011\323\311g\276\271\262"
 289      AEF20D1E 
 289      D109D3C9 
 289      67BEB9B2 
 290 01ba BD2E0422 		.ascii	"\275.\004\"\315\373\010L\327\340\320'k%\011\340\033"
 290      CDFB084C 
 290      D7E0D027 
 290      6B2509E0 
 290      1B
 291 01cb 30C36110 		.ascii	"0\303a\020\240\024\242H\364p2\332\033$i\2154P\"\031"
 291      A014A248 
 291      F47032DA 
 291      1B24698D 
 291      34502219 
 292 01df E670F041 		.ascii	"\346p\360A8,\010\347\340\010D\022Lb\005\207 \034\016"
 292      382C08E7 
ARM GAS  /tmp/ccJEjpBm.s 			page 22


 292      E0084412 
 292      4C620587 
 292      201C0E
 293 01f2 4238C12F 		.ascii	"B8\301/-:pa\232\340\246\370O\267}\277AP\360;\327\207"
 293      2D3A7061 
 293      9AE0A6F8 
 293      4FB77DBF 
 293      4150F03B 
 294 0208 1F92A419 		.ascii	"\037\222\244\031p\024\361\313T|\014\027<@y\360\000\335"
 294      7014F1CB 
 294      547C0C17 
 294      3C4079F0 
 294      00DD
 295 021a FDB50546 		.ascii	"\375\265\005F\035\351;\001J\320\021]\336\245\216L=\325"
 295      1DE93B01 
 295      4AD0115D 
 295      DEA58E4C 
 295      3DD5
 296 022c 2DB14005 		.ascii	"-\261@\005P]sF\371N\001\353\236i\006\035.\237_\335\361"
 296      505D7346 
 296      F94E01EB 
 296      9E69061D 
 296      2E9F5FDD 
 297 0241 C08ACB59 		.ascii	"\300\212\313Yf\230\213\313\314-G\362\315\2704 K\344"
 297      66988BCB 
 297      CC2D47F2 
 297      CDB83420 
 297      4BE4
 298 0253 C84255CF 		.ascii	"\310BU\317\300\233\343:\246\"\371\256D\225\267\340\316"
 298      C09BE33A 
 298      A622F9AE 
 298      4495B7E0 
 298      CE
 299 0264 51AB700E 		.ascii	"Q\253p\016h5g_\225\325\233T\266\306\242)[\2471\211\223"
 299      6835675F 
 299      95D59B54 
 299      B6C6A229 
 299      5BA73189 
 300 0279 6A3506B9 		.ascii	"j5\006\271\030l\313Zif\203\225\203c\230z\025\246\016"
 300      186CCB5A 
 300      69668395 
 300      8363987A 
 300      15A60E
 301 028c A7B01E83 		.ascii	"\247\260\036\203\\\317\011T\036g\365\274\030\031\250"
 301      5CCF0954 
 301      1E67F5BC 
 301      1819A8
 302 029b D2098D2C 		.ascii	"\322\011\215,FmV_mH\000cQ\224\261Z\214Q\255\3068\015"
 302      466D565F 
 302      6D480063 
 302      5194B15A 
 302      8C51ADC6 
 303 02b1 5307A909 		.ascii	"S\007\251\011\036\344\326\346\353\267\015\302\015\026"
 303      1EE4D6E6 
 303      EBB70DC2 
 303      0D16
 304 02bf A462637B 		.ascii	"\244bc{\201\036\314\221\301\021|A\020X:/\233\376\320"
ARM GAS  /tmp/ccJEjpBm.s 			page 23


 304      811ECC91 
 304      C1117C41 
 304      10583A2F 
 304      9BFED0
 305 02d2 BC1E870D 		.ascii	"\274\036\207\015\316b>g\324|ji>\030%7\363\333\033\306"
 305      CE623E67 
 305      D47C6A69 
 305      3E182537 
 305      F3DB1BC6 
 306 02e6 397932EC 		.ascii	"9y2\354\\\0355\364\003s\360\037\230\203\257\225\240"
 306      5C1D35F4 
 306      0373F01F 
 306      9883AF95 
 306      A0
 307 02f7 63D60397 		.ascii	"c\326\003\227\213|\206\367\212%_\271\324\325\272\365"
 307      8B7C86F7 
 307      8A255FB9 
 307      D4D5BAF5 
 308 0307 D3EE3DEB 		.ascii	"\323\356=\353\244\354\325\222\364{j\010\007T|\374H\336"
 308      A4ECD592 
 308      F47B6A08 
 308      07547CFC 
 308      48DE
 309 0319 F6C36DDC 		.ascii	"\366\303m\334\030\347\340=2\324wK6L\023\252\331^\370"
 309      18E7E03D 
 309      32D4774B 
 309      364C13AA 
 309      D95EF8
 310 032c E6F068B9 		.ascii	"\346\360h\271\331\337}6\020\205\335\257\207MSgRG3\271"
 310      D9DF7D36 
 310      1085DDAF 
 310      874D5367 
 310      524733B9 
 311 0340 E0CF6457 		.ascii	"\340\317dWkW\276\211e\342;Yoai\020#8\257fq>0\213z\232"
 311      6B57BE89 
 311      65E23B59 
 311      6F616910 
 311      2338AF66 
 312 035a C548CED5 		.ascii	"\305H\316\325*\275p\226eq\267\241\364\020\231\267X6"
 312      2ABD7096 
 312      6571B7A1 
 312      F41099B7 
 312      5836
 313 036c 51D303B6 		.ascii	"Q\323\003\266^,\333z{G\372OX\204:j\316\027o9\322\253"
 313      5E2CDB7A 
 313      7B47FA4F 
 313      58843A6A 
 313      CE176F39 
 314 0382 573A7D2A 		.ascii	"W:}*\357\257\203\231\204\332F\314\363\262\0324V\331"
 314      EFAF8399 
 314      84DA46CC 
 314      F3B21A34 
 314      56D9
 315 0394 1BEFF4E9 		.ascii	"\033\357\364\351\012\366)V\356\323%T6\260N\267\3254"
 315      0AF62956 
 315      EED32554 
 315      36B04EB7 
ARM GAS  /tmp/ccJEjpBm.s 			page 24


 315      D534
 316 03a6 0E09948C 		.ascii	"\016\011\224\214Fe{l{r1\304\222\245\242\320\235\243"
 316      46657B6C 
 316      7B7231C4 
 316      92A5A2D0 
 316      9DA3
 317 03b8 B2D10416 		.ascii	"\262\321\004\026\371\354(o\332\336m\245\316\250\203"
 317      F9EC286F 
 317      DADE6DA5 
 317      CEA883
 318 03c7 AB6C237D 		.ascii	"\253l#}U\260i\263\262\271\276e\272\214\211\346\022\010"
 318      55B069B3 
 318      B2B9BE65 
 318      BA8C89E6 
 318      1208
 319 03d9 E4B75183 		.ascii	"\344\267Q\203\330L\371\275\346\347\267b\270\357\215"
 319      D84CF9BD 
 319      E6E7B762 
 319      B8EF8D
 320 03e8 55E9F46F 		.ascii	"U\351\364o\213*$i#z\352\210\035\\T\253\275\030Hq\013"
 320      8B2A2469 
 320      237AEA88 
 320      1D5C54AB 
 320      BD184871 
 321 03fd A5F84AA1 		.ascii	"\245\370J\2417\007\204b\001\246\252\315\333z?;\304,"
 321      37078462 
 321      01A6AACD 
 321      DB7A3F3B 
 321      C42C
 322 040f 1F1FD9FF 		.ascii	"\037\037\331\377\373\370\350\275sb\314\242!\243U\223"
 322      FBF8E8BD 
 322      7362CCA2 
 322      21A35593 
 323 041f FA4D858C 		.ascii	"\372M\205\214\262\003\257G\031\031\250\203\033\254\360"
 323      B203AF47 
 323      1919A883 
 323      1BACF0
 324 042e B2FE97EB 		.ascii	"\262\376\227\353\225Y\273\305t{\013\233\356\351\247"
 324      9559BBC5 
 324      747B0B9B 
 324      EEE9A7
 325 043d 26A39D92 		.ascii	"&\243\235\222\321\346'\303{\2544;T\036\266\032\273L"
 325      D1E627C3 
 325      7BAC343B 
 325      541EB61A 
 325      BB4C
 326 044f 04DAC075 		.ascii	"\004\332\300u\225\210\353\201DtP\"v\345m}\033*\354\237"
 326      9588EB81 
 326      44745022 
 326      76E56D7D 
 326      1B2AEC9F 
 327 0463 9A88863D 		.ascii	"\232\210\206=uYzEw\207\245\226\227s*3Di\350]\246l\031"
 327      75597A45 
 327      7787A596 
 327      97732A33 
 327      4469E85D 
 328 047a 68F486B2 		.ascii	"h\364\206\262\223q\006.wT\017]\326\263\245\011\227\257"
ARM GAS  /tmp/ccJEjpBm.s 			page 25


 328      9371062E 
 328      77540F5D 
 328      D6B3A509 
 328      97AF
 329 048c F69FABD3 		.ascii	"\366\237\253\323\011U,P\311\352\326+\323\204\223l\261"
 329      09552C50 
 329      C9EAD62B 
 329      D384936C 
 329      B1
 330 049d 3FA3BA3D 		.ascii	"?\243\272=D\250e\213\234\211\2757B\204\013l1\261\273"
 330      44A8658B 
 330      9C89BD37 
 330      42840B6C 
 330      31B1BB
 331 04b0 6D858653 		.ascii	"m\205\206S\262\203U\006\036*\234>[w\372\256Uh`^\317"
 331      B2835506 
 331      1E2A9C3E 
 331      5B77FAAE 
 331      5568605E 
 332 04c5 F6D5AE17 		.ascii	"\366\325\256\0274n\315\032\267\307\212[\353\343S\303"
 332      346ECD1A 
 332      B7C78A5B 
 332      EBE353C3 
 333 04d5 A1C255E6 		.ascii	"\241\302U\346v\375N\3716^\343\326\256q\353U\334Zj\016"
 333      76FD4EF9 
 333      365EE3D6 
 333      AE71EB55 
 333      DC5A6A0E 
 334 04e9 355985EB 		.ascii	"5Y\205\353\314\355\370\243K\365fv\001H\344^\274]\324"
 334      CCEDF8A3 
 334      4BF56676 
 334      0148E45E 
 334      BC5DD4
 335 04fc DE011A98 		.ascii	"\336\001\032\230:\015L\237\037\306\360\366\214\327g"
 335      3A0D4C9F 
 335      1FC6F0F6 
 335      8CD767
 336 050b 8288B088 		.ascii	"\202\210\260\210\210\210\310\022b\337\225S\364\273\334"
 336      8888C812 
 336      62DF9553 
 336      F4BBDC
 337 051a B552C302 		.ascii	"\265R\303\002bD\317\210g\020\246\356\314.\352\177\214"
 337      6244CF88 
 337      6710A6EE 
 337      CC2EEA7F 
 337      8C
 338 052b BC7239F2 		.ascii	"\274r9\362\015-\201\310\301\367h\321I,\276\223]\260"
 338      0D2D81C8 
 338      C1F768D1 
 338      492CBE93 
 338      5DB0
 339 053d DDF002E7 		.ascii	"\335\360\002\347\264\037\"`\000\3459\312S\210\240W9"
 339      B41F2260 
 339      00E539CA 
 339      5388A057 
 339      39
 340 054e 8D24E156 		.ascii	"\215$\341V\201\014\201\324\004O&\307\261\2210\013\303"
ARM GAS  /tmp/ccJEjpBm.s 			page 26


 340      810C81D4 
 340      044F26C7 
 340      B191300B 
 340      C3
 341 055f 27DB226D 		.ascii	"'\333\"m\360(\250-KIc\214\255\241Gm\220\002(2=\236|"
 341      F028A82D 
 341      4B49638C 
 341      ADA1476D 
 341      90022832 
 342 0576 A3F19264 		.ascii	"\243\361\222d\"6\234<\2412\301\207wv\037\260\204\311"
 342      22369C3C 
 342      A132C187 
 342      77761FB0 
 342      84C9
 343 0588 35FAA6AC 		.ascii	"5\372\246\254\221\013Z \031\275\335\347\237X5=\030\014"
 343      910B5A20 
 343      19BDDDE7 
 343      9F58353D 
 343      180C
 344 059a C8838321 		.ascii	"\310\203\203!\245\225\317\307\274'B\330\220\316\302"
 344      A595CFC7 
 344      BC2742D8 
 344      90CEC2
 345 05a9 E5786776 		.ascii	"\345xgv\266\2215\263\2304s(\267\243\323*l\324\221N\033"
 345      B69135B3 
 345      98347328 
 345      B7A3D32A 
 345      6CD4914E 
 346 05be F35FB408 		.ascii	"\363_\264\010\200\315\012\213\214\210\240\305\372\216"
 346      80CD0A8B 
 346      8C88A0C5 
 346      FA8E
 347 05cc AEFB6581 		.ascii	"\256\373e\201\344\303r\021\020z0\261\321\037\340\321"
 347      E4C37211 
 347      107A30B1 
 347      D11FE0D1 
 348 05dc 57590FCC 		.ascii	"WY\017\314\232l\244\356\311\326\201\335\325PIv\330\203"
 348      9A6CA4EE 
 348      C9D681DD 
 348      D5504976 
 348      D883
 349 05ee A0D84146 		.ascii	"\240\330AFa\030\015^R\244Qy\016\306p\016^#=oP\336\242"
 349      61180D5E 
 349      52A45179 
 349      0EC6700E 
 349      5E233D6F 
 350 0605 8CA08CCB 		.ascii	"\214\240\214\313T\261.x\361j\3026\214j\333\020$\347"
 350      54B12E78 
 350      F16AC236 
 350      8C6ADB10 
 350      24E7
 351 0617 5793B3E8 		.ascii	"W\223\263\350\204\340\243B\214\357\007/\220\032\223"
 351      84E0A342 
 351      8CEF072F 
 351      901A93
 352 0626 D3FFE0CD 		.ascii	"\323\377\340\315[&!\2332\313\367\236\317|5\035\302\""
 352      5B26219B 
ARM GAS  /tmp/ccJEjpBm.s 			page 27


 352      32CBF79E 
 352      CF7C351D 
 352      C222
 353 0638 839602AB 		.ascii	"\203\226\002\253\371\310\377\243\232*\003^w\022\037"
 353      F9C8FFA3 
 353      9A2A035E 
 353      77121F
 354 0647 86BF5295 		.ascii	"\206\277R\225s\217\224F\243\356\271{\341\231A3\030\304"
 354      738F9446 
 354      A3EEB97B 
 354      E1994133 
 354      18C4
 355 0659 521D8C35 		.ascii	"R\035\2145\274\1770*\216\364\355\013\245'\034\352\340"
 355      BC7F302A 
 355      8EF4ED0B 
 355      A5271CEA 
 355      E0
 356 066a 1E3BE176 		.ascii	"\036;\341v\274\332\270]s\375/\235\035\340\234\301\223"
 356      BCDAB85D 
 356      73FD2F9D 
 356      1DE09CC1 
 356      93
 357 067b 03792D2F 		.ascii	"\003y-/\037\310[\317\177y\222\334N\305\344vjY\336\255"
 357      1FC85BCF 
 357      7F7992DC 
 357      4EC5E476 
 357      6A59DEAD 
 358 068f DC4E6887 		.ascii	"\334Nh\207\007\260\222\334\355\300C9\223'\207r\341\301"
 358      07B092DC 
 358      EDC04339 
 358      93278772 
 358      E1C1
 359 06a1 EA4A83E0 		.ascii	"\352J\203\340\245\344\300\325\262\336M\006a/[\224\027"
 359      A5E4C0D5 
 359      B2DE4D06 
 359      612F5B94 
 359      17
 360 06b2 3EBA4C7E 		.ascii	">\272L~\245\302z^\220\357\326\325\276\375\323\204R\366"
 360      A5C27A5E 
 360      90EFD6D5 
 360      BEFDD384 
 360      52F6
 361 06c4 75C9D7BB 		.ascii	"u\311\327\273Z\310\271\014\033\361k\330\300\353\264"
 361      5AC8B90C 
 361      1BF16BD8 
 361      C0EBB4
 362 06d3 BF6396CE 		.ascii	"\277c\226\316\246.\227\2749\245F\345H\337\304\254:\306"
 362      A62E97BC 
 362      39A546E5 
 362      48DFC4AC 
 362      3AC6
 363 06e5 72DF98A8 		.ascii	"r\337\230\2502\306\002\233\231.\253\375\314V\203\377"
 363      32C6029B 
 363      992EABFD 
 363      CC5683FF 
 364 06f5 56DAC274 		.ascii	"V\332\302t7\327n\036\266\316;\252+\222L\024\254\266"
 364      37D76E1E 
ARM GAS  /tmp/ccJEjpBm.s 			page 28


 364      B6CE3BAA 
 364      2B924C14 
 364      ACB6
 365 0707 A0B75247 		.ascii	"\240\267RGm\276\344\347Q\315\360\375-\271F\241\222e"
 365      6DBEE4E7 
 365      51CDF0FD 
 365      2DB946A1 
 365      9265
 366 0719 F4BC6870 		.ascii	"\364\274hp\037\201\200\034^\200l\302\015\331Vw\012j"
 366      1F81801C 
 366      5E806CC2 
 366      0DD95677 
 366      0A6A
 367 072b F44235B3 		.ascii	"\364B5\2638\224\277\367\032-)\227\344\274\225E\031\335"
 367      3894BFF7 
 367      1A2D2997 
 367      E4BC9545 
 367      19DD
 368 073d F2DD83D0 		.ascii	"\362\335\203\320@\2461\001\231i\330\206&\360\025%\373"
 368      40A63101 
 368      9969D886 
 368      26F01525 
 368      FB
 369 074e DF7EB2DB 		.ascii	"\337~\262\333\316f\2750\"\331]\331RW\376\243\225k\366"
 369      CE66BD30 
 369      22D95DD9 
 369      5257FEA3 
 369      956BF6
 370 0761 ACF3E1AF 		.ascii	"\254\363\341\257-\241\355g\304\020\326\3612\333\220"
 370      2DA1ED67 
 370      C410D6F1 
 370      32DB90
 371 0770 C5EBC88A 		.ascii	"\305\353\310\212\375\027\224G\311\356\312\353\2511\277"
 371      FD179447 
 371      C9EECAEB 
 371      A931BF
 372 077f BF47BA56 		.ascii	"\277G\272VL\372\364\227\335\245\030\022\350\201\321"
 372      4CFAF497 
 372      DDA51812 
 372      E881D1
 373 078e C39AA49C 		.ascii	"\303\232\244\234=\034\325|\201\251\346\363\357\243\347"
 373      3D1CD57C 
 373      81A9E6F3 
 373      EFA3E7
 374 079d D87073B1 		.ascii	"\330ps\261\366\306 \301\324\201\330\316\246\211\274"
 374      F6C620C1 
 374      D481D8CE 
 374      A689BC
 375 07ac 4F71B96E 		.ascii	"Oq\271n~\330Y\241\367#d\020\204\317\003'*\306?\215Y"
 375      7ED859A1 
 375      F7236410 
 375      84CF0327 
 375      2AC63F8D 
 376 07c1 CF4AFA98 		.ascii	"\317J\372\230\357\016\234\306\002~\012g\3158\""
 376      EF0E9CC6 
 376      027E0A67 
 376      CD3822
ARM GAS  /tmp/ccJEjpBm.s 			page 29


 377 07d0 636CC2C8 		.ascii	"cl\302\310\277%mmm\254\343;\321\277\220\371\367T\265"
 377      BF256D6D 
 377      6DACE33B 
 377      D1BF90F9 
 377      F754B5
 378 07e3 8C5B7F88 		.ascii	"\214[\177\210\343]\224c/\345\230.\204\324t\321\364\331"
 378      E35D9463 
 378      2FE5982E 
 378      84D474D1 
 378      F4D9
 379 07f5 E74BE646 		.ascii	"\347K\346F\177\3741\027\022\027\227\356p\211\277\211"
 379      7FFC3117 
 379      121797EE 
 379      7089BF89 
 380 0805 1397D8D2 		.ascii	"\023\227\330\322=i\266\004\207\313\266<1q~|\232s\276"
 380      3D69B604 
 380      87CBB63C 
 380      31717E7C 
 380      9A73BE
 381 0818 CBEDB2CF 		.ascii	"\313\355\262\317\267\307'8\346\177\024\367\341\374E"
 381      B7C72738 
 381      E67F14F7 
 381      E1FC45
 382 0827 0B16FEEA 		.ascii	"\013\026\376\352\037\213l\232/l\016WbJ\3722\273\315"
 382      1F8B6C9A 
 382      2F6C0E57 
 382      624AFA32 
 382      BBCD
 383 0839 199F98EC 		.ascii	"\031\237\230\354p\331mq\313\354I\361\351)b\234\270*"
 383      70D96D71 
 383      CBEC49F1 
 383      E929629C 
 383      B82A
 384 084b D5EE894A 		.ascii	"\325\356\211J\346\2142\372\237~\012\272g\225\307\026"
 384      E68C32FA 
 384      9F7E0ABA 
 384      6795C716 
 385 085b E7119721 		.ascii	"\347\021\227!\024Bb\312\370\341\203Eq\242Q~\327;=\313"
 385      144262CA 
 385      F8E18345 
 385      71A2517E 
 385      D73B3DCB 
 386 086f E3C45F47 		.ascii	"\343\304_G';\022\034\261\213mn\217-\321\355t\272]\266"
 386      273B121C 
 386      B18B6D6E 
 386      8F2DD1ED 
 386      74BA5DB6 
 387 0883 54779AE8 		.ascii	"Tw\232\350\261}\362\347\230\350\230\225D\227\352H\261"
 387      B17DF2E7 
 387      98E89895 
 387      4497EA48 
 387      B1
 388 0894 A7796C9F 		.ascii	"\247yl\237EG\333\022\223\375)F\006\370%\307\247\330"
 388      4547DB12 
 388      93FD2946 
 388      06F825C7 
 388      A7D8
ARM GAS  /tmp/ccJEjpBm.s 			page 30


 389 08a6 521C0936 		.ascii	"R\034\0116\217\230f\217wzlN\273S\376\030\225\310\011"
 389      8F98668F 
 389      777A6C4E 
 389      BB53FE18 
 389      95C809
 390 08b9 CBEDA21E 		.ascii	"\313\355\242\036\027\313<\006\217\343_\3668q\361\217"
 390      17CB3C06 
 390      8FE35FF6 
 390      3871F18F 
 391 08c9 2B8A00A2 		.ascii	"+\212\000\242\301\244\342>\212\3720j\241Z\242\270\014"
 391      C1A4E23E 
 391      8AFA306A 
 391      A15AA2B8 
 391      0C
 392 08da A9C36C0C 		.ascii	"\251\303l\014+\322\034\242\335cqzb\023\376nO\024\377"
 392      2BD21CA2 
 392      DD63717A 
 392      6213FE6E 
 392      4F14FF
 393 08ed E8728882 		.ascii	"\350r\210\202\335\355\321\221\220\206\204\364\244${"
 393      DDEDD191 
 393      908684F4 
 393      A4247B
 394 08fc 9AF04FA7 		.ascii	"\232\360O\247\250#\211\350\251\261%\306\356\\L\263\\"
 394      A82389E8 
 394      A9B125C6 
 394      EE5C4CB3 
 394      5C
 395 090d 1AF3C58F 		.ascii	"\032\363\305\217\254\006\003\271\223\222<v\2218\273"
 395      AC0603B9 
 395      93923C76 
 395      9138BB
 396 091c D356317F 		.ascii	"\323V1\177\003Z$\246\256\322\245\330\343\223\214.\267"
 396      035A24A6 
 396      AED2A5D8 
 396      E3938C2E 
 396      B7
 397 092d 989CE65E 		.ascii	"\230\234\346^\001\013\215I\256\271\236T{\"j\\\256\364"
 397      010B8D49 
 397      AEB99E54 
 397      7B226A5C 
 397      AEF4
 398 093f 94944F7F 		.ascii	"\224\224O\177R/\3054\207k9\306\377/\217<c\361"
 398      522FC534 
 398      876B39C6 
 398      FF2F8F3C 
 398      63F1
 399              		.text
 400              		.section	.gnu.lto_.symtab.483f80dd2bf138b6,"",%progbits
 401 0000 6D734F62 		.ascii	"msObjectInit\000"
 401      6A656374 
 401      496E6974 
 401      00
 402 000d 00       		.ascii	"\000"
 403 000e 00       		.ascii	"\000"
 404 000f 00       		.ascii	"\000"
 405 0010 00000000 		.ascii	"\000\000\000\000\000\000\000\000"
ARM GAS  /tmp/ccJEjpBm.s 			page 31


 405      00000000 
 406 0018 05010000 		.ascii	"\005\001\000\000"
 407              		.text
 408              		.section	.gnu.lto_.opts,"",%progbits
 409 0000 272D6666 		.ascii	"'-ffp-contract=off' '-fmath-errno' '-fsigned-zeros'"
 409      702D636F 
 409      6E747261 
 409      63743D6F 
 409      66662720 
 410 0033 20272D66 		.ascii	" '-ftrapping-math' '-fno-trapv' '-fno-openmp' '-fno"
 410      74726170 
 410      70696E67 
 410      2D6D6174 
 410      68272027 
 411 0066 2D6F7065 		.ascii	"-openacc' '-mcpu=cortex-m4' '-mno-thumb-interwork' "
 411      6E616363 
 411      2720272D 
 411      6D637075 
 411      3D636F72 
 412 0099 272D6D74 		.ascii	"'-mthumb' '-ggdb' '-O2' '-fomit-frame-pointer' '-fa"
 412      68756D62 
 412      2720272D 
 412      67676462 
 412      2720272D 
 413 00cc 6C69676E 		.ascii	"lign-functions=16' '-ffunction-sections' '-fdata-se"
 413      2D66756E 
 413      6374696F 
 413      6E733D31 
 413      36272027 
 414 00ff 6374696F 		.ascii	"ctions' '-fno-common' '-flto'\000"
 414      6E732720 
 414      272D666E 
 414      6F2D636F 
 414      6D6D6F6E 
 415              		.text
 416              		.comm	__gnu_lto_v1,1,1
 417              		.comm	__gnu_lto_slim,1,1
 418              		.ident	"GCC: (GNU Tools for ARM Embedded Processors) 5.4.1 20160609 (release) [ARM/embedded-5-bran
ARM GAS  /tmp/ccJEjpBm.s 			page 32


DEFINED SYMBOLS
                            *ABS*:00000000 memstreams.c
                            *COM*:00000001 __gnu_lto_v1
                            *COM*:00000001 __gnu_lto_slim

NO UNDEFINED SYMBOLS
