ARM GAS  /tmp/cc5I2lYd.s 			page 1


   1              		.syntax unified
   2              		.cpu cortex-m4
   3              		.fpu softvfp
   4              		.eabi_attribute 20, 1
   5              		.eabi_attribute 21, 1
   6              		.eabi_attribute 23, 3
   7              		.eabi_attribute 24, 1
   8              		.eabi_attribute 25, 1
   9              		.eabi_attribute 26, 1
  10              		.eabi_attribute 30, 2
  11              		.eabi_attribute 34, 1
  12              		.eabi_attribute 18, 4
  13              		.thumb
  14              		.syntax unified
  15              		.file	"nvic.c"
  16              		.text
  17              	.Ltext0:
  18              		.section	.gnu.lto_.profile.d45808331d96ab41,"",%progbits
  19 0000 789C6361 		.ascii	"x\234ca`d`a`\000\222\352R\000\000\322\000L"
  19      60646061 
  19      600092EA 
  19      520000D2 
  19      004C
  20              		.text
  21              		.section	.gnu.lto_.icf.d45808331d96ab41,"",%progbits
  22 0000 789C6361 		.ascii	"x\234ca`d\000\001\005\006\004`ex:\377\316>f\306eS\316"
  22      60640001 
  22      05060460 
  22      65783AFF 
  22      CE3E66C6 
  23 0017 7473309D 		.ascii	"ts0\235}\334\372\217\203y\346\221\235\375\\,\333\276"
  23      7DDCFA8F 
  23      8379E691 
  23      9DFD5C2C 
  23      DBBE
  24 0029 2F7CC6CE 		.ascii	"/|\306\316\000\000\373'\017\024"
  24      0000FB27 
  24      0F14
  25              		.text
  26              		.section	.gnu.lto_.jmpfuncs.d45808331d96ab41,"",%progbits
  27 0000 789C6361 		.ascii	"x\234ca`d\000\001k\006\004`a`bdd\256\257g\004\202z&"
  27      60640001 
  27      6B060460 
  27      61606264 
  27      64AEAF67 
  28 0018 089B89F1 		.ascii	"\010\233\211\361/\023c\363\257\375\237\371\352\3776"
  28      2F1363F3 
  28      AFFD9FF9 
  28      EAFF36
  29 0027 CC686810 		.ascii	"\314hh\020hef\350d\006*f\\\316X\317\300\310\302\300"
  29      686566E8 
  29      64062A66 
  29      5CCE58CF 
  29      C0C8C2C0 
  30 003b 0252CC00 		.ascii	"\002R\314\000\000\236\356\015\177"
  30      009EEE0D 
  30      7F
ARM GAS  /tmp/cc5I2lYd.s 			page 2


  31              		.text
  32              		.section	.gnu.lto_.inline.d45808331d96ab41,"",%progbits
  33 0000 789C458E 		.ascii	"x\234E\216\321\015\3020\014D\357\\+I\333\017\030\000"
  33      D10DC230 
  33      0C44EF5C 
  33      2B49DB0F 
  33      1800
  34 0012 A99980B5 		.ascii	"\251\231\200\265\350\"\354\321?\006\340\233\025\020"
  34      E822ECD1 
  34      3F06E09B 
  34      1510
  35 0020 A3F0C107 		.ascii	"\243\360\301\007\022B\352%\245\305\222cYw~\027\007Q"
  35      1242EA25 
  35      A5C59263 
  35      59777E17 
  35      0751
  36 0032 EA8A7F39 		.ascii	"\352\212\1779\320\2654\346\"\225\307\303\363\2100\015"
  36      D0B534E6 
  36      2295C7C3 
  36      F388300D 
  37 0042 067BEC1C 		.ascii	"\006{\354\034\332\222\224\244\323\024\311ji|\032\026"
  37      DA9294A4 
  37      D314C96A 
  37      697C1A16 
  38 0052 8B54AF10 		.ascii	"\213T\257\020C\333\321\221\307\257\361\363\276\337\342"
  38      43DBD191 
  38      C7AFF1F3 
  38      BEDFE2
  39 0061 CBCE0DD9 		.ascii	"\313\316\015\331\363\302\203\270\247\337\324qMr\261"
  39      F3C283B8 
  39      A7DFD471 
  39      4D72B1
  40 0070 178250FB 		.ascii	"\027\202P\373\222\224\313g\254\027\212\352\030\326\250"
  40      9294CB67 
  40      AC178AEA 
  40      18D6A8
  41 007f CDB84561 		.ascii	"\315\270Ea\006\242\017\027\255"
  41      06A20F17 
  41      AD
  42              		.text
  43              		.section	.gnu.lto_.pureconst.d45808331d96ab41,"",%progbits
  44 0000 789C6361 		.ascii	"x\234ca`d\340d```a\220b\224b\222b\221\002\000\002\263"
  44      6064E064 
  44      60606061 
  44      90629462 
  44      92629102 
  45 0017 0082     		.ascii	"\000\202"
  46              		.text
  47              		.section	.gnu.lto_nvicEnableVector.d45808331d96ab41,"",%progbits
  48 0000 789C9D53 		.ascii	"x\234\235S\317k\023A\030\2357\223\315n4I\217\036\014"
  48      CF6B1341 
  48      189D3793 
  48      CD6E3449 
  48      8F1E0C
  49 0013 58F0102A 		.ascii	"X\360\020*\350\022<\210x\222\202\267\242\324\277@\203"
  49      E8123C88 
  49      789282B7 
ARM GAS  /tmp/cc5I2lYd.s 			page 3


  49      A2D4BF40 
  49      83
  50 0024 D0804D4A 		.ascii	"\320\200MJ+\342\255\323l6E\274\324\037\215?P\213\320"
  50      2BE2ADD3 
  50      6C3645BC 
  50      D41F8D3F 
  50      508BD0
  51 0037 D2D8DAA6 		.ascii	"\322\330\332\246\251U\233\252\020\202\"=\264\"\350I"
  51      A9559BAA 
  51      1082223D 
  51      B422E849 
  52 0047 10B52582 		.ascii	"\020\265%\202PIBE\017M\3427\273\001\005\025\304\201"
  52      50494245 
  52      0F4DE237 
  52      BB010515 
  52      C481
  53 0059 9D9D6FE6 		.ascii	"\235\235o\346{\337{\357\233]\017\003S\343\240`l?\275"
  53      7BDF7BEF 
  53      9B5D0F03 
  53      53E3A060 
  53      6C3FBD
  54 006c 77D203C1 		.ascii	"w\322\003\301\300GV\031\03328\240\026\322\000\033\344"
  54      C0475619 
  54      1B3238A0 
  54      16D2001B 
  54      E4
  55 007d 18C4575E 		.ascii	"\030\304W^\347(\015\227\013\274cR\322x?q[\310l\0216"
  55      E7280D97 
  55      0BBC6352 
  55      D2783F71 
  55      5BC86C11 
  56 0092 C19BDCA9 		.ascii	"\301\233\334\251\3040\211\016\312z\225\232\273)6\271"
  56      C430890E 
  56      CA7A959A 
  56      BB2936B9 
  57 00a2 2D000F85 		.ascii	"-\000\017\205\325\225\033kA\025r\264SX\227W2A\261\027"
  57      D5951B6B 
  57      411572B4 
  57      53589757 
  57      3241B117 
  58 00b6 8CD6D74B 		.ascii	"\214\326\327K\243o\003\341\011)\223R^<%}\266\020\230"
  58      A36F03E1 
  58      09299352 
  58      5E3C257D 
  58      B61098
  59 00c9 82A07AB8 		.ascii	"\202\240z\270\213\020\262\0101\332b\230F\230\262\247"
  59      8B10B208 
  59      31DA6298 
  59      4698B2A7 
  60 00d9 939F3684 		.ascii	"\223\2376\2040\035\344\371\345\372\232\336B\026Z\310"
  60      301DE4F9 
  60      E5FA9ADE 
  60      42165AC8 
  61 00e9 7B7F40CE 		.ascii	"{\177@\316 \254\322?\346\033\243\001oJ\011ow\345b\026"
  61      20ACD23F 
  61      E61BA301 
  61      6F4A096F 
ARM GAS  /tmp/cc5I2lYd.s 			page 4


  61      77E56216 
  62 00fd 5ED5805C 		.ascii	"^\325\200\\wQ6\233\226\224o\"\027v\373\001\205\340\204"
  62      7751369B 
  62      96946F22 
  62      1776FB01 
  62      85E084
  63 0110 F5083569 		.ascii	"\365\0105iP\334:-5CM>\232\274\214U\250\202\352N\225"
  63      50DC3A2D 
  63      35434D3E 
  63      9ABC8C55 
  63      A882EA4E 
  64 0125 73F51665 		.ascii	"s\365\026e$k\303\215oB\025\265\004\267\004X\031V\305"
  64      246BC38D 
  64      6F4215B5 
  64      04B70458 
  64      1956C5
  65 0138 EBC682B6 		.ascii	"\353\306\202\266~m\213\027\036\344H`\031\245\014T\012"
  65      7E6D8B17 
  65      1EE44860 
  65      19A50C54 
  65      0A
  66 0149 1D66ECD2 		.ascii	"\035f\354\322K]\035\352\216\275\205;_\276\373\335P\226"
  66      4B5D1DEA 
  66      8EBD853B 
  66      5FBEFBDD 
  66      5096
  67 015b 2C19A4AD 		.ascii	",\031\244\255K\033\265\305\340\030n\015)\023m\2660\220"
  67      4B1BB5C5 
  67      E0186E0D 
  67      29136DB6 
  67      3090
  68 016d 27A37354 		.ascii	"'\243sTG\001V\336\315\217\264\23132E\027\342\303<\306"
  68      470156DE 
  68      CD8FB499 
  68      33324517 
  68      E2C33CC6 
  69 0181 D0702E45 		.ascii	"\320p.E\325\232\332\314\212HN\246\010y\300\026\333p"
  69      D59ADACC 
  69      8A484EA6 
  69      0879C016 
  69      DB70
  70 0193 1FA62534 		.ascii	"\037\246%4\347\302\026\020!}Jl-\275z\355\230\253W\247"
  70      E7C21610 
  70      217D4A6C 
  70      2DBD7AED 
  70      98AB57A7 
  71 01a7 53C22D8F 		.ascii	"S\302-\217/m\371]\275\032\0368z\255\255\364k\217\233"
  71      2F6DF95D 
  71      BD1A1E38 
  71      7AADADF4 
  71      6B8F9B
  72 01ba 64B84997 		.ascii	"d\270I\227\307g\013\001\225\244a\027\036\272I\225\364"
  72      C7670B01 
  72      95A46117 
  72      1EBA4995 
  72      F4
  73 01cb 7AAB133E 		.ascii	"z\253\023>E\377\354E\332p\313\000\217\020\"\250\343"
ARM GAS  /tmp/cc5I2lYd.s 			page 5


  73      45FFEC45 
  73      DA70CB00 
  73      8F1022A8 
  73      E3
  74 01dc FCC38E96 		.ascii	"\374\303\216\226\365\1777\266\035\213\2161\374n\354"
  74      F57F37B6 
  74      1D8B8E31 
  74      FC6EEC
  75 01eb 902DFC28 		.ascii	"\220-\374((c\272clI\031\3639D\371\347U\355?\250\036"
  75      2863BA63 
  75      6C4919F3 
  75      3944F9E7 
  75      55ED3FA8 
  76 0200 3B54FC2F 		.ascii	";T\374/TO~R=u\251>#Y\274zD\0219\377B\205T\322\247A\370"
  76      544F7E52 
  76      3D75A93E 
  76      2359BC7A 
  76      441139FF 
  77 021b 3D9D3DB1 		.ascii	"=\235=\261\223\261\243\307\315\304\200\331s\342\264"
  77      93B1A3C7 
  77      CDC480D9 
  77      73E2B4
  78 022a D997E83F 		.ascii	"\331\227\350?3`F\023\275\275\211\270y\270\273\253\263"
  78      33604613 
  78      BDBD89B8 
  78      79B8BBAB 
  78      B3
  79 023b EB9C193F 		.ascii	"\353\234\031?\033\213\356\2132\304=}\375\261\304\017"
  79      1B8BEE8B 
  79      32C43D7D 
  79      FDB1C40F 
  80 024b CB881C48 		.ascii	"\313\210\034H"
  81              		.text
  82              		.section	.gnu.lto_nvicDisableVector.d45808331d96ab41,"",%progbits
  83 0000 789C8D52 		.ascii	"x\234\215R\315k\023A\024\237\337\274M\272\265Mz\364"
  83      CD6B1341 
  83      149FDFBC 
  83      4DBAB54D 
  83      7AF4
  84 0012 60C08287 		.ascii	"`\300\202\207R\301\2569y\360$\005oE\251\177A\015B\003"
  84      52C1AE39 
  84      79F02405 
  84      6F45A97F 
  84      410D4203 
  85 0026 36112BE2 		.ascii	"6\021+\342\255\323n6^\213m\003\021\245\010\225\306h"
  85      ADD36E36 
  85      5E8B6D03 
  85      11A50895 
  85      C668
  86 0038 9BB4466D 		.ascii	"\233\264Fm=\205E\021\017U\204z\022\304/r\020\224\244"
  86      3D854511 
  86      0F55847A 
  86      12C42F72 
  86      1094A4
  87 004b 44F0D036 		.ascii	"D\360\3206\276\267\353\241\340\305\201\371x\303\357"
  87      BEB7EBA1 
  87      E0C581F9 
ARM GAS  /tmp/cc5I2lYd.s 			page 6


  87      78C3EF
  88 005a E3BD7963 		.ascii	"\343\275yc)(\031cZ\251!\336\217\360\004)\350\3317JM"
  88      29281963 
  88      5AA921DE 
  88      8FF00429 
  88      E8D9374A 
  89 006f DB1A9083 		.ascii	"\333\032\220\203\261\241\2464\246\360K\357i\3707\033"
  89      B1A1A634 
  89      A6F04BEF 
  89      69F8371B 
  90 007f 9B7A70D9 		.ascii	"\233zp\331\360\370\364\262q\322\224\352\360H\251\216"
  90      F0F8F4B2 
  90      71D294EA 
  90      F048A98E 
  91 008f 0E941496 		.ascii	"\016\224\024\2261\310\250w\271\352\035jk\217\000\213"
  91      31C8A877 
  91      B9EA1D6A 
  91      6B8F008B 
  92 009f C3D6D6ED 		.ascii	"\303\326\326\355\257q\0115\3729\3343\363\2058\235\200"
  92      AF710935 
  92      FA39DC33 
  92      F385389D 
  92      80
  93 00b0 E273D15F 		.ascii	"\342s\321_\370\020\033\270o\314\2141s\227L\267G\204"
  93      F8101BB8 
  93      6FCC8C31 
  93      73974CB7 
  93      4784
  94 00c2 3288F5F0 		.ascii	"2\210\365\360\000\011\224\220P|\245\360\020\003\002"
  94      00099490 
  94      507CA5F0 
  94      100302
  95 00d1 FFB2B6BF 		.ascii	"\377\262\266\277\020\213\346\304\276?4\305#D\245\214"
  95      108BE6C4 
  95      BE3F34C5 
  95      2344A58C 
  96 00e1 CA68DD74 		.ascii	"\312h\335t:\2561\305d\371\230\015\010C3\327\"Y,^\"J"
  96      3AAE31C5 
  96      64F9980D 
  96      084333D7 
  96      22592C5E 
  97 00f7 35992135 		.ascii	"5\231!5\265\264\226\235\032pw\362\215\342y\021qI\273"
  97      B5B4969D 
  97      1A7077F2 
  97      8DE27911 
  97      7149BB
  98 010a 04F678BD 		.ascii	"\004\366x\275\364|\267W\262\215 \202\025N\200Q\273\371"
  98      F47CB757 
  98      B28D2082 
  98      154E8051 
  98      BBF9
  99 011c 6D2B0451 		.ascii	"m+\004Q\010\232[Z\335\214\011\310\302Q\254\206\240f"
  99      089A5B5A 
  99      DD8C09C8 
  99      C251AC86 
  99      A066
 100 012e FE1B8520 		.ascii	"\376\033\205 )\272\366\342U\336\016e\200\012\022Le\220"
ARM GAS  /tmp/cc5I2lYd.s 			page 7


 100      29BAF6E2 
 100      55DE0E65 
 100      800A124C 
 100      6590
 101 0140 5FF87C58 		.ascii	"_\370|X0\014(x\376\333.\001D\203\227\250\335\373\371"
 101      300C2878 
 101      FEDB2E01 
 101      448397A8 
 101      DDFBF9
 102 0153 BB370C8D 		.ascii	"\2737\014\215\357\2328_\335\372\261\263\021_\304\335"
 102      EF9A385F 
 102      DDFAB1B3 
 102      115FC4DD 
 103 0163 69A9B7CF 		.ascii	"i\251\267\317\243.\254\361\233T\331M\010[\037\327g\373"
 103      A32EACF1 
 103      9B54D94D 
 103      085B1FD7 
 103      67FB
 104 0175 9C1593E3 		.ascii	"\234\025\223\343\016\330X\307\"\366\203.\210V\271]\242"
 104      0ED858C7 
 104      22F6832E 
 104      8856B95D 
 104      A2
 105 0186 64C5E498 		.ascii	"d\305\344\230y\332\243n<\206\303\365\005\035\252!\311"
 105      79DAA36E 
 105      3C86C3F5 
 105      051DAA21 
 105      C9
 106 0197 094A2AED 		.ascii	"\011J*\355\352v\213\376&\363\377V\207\360$\260\302\277"
 106      EA768BFE 
 106      26F3FF56 
 106      87F024B0 
 106      C2BF
 107 01a9 56A73CEA 		.ascii	"V\247<\352\301S\261\012>\026\236!y\260\316\036(l\260"
 107      C153B10A 
 107      3E169E21 
 107      79B0CE1E 
 107      286CB0
 108 01bc E277CCD4 		.ascii	"\342w\314\324\337\237\025\343\340\3174Y\212\233\301"
 108      DF9F15E3 
 108      E0CF3459 
 108      8A9BC1
 109 01cb D91D1F1E 		.ascii	"\331\035\037\036O_L\237\273\340d'\235\361\261\313\316"
 109      4F5F4C9F 
 109      BBE06427 
 109      9DF1B1CB 
 109      CE
 110 01dc 95ECD56B 		.ascii	"\225\354\325k\223N*;1\221\3158gFG\206Gn8\231\353\351"
 110      934E2A3B 
 110      3191CD38 
 110      67464786 
 110      476E3899 
 111 01f2 D4504A21 		.ascii	"\324PJ!\363\007\244R\332\177"
 111      F307A452 
 111      DA7F
 112              		.text
 113              		.section	.gnu.lto_nvicSetSystemHandlerPriority.d45808331d96ab41,"",%progbits
ARM GAS  /tmp/cc5I2lYd.s 			page 8


 114 0000 789C6D92 		.ascii	"x\234m\222MHTQ\024\307\357\377\3367\357\315\370E\313"
 114      4D485451 
 114      14C7EFFF 
 114      DE37EFCD 
 114      F845CB
 115 0013 1622EEC4 		.ascii	"\026\"\356\304\240^B\021-\303E+\011l\327\316LpHgd\214"
 115      A05E4211 
 115      2DC3452B 
 115      096CD7CE 
 115      4C704867 
 116 0029 683777E6 		.ascii	"h7w\346\315\303\\\024R)&\212\213\010\315\311\317>g\262"
 116      CDC35C14 
 116      5229268A 
 116      8B08CDC9 
 116      CF3E67B2 
 117 003d 92812017 		.ascii	"\222\201 \027\031m\"j\223\011\223\210\306\230\005Q\214"
 117      196D226A 
 117      93099388 
 117      C6980551 
 117      8C
 118 004e D339770C 		.ascii	"\3239w\014\\ty\357\335w\316=\377s~\367\334k\011\010"
 118      5C7479EF 
 118      DD77CE3D 
 118      FF737EF7 
 118      DC6B0908 
 119 0062 1E6929C4 		.ascii	"\036i)\304I\232\217\321\213\200\200\034X\021\"\021\224"
 119      499A8FD1 
 119      8B80801C 
 119      58112211 
 119      94
 120 0073 5265EB84 		.ascii	"Re\353\204\256\260\336\273BW)Xe\267\005\360\217\016"
 120      AEB0DEBB 
 120      42572958 
 120      65B705F0 
 120      8F0E
 121 0085 42C4A5B2 		.ascii	"B\304\245\262\020\307OY\224\310\365\3453\262qB\323\370"
 121      10C74F59 
 121      94C8F5E5 
 121      33B27142 
 121      D3F8
 122 0097 FCEADB51 		.ascii	"\374\352\333Q=\271\004_\011Q\222\246\204\300\004\032"
 122      3DB9045F 
 122      095192A6 
 122      84C0041A 
 123 00a7 29EA5D6A 		.ascii	")\352]jnT\375\220\276\002,2\267\337\214\254\325\260"
 123      6E54FD90 
 123      BE022C32 
 123      B7DF8CAC 
 123      D5B0
 124 00b9 29514FA6 		.ascii	")QO\246w\363\305bP\035\206\240\377-\275\234\260\033"
 124      77F3C562 
 124      501D86A0 
 124      FF2DBD9C 
 124      B01B
 125 00cb EE6A9DD4 		.ascii	"\356j\235\324:\323\241C\276R\230\202\242|\270\207ZL"
 125      3AD3A143 
 125      BE529882 
ARM GAS  /tmp/cc5I2lYd.s 			page 9


 125      A27CB887 
 125      5A4C
 126 00dd A256904B 		.ascii	"\242V\220K \215\006\212N'\277n)u\334(\373\227\213k\316"
 126      208D068A 
 126      4E27BF6E 
 126      2975DC28 
 126      FB978B6B 
 127 00f2 9EB2B8A7 		.ascii	"\236\262\270\247\274\377\037\3454\0328\374\313\374\356"
 127      BCFF1FE5 
 127      341A38FC 
 127      CBFCEE
 128 0101 60B59D62 		.ascii	"`\265\235b\360\372\376\177\304\230\201M\315\0019f[\227"
 128      F0FAFE7F 
 128      C498814D 
 128      CD013966 
 128      5B97
 129 0113 74A9E469 		.ascii	"t\251\344i}\333~v\035!\011.\031\000\313mJd9\374\021"
 129      7DDB7E76 
 129      1D21092E 
 129      1900CB6D 
 129      4A6439FC 
 130 0128 A24032EE 		.ascii	"\242@2\356\313\266\224<\253U\244>x;\327\024g\362\024"
 130      CBB6943C 
 130      AB55A43E 
 130      783BD714 
 130      67F214
 131 013b 77E8CFAF 		.ascii	"w\350\317\257\225\347\016oV\241\022\263D\301c[*\221"
 131      95E70E6F 
 131      56A112B3 
 131      44C1635B 
 131      2A91
 132 014d AD53EBB0 		.ascii	"\255S\353\2608\220y2\231\315ON\274\250\257j}\300W\201"
 132      38907932 
 132      99CD4F4E 
 132      BCA8AF6A 
 132      7DC05781 
 133 0161 92648E39 		.ascii	"\222d\2169\304ym\310\317\2755)l\263S\357\367\313\235"
 133      C4796DC8 
 133      CFBD3529 
 133      6CB353EF 
 133      F7CB9D
 134 0174 1A0A1D36 		.ascii	"\032\012\0356\2416\323\263{y$}q\034c\211\001\343v\260"
 134      A136D3B3 
 134      7B79247D 
 134      711C6389 
 134      01E376B0 
 135 0188 406734CF 		.ascii	"@g4\317\365h\255\264\2610\023\"\311A\316\361\000\343"
 135      F568ADB4 
 135      B1301322 
 135      C941CEF1 
 135      00E3
 136 019a 3065F110 		.ascii	"0e\361\020q_\005\015\217e\360\363H~\357\313\217\236"
 136      715F050D 
 136      8F65F0F3 
 136      487EEFCB 
 136      8F9E
 137 01ac 2BE3D313 		.ascii	"+\343\323\023\020yx\005\273l;\344\332\177\232!\302\177"
ARM GAS  /tmp/cc5I2lYd.s 			page 10


 137      10797805 
 137      BB6C3BE4 
 137      DA7F9A21 
 137      C27F
 138 01be 4415F2C8 		.ascii	"D\025\362\310\015\231\214\373Y+\014k\"\263x+P6\365G"
 138      0D998CFB 
 138      592B0C6B 
 138      22B3782B 
 138      5036F547 
 139 01d2 4FD7B07C 		.ascii	"O\327\260|8\271\032dP\356}\265\257*\361\204\316\347"
 139      38B91A64 
 139      50EE7DB5 
 139      AF2AF184 
 139      CEE7
 140 01e4 F11EE9E6 		.ascii	"\361\036\351\346\340\353\251\012wZ\247\350\036U\341"
 140      E0EBA90A 
 140      775AA7E8 
 140      1E55E1
 141 01f3 29A1EE9A 		.ascii	")\241\356\232\273DKwn\21457\315\352\024\011O\370\252"
 141      BB444B77 
 141      6E8C3537 
 141      CDEA1409 
 141      4FF8AA
 142 0206 1A19B8D4 		.ascii	"\032\031\270\324bs\315\262h\"<\261\201\344\322\330i"
 142      6273CDB2 
 142      68223CB1 
 142      81E4D2D8 
 142      69
 143 0217 B3371E05 		.ascii	"\2637\036\005j\"\355\212B\0165w\206\317\207\317\234"
 143      6A22ED8A 
 143      420E3577 
 143      86CF87CF 
 143      9C
 144 0228 75A3BD6E 		.ascii	"u\243\275ng[\227\333\023\215]\352u\333\243\335\335\321"
 144      675B97DB 
 144      138D5DEA 
 144      75DBA3DD 
 144      DDD1
 145 023a 887BAAB5 		.ascii	"\210{\252\265\245\271\345\212\033\271\034n?\322.\234"
 145      A5B9E58A 
 145      1BB91C6E 
 145      3FD22E9C 
 146 024a CEB6C885 		.ascii	"\316\266\310\205\256\216\230\325\023\013G\377\002Z\031"
 146      AE8E98D5 
 146      130B47FF 
 146      025A19
 147 0259 F807     		.ascii	"\370\007"
 148              		.text
 149              		.section	.gnu.lto_nvicClearPending.d45808331d96ab41,"",%progbits
 150 0000 789C2551 		.ascii	"x\234%QAK\033Q\020~\337\233\335\030\301\304\037\320"
 150      414B1B51 
 150      107EDF9B 
 150      DD18C1C4 
 150      1FD0
 151 0012 40851E44 		.ascii	"@\205\036D\213\2569\367T<\364$\212\375\005m(\030\250"
 151      8BAE39F7 
 151      543CF424 
ARM GAS  /tmp/cc5I2lYd.s 			page 11


 151      8AFD056D 
 151      2818A8
 152 0025 495129DE 		.ascii	"IQ)\336|f\263\361\252m\215X*RPLm5j=\250\247\260\364"
 152      7C66B3F1 
 152      AA6D8D58 
 152      2A52504C 
 152      6D356A3D 
 153 003d D2832D82 		.ascii	"\322\203-\202\267\202\210\005)\242%\206\224\366\240"
 153      B7828805 
 153      29A22586 
 153      94F6A0
 154 004c 4967761F 		.ascii	"Igv\037\27473\037\337|3\363\306RPr.\331\364\262\275"
 154      BC37331F 
 154      DF7C33F3 
 154      C6525072 
 154      2ED9F4B2 
 155 0061 C317A4A0 		.ascii	"\303\027\244\240g\277)5\035\325\2008&\0125\2451\205"
 155      67BF2935 
 155      1DD58038 
 155      260A35A5 
 155      3185
 156 0073 3FFA56C3 		.ascii	"?\372V\303\2379\337\327]k\206\317\351\352\337>S\252"
 156      9F39DFD7 
 156      5D6B86CF 
 156      E9EADF3E 
 156      53AA
 157 0085 C023A59A 		.ascii	"\300#\245\232:PRXC\027\263\216\362[\357\250\256=\002"
 157      3A505258 
 157      4317B38E 
 157      F25BEFA8 
 157      AE3D02
 158 0098 2C0EAF0F 		.ascii	",\016\257\017\337\376\214K\250\321\301\341\255yS\214"
 158      DFFE8C4B 
 158      A8D1C1E1 
 158      AD79538C 
 159 00a8 530F14FB 		.ascii	"S\017\024\373\213\376\374\217X\347\25219c\346\236\231"
 159      8BFEFC8F 
 159      58E7AA31 
 159      3963E69E 
 159      99
 160 00b9 568F08EB 		.ascii	"V\217\010\353 \326\303\007$PBB1\244\360\021\235B?\333"
 160      20D6C307 
 160      24504242 
 160      31A4F011 
 160      9D423FDB 
 161 00cd 6ECCC722 		.ascii	"n\314\307\"y)\337\021\026\305'Dd\214\362p\3054\233\256"
 161      7929DF11 
 161      16C52744 
 161      648CF270 
 161      C5349BAE 
 162 00e1 310BC95F 		.ascii	"1\013\311_\367\242\200dh\316\265H\036\213\037\333\026"
 162      F7A28064 
 162      68CEB548 
 162      1E8B1FDB 
 162      16
 163 00f2 4FA92AA7 		.ascii	"O\251*\247\311`\327Z\213\245s\270\265BciH\224\\\322"
 163      C960D75A 
ARM GAS  /tmp/cc5I2lYd.s 			page 12


 163      8BA573B8 
 163      B5426369 
 163      48945CD2 
 164 0106 2E810B7D 		.ascii	".\201\013}]9\270i\223\226m\330\330\340.\230uS\370b\205"
 164      5D39B869 
 164      93966DD8 
 164      D8E02E98 
 164      7553F862 
 165 011b 240A49AF 		.ascii	"$\012I\257W6\367cB\262p\027\233!\251Z8\246\220d\341"
 165      5736F763 
 165      42B27017 
 165      9B21A95A 
 165      38A69064 
 166 0130 7E82A90C 		.ascii	"~\202\251\014\346j3u\035\2026\343\214\370EH\314\032"
 166      E66A3375 
 166      1D8236E3 
 166      8CF84548 
 166      CC1A
 167 0142 45CFFFDE 		.ascii	"E\317\377\336\"\032\221\340?v\337\377\376\327\026\206"
 167      221A91E0 
 167      3F76DFFF 
 167      FED71686 
 168 0152 C6774D9C 		.ascii	"\306wM\234\241WW\265\275\3702\226\246e\352v\217Z\260"
 168      A15757B5 
 168      BDF83296 
 168      A665EA76 
 168      8F5AB0
 169 0165 C53F53E6 		.ascii	"\305?S\346r\222px\2623\333\356l\230<\357!\212m,\243"
 169      72927078 
 169      B233DBEE 
 169      6C983CEF 
 169      218A6D2C 
 170 017a 11EC42B4 		.ascii	"\021\354B\264\326\353%J\226M\2363\037x\324\212\0358"
 170      D6EB254A 
 170      964D9E33 
 170      1F78D48A 
 170      1D38
 171 018c 3C60B0A7 		.ascii	"<`\260\247\317Hr3\352\002\271\312\321#i%X_UC\276\204"
 171      CF487233 
 171      EA02B9CA 
 171      D1236925 
 171      585F5543 
 172 01a2 29DDFD23 		.ascii	")\335\375#\351\247\351\301\307Nv\334\031y\362\334y\221"
 172      E9A7E9C1 
 172      C74E76DC 
 172      1979F2DC 
 172      7991
 173 01b4 1D9B1877 		.ascii	"\035\233\030wR\331\321\321l\306y8<\320?0\351d^\246S"
 173      52D9D1D1 
 173      6CC67938 
 173      3CD03F30 
 173      E9645EA6 
 174 01c9 BD2985CC 		.ascii	"\275)\205\314\1773\006\2616"
 174      7F3306B1 
 174      36
 175              		.text
 176              		.section	.gnu.lto_.symbol_nodes.d45808331d96ab41,"",%progbits
ARM GAS  /tmp/cc5I2lYd.s 			page 13


 177 0000 789C55CA 		.ascii	"x\234U\3121\025\2000\024C\321\327\2645\200\002\360\200"
 177      31158030 
 177      1443D1D7 
 177      B4358002 
 177      F080
 178 0012 2B44FCAF 		.ascii	"+D\374\257\000Z\260\302\304\314\214&\012[\263\344\234"
 178      005AB0C2 
 178      C4CC8C26 
 178      0A5BB3E4 
 178      9C
 179 0023 9B24020B 		.ascii	"\233$\002\013-ZeP\036hu\371\324d\223\205^\212L\235\344"
 179      2D5A6550 
 179      1E6875F9 
 179      D4649385 
 179      5E8A4C9D 
 180 0038 43F80051 		.ascii	"C\370\000QU\026\273)\354\262\364\013\270\217\337's\237"
 180      5516BB29 
 180      ECB2F40B 
 180      B88FDF27 
 180      739F
 181 004a 332F4E93 		.ascii	"3/N\223\030\034"
 181      181C
 182              		.text
 183              		.section	.gnu.lto_.refs.d45808331d96ab41,"",%progbits
 184 0000 789C6361 		.ascii	"x\234ca`d`c```dbbfb\000\000\000\263\000\026"
 184      60646063 
 184      60606064 
 184      62626662 
 184      000000B3 
 185              		.text
 186              		.section	.gnu.lto_.decls.d45808331d96ab41,"",%progbits
 187 0000 789CBD57 		.ascii	"x\234\275WkPTG\026\236\276=\010\214<\\$\03375\3315Y"
 187      6B505447 
 187      169EBE3D 
 187      088C3C5C 
 187      241B3735 
 188 0017 53525BAB 		.ascii	"SR[\253\343+\273\246j\2536d\324\225\2552\241\206\350"
 188      E32BBBA6 
 188      6AAB3664 
 188      D495AD32 
 188      A186E8
 189 002a CF104412 		.ascii	"\317\020D\022\331RH`\334\212\277v\004\024\320h\006%"
 189      D9524860 
 189      DC8ABF76 
 189      0414D068 
 189      0625
 190 003c E283F723 		.ascii	"\342\203\367#\240\240\200 \240\010\014*\010(\004Q\320"
 190      A0A08020 
 190      A0080C2A 
 190      08280451 
 190      D0
 191 004d 1110E425 		.ascii	"\021\020\344%\312# (\022\021\367\364\343\316\035\256"
 191      CA232028 
 191      1211F7F4 
 191      E3CE1DAE 
 192 005d 0C9BAADD 		.ascii	"\014\233\252\335\332[\234\271\234\356\257\317\371\372"
 192      DA5B9CB9 
ARM GAS  /tmp/cc5I2lYd.s 			page 14


 192      9CEEAFCF 
 192      F9FA
 193 006b 74F7397D 		.ascii	"t\3679}\225\012\244 \317\370o\024\212s\202Bq\011\324"
 193      950AA420 
 193      CFF86F14 
 193      8A738242 
 193      7109D4
 194 007e 57F0D841 		.ascii	"W\360\330A\333\026\020hR\234\007)W\260\207\264_\005"
 194      DB161068 
 194      529C0729 
 194      57B087B4 
 194      5F05
 195 0090 A901A903 		.ascii	"\251\001\251\003\271\001r\023\204XiV\314|\010\316\231"
 195      B9017213 
 195      84586956 
 195      CC7C08CE 
 195      99
 196 00a1 DB710371 		.ascii	"\333q\003q\347v\324 KA>!o\030\370\036\3100\374?\004"
 196      E776D420 
 196      4B413E21 
 196      6F18F81E 
 196      C830FC3F 
 197 00b6 320DF212 		.ascii	"2\015\362\022\004\203\274\005\355j\220\337!f\377\252"
 197      0483BC05 
 197      ED6A90DF 
 197      2166FFAA 
 198 00c6 E2F587F0 		.ascii	"\342\365\207\360p\232\305\207\334\276hW\364C\346\365"
 198      709AC587 
 198      DCBE6857 
 198      F443E6F5 
 199 00d6 7BC47C20 		.ascii	"{\304| nG\376\220\371\271\330\340\357\201X\\\012A\032"
 199      6E47FE90 
 199      F9B9D8E0 
 199      EF81585C 
 199      0A411A
 200 00e9 B9AFDDD0 		.ascii	"\271\257\335\320\366\015\310f\304|\020\273A\210\371"
 200      F60DC866 
 200      C47C10BB 
 200      4188F9
 201 00f8 AA9B234E 		.ascii	"\252\233#N$\206*\033s\360\236e\016\304\206\232\363\276"
 201      24862A1B 
 201      73F09E65 
 201      0EC4869A 
 201      F3BE
 202 010a 310BEF97 		.ascii	"1\013\357\227\002\272\031\221\027\217\307\005\344\246"
 202      02BA1991 
 202      178FC705 
 202      E4A6
 203 0118 424A5047 		.ascii	"BJPG\353Ot\273\200\352\256B\213A-)\033Z\305:\325\240"
 203      EB4F74BB 
 203      80EAAE42 
 203      8B412D29 
 203      1B5AC53A 
 204 012e 9D198859 		.ascii	"\235\031\210Y\252\2122\300c\0147\270\325\270\220\366"
 204      AA8A32C0 
 204      630C37B8 
 204      D5B890F6 
ARM GAS  /tmp/cc5I2lYd.s 			page 15


 205 013e 2CA44699 		.ascii	",\244F\231\010&\212N#\240\2064jt\012T@\247\366\327\327"
 205      08268A4E 
 205      23A08634 
 205      6A740A54 
 205      40A7F6D7 
 206 0153 DAB1C16F 		.ascii	"\332\261\301o\203\332|d\360\020b\226\373\021\321\237"
 206      83DA7C64 
 206      F0106296 
 206      FB11D19F 
 207 0163 97FDEC84 		.ascii	"\227\375\354\204\005\004PeAXG\212\013\362P#0\206T?P"
 207      05045065 
 207      4158478A 
 207      0BF25023 
 207      3086543F 
 208 0178 0F0683A0 		.ascii	"\017\006\203\240@\371H\205\316 ,\362=a\000\357#\377"
 208      40F94885 
 208      CE202CF2 
 208      3D6100EF 
 208      23FF
 209 018a 22CDF0BF 		.ascii	"\"\315\360\277\003}CK\230a$\3250o\221\002\255V\243\025"
 209      037D434B 
 209      986124D5 
 209      306F9102 
 209      AD56A315 
 210 019e 6A053A8B 		.ascii	"j\005:\213<h\227\002\345\201\301\\F\307X{\271\014\273"
 210      3C689702 
 210      E581C15C 
 210      46C7587B 
 210      B90CBB
 211 01b1 19B9ED0F 		.ascii	"\031\271\355\017\021\265\235\003\375\331\224\3759\344"
 211      11B59D03 
 211      FDD994FD 
 211      39E4
 212 01bf 26CE81A0 		.ascii	"&\316\201\240\357]\273\0211O\305m\033\377\223\355C\311"
 212      EF5DBB11 
 212      314FC56D 
 212      1BFF93ED 
 212      43C9
 213 01d1 91718ED6 		.ascii	"\221q\216\326\266\013\346\262\375\320Xc\264s\332Ol\363"
 213      B60BE6B2 
 213      FDD05863 
 213      B473DA4F 
 213      6CF3
 214 01e3 38162237 		.ascii	"8\026\"7\253@\236Gd\237\3227\240\333kNe\223\005Z\252"
 214      AB409E47 
 214      649FD237 
 214      A0DB6B4E 
 214      6593055A 
 215 01f8 42E4B8B9 		.ascii	"B\344\270\271BS\356\340\205Ig\326D\3545>|\331\213\226"
 215      4253EEE0 
 215      854967D6 
 215      44EC353E 
 215      7CD98B96 
 216 020c E78851B3 		.ascii	"\347\210Q\263\227\026\267\351\273'\351\366x\001A\011"
 216      9716B7E9 
 216      BB27E9F6 
 216      78014109 
ARM GAS  /tmp/cc5I2lYd.s 			page 16


 217 021c D5070BCE 		.ascii	"\325\007\013\316\315G\036,\272\235\023\351N\027\014"
 217      CD471E2C 
 217      BA9D13E9 
 217      4E170C
 218 022b 8605A814 		.ascii	"\206\005\250\024\210^@\030\225\240\345\304\345RB1Jb"
 218      885E4018 
 218      95A0E5C4 
 218      E5524231 
 218      4A62
 219 023d A6B0D042 		.ascii	"\246\260\320B\027a\342\340\220\000Q14\026\261\251\237"
 219      1761E2E0 
 219      90005131 
 219      3416B1A9 
 219      9F
 220 024e 4A8F499D 		.ascii	"J\217I\235\207\277\246.\216\027\236\236PY\\<\215\\\223"
 220      87BFA62E 
 220      8E179E9E 
 220      50595C3C 
 220      8D5C93
 221 0261 435C9483 		.ascii	"C\\\224\203\213K\222\213Rd\333G\331,>\310x\3603}\256"
 221      8B4B928B 
 221      5264DB47 
 221      D92C3EC8 
 221      78F0337D 
 222 0276 6AD2A515 		.ascii	"j\322\245\025\231\021\234\021\264\200N\020!\366\213"
 222      99119C11 
 222      B4804E10 
 222      21F68B
 223 0285 A8289850 		.ascii	"\250(\230PU!\375Y\232\220\010\344\272 \376\253\260\030"
 223      5521FD59 
 223      9A9008E4 
 223      BA20FEAB 
 223      B018
 224 0297 A37FE2F8 		.ascii	"\243\177\342\370W\342C\215H\326\021\037\304t>X\201\270"
 224      57E2438D 
 224      48D6111F 
 224      C4743E58 
 224      81B8
 225 02a9 2E480E10 		.ascii	".H\016\020S\305\001V\366\030]nN\342l\231\023\022\327"
 225      53C50156 
 225      F6185D6E 
 225      4EE26C99 
 225      1312D7
 226 02bc EFE4EDAE 		.ascii	"\357\344\355\2564\001W!\272\314\221\203\351-\202\222"
 226      34015721 
 226      BACC9183 
 226      E92D8292 
 227 02cc 4C9F4474 		.ascii	"L\237Dt\253\222\264\365\264U\232]-m\225\2106\306\035"
 227      AB92B4F5 
 227      B4559A5D 
 227      2D6D9588 
 227      36C61D
 228 02df FDFEA9FD 		.ascii	"\375\376\251\375\242\243\374\234.V\242-\277\266\332"
 228      A2A3FC9C 
 228      2E56A22D 
 228      BFB6DA
 229 02ee 5D57D022 		.ascii	"]W\320\"\370\275\014P\352b\240\251\333\354\364n\262"
ARM GAS  /tmp/cc5I2lYd.s 			page 17


 229      F8BD0C50 
 229      EA62A0A9 
 229      DBECF46E 
 229      B2
 230 02ff 2139CFD0 		.ascii	"!9\317\320\331\336\360\227\243\341\206\032\030\267\230"
 230      D9DEF097 
 230      A3E1861A 
 230      18B798
 231 030e C090495A 		.ascii	"\300\220IZ5\023=\204\250\002\265\002\325\253\350]r\200"
 231      35133D84 
 231      A802B502 
 231      D5ABE85D 
 231      7280
 232 0320 EF978D60 		.ascii	"\357\227\215`\274G\260I\316\334\222\272\332&\215k\224"
 232      BC47B049 
 232      CEDC92BA 
 232      DA268D6B 
 232      94
 233 0331 46B548A3 		.ascii	"F\265H\243+\2659]\311h\230\012\253\235\014\306=\344"
 233      2BB5395D 
 233      C968980A 
 233      AB9D0CC6 
 233      3DE4
 234 0343 1C010855 		.ascii	"\034\001\010UI$\252\254I\324P\022\371\317\007\3021>"
 234      4924AAAC 
 234      49D45012 
 234      F9CF07C2 
 234      313E
 235 0355 C248EC9F 		.ascii	"\302H\354\237\256\274\317\347b\032\267\030!3\251\225"
 235      AEBCCFE7 
 235      621AB718 
 235      2133A995 
 236 0365 8CD45A1B 		.ascii	"\214\324Z\033\251\243F\3122\343\274p\036\263Q`,<\356"
 236      A9A346CA 
 236      32E3BC70 
 236      1EB35160 
 236      2C3CEE
 237 0378 CC6D5CBC 		.ascii	"\314m\\\274fM\344\272d\343\272\265\215\033\324\206i"
 237      664DE4BA 
 237      64E3BAB5 
 237      8D1BD486 
 237      69
 238 0389 24FD18C6 		.ascii	"$\375\030\306\225\314\310@v_\213\313\214\023N\022\202"
 238      95CCC840 
 238      765F8BCB 
 238      8C134E12 
 238      82
 239 039a 34F90676 		.ascii	"4\371\006v\302\001Y{\345z\030\246q\2036\036\267}e\011"
 239      C201597B 
 239      E57A18A6 
 239      7183361E 
 239      B77D6509 
 240 03ae F7953603 		.ascii	"\367\2256\003\327H\003\367\243\030\270\356\374\370\021"
 240      D74803F7 
 240      A318B8EE 
 240      FCF811
 241 03bd 15F0ED84 		.ascii	"\025\360\355\204\023W|tWD\332>\223\021Q\024\252\227"
ARM GAS  /tmp/cc5I2lYd.s 			page 18


 241      13577C74 
 241      5744DA3E 
 241      93115114 
 241      AA97
 242 03cf 08D7F31C 		.ascii	"\010\327\363\034\212nR\262\027\272\242#T\357<\026\222"
 242      8A6E52B2 
 242      17BAA223 
 242      54EF3C16 
 242      92
 243 03e0 208742EE 		.ascii	" \207B\356\241\013x\260\374&\306Q\230\362O\251\037;"
 243      A10B78B0 
 243      FC26C651 
 243      98F24FA9 
 243      1F3B
 244 03f2 AAC24799 		.ascii	"\252\302G\231\322\027;V\342\372^\232\241\021\234\264"
 244      D2173B56 
 244      E2FA5E9A 
 244      A1119CB4 
 245 0402 1FFA2C3F 		.ascii	"\037\372,?\314d\210\376\220\246\254\333\340\000\"h\225"
 245      CC6488FE 
 245      90A6ACDB 
 245      E0002268 
 245      95
 246 0413 E96E414B 		.ascii	"\351nAK\023zG\201\232\321{04\2479\251\324\211\225\000"
 246      137A4781 
 246      9AD17B30 
 246      34A739A9 
 246      D4899500 
 247 0427 032920A3 		.ascii	"\003) \243\225\221\205\\\037\261\007=\366Lw1b\272\321"
 247      9591855C 
 247      1FB1073D 
 247      F64C7731 
 247      62BAD1
 248 043a 1DF4FEE6 		.ascii	"\035\364\376\346\314\023\316\254F\030RH\221H\230\232"
 248      CC13CEAC 
 248      46185248 
 248      9148989A 
 249 044a 8A50E224 		.ascii	"\212P\342$F\344A\313\364u^\252\302\355@\237\272\033"
 249      46E441CB 
 249      F4755EAA 
 249      C2ED409F 
 249      BA1B
 250 045c 3EE162BB 		.ascii	">\341b\273\036\265\211\365\250\225e\252\212\346;YvR"
 250      1EB589F5 
 250      A89565AA 
 250      8AE63B59 
 250      7652
 251 046e 92D6D39D 		.ascii	"\222\326\323\235j\006\370]\012o\247I\272ML\322=\031"
 251      6A06F85D 
 251      0A6FA749 
 251      BA4D4CD2 
 251      3D19
 252 0480 3DC98E9C 		.ascii	"=\311\216\234\372<\262(1]i.\234:a\326\030\363\355\021"
 252      FA3CB228 
 252      315D692E 
 252      9C3A61D6 
 252      18F3ED11 
ARM GAS  /tmp/cc5I2lYd.s 			page 19


 253 0494 25A74A72 		.ascii	"%\247Jr\362\241;1\177\305\247\030\321\273\371G\362x"
 253      F2A13B31 
 253      7FC5A718 
 253      D1BBF947 
 253      F278
 254 04a6 E5FB8960 		.ascii	"\345\373\211`\307[F\352\\m\023\355\026\211v1\242\271"
 254      C75B46EA 
 254      5C6D13ED 
 254      16897631 
 254      A2B9
 255 04b8 7B7B4E39 		.ascii	"{{N9\300p5d|d\225\356\325,\335\027\232\306\316(q\016"
 255      C0703564 
 255      7C6495EE 
 255      D52CDD17 
 255      9AC6CE28 
 256 04ce 7525DC2C 		.ascii	"u%\334,0W9JY}\3343\334`@P`U\250OZ}\265%\343\316\254"
 256      3057394A 
 256      597DDC33 
 256      DC604050 
 256      6055A84F 
 257 04e9 930F21DD 		.ascii	"\223\017!\335\252y\272\355\005:=<\245'e]u\306E\314\301"
 257      AA79BAED 
 257      053A3D3C 
 257      A527655D 
 257      75C645CC 
 258 04fe 50EC006C 		.ascii	"P\354\000l\012)\247\253\263IN\037\000\007\217$\007\375"
 258      0A29A7AB 
 258      B3494E1F 
 258      00078F24 
 258      07FD
 259 0510 C88687C7 		.ascii	"\310\206\207\307\263{\250O)\2765\317\272^\022{\235\320"
 259      B37BA84F 
 259      29BE35CF 
 259      BA5E127B 
 259      9DD0
 260 0522 DF410332 		.ascii	"\337A\0032H\227\242[\\\212\224\350\002\243\212\204/"
 260      4897A25B 
 260      5C8A94E8 
 260      02A38A84 
 260      2F
 261 0533 FC97592F 		.ascii	"\374\227Y/\251x~Pim}h.\353E\035\261\321|O&\223\033\320"
 261      A9787E50 
 261      696D7D68 
 261      2EEB451D 
 261      B1D17C4F 
 262 054b C5F651D3 		.ascii	"\305\366Q\323|\246w\222\350O\016\036kv\340\013\355\002"
 262      7CA67792 
 262      E84F0E1E 
 262      6B76E00B 
 262      ED02
 263 055d FA95B1F8 		.ascii	"\372\225\261\370Q'\\\316V\372rkY\024_\351?\223\355Z"
 263      51275CCE 
 263      56FA726B 
 263      59145FE9 
 263      3F93ED5A 
 264 0571 9F6B9A6F 		.ascii	"\237k\232o{\241\307\305\205\036cD\333o\027=q\224\357"
 264      7BA1C7C5 
ARM GAS  /tmp/cc5I2lYd.s 			page 20


 264      851E6344 
 264      DB6F173D 
 264      7194EF
 265 0584 C851808F 		.ascii	"\310Q\200\217P\370SJt\\$\03274\371\026\337\220\3267"
 265      50F8534A 
 265      745C241A 
 265      3734F916 
 265      DF90D637 
 266 0598 35377653 		.ascii	"57vS;\333_\021\257\3424\005B\363\326\311l{\\\303h\216"
 266      3BDB5F11 
 266      AFE23405 
 266      42F3D6C9 
 266      6C7B5CC3 
 267 05ae EFDF3BC1 		.ascii	"\357\337;\301O\0169v\245]\215aN\266i\276\020i\376\314"
 267      4F0E3976 
 267      A55D8D61 
 267      4EB669BE 
 267      1069FECC 
 268 05c2 68F6B51F 		.ascii	"h\366\265\037\313r\226\323|\016\360\011\012\237\242"
 268      CB7296D3 
 268      7C0EF009 
 268      0A9FA2
 269 05d1 345F8834 		.ascii	"4_\2104\0333\243\0321[\255_T\337I%\211\317\030v\265"
 269      1B33A31A 
 269      315BAD5F 
 269      54DF4925 
 269      89CF1876 
 270 05e6 76F0722E 		.ascii	"v\360r.\007\023E/Z\371\304\2231\350a\245\346\030W\276"
 270      0713452F 
 270      5AF9C493 
 270      31E861A5 
 270      E61857BE 
 271 05fa 60D627D7 		.ascii	"`\326'\327\235\237\334=\375y\221\030\327\263H\214\305"
 271      9D9FDC3D 
 271      FD799118 
 271      D7B3488C 
 271      C5
 272 060b ED8D7660 		.ascii	"\355\215v`\3407Am\311H\316\020lG\"B\340\221\010\027"
 272      E037416D 
 272      C948CE10 
 272      6C472242 
 272      E0910817 
 273 061f 28D18663 		.ascii	"(\321\206c\375f\007y$\366\010j\0109\201\357\025\334"
 273      FD660779 
 273      24F6086A 
 273      083981EF 
 273      15DC
 274 0631 C441F4A0 		.ascii	"\304A\364\240\226\215f\210)\204\020\355\315\356JS\341"
 274      968D6688 
 274      298410ED 
 274      CDEE4A53 
 274      E1
 275 0642 3B8CC869 		.ascii	";\214\310i\323\201\032\276$\311d\275^\235\034Ip\302"
 275      D3811ABE 
 275      24C964BD 
 275      5E9D1C49 
 275      70C2
ARM GAS  /tmp/cc5I2lYd.s 			page 21


 276 0654 6DAC535C 		.ascii	"m\254S\\L7\276\230?>*\312\027p\037\353|\331a4\332\363"
 276      4C37BE98 
 276      3F3E2ACA 
 276      17701FEB 
 276      7CD96134 
 277 066a 91648376 		.ascii	"\221d\203v\230\233\363\235\360\000\353,\352\253\255"
 277      989BF39D 
 277      F000EB2C 
 277      EAABAD
 278 0679 164792CE 		.ascii	"\026G\222\316\350\334\256\003vx\234'\320\366\207\373"
 278      E8DCAE03 
 278      76789C27 
 278      D0F687FB 
 279 0689 5DF02453 		.ascii	"]\360$S\256U\207\375\003\207+\351\377\327\273#\376\310"
 279      AE5587FD 
 279      03872BE9 
 279      FFD7BB23 
 279      FEC8
 280 069b 06459034 		.ascii	"\006E\2204]\225\236\237\204Y\004\223\351\031(\250\334"
 280      5D959E9F 
 280      84590493 
 280      E91928A8 
 280      DC
 281 06ac 1FEE8AA3 		.ascii	"\037\356\212\243(\330\265\264&\367\212+Z\262p\211\345"
 281      28D8B5B4 
 281      26F78A2B 
 281      5AB27089 
 281      E5
 282 06bd F158B224 		.ascii	"\361X\262$\225\246\207\322\256\317'oG\030\014\207\235"
 282      95A687D2 
 282      AECF276F 
 282      47180C87 
 282      9D
 283 06ce 482C5098 		.ascii	"H,P\230\200\321Qa\241%B\220\316H\230V\222\317\242\030"
 283      80D15161 
 283      A1254290 
 283      CE489856 
 283      92CFA218 
 284 06e2 1E4403D2 		.ascii	"\036D\003\322+\320\021\000\034\246!$p\330\036(E\360"
 284      2BD01100 
 284      1CA62124 
 284      70D81E28 
 284      45F0
 285 06f4 4049C212 		.ascii	"@I\302\022\224\010\222\006\222\014r\034$\025$\036\344"
 285      94089206 
 285      920C721C 
 285      2415241E 
 285      E4
 286 0705 7B900490 		.ascii	"{\220\004\220\223 '@\216\201\304\011Kh\221K5D\204\033"
 286      93202740 
 286      8E81C409 
 286      4B68914B 
 286      3544841B 
 287 0719 4C4DF7A1 		.ascii	"LM\367\241x\373\321\255\024\313yX\366a\213\304\203\022"
 287      78FBD1AD 
 287      14CB7958 
 287      F6618BC4 
ARM GAS  /tmp/cc5I2lYd.s 			page 22


 287      8312
 288 072b 37357E46 		.ascii	"75~F\260P\002\320=\304\260ba@w\254\261\021{\014\246"
 288      B05002D0 
 288      3DC4B062 
 288      614077AC 
 288      B1117B0C 
 289 0740 73143B0D 		.ascii	"s\024;\015\330\003\334\256\270U\321~A\206-\377\314\220"
 289      D803DCAE 
 289      B855D17E 
 289      41862DFF 
 289      CC90
 290 0752 F7391A06 		.ascii	"\3679\032\006\354\003nW\314C\350\276\234\303%j\027\016"
 290      EC036E57 
 290      CC43E8BE 
 290      9CC3256A 
 290      170E
 291 0764 3D7AC2B1 		.ascii	"=z\302\261b*\200*\"\263[d\341\020)\347\260O\316\341"
 291      622A802A 
 291      22B35B64 
 291      E11029E7 
 291      B04FCEE1 
 292 0778 A2053B89 		.ascii	"\242\005;\211d\330gr\016\361\024K\326\316(_\273\011"
 292      64D86772 
 292      0EF1144B 
 292      D6CE285F 
 292      BB09
 293 078a 39871316 		.ascii	"9\207\023\026\2731r\016\032\231\331<\213\331\203r\263"
 293      BB31720E 
 293      1A99D93C 
 293      8BD98372 
 293      B3
 294 079b DF4A7469 		.ascii	"\337Jti\2111\305\301\272\301\265\004@\012^^\024\026"
 294      8931C5C1 
 294      BAC1B504 
 294      400A5E5E 
 294      1416
 295 07ad 3BE713DF 		.ascii	";\347\023\337\000\307\021\230\232\212\226\233\212\222"
 295      00C71198 
 295      9A8A969B 
 295      8A92
 296 07bb CF3CD1C2 		.ascii	"\317<\321\302\360;9\303C\022\226|\\\264t\\E\270\214"
 296      F03B39C3 
 296      4312967C 
 296      5CB4745C 
 296      45B88C
 297 07ce EE6F     		.ascii	"\356o"
 298 07d0 E1427DBA 		.ascii	"\341B}\272\331\021-\364\230u\207\242\037`c\376/6)\233"
 298      D9112DF4 
 298      987587A2 
 298      1F6063FE 
 298      2F36299B 
 299 07e4 6C73A240 		.ascii	"ls\242@&\233\001\006\323\005K9%sg\367\377\027\311\371"
 299      269B0106 
 299      D3054B39 
 299      257367F7 
 299      FF17C9F9 
 300 07f8 4E33EE91 		.ascii	"N3\356\221\031V\333X\2012\005\366\245\010o\362\315Z"
ARM GAS  /tmp/cc5I2lYd.s 			page 23


 300      1956DB58 
 300      813205F6 
 300      A5086FF2 
 300      CD5A
 301 080a 5AF2C075 		.ascii	"Z\362\300u\006\232\334\002%t\026GgQtN\375\2656\236\200"
 301      069ADC02 
 301      25741647 
 301      6751744E 
 301      FDB5369E 
 302 081f A2C8197F 		.ascii	"\242\310\031\177\365\310\234\306\263\325\010\361=:\225"
 302      F5C89CC6 
 302      B3D508F1 
 302      3D3A95
 303 082e 50CC7577 		.ascii	"P\314uw\253\254\343.f\235\274\374\011;\333\231\363\214"
 303      ABACE32E 
 303      669DBCFC 
 303      093BDB99 
 303      F38C
 304 0840 98393359 		.ascii	"\23093Y\212\317\012K\211U\3123g\016\0045\233.\304Y\232"
 304      8ACF0A4B 
 304      8955CA33 
 304      670E0435 
 304      9B2EC459 
 305 0855 39CF8899 		.ascii	"9\317\210\231\363|\323\235g\216\370\032KNg\356\032\242"
 305      F37CD39D 
 305      678EF81A 
 305      4B4E67EE 
 305      1AA2
 306 0867 1DC58262 		.ascii	"\035\305\202b\374E\005%f\272\265q\306U/O\230\303\333"
 306      FC450525 
 306      66BAB571 
 306      C6552F4F 
 306      98C3DB
 307 087a ADBE9408 		.ascii	"\255\276\224\010~\003h\244_\315#7\022\370\015`\201U"
 307      7E0368A4 
 307      5FCD2337 
 307      12F80D60 
 307      8155
 308 088c 4A75E729 		.ascii	"Ju\347)\265\264\272\011\276!n0r\227\237\344e\362\261"
 308      B5B4BA09 
 308      BE216E30 
 308      72979FE4 
 308      65F2B1
 309 089f 24C5FF34 		.ascii	"$\305\3774\221\032\355`;*\305bT\212X=\211L\350(x\355"
 309      911AED60 
 309      3B2AC562 
 309      548A583D 
 309      894CE828 
 310 08b5 4A5A083C 		.ascii	"JZ\010<\013(\317\022\312\263X\344Y\263\267\"\356\265"
 310      0B28CF12 
 310      CAB358E4 
 310      59B3B722 
 310      EEB5
 311 08c7 59D9441F 		.ascii	"Y\331D\037\250:_\315\327\267\206V\361\351\202:{|\223"
 311      A83A5FCD 
 311      D7B78656 
 311      F1E9823A 
ARM GAS  /tmp/cc5I2lYd.s 			page 24


 311      7B7C93
 312 08da D13E72F8 		.ascii	"\321>r\370y\235\003nfJ\361pv\2613C\232\210~\242t\274"
 312      799D036E 
 312      664AF170 
 312      76B13343 
 312      9A887EA2 
 313 08f0 8E5F6A1C 		.ascii	"\216_j\034\254\272\335y\367X\366H\306<lfc\317'\264$"
 313      ACBADD79 
 313      F758F648 
 313      C63C6C66 
 313      63CF27B4 
 314 0905 CE71E3A9 		.ascii	"\316q\343\251\024'\274\202\316\367\244y:O,\364&q\276"
 314      1427BC82 
 314      CEF7A479 
 314      3A4F2CF4 
 314      2671BE
 315 0918 15308372 		.ascii	"\0250\203r:\203\313t\006\225\342\014\314c\015\221\330"
 315      3A83CB74 
 315      0695E20C 
 315      CC630D91 
 315      D8
 316 0929 1A4DE66B 		.ascii	"\032M\346k\023\235\325\027\177\210\257\304ZP\217M\246"
 316      139DD517 
 316      7F88AFC4 
 316      5A508F4D 
 316      A6
 317 093a 3C76C6ED 		.ascii	"<v\306\355\214\345\320\360T\256\013\356bJi\361\245j"
 317      8CE5D0F0 
 317      54AE0BEE 
 317      624A69F1 
 317      A56A
 318 094c 3EBD15A0 		.ascii	">\275\025\240f\347T6\314\307\017Y\337\2241\251\300\021"
 318      66E75436 
 318      CCC70F59 
 318      DF9431A9 
 318      C011
 319 095e 0F31E5E4 		.ascii	"\0171\345\344X\373#~\002<\310R\247%\036v\304OX\337+"
 319      58FB237E 
 319      023CC852 
 319      A7251E76 
 319      C44F58DF 
 320 0973 63D4717B 		.ascii	"c\324q{<\301\224\330\206\330\264\371x\212)\303\021\275"
 320      3CC194D8 
 320      86D8B4F9 
 320      788A29C3 
 320      11BD
 321 0985 9D7CF72C 		.ascii	"\235|\367,\002\365E\177\254\231\177\3428Y]V\334\371"
 321      02F5457F 
 321      AC997FE2 
 321      38595D56 
 321      DCF9
 322 0997 65E5ECB3 		.ascii	"e\345\354\263Cq\363q\230\035\035z\307\034q\201c\347"
 322      4371F371 
 322      981D1D7A 
 322      C71C7181 
 322      63E7
 323 09a9 831ADE3A 		.ascii	"\203\032\336:}y\216\317\206[bl\233\330f\252\210*\215"
ARM GAS  /tmp/cc5I2lYd.s 			page 25


 323      7D798ECF 
 323      865B626C 
 323      9BD866AA 
 323      882A8D
 324 09bc B7975FAA 		.ascii	"\267\227_\252\033!\\?\322p\335\246\341\272%\206+\265"
 324      1B215C3F 
 324      D270DDA6 
 324      E1BA2586 
 324      2BB5
 325 09ce ABAD5C90 		.ascii	"\253\255\\\220_\222m\242\313\232\332>\304\373\030\313"
 325      5F926DA2 
 325      CB9ADA3E 
 325      C4FB18CB 
 326 09de A70D6D50 		.ascii	"\247\015mP\314\3663%\342zm\246=>\304\224\301S\3655\363"
 326      CCF63325 
 326      E27A6DA6 
 326      3D3EC494 
 326      C153F535 
 327 09f3 702C537A 		.ascii	"p,Sz\372~.\301\3708S~\030L=\350\210\023\371\230\236"
 327      FA7E2EC1 
 327      F838537E 
 327      184C3DE8 
 327      8813F998 
 328 0a08 E1061EA1 		.ascii	"\341\006\036\241o\311\201z1Rt[\214\011\331p\217\237"
 328      6FC9817A 
 328      3152745B 
 328      8C09D970 
 328      8F9F
 329 0a1a F6BE72C0 		.ascii	"\366\276r\300\351\024\374fg\342\261:'\304\356\031VW"
 329      E914FC66 
 329      67E2B13A 
 329      27C4EE19 
 329      5657
 330 0a2c 0E7AE958 		.ascii	"\016z\351X\302*}E\322\033\307iU \265\376\006\244\321"
 330      C22A7D45 
 330      D21BC769 
 330      5520B5FE 
 330      06A4D1
 331 0a3f 5EEB5A5F 		.ascii	"^\353Z_'\310\212\321\270/\251\012gy\215#X13\240\323"
 331      27C88AD1 
 331      B82FA90A 
 331      67798D23 
 331      583133A0 
 332 0a54 149B85D4 		.ascii	"\024\233\205\324\322-\242\303r\213\250\225[\2766\243"
 332      D22DA2C3 
 332      728BA895 
 332      5BBE36A3 
 333 0a64 DE00B851 		.ascii	"\336\000\270Q\002_\237\235\206\265\351g\022\372\276"
 333      025F9F9D 
 333      86B5E967 
 333      12FABE
 334 0a73 1C7D4A6E 		.ascii	"\034}Jn\272E\002W\313\301W%\360\214\232\325\016\323"
 334      BA450257 
 334      CBC15725 
 334      F08C9AD5 
 334      0ED3
 335 0a85 6AA37DBD 		.ascii	"j\243}\275\274`=\201\2025\000E\350)\310(\310#\220>\220"
ARM GAS  /tmp/cc5I2lYd.s 			page 26


 335      BC603D81 
 335      82350045 
 335      E829C828 
 335      C823903E 
 336 0a9a 9F408641 		.ascii	"\237@\206A\206@:@\272@\036\200<\004\351\001y\014\322"
 336      86403A40 
 336      BA401E80 
 336      3C04E901 
 336      790CD2
 337 0aad 0F320632 		.ascii	"\0172\0062\0102\0022\016\322\011\322=\343\326U$\361"
 337      08320232 
 337      0ED209D2 
 337      3DE3D655 
 337      24F1
 338 0abf BC23E759 		.ascii	"\274#\347Y \237\324m\011\\3{p\305x\305B5\277G\327\355"
 338      209FD46D 
 338      095C337B 
 338      70C578C5 
 338      4235BF47 
 339 0ad5 0AAC9B89 		.ascii	"\012\254\233\211\203\305\\\200\312\344\226\013%\313"
 339      83C55C80 
 339      CAE4960B 
 339      25CB
 340 0ae3 77E596CB 		.ascii	"w\345\226\313_[\211\273\022\272j\366\340Zx\000:\221"
 340      5F5B89BB 
 340      12BA6AF6 
 340      E05A7800 
 340      3A91
 341 0af5 A149326A 		.ascii	"\241I2j\225\243\255/>\004{_\302\226\312\261\027_\343"
 341      95A3AD2F 
 341      3E047B5F 
 341      C296CAB1 
 341      175FE3
 342 0b08 7149E251 		.ascii	"qI\342Q/G\263\353\227\005M\356u\276\344n\331\014\361"
 342      2F47B3EB 
 342      97054DEE 
 342      75BEE46E 
 342      D90CF1
 343 0b1b B8C9C1E2 		.ascii	"\270\311\301\342\361E\015\362x\224H\226[f_\026\353H"
 343      F1450DF2 
 343      78944896 
 343      5B665F16 
 343      EB48
 344 0b2d 8FD0485F 		.ascii	"\217\320H_\000\313\3479X\2542\350\234\334\3629\311\262"
 344      00CBE739 
 344      58AC32E8 
 344      9CDCF239 
 344      C9B2
 345 0b3f 79F6485B 		.ascii	"y\366H[\335\355Nv\320\273]\257\374nGB\325.\236b\022"
 345      DDED4E76 
 345      D0BB5DAF 
 345      FC6E4742 
 345      D52E9E62 
 346 0b54 AC4BB307 		.ascii	"\254K\263\007k\245\304\361\011\345\230\017\034s\345"
 346      6BA5C4F1 
 346      09E5980F 
 346      1C73E5
ARM GAS  /tmp/cc5I2lYd.s 			page 27


 347 0b63 A7D820E7 		.ascii	"\247\330 \347\230'q\2747\353\212\261\311\223\017\274"
 347      982771BC 
 347      37EB8AB1 
 347      C9930FBC 
 348 0b73 8EEF1B94 		.ascii	"\216\357\033\224\3704M=B\367\325\334AH\375\013\031\367"
 348      F8344D3D 
 348      42F7D5DC 
 348      4148FD0B 
 348      19F7
 349 0b85 C90E44B8 		.ascii	"\311\016D\270?\207\301\317\244\253Z/\275\252\315z\354"
 349      3F87C1CF 
 349      A4AB5A2F 
 349      BDAACD7A 
 349      EC
 350 0b96 D0049CB6 		.ascii	"\320\004\234\266\377\307\311\003\336\311\303\375Gf^"
 350      FFC7C903 
 350      DEC9C3FD 
 350      47665E
 351 0ba5 FD9ECFB8 		.ascii	"\375\236\317\270(N\362\253\037y+\375\267\373\2058\374"
 351      284EF2AB 
 351      1F792BFD 
 351      B7FB8538 
 351      FC
 352 0bb6 EDE3CD8B 		.ascii	"\355\343\315\213\265\037|\240P\371\372\356\012\014\322"
 352      B51F7CA0 
 352      50F9FAEE 
 352      0A0CD2
 353 0bc5 AF5EE5AB 		.ascii	"\257^\345\253\337\254\331\025\032\242\331\032\030\244"
 353      DFACD915 
 353      1AA2D91A 
 353      18A4
 354 0bd3 F9D2DF7F 		.ascii	"\371\322\337\177\231_\310\316eA\301A\001\313\002\374"
 354      995FC8CE 
 354      6541C141 
 354      01CB02FC 
 355 0be3 B6062E7B 		.ascii	"\266\006.{\337w\315\262U+V\376\351\353U\232\031\035"
 355      DF77CDB2 
 355      552B56FE 
 355      E9EB559A 
 355      191D
 356 0bf5 9AC020FF 		.ascii	"\232\300 \377\035\273\266\005hv\372\371o\017\014\012"
 356      1DBBB605 
 356      6876FAF9 
 356      6F0F0C0A 
 357 0c05 D0F86E0B 		.ascii	"\320\370n\013\370\302o\327\016\275\257~\367W\001\241"
 357      F8C26FD7 
 357      0EBDAF7E 
 357      F75701A1 
 358 0c15 CBB72B1C 		.ascii	"\313\267+\034D\363\177\377o\314\207\356\016\325\370"
 358      44F37FFF 
 358      6FCC87EE 
 358      0ED5F8
 359 0c24 86EAB781 		.ascii	"\206\352\267\201-\260\271 \350\237\201\376\353\203\374"
 359      2DB0B920 
 359      E89F81FE 
 359      EB83FC
 360 0c33 B6EE08D8 		.ascii	"\266\356\010\330\022\340\257\017\016\371\203v{\340\326"
ARM GAS  /tmp/cc5I2lYd.s 			page 28


 360      12E0AF0F 
 360      0EF98376 
 360      7BE0D6
 361 0c42 C04F7C34 		.ascii	"\300O|4\301\241\232\355~;4_\005\207\350C5\376\301;w"
 361      C1A19AED 
 361      7E3B345F 
 361      0587E843 
 361      35FEC13B 
 362 0c57 0607693C 		.ascii	"\006\007i<u\233\264\233\276\321\2201\313\375\025\277"
 362      759BB49B 
 362      BED19031 
 362      CBFD15BF 
 363 0c67 22EF7581 		.ascii	"\"\357u\201\241\322`5i\361\011\320\373\354\016\325\007"
 363      A1D26035 
 363      69F109D0 
 363      FBEC0ED5 
 363      07
 364 0c78 ECDCE817 		.ascii	"\354\334\350\027\264mG@\210wH`pH\240~7u\245\335\021"
 364      B46D4740 
 364      88774860 
 364      7048A07E 
 364      3775A5DD 
 365 0c8d E017E21D 		.ascii	"\340\027\342\035\020\004\356\277t\364\337\016\300\215"
 365      1004EEBF 
 365      74F4DF0E 
 365      C08D
 366 0c9b 7E3BF4BF 		.ascii	"~;\364\277\265r\032\242\267P\365\337\016d\201\344\333"
 366      B5721AA2 
 366      B750F5DF 
 366      0E6481E4 
 366      DB
 367 0cac 73995538 		.ascii	"s\231U8\373\372~\261+\310\337\327w\371\332\225k\327"
 367      FBFA7EB1 
 367      2BC8DFD7 
 367      77F9DA95 
 367      6BD7
 368 0cbe 38889AA3 		.ascii	"8\210\232\243n\275\317z\335\226\365\353\336\027\274"
 368      6EBDCF7A 
 368      DD96F5EB 
 368      DE17BC
 369 0ccd BC1DD9DA 		.ascii	"\274\035\331\332\254\365\325\333\363\267\245{\215\322"
 369      ACF5D5DB 
 369      F3B7A57B 
 369      8DD2
 370 0cdb CBF3239D 		.ascii	"\313\363#\235E]\255\364\322zK\352*\245\227\217\267\316"
 370      455DADF4 
 370      D27A4BEA 
 370      2AA5978F 
 370      B7CE
 371 0ced 41C7B495 		.ascii	"A\307\264\225\320\271^\352\\\001\235\353uJ\237O\275"
 371      D0B95EEA 
 371      5C019DEB 
 371      754A9F4F 
 371      BD
 372 0cfe 741AAB19 		.ascii	"t\032\253\031\360`\005|\243\327h7\371x\371H\363\011"
 372      F060057C 
 372      A3D76837 
ARM GAS  /tmp/cc5I2lYd.s 			page 29


 372      F978F948 
 372      F309
 373 0d10 0E09F0F5 		.ascii	"\016\011\360\365\337\271\006\246\344\370\361\026/\255"
 373      DFB906A6 
 373      E4F8F116 
 373      2FAD
 374 0d1e EFA7B0B2 		.ascii	"\357\247\260\262`\303S\247\334\264i\203\016{\256\323"
 374      60C353A7 
 374      DCB46983 
 374      0E7BAED3 
 375 0d2e E175F0F6 		.ascii	"\341u\360\366\336\240Szn\360\321)?\332\340\251\263\203"
 375      DEA0537A 
 375      6EF0D129 
 375      3FDAE0A9 
 375      B383
 376 0d40 2E00AC23 		.ascii	".\000\254#\372F\362\243\205\037;\237\215Z\037\035\366"
 376      FA46F2A3 
 376      851F3B9F 
 376      8D5A1F1D 
 376      F6
 377 0d51 D9E88DB5 		.ascii	"\331\350\215\265Zxkuv\236^:\255N\271\345\323Ot@\022"
 377      5A786B75 
 377      769E5E3A 
 377      AD4EB9E5 
 377      D34F7440 
 378 0d66 105AEFCD 		.ascii	"\020Z\357\315^\353\340\327S\253s\360\321~D}\375\033"
 378      5EEBE0D7 
 378      53AB73F0 
 378      D17E447D 
 378      FD1B
 379 0d78 B5138586 		.ascii	"\265\023\205\206"
 380              		.text
 381              		.section	.gnu.lto_.symtab.d45808331d96ab41,"",%progbits
 382 0000 6E766963 		.ascii	"nvicEnableVector\000"
 382      456E6162 
 382      6C655665 
 382      63746F72 
 382      00
 383 0011 00       		.ascii	"\000"
 384 0012 00       		.ascii	"\000"
 385 0013 00       		.ascii	"\000"
 386 0014 00000000 		.ascii	"\000\000\000\000\000\000\000\000"
 386      00000000 
 387 001c C4000000 		.ascii	"\304\000\000\000"
 388 0020 6E766963 		.ascii	"nvicDisableVector\000"
 388      44697361 
 388      626C6556 
 388      6563746F 
 388      7200
 389 0032 00       		.ascii	"\000"
 390 0033 00       		.ascii	"\000"
 391 0034 00       		.ascii	"\000"
 392 0035 00000000 		.ascii	"\000\000\000\000\000\000\000\000"
 392      00000000 
 393 003d C8000000 		.ascii	"\310\000\000\000"
 394 0041 6E766963 		.ascii	"nvicSetSystemHandlerPriority\000"
 394      53657453 
ARM GAS  /tmp/cc5I2lYd.s 			page 30


 394      79737465 
 394      6D48616E 
 394      646C6572 
 395 005e 00       		.ascii	"\000"
 396 005f 00       		.ascii	"\000"
 397 0060 00       		.ascii	"\000"
 398 0061 00000000 		.ascii	"\000\000\000\000\000\000\000\000"
 398      00000000 
 399 0069 CA000000 		.ascii	"\312\000\000\000"
 400 006d 6E766963 		.ascii	"nvicClearPending\000"
 400      436C6561 
 400      7250656E 
 400      64696E67 
 400      00
 401 007e 00       		.ascii	"\000"
 402 007f 00       		.ascii	"\000"
 403 0080 00       		.ascii	"\000"
 404 0081 00000000 		.ascii	"\000\000\000\000\000\000\000\000"
 404      00000000 
 405 0089 CC000000 		.ascii	"\314\000\000\000"
 406 008d 63685379 		.ascii	"chSysHalt\000"
 406      7348616C 
 406      7400
 407 0097 00       		.ascii	"\000"
 408 0098 02       		.ascii	"\002"
 409 0099 00       		.ascii	"\000"
 410 009a 00000000 		.ascii	"\000\000\000\000\000\000\000\000"
 410      00000000 
 411 00a2 D1000000 		.ascii	"\321\000\000\000"
 412              		.text
 413              		.section	.gnu.lto_.opts,"",%progbits
 414 0000 272D6666 		.ascii	"'-ffp-contract=off' '-fmath-errno' '-fsigned-zeros'"
 414      702D636F 
 414      6E747261 
 414      63743D6F 
 414      66662720 
 415 0033 20272D66 		.ascii	" '-ftrapping-math' '-fno-trapv' '-fno-openmp' '-fno"
 415      74726170 
 415      70696E67 
 415      2D6D6174 
 415      68272027 
 416 0066 2D6F7065 		.ascii	"-openacc' '-mcpu=cortex-m4' '-mno-thumb-interwork' "
 416      6E616363 
 416      2720272D 
 416      6D637075 
 416      3D636F72 
 417 0099 272D6D74 		.ascii	"'-mthumb' '-ggdb' '-O2' '-fomit-frame-pointer' '-fa"
 417      68756D62 
 417      2720272D 
 417      67676462 
 417      2720272D 
 418 00cc 6C69676E 		.ascii	"lign-functions=16' '-ffunction-sections' '-fdata-se"
 418      2D66756E 
 418      6374696F 
 418      6E733D31 
 418      36272027 
 419 00ff 6374696F 		.ascii	"ctions' '-fno-common' '-flto'\000"
ARM GAS  /tmp/cc5I2lYd.s 			page 31


 419      6E732720 
 419      272D666E 
 419      6F2D636F 
 419      6D6D6F6E 
 420              		.text
 421              		.comm	__gnu_lto_v1,1,1
 422              		.comm	__gnu_lto_slim,1,1
 423              		.ident	"GCC: (GNU Tools for ARM Embedded Processors) 5.4.1 20160609 (release) [ARM/embedded-5-bran
ARM GAS  /tmp/cc5I2lYd.s 			page 32


DEFINED SYMBOLS
                            *ABS*:00000000 nvic.c
                            *COM*:00000001 __gnu_lto_v1
                            *COM*:00000001 __gnu_lto_slim

NO UNDEFINED SYMBOLS
